[2.791s] Invoking command in '/home/teamleafia/ros2_mer/src/marker_align_2': DEBUGINFOD_URLS=https://debuginfod.ubuntu.com PYTHONPATH=/home/teamleafia/ros2_mer/build/marker_align_2/prefix_override:/usr/lib/python3/dist-packages/colcon_core/task/python/colcon_distutils_commands:/home/teamleafia/ros2_mer/install/marker_align_2/lib/python3.12/site-packages:${PYTHONPATH} /usr/bin/python3 -W ignore:setup.py install is deprecated -W ignore:easy_install command is deprecated setup.py egg_info --egg-base ../../build/marker_align_2 build --build-base /home/teamleafia/ros2_mer/build/marker_align_2/build install --record /home/teamleafia/ros2_mer/build/marker_align_2/install.log --single-version-externally-managed install_data
[3.454s] running egg_info
[3.490s] writing ../../build/marker_align_2/marker_align_2.egg-info/PKG-INFO
[3.491s] writing dependency_links to ../../build/marker_align_2/marker_align_2.egg-info/dependency_links.txt
[3.493s] writing entry points to ../../build/marker_align_2/marker_align_2.egg-info/entry_points.txt
[3.495s] writing requirements to ../../build/marker_align_2/marker_align_2.egg-info/requires.txt
[3.496s] writing top-level names to ../../build/marker_align_2/marker_align_2.egg-info/top_level.txt
[3.570s] reading manifest file '../../build/marker_align_2/marker_align_2.egg-info/SOURCES.txt'
[3.572s] writing manifest file '../../build/marker_align_2/marker_align_2.egg-info/SOURCES.txt'
[3.572s] running build
[3.573s] running build_py
[3.573s] copying marker_align_2/marker_align_node.py -> /home/teamleafia/ros2_mer/build/marker_align_2/build/lib/marker_align_2
[3.577s] running install
[3.586s] running install_lib
[3.629s] copying /home/teamleafia/ros2_mer/build/marker_align_2/build/lib/marker_align_2/marker_align_node.py -> /home/teamleafia/ros2_mer/install/marker_align_2/lib/python3.12/site-packages/marker_align_2
[3.630s] byte-compiling /home/teamleafia/ros2_mer/install/marker_align_2/lib/python3.12/site-packages/marker_align_2/marker_align_node.py to marker_align_node.cpython-312.pyc
[3.633s] running install_data
[3.634s] running install_egg_info
[3.676s] removing '/home/teamleafia/ros2_mer/install/marker_align_2/lib/python3.12/site-packages/marker_align_2-0.0.0-py3.12.egg-info' (and everything under it)
[3.676s] Copying ../../build/marker_align_2/marker_align_2.egg-info to /home/teamleafia/ros2_mer/install/marker_align_2/lib/python3.12/site-packages/marker_align_2-0.0.0-py3.12.egg-info
[3.679s] running install_scripts
[3.985s] Installing marker_align_node script to /home/teamleafia/ros2_mer/install/marker_align_2/lib/marker_align_2
[3.988s] writing list of installed files to '/home/teamleafia/ros2_mer/build/marker_align_2/install.log'
[4.194s] Invoked command in '/home/teamleafia/ros2_mer/src/marker_align_2' returned '0': DEBUGINFOD_URLS=https://debuginfod.ubuntu.com PYTHONPATH=/home/teamleafia/ros2_mer/build/marker_align_2/prefix_override:/usr/lib/python3/dist-packages/colcon_core/task/python/colcon_distutils_commands:/home/teamleafia/ros2_mer/install/marker_align_2/lib/python3.12/site-packages:${PYTHONPATH} /usr/bin/python3 -W ignore:setup.py install is deprecated -W ignore:easy_install command is deprecated setup.py egg_info --egg-base ../../build/marker_align_2 build --build-base /home/teamleafia/ros2_mer/build/marker_align_2/build install --record /home/teamleafia/ros2_mer/build/marker_align_2/install.log --single-version-externally-managed install_data
