/home/teamleafia/ros2_mer/install/robot_control/lib/python3.12/site-packages/robot_control/scissor_lift_controller.py
/home/teamleafia/ros2_mer/install/robot_control/lib/python3.12/site-packages/robot_control/teleop_keyboard_node.py
/home/teamleafia/ros2_mer/install/robot_control/lib/python3.12/site-packages/robot_control/teleop_keyboard_node3.py
/home/teamleafia/ros2_mer/install/robot_control/lib/python3.12/site-packages/robot_control/teleop_keyboard_node4.py
/home/teamleafia/ros2_mer/install/robot_control/lib/python3.12/site-packages/robot_control/move_distance_node.py
/home/teamleafia/ros2_mer/install/robot_control/lib/python3.12/site-packages/robot_control/encoder_publisher_node.py
/home/teamleafia/ros2_mer/install/robot_control/lib/python3.12/site-packages/robot_control/__init__.py
/home/teamleafia/ros2_mer/install/robot_control/lib/python3.12/site-packages/robot_control/motor_controller_node.py
/home/teamleafia/ros2_mer/install/robot_control/lib/python3.12/site-packages/robot_control/pid_controller_node.py
/home/teamleafia/ros2_mer/install/robot_control/lib/python3.12/site-packages/robot_control/teleop_keyboard_node2.py
/home/teamleafia/ros2_mer/install/robot_control/lib/python3.12/site-packages/robot_control/__pycache__/scissor_lift_controller.cpython-312.pyc
/home/teamleafia/ros2_mer/install/robot_control/lib/python3.12/site-packages/robot_control/__pycache__/teleop_keyboard_node.cpython-312.pyc
/home/teamleafia/ros2_mer/install/robot_control/lib/python3.12/site-packages/robot_control/__pycache__/teleop_keyboard_node3.cpython-312.pyc
/home/teamleafia/ros2_mer/install/robot_control/lib/python3.12/site-packages/robot_control/__pycache__/teleop_keyboard_node4.cpython-312.pyc
/home/teamleafia/ros2_mer/install/robot_control/lib/python3.12/site-packages/robot_control/__pycache__/move_distance_node.cpython-312.pyc
/home/teamleafia/ros2_mer/install/robot_control/lib/python3.12/site-packages/robot_control/__pycache__/encoder_publisher_node.cpython-312.pyc
/home/teamleafia/ros2_mer/install/robot_control/lib/python3.12/site-packages/robot_control/__pycache__/__init__.cpython-312.pyc
/home/teamleafia/ros2_mer/install/robot_control/lib/python3.12/site-packages/robot_control/__pycache__/motor_controller_node.cpython-312.pyc
/home/teamleafia/ros2_mer/install/robot_control/lib/python3.12/site-packages/robot_control/__pycache__/pid_controller_node.cpython-312.pyc
/home/teamleafia/ros2_mer/install/robot_control/lib/python3.12/site-packages/robot_control/__pycache__/teleop_keyboard_node2.cpython-312.pyc
/home/teamleafia/ros2_mer/install/robot_control/share/ament_index/resource_index/packages/robot_control
/home/teamleafia/ros2_mer/install/robot_control/share/robot_control/package.xml
/home/teamleafia/ros2_mer/install/robot_control/lib/python3.12/site-packages/robot_control-0.0.1-py3.12.egg-info/dependency_links.txt
/home/teamleafia/ros2_mer/install/robot_control/lib/python3.12/site-packages/robot_control-0.0.1-py3.12.egg-info/PKG-INFO
/home/teamleafia/ros2_mer/install/robot_control/lib/python3.12/site-packages/robot_control-0.0.1-py3.12.egg-info/entry_points.txt
/home/teamleafia/ros2_mer/install/robot_control/lib/python3.12/site-packages/robot_control-0.0.1-py3.12.egg-info/requires.txt
/home/teamleafia/ros2_mer/install/robot_control/lib/python3.12/site-packages/robot_control-0.0.1-py3.12.egg-info/top_level.txt
/home/teamleafia/ros2_mer/install/robot_control/lib/python3.12/site-packages/robot_control-0.0.1-py3.12.egg-info/zip-safe
/home/teamleafia/ros2_mer/install/robot_control/lib/python3.12/site-packages/robot_control-0.0.1-py3.12.egg-info/SOURCES.txt
/home/teamleafia/ros2_mer/install/robot_control/lib/robot_control/encoder_publisher_node
/home/teamleafia/ros2_mer/install/robot_control/lib/robot_control/motor_controller_node
/home/teamleafia/ros2_mer/install/robot_control/lib/robot_control/move_distance_node
/home/teamleafia/ros2_mer/install/robot_control/lib/robot_control/pid_controller_node
/home/teamleafia/ros2_mer/install/robot_control/lib/robot_control/scissor_lift_controller
/home/teamleafia/ros2_mer/install/robot_control/lib/robot_control/teleop_keyboard_node
/home/teamleafia/ros2_mer/install/robot_control/lib/robot_control/teleop_keyboard_node2
/home/teamleafia/ros2_mer/install/robot_control/lib/robot_control/teleop_keyboard_node4
