[0.161s] DEBUG:colcon:Command line arguments: ['/usr/bin/colcon', 'build', '--symlink-install']
[0.161s] DEBUG:colcon:Parsed command line arguments: Namespace(log_base=None, log_level=None, verb_name='build', build_base='build', install_base='install', merge_install=False, symlink_install=True, test_result_base=None, continue_on_error=False, executor='parallel', parallel_workers=4, event_handlers=None, ignore_user_meta=False, metas=['./colcon.meta'], base_paths=['.'], packages_ignore=None, packages_ignore_regex=None, paths=None, packages_up_to=None, packages_up_to_regex=None, packages_above=None, packages_above_and_dependencies=None, packages_above_depth=None, packages_select_by_dep=None, packages_skip_by_dep=None, packages_skip_up_to=None, packages_select_build_failed=False, packages_skip_build_finished=False, packages_select_test_failures=False, packages_skip_test_passed=False, packages_select=None, packages_skip=None, packages_select_regex=None, packages_skip_regex=None, packages_start=None, packages_end=None, allow_overriding=[], cmake_args=None, cmake_target=None, cmake_target_skip_unavailable=False, cmake_clean_cache=False, cmake_clean_first=False, cmake_force_configure=False, ament_cmake_args=None, catkin_cmake_args=None, catkin_skip_building_tests=False, mixin_files=None, mixin=None, verb_parser=<colcon_mixin.mixin.mixin_argument.MixinArgumentDecorator object at 0xffff86e5c350>, verb_extension=<colcon_core.verb.build.BuildVerb object at 0xffff86d80b30>, main=<bound method BuildVerb.main of <colcon_core.verb.build.BuildVerb object at 0xffff86d80b30>>, mixin_verb=('build',))
[0.218s] Level 1:colcon.colcon_core.package_discovery:discover_packages(colcon_meta) check parameters
[0.218s] Level 1:colcon.colcon_core.package_discovery:discover_packages(recursive) check parameters
[0.219s] Level 1:colcon.colcon_core.package_discovery:discover_packages(ignore) check parameters
[0.219s] Level 1:colcon.colcon_core.package_discovery:discover_packages(path) check parameters
[0.219s] Level 1:colcon.colcon_core.package_discovery:discover_packages(colcon_meta) discover
[0.219s] Level 1:colcon.colcon_core.package_discovery:discover_packages(recursive) discover
[0.219s] INFO:colcon.colcon_core.package_discovery:Crawling recursively for packages in '/home/teamleafia/ros2_mer'
[0.219s] Level 1:colcon.colcon_core.package_identification:_identify(.) by extensions ['ignore', 'ignore_ament_install']
[0.219s] Level 1:colcon.colcon_core.package_identification:_identify(.) by extension 'ignore'
[0.219s] Level 1:colcon.colcon_core.package_identification:_identify(.) by extension 'ignore_ament_install'
[0.219s] Level 1:colcon.colcon_core.package_identification:_identify(.) by extensions ['colcon_pkg']
[0.219s] Level 1:colcon.colcon_core.package_identification:_identify(.) by extension 'colcon_pkg'
[0.219s] Level 1:colcon.colcon_core.package_identification:_identify(.) by extensions ['colcon_meta']
[0.219s] Level 1:colcon.colcon_core.package_identification:_identify(.) by extension 'colcon_meta'
[0.219s] Level 1:colcon.colcon_core.package_identification:_identify(.) by extensions ['ros']
[0.219s] Level 1:colcon.colcon_core.package_identification:_identify(.) by extension 'ros'
[0.259s] Level 1:colcon.colcon_core.package_identification:_identify(.) by extensions ['cmake', 'python']
[0.259s] Level 1:colcon.colcon_core.package_identification:_identify(.) by extension 'cmake'
[0.259s] Level 1:colcon.colcon_core.package_identification:_identify(.) by extension 'python'
[0.260s] Level 1:colcon.colcon_core.package_identification:_identify(.) by extensions ['python_setup_py']
[0.260s] Level 1:colcon.colcon_core.package_identification:_identify(.) by extension 'python_setup_py'
[0.260s] Level 1:colcon.colcon_core.package_identification:_identify(build) by extensions ['ignore', 'ignore_ament_install']
[0.260s] Level 1:colcon.colcon_core.package_identification:_identify(build) by extension 'ignore'
[0.260s] Level 1:colcon.colcon_core.package_identification:_identify(build) ignored
[0.260s] Level 1:colcon.colcon_core.package_identification:_identify(install) by extensions ['ignore', 'ignore_ament_install']
[0.260s] Level 1:colcon.colcon_core.package_identification:_identify(install) by extension 'ignore'
[0.260s] Level 1:colcon.colcon_core.package_identification:_identify(install) ignored
[0.260s] Level 1:colcon.colcon_core.package_identification:_identify(log) by extensions ['ignore', 'ignore_ament_install']
[0.261s] Level 1:colcon.colcon_core.package_identification:_identify(log) by extension 'ignore'
[0.261s] Level 1:colcon.colcon_core.package_identification:_identify(log) ignored
[0.261s] Level 1:colcon.colcon_core.package_identification:_identify(src) by extensions ['ignore', 'ignore_ament_install']
[0.261s] Level 1:colcon.colcon_core.package_identification:_identify(src) by extension 'ignore'
[0.261s] Level 1:colcon.colcon_core.package_identification:_identify(src) by extension 'ignore_ament_install'
[0.261s] Level 1:colcon.colcon_core.package_identification:_identify(src) by extensions ['colcon_pkg']
[0.261s] Level 1:colcon.colcon_core.package_identification:_identify(src) by extension 'colcon_pkg'
[0.261s] Level 1:colcon.colcon_core.package_identification:_identify(src) by extensions ['colcon_meta']
[0.261s] Level 1:colcon.colcon_core.package_identification:_identify(src) by extension 'colcon_meta'
[0.261s] Level 1:colcon.colcon_core.package_identification:_identify(src) by extensions ['ros']
[0.261s] Level 1:colcon.colcon_core.package_identification:_identify(src) by extension 'ros'
[0.261s] Level 1:colcon.colcon_core.package_identification:_identify(src) by extensions ['cmake', 'python']
[0.261s] Level 1:colcon.colcon_core.package_identification:_identify(src) by extension 'cmake'
[0.261s] Level 1:colcon.colcon_core.package_identification:_identify(src) by extension 'python'
[0.261s] Level 1:colcon.colcon_core.package_identification:_identify(src) by extensions ['python_setup_py']
[0.261s] Level 1:colcon.colcon_core.package_identification:_identify(src) by extension 'python_setup_py'
[0.262s] Level 1:colcon.colcon_core.package_identification:_identify(src/aruco_detector) by extensions ['ignore', 'ignore_ament_install']
[0.262s] Level 1:colcon.colcon_core.package_identification:_identify(src/aruco_detector) by extension 'ignore'
[0.262s] Level 1:colcon.colcon_core.package_identification:_identify(src/aruco_detector) by extension 'ignore_ament_install'
[0.262s] Level 1:colcon.colcon_core.package_identification:_identify(src/aruco_detector) by extensions ['colcon_pkg']
[0.262s] Level 1:colcon.colcon_core.package_identification:_identify(src/aruco_detector) by extension 'colcon_pkg'
[0.262s] Level 1:colcon.colcon_core.package_identification:_identify(src/aruco_detector) by extensions ['colcon_meta']
[0.262s] Level 1:colcon.colcon_core.package_identification:_identify(src/aruco_detector) by extension 'colcon_meta'
[0.262s] Level 1:colcon.colcon_core.package_identification:_identify(src/aruco_detector) by extensions ['ros']
[0.262s] Level 1:colcon.colcon_core.package_identification:_identify(src/aruco_detector) by extension 'ros'
[0.265s] DEBUG:colcon.colcon_core.package_identification:Package 'src/aruco_detector' with type 'ros.ament_python' and name 'aruco_detector'
[0.265s] Level 1:colcon.colcon_core.package_identification:_identify(src/aruco_detector_yj_pkg_2) by extensions ['ignore', 'ignore_ament_install']
[0.266s] Level 1:colcon.colcon_core.package_identification:_identify(src/aruco_detector_yj_pkg_2) by extension 'ignore'
[0.266s] Level 1:colcon.colcon_core.package_identification:_identify(src/aruco_detector_yj_pkg_2) by extension 'ignore_ament_install'
[0.266s] Level 1:colcon.colcon_core.package_identification:_identify(src/aruco_detector_yj_pkg_2) by extensions ['colcon_pkg']
[0.266s] Level 1:colcon.colcon_core.package_identification:_identify(src/aruco_detector_yj_pkg_2) by extension 'colcon_pkg'
[0.266s] Level 1:colcon.colcon_core.package_identification:_identify(src/aruco_detector_yj_pkg_2) by extensions ['colcon_meta']
[0.266s] Level 1:colcon.colcon_core.package_identification:_identify(src/aruco_detector_yj_pkg_2) by extension 'colcon_meta'
[0.266s] Level 1:colcon.colcon_core.package_identification:_identify(src/aruco_detector_yj_pkg_2) by extensions ['ros']
[0.266s] Level 1:colcon.colcon_core.package_identification:_identify(src/aruco_detector_yj_pkg_2) by extension 'ros'
[0.267s] DEBUG:colcon.colcon_core.package_identification:Package 'src/aruco_detector_yj_pkg_2' with type 'ros.ament_python' and name 'aruco_detector_yj_pkg_2'
[0.267s] Level 1:colcon.colcon_core.package_identification:_identify(src/cartrash) by extensions ['ignore', 'ignore_ament_install']
[0.267s] Level 1:colcon.colcon_core.package_identification:_identify(src/cartrash) by extension 'ignore'
[0.267s] Level 1:colcon.colcon_core.package_identification:_identify(src/cartrash) by extension 'ignore_ament_install'
[0.267s] Level 1:colcon.colcon_core.package_identification:_identify(src/cartrash) by extensions ['colcon_pkg']
[0.267s] Level 1:colcon.colcon_core.package_identification:_identify(src/cartrash) by extension 'colcon_pkg'
[0.267s] Level 1:colcon.colcon_core.package_identification:_identify(src/cartrash) by extensions ['colcon_meta']
[0.267s] Level 1:colcon.colcon_core.package_identification:_identify(src/cartrash) by extension 'colcon_meta'
[0.267s] Level 1:colcon.colcon_core.package_identification:_identify(src/cartrash) by extensions ['ros']
[0.267s] Level 1:colcon.colcon_core.package_identification:_identify(src/cartrash) by extension 'ros'
[0.269s] DEBUG:colcon.colcon_core.package_identification:Package 'src/cartrash' with type 'ros.ament_python' and name 'cartrash'
[0.269s] Level 1:colcon.colcon_core.package_identification:_identify(src/marker_align_2) by extensions ['ignore', 'ignore_ament_install']
[0.269s] Level 1:colcon.colcon_core.package_identification:_identify(src/marker_align_2) by extension 'ignore'
[0.269s] Level 1:colcon.colcon_core.package_identification:_identify(src/marker_align_2) by extension 'ignore_ament_install'
[0.269s] Level 1:colcon.colcon_core.package_identification:_identify(src/marker_align_2) by extensions ['colcon_pkg']
[0.269s] Level 1:colcon.colcon_core.package_identification:_identify(src/marker_align_2) by extension 'colcon_pkg'
[0.269s] Level 1:colcon.colcon_core.package_identification:_identify(src/marker_align_2) by extensions ['colcon_meta']
[0.269s] Level 1:colcon.colcon_core.package_identification:_identify(src/marker_align_2) by extension 'colcon_meta'
[0.269s] Level 1:colcon.colcon_core.package_identification:_identify(src/marker_align_2) by extensions ['ros']
[0.269s] Level 1:colcon.colcon_core.package_identification:_identify(src/marker_align_2) by extension 'ros'
[0.270s] DEBUG:colcon.colcon_core.package_identification:Package 'src/marker_align_2' with type 'ros.ament_python' and name 'marker_align_2'
[0.270s] Level 1:colcon.colcon_core.package_identification:_identify(src/plant_transport) by extensions ['ignore', 'ignore_ament_install']
[0.270s] Level 1:colcon.colcon_core.package_identification:_identify(src/plant_transport) by extension 'ignore'
[0.270s] Level 1:colcon.colcon_core.package_identification:_identify(src/plant_transport) by extension 'ignore_ament_install'
[0.270s] Level 1:colcon.colcon_core.package_identification:_identify(src/plant_transport) by extensions ['colcon_pkg']
[0.270s] Level 1:colcon.colcon_core.package_identification:_identify(src/plant_transport) by extension 'colcon_pkg'
[0.270s] Level 1:colcon.colcon_core.package_identification:_identify(src/plant_transport) by extensions ['colcon_meta']
[0.270s] Level 1:colcon.colcon_core.package_identification:_identify(src/plant_transport) by extension 'colcon_meta'
[0.270s] Level 1:colcon.colcon_core.package_identification:_identify(src/plant_transport) by extensions ['ros']
[0.270s] Level 1:colcon.colcon_core.package_identification:_identify(src/plant_transport) by extension 'ros'
[0.271s] DEBUG:colcon.colcon_core.package_identification:Package 'src/plant_transport' with type 'ros.ament_python' and name 'plant_transport'
[0.271s] Level 1:colcon.colcon_core.package_identification:_identify(src/pump_control) by extensions ['ignore', 'ignore_ament_install']
[0.271s] Level 1:colcon.colcon_core.package_identification:_identify(src/pump_control) by extension 'ignore'
[0.271s] Level 1:colcon.colcon_core.package_identification:_identify(src/pump_control) by extension 'ignore_ament_install'
[0.271s] Level 1:colcon.colcon_core.package_identification:_identify(src/pump_control) by extensions ['colcon_pkg']
[0.271s] Level 1:colcon.colcon_core.package_identification:_identify(src/pump_control) by extension 'colcon_pkg'
[0.271s] Level 1:colcon.colcon_core.package_identification:_identify(src/pump_control) by extensions ['colcon_meta']
[0.271s] Level 1:colcon.colcon_core.package_identification:_identify(src/pump_control) by extension 'colcon_meta'
[0.271s] Level 1:colcon.colcon_core.package_identification:_identify(src/pump_control) by extensions ['ros']
[0.272s] Level 1:colcon.colcon_core.package_identification:_identify(src/pump_control) by extension 'ros'
[0.272s] DEBUG:colcon.colcon_core.package_identification:Package 'src/pump_control' with type 'ros.ament_python' and name 'pump_control'
[0.272s] Level 1:colcon.colcon_core.package_identification:_identify(src/robot_control) by extensions ['ignore', 'ignore_ament_install']
[0.272s] Level 1:colcon.colcon_core.package_identification:_identify(src/robot_control) by extension 'ignore'
[0.272s] Level 1:colcon.colcon_core.package_identification:_identify(src/robot_control) by extension 'ignore_ament_install'
[0.272s] Level 1:colcon.colcon_core.package_identification:_identify(src/robot_control) by extensions ['colcon_pkg']
[0.272s] Level 1:colcon.colcon_core.package_identification:_identify(src/robot_control) by extension 'colcon_pkg'
[0.272s] Level 1:colcon.colcon_core.package_identification:_identify(src/robot_control) by extensions ['colcon_meta']
[0.272s] Level 1:colcon.colcon_core.package_identification:_identify(src/robot_control) by extension 'colcon_meta'
[0.273s] Level 1:colcon.colcon_core.package_identification:_identify(src/robot_control) by extensions ['ros']
[0.273s] Level 1:colcon.colcon_core.package_identification:_identify(src/robot_control) by extension 'ros'
[0.273s] DEBUG:colcon.colcon_core.package_identification:Package 'src/robot_control' with type 'ros.ament_python' and name 'robot_control'
[0.273s] Level 1:colcon.colcon_core.package_discovery:discover_packages(recursive) using defaults
[0.273s] Level 1:colcon.colcon_core.package_discovery:discover_packages(ignore) discover
[0.273s] Level 1:colcon.colcon_core.package_discovery:discover_packages(ignore) using defaults
[0.273s] Level 1:colcon.colcon_core.package_discovery:discover_packages(path) discover
[0.273s] Level 1:colcon.colcon_core.package_discovery:discover_packages(path) using defaults
[0.300s] Level 1:colcon.colcon_core.package_discovery:discover_packages(prefix_path) check parameters
[0.300s] Level 1:colcon.colcon_core.package_discovery:discover_packages(prefix_path) discover
[0.305s] DEBUG:colcon.colcon_installed_package_information.package_discovery:Found 7 installed packages in /home/teamleafia/ros2_mer/install
[0.306s] DEBUG:colcon.colcon_installed_package_information.package_discovery:Found 1 installed packages in /home/teamleafia/slam_ws/install
[0.306s] DEBUG:colcon.colcon_installed_package_information.package_discovery:Found 3 installed packages in /home/teamleafia/ros2_mot/install
[0.309s] DEBUG:colcon.colcon_installed_package_information.package_discovery:Found 416 installed packages in /opt/ros/jazzy
[0.311s] Level 1:colcon.colcon_core.package_discovery:discover_packages(prefix_path) using defaults
[0.392s] Level 5:colcon.colcon_core.verb:set package 'aruco_detector' build argument 'cmake_args' from command line to 'None'
[0.392s] Level 5:colcon.colcon_core.verb:set package 'aruco_detector' build argument 'cmake_target' from command line to 'None'
[0.392s] Level 5:colcon.colcon_core.verb:set package 'aruco_detector' build argument 'cmake_target_skip_unavailable' from command line to 'False'
[0.393s] Level 5:colcon.colcon_core.verb:set package 'aruco_detector' build argument 'cmake_clean_cache' from command line to 'False'
[0.393s] Level 5:colcon.colcon_core.verb:set package 'aruco_detector' build argument 'cmake_clean_first' from command line to 'False'
[0.393s] Level 5:colcon.colcon_core.verb:set package 'aruco_detector' build argument 'cmake_force_configure' from command line to 'False'
[0.393s] Level 5:colcon.colcon_core.verb:set package 'aruco_detector' build argument 'ament_cmake_args' from command line to 'None'
[0.393s] Level 5:colcon.colcon_core.verb:set package 'aruco_detector' build argument 'catkin_cmake_args' from command line to 'None'
[0.393s] Level 5:colcon.colcon_core.verb:set package 'aruco_detector' build argument 'catkin_skip_building_tests' from command line to 'False'
[0.393s] DEBUG:colcon.colcon_core.verb:Building package 'aruco_detector' with the following arguments: {'ament_cmake_args': None, 'build_base': '/home/teamleafia/ros2_mer/build/aruco_detector', 'catkin_cmake_args': None, 'catkin_skip_building_tests': False, 'cmake_args': None, 'cmake_clean_cache': False, 'cmake_clean_first': False, 'cmake_force_configure': False, 'cmake_target': None, 'cmake_target_skip_unavailable': False, 'install_base': '/home/teamleafia/ros2_mer/install/aruco_detector', 'merge_install': False, 'path': '/home/teamleafia/ros2_mer/src/aruco_detector', 'symlink_install': True, 'test_result_base': None}
[0.393s] Level 5:colcon.colcon_core.verb:set package 'aruco_detector_yj_pkg_2' build argument 'cmake_args' from command line to 'None'
[0.393s] Level 5:colcon.colcon_core.verb:set package 'aruco_detector_yj_pkg_2' build argument 'cmake_target' from command line to 'None'
[0.393s] Level 5:colcon.colcon_core.verb:set package 'aruco_detector_yj_pkg_2' build argument 'cmake_target_skip_unavailable' from command line to 'False'
[0.393s] Level 5:colcon.colcon_core.verb:set package 'aruco_detector_yj_pkg_2' build argument 'cmake_clean_cache' from command line to 'False'
[0.393s] Level 5:colcon.colcon_core.verb:set package 'aruco_detector_yj_pkg_2' build argument 'cmake_clean_first' from command line to 'False'
[0.393s] Level 5:colcon.colcon_core.verb:set package 'aruco_detector_yj_pkg_2' build argument 'cmake_force_configure' from command line to 'False'
[0.393s] Level 5:colcon.colcon_core.verb:set package 'aruco_detector_yj_pkg_2' build argument 'ament_cmake_args' from command line to 'None'
[0.394s] Level 5:colcon.colcon_core.verb:set package 'aruco_detector_yj_pkg_2' build argument 'catkin_cmake_args' from command line to 'None'
[0.394s] Level 5:colcon.colcon_core.verb:set package 'aruco_detector_yj_pkg_2' build argument 'catkin_skip_building_tests' from command line to 'False'
[0.394s] DEBUG:colcon.colcon_core.verb:Building package 'aruco_detector_yj_pkg_2' with the following arguments: {'ament_cmake_args': None, 'build_base': '/home/teamleafia/ros2_mer/build/aruco_detector_yj_pkg_2', 'catkin_cmake_args': None, 'catkin_skip_building_tests': False, 'cmake_args': None, 'cmake_clean_cache': False, 'cmake_clean_first': False, 'cmake_force_configure': False, 'cmake_target': None, 'cmake_target_skip_unavailable': False, 'install_base': '/home/teamleafia/ros2_mer/install/aruco_detector_yj_pkg_2', 'merge_install': False, 'path': '/home/teamleafia/ros2_mer/src/aruco_detector_yj_pkg_2', 'symlink_install': True, 'test_result_base': None}
[0.394s] Level 5:colcon.colcon_core.verb:set package 'cartrash' build argument 'cmake_args' from command line to 'None'
[0.394s] Level 5:colcon.colcon_core.verb:set package 'cartrash' build argument 'cmake_target' from command line to 'None'
[0.394s] Level 5:colcon.colcon_core.verb:set package 'cartrash' build argument 'cmake_target_skip_unavailable' from command line to 'False'
[0.394s] Level 5:colcon.colcon_core.verb:set package 'cartrash' build argument 'cmake_clean_cache' from command line to 'False'
[0.394s] Level 5:colcon.colcon_core.verb:set package 'cartrash' build argument 'cmake_clean_first' from command line to 'False'
[0.394s] Level 5:colcon.colcon_core.verb:set package 'cartrash' build argument 'cmake_force_configure' from command line to 'False'
[0.394s] Level 5:colcon.colcon_core.verb:set package 'cartrash' build argument 'ament_cmake_args' from command line to 'None'
[0.394s] Level 5:colcon.colcon_core.verb:set package 'cartrash' build argument 'catkin_cmake_args' from command line to 'None'
[0.394s] Level 5:colcon.colcon_core.verb:set package 'cartrash' build argument 'catkin_skip_building_tests' from command line to 'False'
[0.394s] DEBUG:colcon.colcon_core.verb:Building package 'cartrash' with the following arguments: {'ament_cmake_args': None, 'build_base': '/home/teamleafia/ros2_mer/build/cartrash', 'catkin_cmake_args': None, 'catkin_skip_building_tests': False, 'cmake_args': None, 'cmake_clean_cache': False, 'cmake_clean_first': False, 'cmake_force_configure': False, 'cmake_target': None, 'cmake_target_skip_unavailable': False, 'install_base': '/home/teamleafia/ros2_mer/install/cartrash', 'merge_install': False, 'path': '/home/teamleafia/ros2_mer/src/cartrash', 'symlink_install': True, 'test_result_base': None}
[0.395s] Level 5:colcon.colcon_core.verb:set package 'marker_align_2' build argument 'cmake_args' from command line to 'None'
[0.395s] Level 5:colcon.colcon_core.verb:set package 'marker_align_2' build argument 'cmake_target' from command line to 'None'
[0.395s] Level 5:colcon.colcon_core.verb:set package 'marker_align_2' build argument 'cmake_target_skip_unavailable' from command line to 'False'
[0.395s] Level 5:colcon.colcon_core.verb:set package 'marker_align_2' build argument 'cmake_clean_cache' from command line to 'False'
[0.395s] Level 5:colcon.colcon_core.verb:set package 'marker_align_2' build argument 'cmake_clean_first' from command line to 'False'
[0.395s] Level 5:colcon.colcon_core.verb:set package 'marker_align_2' build argument 'cmake_force_configure' from command line to 'False'
[0.395s] Level 5:colcon.colcon_core.verb:set package 'marker_align_2' build argument 'ament_cmake_args' from command line to 'None'
[0.395s] Level 5:colcon.colcon_core.verb:set package 'marker_align_2' build argument 'catkin_cmake_args' from command line to 'None'
[0.395s] Level 5:colcon.colcon_core.verb:set package 'marker_align_2' build argument 'catkin_skip_building_tests' from command line to 'False'
[0.395s] DEBUG:colcon.colcon_core.verb:Building package 'marker_align_2' with the following arguments: {'ament_cmake_args': None, 'build_base': '/home/teamleafia/ros2_mer/build/marker_align_2', 'catkin_cmake_args': None, 'catkin_skip_building_tests': False, 'cmake_args': None, 'cmake_clean_cache': False, 'cmake_clean_first': False, 'cmake_force_configure': False, 'cmake_target': None, 'cmake_target_skip_unavailable': False, 'install_base': '/home/teamleafia/ros2_mer/install/marker_align_2', 'merge_install': False, 'path': '/home/teamleafia/ros2_mer/src/marker_align_2', 'symlink_install': True, 'test_result_base': None}
[0.395s] Level 5:colcon.colcon_core.verb:set package 'pump_control' build argument 'cmake_args' from command line to 'None'
[0.395s] Level 5:colcon.colcon_core.verb:set package 'pump_control' build argument 'cmake_target' from command line to 'None'
[0.395s] Level 5:colcon.colcon_core.verb:set package 'pump_control' build argument 'cmake_target_skip_unavailable' from command line to 'False'
[0.395s] Level 5:colcon.colcon_core.verb:set package 'pump_control' build argument 'cmake_clean_cache' from command line to 'False'
[0.395s] Level 5:colcon.colcon_core.verb:set package 'pump_control' build argument 'cmake_clean_first' from command line to 'False'
[0.395s] Level 5:colcon.colcon_core.verb:set package 'pump_control' build argument 'cmake_force_configure' from command line to 'False'
[0.396s] Level 5:colcon.colcon_core.verb:set package 'pump_control' build argument 'ament_cmake_args' from command line to 'None'
[0.396s] Level 5:colcon.colcon_core.verb:set package 'pump_control' build argument 'catkin_cmake_args' from command line to 'None'
[0.396s] Level 5:colcon.colcon_core.verb:set package 'pump_control' build argument 'catkin_skip_building_tests' from command line to 'False'
[0.396s] DEBUG:colcon.colcon_core.verb:Building package 'pump_control' with the following arguments: {'ament_cmake_args': None, 'build_base': '/home/teamleafia/ros2_mer/build/pump_control', 'catkin_cmake_args': None, 'catkin_skip_building_tests': False, 'cmake_args': None, 'cmake_clean_cache': False, 'cmake_clean_first': False, 'cmake_force_configure': False, 'cmake_target': None, 'cmake_target_skip_unavailable': False, 'install_base': '/home/teamleafia/ros2_mer/install/pump_control', 'merge_install': False, 'path': '/home/teamleafia/ros2_mer/src/pump_control', 'symlink_install': True, 'test_result_base': None}
[0.396s] Level 5:colcon.colcon_core.verb:set package 'robot_control' build argument 'cmake_args' from command line to 'None'
[0.396s] Level 5:colcon.colcon_core.verb:set package 'robot_control' build argument 'cmake_target' from command line to 'None'
[0.396s] Level 5:colcon.colcon_core.verb:set package 'robot_control' build argument 'cmake_target_skip_unavailable' from command line to 'False'
[0.396s] Level 5:colcon.colcon_core.verb:set package 'robot_control' build argument 'cmake_clean_cache' from command line to 'False'
[0.396s] Level 5:colcon.colcon_core.verb:set package 'robot_control' build argument 'cmake_clean_first' from command line to 'False'
[0.396s] Level 5:colcon.colcon_core.verb:set package 'robot_control' build argument 'cmake_force_configure' from command line to 'False'
[0.396s] Level 5:colcon.colcon_core.verb:set package 'robot_control' build argument 'ament_cmake_args' from command line to 'None'
[0.396s] Level 5:colcon.colcon_core.verb:set package 'robot_control' build argument 'catkin_cmake_args' from command line to 'None'
[0.396s] Level 5:colcon.colcon_core.verb:set package 'robot_control' build argument 'catkin_skip_building_tests' from command line to 'False'
[0.396s] DEBUG:colcon.colcon_core.verb:Building package 'robot_control' with the following arguments: {'ament_cmake_args': None, 'build_base': '/home/teamleafia/ros2_mer/build/robot_control', 'catkin_cmake_args': None, 'catkin_skip_building_tests': False, 'cmake_args': None, 'cmake_clean_cache': False, 'cmake_clean_first': False, 'cmake_force_configure': False, 'cmake_target': None, 'cmake_target_skip_unavailable': False, 'install_base': '/home/teamleafia/ros2_mer/install/robot_control', 'merge_install': False, 'path': '/home/teamleafia/ros2_mer/src/robot_control', 'symlink_install': True, 'test_result_base': None}
[0.397s] Level 5:colcon.colcon_core.verb:set package 'plant_transport' build argument 'cmake_args' from command line to 'None'
[0.397s] Level 5:colcon.colcon_core.verb:set package 'plant_transport' build argument 'cmake_target' from command line to 'None'
[0.397s] Level 5:colcon.colcon_core.verb:set package 'plant_transport' build argument 'cmake_target_skip_unavailable' from command line to 'False'
[0.397s] Level 5:colcon.colcon_core.verb:set package 'plant_transport' build argument 'cmake_clean_cache' from command line to 'False'
[0.397s] Level 5:colcon.colcon_core.verb:set package 'plant_transport' build argument 'cmake_clean_first' from command line to 'False'
[0.397s] Level 5:colcon.colcon_core.verb:set package 'plant_transport' build argument 'cmake_force_configure' from command line to 'False'
[0.397s] Level 5:colcon.colcon_core.verb:set package 'plant_transport' build argument 'ament_cmake_args' from command line to 'None'
[0.397s] Level 5:colcon.colcon_core.verb:set package 'plant_transport' build argument 'catkin_cmake_args' from command line to 'None'
[0.397s] Level 5:colcon.colcon_core.verb:set package 'plant_transport' build argument 'catkin_skip_building_tests' from command line to 'False'
[0.397s] DEBUG:colcon.colcon_core.verb:Building package 'plant_transport' with the following arguments: {'ament_cmake_args': None, 'build_base': '/home/teamleafia/ros2_mer/build/plant_transport', 'catkin_cmake_args': None, 'catkin_skip_building_tests': False, 'cmake_args': None, 'cmake_clean_cache': False, 'cmake_clean_first': False, 'cmake_force_configure': False, 'cmake_target': None, 'cmake_target_skip_unavailable': False, 'install_base': '/home/teamleafia/ros2_mer/install/plant_transport', 'merge_install': False, 'path': '/home/teamleafia/ros2_mer/src/plant_transport', 'symlink_install': True, 'test_result_base': None}
[0.397s] INFO:colcon.colcon_core.executor:Executing jobs using 'parallel' executor
[0.398s] DEBUG:colcon.colcon_parallel_executor.executor.parallel:run_until_complete
[0.399s] INFO:colcon.colcon_ros.task.ament_python.build:Building ROS package in '/home/teamleafia/ros2_mer/src/aruco_detector' with build type 'ament_python'
[0.399s] Level 1:colcon.colcon_core.shell:create_environment_hook('aruco_detector', 'ament_prefix_path')
[0.402s] INFO:colcon.colcon_core.plugin_system:Skipping extension 'colcon_core.shell.bat': Not used on non-Windows systems
[0.402s] INFO:colcon.colcon_core.shell:Creating environment hook '/home/teamleafia/ros2_mer/install/aruco_detector/share/aruco_detector/hook/ament_prefix_path.ps1'
[0.403s] INFO:colcon.colcon_core.shell:Creating environment descriptor '/home/teamleafia/ros2_mer/install/aruco_detector/share/aruco_detector/hook/ament_prefix_path.dsv'
[0.405s] INFO:colcon.colcon_core.shell:Creating environment hook '/home/teamleafia/ros2_mer/install/aruco_detector/share/aruco_detector/hook/ament_prefix_path.sh'
[0.406s] INFO:colcon.colcon_core.shell:Skip shell extension 'powershell' for command environment: Not usable outside of PowerShell
[0.406s] DEBUG:colcon.colcon_core.shell:Skip shell extension 'dsv' for command environment
[0.413s] INFO:colcon.colcon_ros.task.ament_python.build:Building ROS package in '/home/teamleafia/ros2_mer/src/aruco_detector_yj_pkg_2' with build type 'ament_python'
[0.414s] Level 1:colcon.colcon_core.shell:create_environment_hook('aruco_detector_yj_pkg_2', 'ament_prefix_path')
[0.414s] INFO:colcon.colcon_core.shell:Creating environment hook '/home/teamleafia/ros2_mer/install/aruco_detector_yj_pkg_2/share/aruco_detector_yj_pkg_2/hook/ament_prefix_path.ps1'
[0.415s] INFO:colcon.colcon_core.shell:Creating environment descriptor '/home/teamleafia/ros2_mer/install/aruco_detector_yj_pkg_2/share/aruco_detector_yj_pkg_2/hook/ament_prefix_path.dsv'
[0.416s] INFO:colcon.colcon_core.shell:Creating environment hook '/home/teamleafia/ros2_mer/install/aruco_detector_yj_pkg_2/share/aruco_detector_yj_pkg_2/hook/ament_prefix_path.sh'
[0.417s] INFO:colcon.colcon_core.shell:Skip shell extension 'powershell' for command environment: Not usable outside of PowerShell
[0.417s] DEBUG:colcon.colcon_core.shell:Skip shell extension 'dsv' for command environment
[0.424s] INFO:colcon.colcon_ros.task.ament_python.build:Building ROS package in '/home/teamleafia/ros2_mer/src/marker_align_2' with build type 'ament_python'
[0.424s] Level 1:colcon.colcon_core.shell:create_environment_hook('marker_align_2', 'ament_prefix_path')
[0.425s] INFO:colcon.colcon_core.shell:Creating environment hook '/home/teamleafia/ros2_mer/install/marker_align_2/share/marker_align_2/hook/ament_prefix_path.ps1'
[0.425s] INFO:colcon.colcon_core.shell:Creating environment descriptor '/home/teamleafia/ros2_mer/install/marker_align_2/share/marker_align_2/hook/ament_prefix_path.dsv'
[0.426s] INFO:colcon.colcon_core.shell:Creating environment hook '/home/teamleafia/ros2_mer/install/marker_align_2/share/marker_align_2/hook/ament_prefix_path.sh'
[0.427s] INFO:colcon.colcon_core.shell:Skip shell extension 'powershell' for command environment: Not usable outside of PowerShell
[0.427s] DEBUG:colcon.colcon_core.shell:Skip shell extension 'dsv' for command environment
[0.434s] INFO:colcon.colcon_ros.task.ament_python.build:Building ROS package in '/home/teamleafia/ros2_mer/src/pump_control' with build type 'ament_python'
[0.434s] Level 1:colcon.colcon_core.shell:create_environment_hook('pump_control', 'ament_prefix_path')
[0.434s] INFO:colcon.colcon_core.shell:Creating environment hook '/home/teamleafia/ros2_mer/install/pump_control/share/pump_control/hook/ament_prefix_path.ps1'
[0.435s] INFO:colcon.colcon_core.shell:Creating environment descriptor '/home/teamleafia/ros2_mer/install/pump_control/share/pump_control/hook/ament_prefix_path.dsv'
[0.436s] INFO:colcon.colcon_core.shell:Creating environment hook '/home/teamleafia/ros2_mer/install/pump_control/share/pump_control/hook/ament_prefix_path.sh'
[0.437s] INFO:colcon.colcon_core.shell:Skip shell extension 'powershell' for command environment: Not usable outside of PowerShell
[0.437s] DEBUG:colcon.colcon_core.shell:Skip shell extension 'dsv' for command environment
[0.812s] INFO:colcon.colcon_core.task.python.build:Building Python package in '/home/teamleafia/ros2_mer/src/aruco_detector'
[0.813s] INFO:colcon.colcon_core.shell:Skip shell extension 'powershell' for command environment: Not usable outside of PowerShell
[0.813s] DEBUG:colcon.colcon_core.shell:Skip shell extension 'dsv' for command environment
[1.235s] INFO:colcon.colcon_core.task.python.build:Building Python package in '/home/teamleafia/ros2_mer/src/aruco_detector_yj_pkg_2'
[1.235s] INFO:colcon.colcon_core.shell:Skip shell extension 'powershell' for command environment: Not usable outside of PowerShell
[1.235s] DEBUG:colcon.colcon_core.shell:Skip shell extension 'dsv' for command environment
[1.589s] INFO:colcon.colcon_core.task.python.build:Building Python package in '/home/teamleafia/ros2_mer/src/marker_align_2'
[1.589s] INFO:colcon.colcon_core.shell:Skip shell extension 'powershell' for command environment: Not usable outside of PowerShell
[1.589s] DEBUG:colcon.colcon_core.shell:Skip shell extension 'dsv' for command environment
[1.949s] INFO:colcon.colcon_core.task.python.build:Building Python package in '/home/teamleafia/ros2_mer/src/pump_control'
[1.949s] INFO:colcon.colcon_core.shell:Skip shell extension 'powershell' for command environment: Not usable outside of PowerShell
[1.949s] DEBUG:colcon.colcon_core.shell:Skip shell extension 'dsv' for command environment
[3.178s] DEBUG:colcon.colcon_core.task.python.build:While undoing a previous installation files outside the Python library path are being ignored: /home/teamleafia/ros2_mer/install/aruco_detector/share/ament_index/resource_index/packages/aruco_detector
[3.179s] DEBUG:colcon.colcon_core.task.python.build:While undoing a previous installation files outside the Python library path are being ignored: /home/teamleafia/ros2_mer/install/aruco_detector/share/aruco_detector/package.xml
[3.180s] DEBUG:colcon.colcon_core.task.python.build:While undoing a previous installation files outside the Python library path are being ignored: /home/teamleafia/ros2_mer/install/aruco_detector/lib/aruco_detector/aruco_detector
[3.181s] DEBUG:colcon.colcon_core.task.python.build:While undoing a previous installation files outside the Python library path are being ignored: /home/teamleafia/ros2_mer/install/aruco_detector/lib/aruco_detector/aruco_detector_node
[3.182s] DEBUG:colcon.colcon_core.task.python.build:While undoing a previous installation files outside the Python library path are being ignored: /home/teamleafia/ros2_mer/install/aruco_detector/lib/aruco_detector/aruco_move_node
[3.198s] DEBUG:colcon.colcon_core.event_handler.log_command:Invoking command in '/home/teamleafia/ros2_mer/build/aruco_detector': DEBUGINFOD_URLS=https://debuginfod.ubuntu.com PYTHONPATH=/home/teamleafia/ros2_mer/build/aruco_detector/prefix_override:/usr/lib/python3/dist-packages/colcon_core/task/python/colcon_distutils_commands:/home/teamleafia/ros2_mer/install/aruco_detector/lib/python3.12/site-packages:${PYTHONPATH} /usr/bin/python3 -W ignore:setup.py install is deprecated -W ignore:easy_install command is deprecated setup.py develop --editable --build-directory /home/teamleafia/ros2_mer/build/aruco_detector/build --no-deps symlink_data --force
[3.245s] DEBUG:colcon.colcon_core.task.python.build:While undoing a previous installation files outside the Python library path are being ignored: /home/teamleafia/ros2_mer/install/marker_align_2/share/ament_index/resource_index/packages/marker_align_2
[3.246s] DEBUG:colcon.colcon_core.task.python.build:While undoing a previous installation files outside the Python library path are being ignored: /home/teamleafia/ros2_mer/install/marker_align_2/share/marker_align_2/package.xml
[3.246s] DEBUG:colcon.colcon_core.task.python.build:While undoing a previous installation files outside the Python library path are being ignored: /home/teamleafia/ros2_mer/install/marker_align_2/lib/marker_align_2/marker_align_node2
[3.254s] DEBUG:colcon.colcon_core.event_handler.log_command:Invoking command in '/home/teamleafia/ros2_mer/build/marker_align_2': DEBUGINFOD_URLS=https://debuginfod.ubuntu.com PYTHONPATH=/home/teamleafia/ros2_mer/build/marker_align_2/prefix_override:/usr/lib/python3/dist-packages/colcon_core/task/python/colcon_distutils_commands:/home/teamleafia/ros2_mer/install/marker_align_2/lib/python3.12/site-packages:${PYTHONPATH} /usr/bin/python3 -W ignore:setup.py install is deprecated -W ignore:easy_install command is deprecated setup.py develop --editable --build-directory /home/teamleafia/ros2_mer/build/marker_align_2/build --no-deps symlink_data --force
[3.297s] DEBUG:colcon.colcon_core.task.python.build:While undoing a previous installation files outside the Python library path are being ignored: /home/teamleafia/ros2_mer/install/pump_control/share/ament_index/resource_index/packages/pump_control
[3.297s] DEBUG:colcon.colcon_core.task.python.build:While undoing a previous installation files outside the Python library path are being ignored: /home/teamleafia/ros2_mer/install/pump_control/share/pump_control/package.xml
[3.298s] DEBUG:colcon.colcon_core.task.python.build:While undoing a previous installation files outside the Python library path are being ignored: /home/teamleafia/ros2_mer/install/pump_control/lib/pump_control/pump_node
[3.298s] DEBUG:colcon.colcon_core.task.python.build:While undoing a previous installation files outside the Python library path are being ignored: /home/teamleafia/ros2_mer/install/pump_control/lib/pump_control/pump_testnode
[3.304s] DEBUG:colcon.colcon_core.event_handler.log_command:Invoking command in '/home/teamleafia/ros2_mer/build/pump_control': DEBUGINFOD_URLS=https://debuginfod.ubuntu.com PYTHONPATH=/home/teamleafia/ros2_mer/build/pump_control/prefix_override:/usr/lib/python3/dist-packages/colcon_core/task/python/colcon_distutils_commands:/home/teamleafia/ros2_mer/install/pump_control/lib/python3.12/site-packages:${PYTHONPATH} /usr/bin/python3 -W ignore:setup.py install is deprecated -W ignore:easy_install command is deprecated setup.py develop --editable --build-directory /home/teamleafia/ros2_mer/build/pump_control/build --no-deps symlink_data --force
[3.314s] DEBUG:colcon.colcon_core.task.python.build:While undoing a previous installation files outside the Python library path are being ignored: /home/teamleafia/ros2_mer/install/aruco_detector_yj_pkg_2/share/ament_index/resource_index/packages/aruco_detector_yj_pkg_2
[3.315s] DEBUG:colcon.colcon_core.task.python.build:While undoing a previous installation files outside the Python library path are being ignored: /home/teamleafia/ros2_mer/install/aruco_detector_yj_pkg_2/share/aruco_detector_yj_pkg_2/package.xml
[3.315s] DEBUG:colcon.colcon_core.task.python.build:While undoing a previous installation files outside the Python library path are being ignored: /home/teamleafia/ros2_mer/install/aruco_detector_yj_pkg_2/lib/aruco_detector_yj_pkg_2/aruco_detector_yj_node
[3.323s] DEBUG:colcon.colcon_core.event_handler.log_command:Invoking command in '/home/teamleafia/ros2_mer/build/aruco_detector_yj_pkg_2': DEBUGINFOD_URLS=https://debuginfod.ubuntu.com PYTHONPATH=/home/teamleafia/ros2_mer/build/aruco_detector_yj_pkg_2/prefix_override:/usr/lib/python3/dist-packages/colcon_core/task/python/colcon_distutils_commands:/home/teamleafia/ros2_mer/install/aruco_detector_yj_pkg_2/lib/python3.12/site-packages:${PYTHONPATH} /usr/bin/python3 -W ignore:setup.py install is deprecated -W ignore:easy_install command is deprecated setup.py develop --editable --build-directory /home/teamleafia/ros2_mer/build/aruco_detector_yj_pkg_2/build --no-deps symlink_data --force
[4.780s] Level 1:colcon.colcon_core.shell:create_environment_hook('aruco_detector', 'pythonpath_develop')
[4.781s] INFO:colcon.colcon_core.shell:Creating environment hook '/home/teamleafia/ros2_mer/build/aruco_detector/share/aruco_detector/hook/pythonpath_develop.ps1'
[4.783s] DEBUG:colcon.colcon_core.event_handler.log_command:Invoked command in '/home/teamleafia/ros2_mer/build/aruco_detector' returned '0': DEBUGINFOD_URLS=https://debuginfod.ubuntu.com PYTHONPATH=/home/teamleafia/ros2_mer/build/aruco_detector/prefix_override:/usr/lib/python3/dist-packages/colcon_core/task/python/colcon_distutils_commands:/home/teamleafia/ros2_mer/install/aruco_detector/lib/python3.12/site-packages:${PYTHONPATH} /usr/bin/python3 -W ignore:setup.py install is deprecated -W ignore:easy_install command is deprecated setup.py develop --editable --build-directory /home/teamleafia/ros2_mer/build/aruco_detector/build --no-deps symlink_data --force
[4.790s] INFO:colcon.colcon_core.shell:Creating environment descriptor '/home/teamleafia/ros2_mer/build/aruco_detector/share/aruco_detector/hook/pythonpath_develop.dsv'
[4.791s] INFO:colcon.colcon_core.shell:Creating environment hook '/home/teamleafia/ros2_mer/build/aruco_detector/share/aruco_detector/hook/pythonpath_develop.sh'
[4.813s] Level 1:colcon.colcon_core.environment:checking '/home/teamleafia/ros2_mer/install/aruco_detector' for CMake module files
[4.814s] Level 1:colcon.colcon_core.environment:checking '/home/teamleafia/ros2_mer/install/aruco_detector' for CMake config files
[4.826s] Level 1:colcon.colcon_core.environment:checking '/home/teamleafia/ros2_mer/install/aruco_detector/lib'
[4.830s] Level 1:colcon.colcon_core.environment:checking '/home/teamleafia/ros2_mer/install/aruco_detector/bin'
[4.831s] Level 1:colcon.colcon_core.environment:checking '/home/teamleafia/ros2_mer/install/aruco_detector/lib/pkgconfig/aruco_detector.pc'
[4.831s] Level 1:colcon.colcon_core.environment:checking '/home/teamleafia/ros2_mer/install/aruco_detector/lib/python3.12/site-packages'
[4.835s] Level 1:colcon.colcon_core.shell:create_environment_hook('aruco_detector', 'pythonpath')
[4.836s] INFO:colcon.colcon_core.shell:Creating environment hook '/home/teamleafia/ros2_mer/install/aruco_detector/share/aruco_detector/hook/pythonpath.ps1'
[4.837s] INFO:colcon.colcon_core.shell:Creating environment descriptor '/home/teamleafia/ros2_mer/install/aruco_detector/share/aruco_detector/hook/pythonpath.dsv'
[4.845s] INFO:colcon.colcon_core.shell:Creating environment hook '/home/teamleafia/ros2_mer/install/aruco_detector/share/aruco_detector/hook/pythonpath.sh'
[4.850s] Level 1:colcon.colcon_core.environment:checking '/home/teamleafia/ros2_mer/install/aruco_detector/bin'
[4.850s] Level 1:colcon.colcon_core.environment:create_environment_scripts_only(aruco_detector)
[4.857s] INFO:colcon.colcon_core.shell:Creating package script '/home/teamleafia/ros2_mer/install/aruco_detector/share/aruco_detector/package.ps1'
[4.866s] INFO:colcon.colcon_core.shell:Creating package descriptor '/home/teamleafia/ros2_mer/install/aruco_detector/share/aruco_detector/package.dsv'
[4.874s] INFO:colcon.colcon_core.shell:Creating package script '/home/teamleafia/ros2_mer/install/aruco_detector/share/aruco_detector/package.sh'
[4.886s] INFO:colcon.colcon_core.shell:Creating package script '/home/teamleafia/ros2_mer/install/aruco_detector/share/aruco_detector/package.bash'
[4.894s] INFO:colcon.colcon_core.shell:Creating package script '/home/teamleafia/ros2_mer/install/aruco_detector/share/aruco_detector/package.zsh'
[4.901s] Level 1:colcon.colcon_core.environment:create_file_with_runtime_dependencies(/home/teamleafia/ros2_mer/install/aruco_detector/share/colcon-core/packages/aruco_detector)
[4.902s] INFO:colcon.colcon_ros.task.ament_python.build:Building ROS package in '/home/teamleafia/ros2_mer/src/robot_control' with build type 'ament_python'
[4.903s] Level 1:colcon.colcon_core.shell:create_environment_hook('robot_control', 'ament_prefix_path')
[4.905s] INFO:colcon.colcon_core.shell:Creating environment hook '/home/teamleafia/ros2_mer/install/robot_control/share/robot_control/hook/ament_prefix_path.ps1'
[4.910s] INFO:colcon.colcon_core.shell:Creating environment descriptor '/home/teamleafia/ros2_mer/install/robot_control/share/robot_control/hook/ament_prefix_path.dsv'
[4.911s] INFO:colcon.colcon_core.shell:Creating environment hook '/home/teamleafia/ros2_mer/install/robot_control/share/robot_control/hook/ament_prefix_path.sh'
[4.914s] INFO:colcon.colcon_core.shell:Skip shell extension 'powershell' for command environment: Not usable outside of PowerShell
[4.916s] DEBUG:colcon.colcon_core.shell:Skip shell extension 'dsv' for command environment
[6.390s] INFO:colcon.colcon_core.task.python.build:Building Python package in '/home/teamleafia/ros2_mer/src/robot_control'
[6.392s] INFO:colcon.colcon_core.shell:Skip shell extension 'powershell' for command environment: Not usable outside of PowerShell
[6.393s] DEBUG:colcon.colcon_core.shell:Skip shell extension 'dsv' for command environment
[6.409s] Level 1:colcon.colcon_core.shell:create_environment_hook('pump_control', 'pythonpath_develop')
[6.412s] INFO:colcon.colcon_core.shell:Creating environment hook '/home/teamleafia/ros2_mer/build/pump_control/share/pump_control/hook/pythonpath_develop.ps1'
[6.410s] DEBUG:colcon.colcon_core.event_handler.log_command:Invoked command in '/home/teamleafia/ros2_mer/build/pump_control' returned '0': DEBUGINFOD_URLS=https://debuginfod.ubuntu.com PYTHONPATH=/home/teamleafia/ros2_mer/build/pump_control/prefix_override:/usr/lib/python3/dist-packages/colcon_core/task/python/colcon_distutils_commands:/home/teamleafia/ros2_mer/install/pump_control/lib/python3.12/site-packages:${PYTHONPATH} /usr/bin/python3 -W ignore:setup.py install is deprecated -W ignore:easy_install command is deprecated setup.py develop --editable --build-directory /home/teamleafia/ros2_mer/build/pump_control/build --no-deps symlink_data --force
[6.415s] INFO:colcon.colcon_core.shell:Creating environment descriptor '/home/teamleafia/ros2_mer/build/pump_control/share/pump_control/hook/pythonpath_develop.dsv'
[6.417s] INFO:colcon.colcon_core.shell:Creating environment hook '/home/teamleafia/ros2_mer/build/pump_control/share/pump_control/hook/pythonpath_develop.sh'
[6.418s] Level 1:colcon.colcon_core.environment:checking '/home/teamleafia/ros2_mer/install/pump_control' for CMake module files
[6.419s] Level 1:colcon.colcon_core.environment:checking '/home/teamleafia/ros2_mer/install/pump_control' for CMake config files
[6.421s] Level 1:colcon.colcon_core.environment:checking '/home/teamleafia/ros2_mer/install/pump_control/lib'
[6.422s] Level 1:colcon.colcon_core.environment:checking '/home/teamleafia/ros2_mer/install/pump_control/bin'
[6.423s] Level 1:colcon.colcon_core.environment:checking '/home/teamleafia/ros2_mer/install/pump_control/lib/pkgconfig/pump_control.pc'
[6.425s] Level 1:colcon.colcon_core.environment:checking '/home/teamleafia/ros2_mer/install/pump_control/lib/python3.12/site-packages'
[6.426s] Level 1:colcon.colcon_core.shell:create_environment_hook('pump_control', 'pythonpath')
[6.427s] INFO:colcon.colcon_core.shell:Creating environment hook '/home/teamleafia/ros2_mer/install/pump_control/share/pump_control/hook/pythonpath.ps1'
[6.430s] INFO:colcon.colcon_core.shell:Creating environment descriptor '/home/teamleafia/ros2_mer/install/pump_control/share/pump_control/hook/pythonpath.dsv'
[6.432s] INFO:colcon.colcon_core.shell:Creating environment hook '/home/teamleafia/ros2_mer/install/pump_control/share/pump_control/hook/pythonpath.sh'
[6.434s] Level 1:colcon.colcon_core.environment:checking '/home/teamleafia/ros2_mer/install/pump_control/bin'
[6.435s] Level 1:colcon.colcon_core.environment:create_environment_scripts_only(pump_control)
[6.436s] INFO:colcon.colcon_core.shell:Creating package script '/home/teamleafia/ros2_mer/install/pump_control/share/pump_control/package.ps1'
[6.438s] INFO:colcon.colcon_core.shell:Creating package descriptor '/home/teamleafia/ros2_mer/install/pump_control/share/pump_control/package.dsv'
[6.440s] INFO:colcon.colcon_core.shell:Creating package script '/home/teamleafia/ros2_mer/install/pump_control/share/pump_control/package.sh'
[6.443s] INFO:colcon.colcon_core.shell:Creating package script '/home/teamleafia/ros2_mer/install/pump_control/share/pump_control/package.bash'
[6.444s] INFO:colcon.colcon_core.shell:Creating package script '/home/teamleafia/ros2_mer/install/pump_control/share/pump_control/package.zsh'
[6.448s] Level 1:colcon.colcon_core.environment:create_file_with_runtime_dependencies(/home/teamleafia/ros2_mer/install/pump_control/share/colcon-core/packages/pump_control)
[6.453s] INFO:colcon.colcon_ros.task.ament_python.build:Building ROS package in '/home/teamleafia/ros2_mer/src/cartrash' with build type 'ament_python'
[6.453s] Level 1:colcon.colcon_core.shell:create_environment_hook('cartrash', 'ament_prefix_path')
[6.455s] INFO:colcon.colcon_core.shell:Creating environment hook '/home/teamleafia/ros2_mer/install/cartrash/share/cartrash/hook/ament_prefix_path.ps1'
[6.458s] INFO:colcon.colcon_core.shell:Creating environment descriptor '/home/teamleafia/ros2_mer/install/cartrash/share/cartrash/hook/ament_prefix_path.dsv'
[6.461s] INFO:colcon.colcon_core.shell:Creating environment hook '/home/teamleafia/ros2_mer/install/cartrash/share/cartrash/hook/ament_prefix_path.sh'
[6.465s] INFO:colcon.colcon_core.shell:Skip shell extension 'powershell' for command environment: Not usable outside of PowerShell
[6.466s] DEBUG:colcon.colcon_core.shell:Skip shell extension 'dsv' for command environment
[6.484s] Level 1:colcon.colcon_core.shell:create_environment_hook('marker_align_2', 'pythonpath_develop')
[6.490s] INFO:colcon.colcon_core.shell:Creating environment hook '/home/teamleafia/ros2_mer/build/marker_align_2/share/marker_align_2/hook/pythonpath_develop.ps1'
[6.491s] DEBUG:colcon.colcon_core.event_handler.log_command:Invoked command in '/home/teamleafia/ros2_mer/build/marker_align_2' returned '0': DEBUGINFOD_URLS=https://debuginfod.ubuntu.com PYTHONPATH=/home/teamleafia/ros2_mer/build/marker_align_2/prefix_override:/usr/lib/python3/dist-packages/colcon_core/task/python/colcon_distutils_commands:/home/teamleafia/ros2_mer/install/marker_align_2/lib/python3.12/site-packages:${PYTHONPATH} /usr/bin/python3 -W ignore:setup.py install is deprecated -W ignore:easy_install command is deprecated setup.py develop --editable --build-directory /home/teamleafia/ros2_mer/build/marker_align_2/build --no-deps symlink_data --force
[6.492s] INFO:colcon.colcon_core.shell:Creating environment descriptor '/home/teamleafia/ros2_mer/build/marker_align_2/share/marker_align_2/hook/pythonpath_develop.dsv'
[6.497s] INFO:colcon.colcon_core.shell:Creating environment hook '/home/teamleafia/ros2_mer/build/marker_align_2/share/marker_align_2/hook/pythonpath_develop.sh'
[6.501s] Level 1:colcon.colcon_core.environment:checking '/home/teamleafia/ros2_mer/install/marker_align_2' for CMake module files
[6.502s] Level 1:colcon.colcon_core.environment:checking '/home/teamleafia/ros2_mer/install/marker_align_2' for CMake config files
[6.509s] Level 1:colcon.colcon_core.environment:checking '/home/teamleafia/ros2_mer/install/marker_align_2/lib'
[6.509s] Level 1:colcon.colcon_core.environment:checking '/home/teamleafia/ros2_mer/install/marker_align_2/bin'
[6.509s] Level 1:colcon.colcon_core.environment:checking '/home/teamleafia/ros2_mer/install/marker_align_2/lib/pkgconfig/marker_align_2.pc'
[6.509s] Level 1:colcon.colcon_core.environment:checking '/home/teamleafia/ros2_mer/install/marker_align_2/lib/python3.12/site-packages'
[6.510s] Level 1:colcon.colcon_core.shell:create_environment_hook('marker_align_2', 'pythonpath')
[6.514s] INFO:colcon.colcon_core.shell:Creating environment hook '/home/teamleafia/ros2_mer/install/marker_align_2/share/marker_align_2/hook/pythonpath.ps1'
[6.518s] INFO:colcon.colcon_core.shell:Creating environment descriptor '/home/teamleafia/ros2_mer/install/marker_align_2/share/marker_align_2/hook/pythonpath.dsv'
[6.519s] INFO:colcon.colcon_core.shell:Creating environment hook '/home/teamleafia/ros2_mer/install/marker_align_2/share/marker_align_2/hook/pythonpath.sh'
[6.520s] Level 1:colcon.colcon_core.environment:checking '/home/teamleafia/ros2_mer/install/marker_align_2/bin'
[6.521s] Level 1:colcon.colcon_core.environment:create_environment_scripts_only(marker_align_2)
[6.521s] INFO:colcon.colcon_core.shell:Creating package script '/home/teamleafia/ros2_mer/install/marker_align_2/share/marker_align_2/package.ps1'
[6.523s] INFO:colcon.colcon_core.shell:Creating package descriptor '/home/teamleafia/ros2_mer/install/marker_align_2/share/marker_align_2/package.dsv'
[6.525s] INFO:colcon.colcon_core.shell:Creating package script '/home/teamleafia/ros2_mer/install/marker_align_2/share/marker_align_2/package.sh'
[6.527s] INFO:colcon.colcon_core.shell:Creating package script '/home/teamleafia/ros2_mer/install/marker_align_2/share/marker_align_2/package.bash'
[6.528s] INFO:colcon.colcon_core.shell:Creating package script '/home/teamleafia/ros2_mer/install/marker_align_2/share/marker_align_2/package.zsh'
[6.528s] Level 1:colcon.colcon_core.environment:create_file_with_runtime_dependencies(/home/teamleafia/ros2_mer/install/marker_align_2/share/colcon-core/packages/marker_align_2)
[6.530s] Level 1:colcon.colcon_core.shell:create_environment_hook('aruco_detector_yj_pkg_2', 'pythonpath_develop')
[6.531s] INFO:colcon.colcon_core.shell:Creating environment hook '/home/teamleafia/ros2_mer/build/aruco_detector_yj_pkg_2/share/aruco_detector_yj_pkg_2/hook/pythonpath_develop.ps1'
[6.532s] INFO:colcon.colcon_core.shell:Creating environment descriptor '/home/teamleafia/ros2_mer/build/aruco_detector_yj_pkg_2/share/aruco_detector_yj_pkg_2/hook/pythonpath_develop.dsv'
[6.533s] INFO:colcon.colcon_core.shell:Creating environment hook '/home/teamleafia/ros2_mer/build/aruco_detector_yj_pkg_2/share/aruco_detector_yj_pkg_2/hook/pythonpath_develop.sh'
[6.536s] DEBUG:colcon.colcon_core.event_handler.log_command:Invoked command in '/home/teamleafia/ros2_mer/build/aruco_detector_yj_pkg_2' returned '0': DEBUGINFOD_URLS=https://debuginfod.ubuntu.com PYTHONPATH=/home/teamleafia/ros2_mer/build/aruco_detector_yj_pkg_2/prefix_override:/usr/lib/python3/dist-packages/colcon_core/task/python/colcon_distutils_commands:/home/teamleafia/ros2_mer/install/aruco_detector_yj_pkg_2/lib/python3.12/site-packages:${PYTHONPATH} /usr/bin/python3 -W ignore:setup.py install is deprecated -W ignore:easy_install command is deprecated setup.py develop --editable --build-directory /home/teamleafia/ros2_mer/build/aruco_detector_yj_pkg_2/build --no-deps symlink_data --force
[6.538s] Level 1:colcon.colcon_core.environment:checking '/home/teamleafia/ros2_mer/install/aruco_detector_yj_pkg_2' for CMake module files
[6.539s] Level 1:colcon.colcon_core.environment:checking '/home/teamleafia/ros2_mer/install/aruco_detector_yj_pkg_2' for CMake config files
[6.541s] Level 1:colcon.colcon_core.environment:checking '/home/teamleafia/ros2_mer/install/aruco_detector_yj_pkg_2/lib'
[6.542s] Level 1:colcon.colcon_core.environment:checking '/home/teamleafia/ros2_mer/install/aruco_detector_yj_pkg_2/bin'
[6.545s] Level 1:colcon.colcon_core.environment:checking '/home/teamleafia/ros2_mer/install/aruco_detector_yj_pkg_2/lib/pkgconfig/aruco_detector_yj_pkg_2.pc'
[6.546s] Level 1:colcon.colcon_core.environment:checking '/home/teamleafia/ros2_mer/install/aruco_detector_yj_pkg_2/lib/python3.12/site-packages'
[6.547s] Level 1:colcon.colcon_core.shell:create_environment_hook('aruco_detector_yj_pkg_2', 'pythonpath')
[6.550s] INFO:colcon.colcon_core.shell:Creating environment hook '/home/teamleafia/ros2_mer/install/aruco_detector_yj_pkg_2/share/aruco_detector_yj_pkg_2/hook/pythonpath.ps1'
[6.557s] INFO:colcon.colcon_core.shell:Creating environment descriptor '/home/teamleafia/ros2_mer/install/aruco_detector_yj_pkg_2/share/aruco_detector_yj_pkg_2/hook/pythonpath.dsv'
[6.564s] INFO:colcon.colcon_core.shell:Creating environment hook '/home/teamleafia/ros2_mer/install/aruco_detector_yj_pkg_2/share/aruco_detector_yj_pkg_2/hook/pythonpath.sh'
[6.575s] Level 1:colcon.colcon_core.environment:checking '/home/teamleafia/ros2_mer/install/aruco_detector_yj_pkg_2/bin'
[6.575s] Level 1:colcon.colcon_core.environment:create_environment_scripts_only(aruco_detector_yj_pkg_2)
[6.581s] INFO:colcon.colcon_core.shell:Creating package script '/home/teamleafia/ros2_mer/install/aruco_detector_yj_pkg_2/share/aruco_detector_yj_pkg_2/package.ps1'
[6.588s] INFO:colcon.colcon_core.shell:Creating package descriptor '/home/teamleafia/ros2_mer/install/aruco_detector_yj_pkg_2/share/aruco_detector_yj_pkg_2/package.dsv'
[6.590s] INFO:colcon.colcon_core.shell:Creating package script '/home/teamleafia/ros2_mer/install/aruco_detector_yj_pkg_2/share/aruco_detector_yj_pkg_2/package.sh'
[6.594s] INFO:colcon.colcon_core.shell:Creating package script '/home/teamleafia/ros2_mer/install/aruco_detector_yj_pkg_2/share/aruco_detector_yj_pkg_2/package.bash'
[6.595s] INFO:colcon.colcon_core.shell:Creating package script '/home/teamleafia/ros2_mer/install/aruco_detector_yj_pkg_2/share/aruco_detector_yj_pkg_2/package.zsh'
[6.596s] Level 1:colcon.colcon_core.environment:create_file_with_runtime_dependencies(/home/teamleafia/ros2_mer/install/aruco_detector_yj_pkg_2/share/colcon-core/packages/aruco_detector_yj_pkg_2)
[7.438s] INFO:colcon.colcon_core.task.python.build:Building Python package in '/home/teamleafia/ros2_mer/src/cartrash'
[7.439s] INFO:colcon.colcon_core.shell:Skip shell extension 'powershell' for command environment: Not usable outside of PowerShell
[7.439s] DEBUG:colcon.colcon_core.shell:Skip shell extension 'dsv' for command environment
[9.594s] DEBUG:colcon.colcon_core.task.python.build:While undoing a previous installation files outside the Python library path are being ignored: /home/teamleafia/ros2_mer/install/cartrash/share/ament_index/resource_index/packages/cartrash
[9.594s] DEBUG:colcon.colcon_core.task.python.build:While undoing a previous installation files outside the Python library path are being ignored: /home/teamleafia/ros2_mer/install/cartrash/share/cartrash/package.xml
[9.594s] DEBUG:colcon.colcon_core.task.python.build:While undoing a previous installation files outside the Python library path are being ignored: /home/teamleafia/ros2_mer/install/cartrash/share/cartrash/launch
[9.594s] DEBUG:colcon.colcon_core.task.python.build:While undoing a previous installation files outside the Python library path are being ignored: /home/teamleafia/ros2_mer/install/cartrash/share/cartrash/config/rplidar_cartographer.lua
[9.594s] DEBUG:colcon.colcon_core.task.python.build:While undoing a previous installation files outside the Python library path are being ignored: /home/teamleafia/ros2_mer/install/cartrash/share/cartrash/urdf/lidar.urdf
[9.594s] DEBUG:colcon.colcon_core.task.python.build:While undoing a previous installation files outside the Python library path are being ignored: /home/teamleafia/ros2_mer/install/cartrash/share/cartrash/rviz/mapping.rviz
[9.598s] DEBUG:colcon.colcon_core.event_handler.log_command:Invoking command in '/home/teamleafia/ros2_mer/build/cartrash': DEBUGINFOD_URLS=https://debuginfod.ubuntu.com PYTHONPATH=/home/teamleafia/ros2_mer/build/cartrash/prefix_override:/usr/lib/python3/dist-packages/colcon_core/task/python/colcon_distutils_commands:/home/teamleafia/ros2_mer/install/cartrash/lib/python3.12/site-packages:${PYTHONPATH} /usr/bin/python3 -W ignore:setup.py install is deprecated -W ignore:easy_install command is deprecated setup.py develop --editable --build-directory /home/teamleafia/ros2_mer/build/cartrash/build --no-deps symlink_data --force
[9.823s] DEBUG:colcon.colcon_core.task.python.build:While undoing a previous installation files outside the Python library path are being ignored: /home/teamleafia/ros2_mer/install/robot_control/share/ament_index/resource_index/packages/robot_control
[9.823s] DEBUG:colcon.colcon_core.task.python.build:While undoing a previous installation files outside the Python library path are being ignored: /home/teamleafia/ros2_mer/install/robot_control/share/robot_control/package.xml
[9.823s] DEBUG:colcon.colcon_core.task.python.build:While undoing a previous installation files outside the Python library path are being ignored: /home/teamleafia/ros2_mer/install/robot_control/lib/robot_control/encoder_publisher_node
[9.823s] DEBUG:colcon.colcon_core.task.python.build:While undoing a previous installation files outside the Python library path are being ignored: /home/teamleafia/ros2_mer/install/robot_control/lib/robot_control/motor_controller_node
[9.823s] DEBUG:colcon.colcon_core.task.python.build:While undoing a previous installation files outside the Python library path are being ignored: /home/teamleafia/ros2_mer/install/robot_control/lib/robot_control/move_distance_node
[9.824s] DEBUG:colcon.colcon_core.task.python.build:While undoing a previous installation files outside the Python library path are being ignored: /home/teamleafia/ros2_mer/install/robot_control/lib/robot_control/pid_controller_node
[9.824s] DEBUG:colcon.colcon_core.task.python.build:While undoing a previous installation files outside the Python library path are being ignored: /home/teamleafia/ros2_mer/install/robot_control/lib/robot_control/scissor_lift_controller
[9.824s] DEBUG:colcon.colcon_core.task.python.build:While undoing a previous installation files outside the Python library path are being ignored: /home/teamleafia/ros2_mer/install/robot_control/lib/robot_control/teleop_keyboard_node
[9.824s] DEBUG:colcon.colcon_core.task.python.build:While undoing a previous installation files outside the Python library path are being ignored: /home/teamleafia/ros2_mer/install/robot_control/lib/robot_control/teleop_keyboard_node2
[9.824s] DEBUG:colcon.colcon_core.task.python.build:While undoing a previous installation files outside the Python library path are being ignored: /home/teamleafia/ros2_mer/install/robot_control/lib/robot_control/teleop_keyboard_node4
[9.832s] DEBUG:colcon.colcon_core.event_handler.log_command:Invoking command in '/home/teamleafia/ros2_mer/build/robot_control': DEBUGINFOD_URLS=https://debuginfod.ubuntu.com PYTHONPATH=/home/teamleafia/ros2_mer/build/robot_control/prefix_override:/usr/lib/python3/dist-packages/colcon_core/task/python/colcon_distutils_commands:/home/teamleafia/ros2_mer/install/robot_control/lib/python3.12/site-packages:${PYTHONPATH} /usr/bin/python3 -W ignore:setup.py install is deprecated -W ignore:easy_install command is deprecated setup.py develop --editable --build-directory /home/teamleafia/ros2_mer/build/robot_control/build --no-deps symlink_data --force
[11.597s] Level 1:colcon.colcon_core.shell:create_environment_hook('cartrash', 'pythonpath_develop')
[11.599s] INFO:colcon.colcon_core.shell:Creating environment hook '/home/teamleafia/ros2_mer/build/cartrash/share/cartrash/hook/pythonpath_develop.ps1'
[11.600s] INFO:colcon.colcon_core.shell:Creating environment descriptor '/home/teamleafia/ros2_mer/build/cartrash/share/cartrash/hook/pythonpath_develop.dsv'
[11.598s] DEBUG:colcon.colcon_core.event_handler.log_command:Invoked command in '/home/teamleafia/ros2_mer/build/cartrash' returned '0': DEBUGINFOD_URLS=https://debuginfod.ubuntu.com PYTHONPATH=/home/teamleafia/ros2_mer/build/cartrash/prefix_override:/usr/lib/python3/dist-packages/colcon_core/task/python/colcon_distutils_commands:/home/teamleafia/ros2_mer/install/cartrash/lib/python3.12/site-packages:${PYTHONPATH} /usr/bin/python3 -W ignore:setup.py install is deprecated -W ignore:easy_install command is deprecated setup.py develop --editable --build-directory /home/teamleafia/ros2_mer/build/cartrash/build --no-deps symlink_data --force
[11.602s] INFO:colcon.colcon_core.shell:Creating environment hook '/home/teamleafia/ros2_mer/build/cartrash/share/cartrash/hook/pythonpath_develop.sh'
[11.604s] Level 1:colcon.colcon_core.environment:checking '/home/teamleafia/ros2_mer/install/cartrash' for CMake module files
[11.605s] Level 1:colcon.colcon_core.environment:checking '/home/teamleafia/ros2_mer/install/cartrash' for CMake config files
[11.607s] Level 1:colcon.colcon_core.environment:checking '/home/teamleafia/ros2_mer/install/cartrash/lib'
[11.608s] Level 1:colcon.colcon_core.environment:checking '/home/teamleafia/ros2_mer/install/cartrash/bin'
[11.608s] Level 1:colcon.colcon_core.environment:checking '/home/teamleafia/ros2_mer/install/cartrash/lib/pkgconfig/cartrash.pc'
[11.609s] Level 1:colcon.colcon_core.environment:checking '/home/teamleafia/ros2_mer/install/cartrash/lib/python3.12/site-packages'
[11.610s] Level 1:colcon.colcon_core.shell:create_environment_hook('cartrash', 'pythonpath')
[11.610s] INFO:colcon.colcon_core.shell:Creating environment hook '/home/teamleafia/ros2_mer/install/cartrash/share/cartrash/hook/pythonpath.ps1'
[11.612s] INFO:colcon.colcon_core.shell:Creating environment descriptor '/home/teamleafia/ros2_mer/install/cartrash/share/cartrash/hook/pythonpath.dsv'
[11.614s] INFO:colcon.colcon_core.shell:Creating environment hook '/home/teamleafia/ros2_mer/install/cartrash/share/cartrash/hook/pythonpath.sh'
[11.616s] Level 1:colcon.colcon_core.environment:checking '/home/teamleafia/ros2_mer/install/cartrash/bin'
[11.617s] Level 1:colcon.colcon_core.environment:create_environment_scripts_only(cartrash)
[11.617s] INFO:colcon.colcon_core.shell:Creating package script '/home/teamleafia/ros2_mer/install/cartrash/share/cartrash/package.ps1'
[11.619s] INFO:colcon.colcon_core.shell:Creating package descriptor '/home/teamleafia/ros2_mer/install/cartrash/share/cartrash/package.dsv'
[11.622s] INFO:colcon.colcon_core.shell:Creating package script '/home/teamleafia/ros2_mer/install/cartrash/share/cartrash/package.sh'
[11.624s] INFO:colcon.colcon_core.shell:Creating package script '/home/teamleafia/ros2_mer/install/cartrash/share/cartrash/package.bash'
[11.626s] INFO:colcon.colcon_core.shell:Creating package script '/home/teamleafia/ros2_mer/install/cartrash/share/cartrash/package.zsh'
[11.628s] Level 1:colcon.colcon_core.environment:create_file_with_runtime_dependencies(/home/teamleafia/ros2_mer/install/cartrash/share/colcon-core/packages/cartrash)
[12.474s] Level 1:colcon.colcon_core.shell:create_environment_hook('robot_control', 'pythonpath_develop')
[12.475s] INFO:colcon.colcon_core.shell:Creating environment hook '/home/teamleafia/ros2_mer/build/robot_control/share/robot_control/hook/pythonpath_develop.ps1'
[12.475s] DEBUG:colcon.colcon_core.event_handler.log_command:Invoked command in '/home/teamleafia/ros2_mer/build/robot_control' returned '0': DEBUGINFOD_URLS=https://debuginfod.ubuntu.com PYTHONPATH=/home/teamleafia/ros2_mer/build/robot_control/prefix_override:/usr/lib/python3/dist-packages/colcon_core/task/python/colcon_distutils_commands:/home/teamleafia/ros2_mer/install/robot_control/lib/python3.12/site-packages:${PYTHONPATH} /usr/bin/python3 -W ignore:setup.py install is deprecated -W ignore:easy_install command is deprecated setup.py develop --editable --build-directory /home/teamleafia/ros2_mer/build/robot_control/build --no-deps symlink_data --force
[12.481s] INFO:colcon.colcon_core.shell:Creating environment descriptor '/home/teamleafia/ros2_mer/build/robot_control/share/robot_control/hook/pythonpath_develop.dsv'
[12.483s] INFO:colcon.colcon_core.shell:Creating environment hook '/home/teamleafia/ros2_mer/build/robot_control/share/robot_control/hook/pythonpath_develop.sh'
[12.485s] Level 1:colcon.colcon_core.environment:checking '/home/teamleafia/ros2_mer/install/robot_control' for CMake module files
[12.487s] Level 1:colcon.colcon_core.environment:checking '/home/teamleafia/ros2_mer/install/robot_control' for CMake config files
[12.489s] Level 1:colcon.colcon_core.environment:checking '/home/teamleafia/ros2_mer/install/robot_control/lib'
[12.489s] Level 1:colcon.colcon_core.environment:checking '/home/teamleafia/ros2_mer/install/robot_control/bin'
[12.490s] Level 1:colcon.colcon_core.environment:checking '/home/teamleafia/ros2_mer/install/robot_control/lib/pkgconfig/robot_control.pc'
[12.491s] Level 1:colcon.colcon_core.environment:checking '/home/teamleafia/ros2_mer/install/robot_control/lib/python3.12/site-packages'
[12.492s] Level 1:colcon.colcon_core.shell:create_environment_hook('robot_control', 'pythonpath')
[12.493s] INFO:colcon.colcon_core.shell:Creating environment hook '/home/teamleafia/ros2_mer/install/robot_control/share/robot_control/hook/pythonpath.ps1'
[12.495s] INFO:colcon.colcon_core.shell:Creating environment descriptor '/home/teamleafia/ros2_mer/install/robot_control/share/robot_control/hook/pythonpath.dsv'
[12.504s] INFO:colcon.colcon_core.shell:Creating environment hook '/home/teamleafia/ros2_mer/install/robot_control/share/robot_control/hook/pythonpath.sh'
[12.507s] Level 1:colcon.colcon_core.environment:checking '/home/teamleafia/ros2_mer/install/robot_control/bin'
[12.511s] Level 1:colcon.colcon_core.environment:create_environment_scripts_only(robot_control)
[12.518s] INFO:colcon.colcon_core.shell:Creating package script '/home/teamleafia/ros2_mer/install/robot_control/share/robot_control/package.ps1'
[12.524s] INFO:colcon.colcon_core.shell:Creating package descriptor '/home/teamleafia/ros2_mer/install/robot_control/share/robot_control/package.dsv'
[12.531s] INFO:colcon.colcon_core.shell:Creating package script '/home/teamleafia/ros2_mer/install/robot_control/share/robot_control/package.sh'
[12.533s] INFO:colcon.colcon_core.shell:Creating package script '/home/teamleafia/ros2_mer/install/robot_control/share/robot_control/package.bash'
[12.534s] INFO:colcon.colcon_core.shell:Creating package script '/home/teamleafia/ros2_mer/install/robot_control/share/robot_control/package.zsh'
[12.535s] Level 1:colcon.colcon_core.environment:create_file_with_runtime_dependencies(/home/teamleafia/ros2_mer/install/robot_control/share/colcon-core/packages/robot_control)
[12.538s] INFO:colcon.colcon_ros.task.ament_python.build:Building ROS package in '/home/teamleafia/ros2_mer/src/plant_transport' with build type 'ament_python'
[12.539s] Level 1:colcon.colcon_core.shell:create_environment_hook('plant_transport', 'ament_prefix_path')
[12.540s] INFO:colcon.colcon_core.shell:Creating environment hook '/home/teamleafia/ros2_mer/install/plant_transport/share/plant_transport/hook/ament_prefix_path.ps1'
[12.543s] INFO:colcon.colcon_core.shell:Creating environment descriptor '/home/teamleafia/ros2_mer/install/plant_transport/share/plant_transport/hook/ament_prefix_path.dsv'
[12.547s] INFO:colcon.colcon_core.shell:Creating environment hook '/home/teamleafia/ros2_mer/install/plant_transport/share/plant_transport/hook/ament_prefix_path.sh'
[12.550s] INFO:colcon.colcon_core.shell:Skip shell extension 'powershell' for command environment: Not usable outside of PowerShell
[12.550s] DEBUG:colcon.colcon_core.shell:Skip shell extension 'dsv' for command environment
[13.359s] INFO:colcon.colcon_core.task.python.build:Building Python package in '/home/teamleafia/ros2_mer/src/plant_transport'
[13.361s] INFO:colcon.colcon_core.shell:Skip shell extension 'powershell' for command environment: Not usable outside of PowerShell
[13.362s] DEBUG:colcon.colcon_core.shell:Skip shell extension 'dsv' for command environment
[15.537s] DEBUG:colcon.colcon_core.task.python.build:While undoing a previous installation files outside the Python library path are being ignored: /home/teamleafia/ros2_mer/install/plant_transport/share/ament_index/resource_index/packages/plant_transport
[15.537s] DEBUG:colcon.colcon_core.task.python.build:While undoing a previous installation files outside the Python library path are being ignored: /home/teamleafia/ros2_mer/install/plant_transport/share/plant_transport/package.xml
[15.538s] DEBUG:colcon.colcon_core.task.python.build:While undoing a previous installation files outside the Python library path are being ignored: /home/teamleafia/ros2_mer/install/plant_transport/share/plant_transport/launch/plant_transport.launch.py
[15.539s] DEBUG:colcon.colcon_core.task.python.build:While undoing a previous installation files outside the Python library path are being ignored: /home/teamleafia/ros2_mer/install/plant_transport/share/plant_transport/launch/experiment_launch.py
[15.539s] DEBUG:colcon.colcon_core.task.python.build:While undoing a previous installation files outside the Python library path are being ignored: /home/teamleafia/ros2_mer/install/plant_transport/share/plant_transport/launch/plant_teleop_key_launch.py
[15.539s] DEBUG:colcon.colcon_core.task.python.build:While undoing a previous installation files outside the Python library path are being ignored: /home/teamleafia/ros2_mer/install/plant_transport/share/plant_transport/launch/plant_cart_tel_key_launch.py
[15.540s] DEBUG:colcon.colcon_core.task.python.build:While undoing a previous installation files outside the Python library path are being ignored: /home/teamleafia/ros2_mer/install/plant_transport/share/plant_transport/launch/total_launch.py
[15.540s] DEBUG:colcon.colcon_core.task.python.build:While undoing a previous installation files outside the Python library path are being ignored: /home/teamleafia/ros2_mer/install/plant_transport/share/plant_transport/launch/yj_align_launch.py
[15.541s] DEBUG:colcon.colcon_core.task.python.build:While undoing a previous installation files outside the Python library path are being ignored: /home/teamleafia/ros2_mer/install/plant_transport/share/plant_transport/launch/total2_launch.py
[15.557s] DEBUG:colcon.colcon_core.event_handler.log_command:Invoking command in '/home/teamleafia/ros2_mer/build/plant_transport': AMENT_PREFIX_PATH=/home/teamleafia/ros2_mer/install/robot_control:/home/teamleafia/ros2_mer/install/pump_control:/home/teamleafia/ros2_mer/install/marker_align_2:/home/teamleafia/ros2_mer/install/aruco_detector_yj_pkg_2:/home/teamleafia/ros2_mer/install/aruco_detector:/home/teamleafia/ros2_mer/install/plant_transport:/home/teamleafia/ros2_mer/install/cartrash:/home/teamleafia/ros2_mot/install/rplidar_ros:/home/teamleafia/ros2_mot/install/robot_control:/home/teamleafia/ros2_mot/install/pca9685_motor_control:/home/teamleafia/slam_ws/install/my_robot_description:/opt/ros/jazzy DEBUGINFOD_URLS=https://debuginfod.ubuntu.com PYTHONPATH=/home/teamleafia/ros2_mer/build/plant_transport/prefix_override:/usr/lib/python3/dist-packages/colcon_core/task/python/colcon_distutils_commands:/home/teamleafia/ros2_mer/install/plant_transport/lib/python3.12/site-packages:/home/teamleafia/ros2_mer/build/robot_control:/home/teamleafia/ros2_mer/install/robot_control/lib/python3.12/site-packages:/home/teamleafia/ros2_mer/build/pump_control:/home/teamleafia/ros2_mer/install/pump_control/lib/python3.12/site-packages:/home/teamleafia/ros2_mer/build/marker_align_2:/home/teamleafia/ros2_mer/install/marker_align_2/lib/python3.12/site-packages:/home/teamleafia/ros2_mer/build/aruco_detector_yj_pkg_2:/home/teamleafia/ros2_mer/install/aruco_detector_yj_pkg_2/lib/python3.12/site-packages:/home/teamleafia/ros2_mer/build/aruco_detector:/home/teamleafia/ros2_mer/install/aruco_detector/lib/python3.12/site-packages:/home/teamleafia/ros2_mer/install/plant_transport/lib/python3.12/site-packages:/home/teamleafia/ros2_mer/install/cartrash/lib/python3.12/site-packages:/home/teamleafia/ros2_mot/install/robot_control/lib/python3.12/site-packages:/home/teamleafia/ros2_mot/install/pca9685_motor_control/lib/python3.12/site-packages:/opt/ros/jazzy/lib/python3.12/site-packages /usr/bin/python3 -W ignore:setup.py install is deprecated -W ignore:easy_install command is deprecated setup.py develop --editable --build-directory /home/teamleafia/ros2_mer/build/plant_transport/build --no-deps symlink_data --force
[17.152s] Level 1:colcon.colcon_core.shell:create_environment_hook('plant_transport', 'pythonpath_develop')
[17.153s] INFO:colcon.colcon_core.shell:Creating environment hook '/home/teamleafia/ros2_mer/build/plant_transport/share/plant_transport/hook/pythonpath_develop.ps1'
[17.154s] INFO:colcon.colcon_core.shell:Creating environment descriptor '/home/teamleafia/ros2_mer/build/plant_transport/share/plant_transport/hook/pythonpath_develop.dsv'
[17.155s] DEBUG:colcon.colcon_core.event_handler.log_command:Invoked command in '/home/teamleafia/ros2_mer/build/plant_transport' returned '0': AMENT_PREFIX_PATH=/home/teamleafia/ros2_mer/install/robot_control:/home/teamleafia/ros2_mer/install/pump_control:/home/teamleafia/ros2_mer/install/marker_align_2:/home/teamleafia/ros2_mer/install/aruco_detector_yj_pkg_2:/home/teamleafia/ros2_mer/install/aruco_detector:/home/teamleafia/ros2_mer/install/plant_transport:/home/teamleafia/ros2_mer/install/cartrash:/home/teamleafia/ros2_mot/install/rplidar_ros:/home/teamleafia/ros2_mot/install/robot_control:/home/teamleafia/ros2_mot/install/pca9685_motor_control:/home/teamleafia/slam_ws/install/my_robot_description:/opt/ros/jazzy DEBUGINFOD_URLS=https://debuginfod.ubuntu.com PYTHONPATH=/home/teamleafia/ros2_mer/build/plant_transport/prefix_override:/usr/lib/python3/dist-packages/colcon_core/task/python/colcon_distutils_commands:/home/teamleafia/ros2_mer/install/plant_transport/lib/python3.12/site-packages:/home/teamleafia/ros2_mer/build/robot_control:/home/teamleafia/ros2_mer/install/robot_control/lib/python3.12/site-packages:/home/teamleafia/ros2_mer/build/pump_control:/home/teamleafia/ros2_mer/install/pump_control/lib/python3.12/site-packages:/home/teamleafia/ros2_mer/build/marker_align_2:/home/teamleafia/ros2_mer/install/marker_align_2/lib/python3.12/site-packages:/home/teamleafia/ros2_mer/build/aruco_detector_yj_pkg_2:/home/teamleafia/ros2_mer/install/aruco_detector_yj_pkg_2/lib/python3.12/site-packages:/home/teamleafia/ros2_mer/build/aruco_detector:/home/teamleafia/ros2_mer/install/aruco_detector/lib/python3.12/site-packages:/home/teamleafia/ros2_mer/install/plant_transport/lib/python3.12/site-packages:/home/teamleafia/ros2_mer/install/cartrash/lib/python3.12/site-packages:/home/teamleafia/ros2_mot/install/robot_control/lib/python3.12/site-packages:/home/teamleafia/ros2_mot/install/pca9685_motor_control/lib/python3.12/site-packages:/opt/ros/jazzy/lib/python3.12/site-packages /usr/bin/python3 -W ignore:setup.py install is deprecated -W ignore:easy_install command is deprecated setup.py develop --editable --build-directory /home/teamleafia/ros2_mer/build/plant_transport/build --no-deps symlink_data --force
[17.156s] INFO:colcon.colcon_core.shell:Creating environment hook '/home/teamleafia/ros2_mer/build/plant_transport/share/plant_transport/hook/pythonpath_develop.sh'
[17.157s] Level 1:colcon.colcon_core.environment:checking '/home/teamleafia/ros2_mer/install/plant_transport' for CMake module files
[17.158s] Level 1:colcon.colcon_core.environment:checking '/home/teamleafia/ros2_mer/install/plant_transport' for CMake config files
[17.159s] Level 1:colcon.colcon_core.environment:checking '/home/teamleafia/ros2_mer/install/plant_transport/lib'
[17.159s] Level 1:colcon.colcon_core.environment:checking '/home/teamleafia/ros2_mer/install/plant_transport/bin'
[17.160s] Level 1:colcon.colcon_core.environment:checking '/home/teamleafia/ros2_mer/install/plant_transport/lib/pkgconfig/plant_transport.pc'
[17.160s] Level 1:colcon.colcon_core.environment:checking '/home/teamleafia/ros2_mer/install/plant_transport/lib/python3.12/site-packages'
[17.160s] Level 1:colcon.colcon_core.shell:create_environment_hook('plant_transport', 'pythonpath')
[17.161s] INFO:colcon.colcon_core.shell:Creating environment hook '/home/teamleafia/ros2_mer/install/plant_transport/share/plant_transport/hook/pythonpath.ps1'
[17.162s] INFO:colcon.colcon_core.shell:Creating environment descriptor '/home/teamleafia/ros2_mer/install/plant_transport/share/plant_transport/hook/pythonpath.dsv'
[17.163s] INFO:colcon.colcon_core.shell:Creating environment hook '/home/teamleafia/ros2_mer/install/plant_transport/share/plant_transport/hook/pythonpath.sh'
[17.164s] Level 1:colcon.colcon_core.environment:checking '/home/teamleafia/ros2_mer/install/plant_transport/bin'
[17.164s] Level 1:colcon.colcon_core.environment:create_environment_scripts_only(plant_transport)
[17.165s] INFO:colcon.colcon_core.shell:Creating package script '/home/teamleafia/ros2_mer/install/plant_transport/share/plant_transport/package.ps1'
[17.167s] INFO:colcon.colcon_core.shell:Creating package descriptor '/home/teamleafia/ros2_mer/install/plant_transport/share/plant_transport/package.dsv'
[17.168s] INFO:colcon.colcon_core.shell:Creating package script '/home/teamleafia/ros2_mer/install/plant_transport/share/plant_transport/package.sh'
[17.169s] INFO:colcon.colcon_core.shell:Creating package script '/home/teamleafia/ros2_mer/install/plant_transport/share/plant_transport/package.bash'
[17.170s] INFO:colcon.colcon_core.shell:Creating package script '/home/teamleafia/ros2_mer/install/plant_transport/share/plant_transport/package.zsh'
[17.171s] Level 1:colcon.colcon_core.environment:create_file_with_runtime_dependencies(/home/teamleafia/ros2_mer/install/plant_transport/share/colcon-core/packages/plant_transport)
[17.176s] DEBUG:colcon.colcon_parallel_executor.executor.parallel:closing loop
[17.182s] DEBUG:colcon.colcon_parallel_executor.executor.parallel:loop closed
[17.183s] DEBUG:colcon.colcon_parallel_executor.executor.parallel:run_until_complete finished with '0'
[17.183s] DEBUG:colcon.colcon_core.event_reactor:joining thread
[17.195s] INFO:colcon.colcon_core.plugin_system:Skipping extension 'colcon_notification.desktop_notification.terminal_notifier': Not used on non-Darwin systems
[17.196s] INFO:colcon.colcon_core.plugin_system:Skipping extension 'colcon_notification.desktop_notification.win32': Not used on non-Windows systems
[17.196s] INFO:colcon.colcon_notification.desktop_notification:Sending desktop notification using 'notify2'
[42.223s] DEBUG:colcon.colcon_notification.desktop_notification.notify2:Failed to initialize notify2: org.freedesktop.DBus.Error.NoReply: Did not receive a reply. Possible causes include: the remote application did not send a reply, the message bus security policy blocked the reply, the reply timeout expired, or the network connection was broken.
[42.223s] DEBUG:colcon.colcon_core.event_reactor:joined thread
[42.224s] INFO:colcon.colcon_core.shell:Creating prefix script '/home/teamleafia/ros2_mer/install/local_setup.ps1'
[42.226s] INFO:colcon.colcon_core.shell:Creating prefix util module '/home/teamleafia/ros2_mer/install/_local_setup_util_ps1.py'
[42.228s] INFO:colcon.colcon_core.shell:Creating prefix chain script '/home/teamleafia/ros2_mer/install/setup.ps1'
[42.231s] INFO:colcon.colcon_core.shell:Creating prefix script '/home/teamleafia/ros2_mer/install/local_setup.sh'
[42.232s] INFO:colcon.colcon_core.shell:Creating prefix util module '/home/teamleafia/ros2_mer/install/_local_setup_util_sh.py'
[42.233s] INFO:colcon.colcon_core.shell:Creating prefix chain script '/home/teamleafia/ros2_mer/install/setup.sh'
[42.235s] INFO:colcon.colcon_core.shell:Creating prefix script '/home/teamleafia/ros2_mer/install/local_setup.bash'
[42.236s] INFO:colcon.colcon_core.shell:Creating prefix chain script '/home/teamleafia/ros2_mer/install/setup.bash'
[42.238s] INFO:colcon.colcon_core.shell:Creating prefix script '/home/teamleafia/ros2_mer/install/local_setup.zsh'
[42.239s] INFO:colcon.colcon_core.shell:Creating prefix chain script '/home/teamleafia/ros2_mer/install/setup.zsh'
