[2.083s] Invoking command in '/home/teamleafia/ros2_mer/src/robot_control': DEBUGINFOD_URLS=https://debuginfod.ubuntu.com PYTHONPATH=/home/teamleafia/ros2_mer/build/robot_control/prefix_override:/usr/lib/python3/dist-packages/colcon_core/task/python/colcon_distutils_commands:/home/teamleafia/ros2_mer/install/robot_control/lib/python3.12/site-packages:${PYTHONPATH} /usr/bin/python3 -W ignore:setup.py install is deprecated -W ignore:easy_install command is deprecated setup.py egg_info --egg-base ../../build/robot_control build --build-base /home/teamleafia/ros2_mer/build/robot_control/build install --record /home/teamleafia/ros2_mer/build/robot_control/install.log --single-version-externally-managed install_data
[2.526s] running egg_info
[2.559s] writing ../../build/robot_control/robot_control.egg-info/PKG-INFO
[2.560s] writing dependency_links to ../../build/robot_control/robot_control.egg-info/dependency_links.txt
[2.561s] writing entry points to ../../build/robot_control/robot_control.egg-info/entry_points.txt
[2.561s] writing requirements to ../../build/robot_control/robot_control.egg-info/requires.txt
[2.562s] writing top-level names to ../../build/robot_control/robot_control.egg-info/top_level.txt
[2.627s] reading manifest file '../../build/robot_control/robot_control.egg-info/SOURCES.txt'
[2.628s] writing manifest file '../../build/robot_control/robot_control.egg-info/SOURCES.txt'
[2.629s] running build
[2.630s] running build_py
[2.630s] copying robot_control/teleop_keyboard_node3.py -> /home/teamleafia/ros2_mer/build/robot_control/build/lib/robot_control
[2.630s] running install
[2.639s] running install_lib
[2.672s] copying /home/teamleafia/ros2_mer/build/robot_control/build/lib/robot_control/teleop_keyboard_node3.py -> /home/teamleafia/ros2_mer/install/robot_control/lib/python3.12/site-packages/robot_control
[2.673s] byte-compiling /home/teamleafia/ros2_mer/install/robot_control/lib/python3.12/site-packages/robot_control/teleop_keyboard_node3.py to teleop_keyboard_node3.cpython-312.pyc
[2.675s] running install_data
[2.677s] running install_egg_info
[2.711s] removing '/home/teamleafia/ros2_mer/install/robot_control/lib/python3.12/site-packages/robot_control-0.0.1-py3.12.egg-info' (and everything under it)
[2.713s] Copying ../../build/robot_control/robot_control.egg-info to /home/teamleafia/ros2_mer/install/robot_control/lib/python3.12/site-packages/robot_control-0.0.1-py3.12.egg-info
[2.713s] running install_scripts
[2.950s] Installing encoder_publisher_node script to /home/teamleafia/ros2_mer/install/robot_control/lib/robot_control
[2.952s] Installing motor_controller_node script to /home/teamleafia/ros2_mer/install/robot_control/lib/robot_control
[2.952s] Installing move_distance_node script to /home/teamleafia/ros2_mer/install/robot_control/lib/robot_control
[2.953s] Installing pid_controller_node script to /home/teamleafia/ros2_mer/install/robot_control/lib/robot_control
[2.955s] Installing scissor_lift_controller script to /home/teamleafia/ros2_mer/install/robot_control/lib/robot_control
[2.956s] Installing teleop_keyboard_node script to /home/teamleafia/ros2_mer/install/robot_control/lib/robot_control
[2.957s] Installing teleop_keyboard_node2 script to /home/teamleafia/ros2_mer/install/robot_control/lib/robot_control
[2.957s] writing list of installed files to '/home/teamleafia/ros2_mer/build/robot_control/install.log'
[3.062s] Invoked command in '/home/teamleafia/ros2_mer/src/robot_control' returned '0': DEBUGINFOD_URLS=https://debuginfod.ubuntu.com PYTHONPATH=/home/teamleafia/ros2_mer/build/robot_control/prefix_override:/usr/lib/python3/dist-packages/colcon_core/task/python/colcon_distutils_commands:/home/teamleafia/ros2_mer/install/robot_control/lib/python3.12/site-packages:${PYTHONPATH} /usr/bin/python3 -W ignore:setup.py install is deprecated -W ignore:easy_install command is deprecated setup.py egg_info --egg-base ../../build/robot_control build --build-base /home/teamleafia/ros2_mer/build/robot_control/build install --record /home/teamleafia/ros2_mer/build/robot_control/install.log --single-version-externally-managed install_data
