[2.915s] Invoking command in '/home/teamleafia/ros2_mer/src/aruco_detector_yj_pkg_2': DEBUGINFOD_URLS=https://debuginfod.ubuntu.com PYTHONPATH=/home/teamleafia/ros2_mer/build/aruco_detector_yj_pkg_2/prefix_override:/usr/lib/python3/dist-packages/colcon_core/task/python/colcon_distutils_commands:/home/teamleafia/ros2_mer/install/aruco_detector_yj_pkg_2/lib/python3.12/site-packages:${PYTHONPATH} /usr/bin/python3 -W ignore:setup.py install is deprecated -W ignore:easy_install command is deprecated setup.py egg_info --egg-base ../../build/aruco_detector_yj_pkg_2 build --build-base /home/teamleafia/ros2_mer/build/aruco_detector_yj_pkg_2/build install --record /home/teamleafia/ros2_mer/build/aruco_detector_yj_pkg_2/install.log --single-version-externally-managed install_data
[3.538s] running egg_info
[3.587s] writing ../../build/aruco_detector_yj_pkg_2/aruco_detector_yj_pkg_2.egg-info/PKG-INFO
[3.588s] writing dependency_links to ../../build/aruco_detector_yj_pkg_2/aruco_detector_yj_pkg_2.egg-info/dependency_links.txt
[3.594s] writing entry points to ../../build/aruco_detector_yj_pkg_2/aruco_detector_yj_pkg_2.egg-info/entry_points.txt
[3.594s] writing requirements to ../../build/aruco_detector_yj_pkg_2/aruco_detector_yj_pkg_2.egg-info/requires.txt
[3.595s] writing top-level names to ../../build/aruco_detector_yj_pkg_2/aruco_detector_yj_pkg_2.egg-info/top_level.txt
[3.674s] reading manifest file '../../build/aruco_detector_yj_pkg_2/aruco_detector_yj_pkg_2.egg-info/SOURCES.txt'
[3.676s] writing manifest file '../../build/aruco_detector_yj_pkg_2/aruco_detector_yj_pkg_2.egg-info/SOURCES.txt'
[3.678s] running build
[3.680s] running build_py
[3.680s] running install
[3.691s] running install_lib
[3.776s] running install_data
[3.777s] running install_egg_info
[3.815s] removing '/home/teamleafia/ros2_mer/install/aruco_detector_yj_pkg_2/lib/python3.12/site-packages/aruco_detector_yj_pkg_2-0.0.0-py3.12.egg-info' (and everything under it)
[3.817s] Copying ../../build/aruco_detector_yj_pkg_2/aruco_detector_yj_pkg_2.egg-info to /home/teamleafia/ros2_mer/install/aruco_detector_yj_pkg_2/lib/python3.12/site-packages/aruco_detector_yj_pkg_2-0.0.0-py3.12.egg-info
[3.821s] running install_scripts
[4.169s] Installing aruco_detector_yj_node script to /home/teamleafia/ros2_mer/install/aruco_detector_yj_pkg_2/lib/aruco_detector_yj_pkg_2
[4.170s] writing list of installed files to '/home/teamleafia/ros2_mer/build/aruco_detector_yj_pkg_2/install.log'
[5.024s] Invoked command in '/home/teamleafia/ros2_mer/src/aruco_detector_yj_pkg_2' returned '0': DEBUGINFOD_URLS=https://debuginfod.ubuntu.com PYTHONPATH=/home/teamleafia/ros2_mer/build/aruco_detector_yj_pkg_2/prefix_override:/usr/lib/python3/dist-packages/colcon_core/task/python/colcon_distutils_commands:/home/teamleafia/ros2_mer/install/aruco_detector_yj_pkg_2/lib/python3.12/site-packages:${PYTHONPATH} /usr/bin/python3 -W ignore:setup.py install is deprecated -W ignore:easy_install command is deprecated setup.py egg_info --egg-base ../../build/aruco_detector_yj_pkg_2 build --build-base /home/teamleafia/ros2_mer/build/aruco_detector_yj_pkg_2/build install --record /home/teamleafia/ros2_mer/build/aruco_detector_yj_pkg_2/install.log --single-version-externally-managed install_data
