[3.756s] Invoking command in '/home/teamleafia/ros2_mer/src/marker_align_2': DEBUGINFOD_URLS=https://debuginfod.ubuntu.com PYTHONPATH=/home/teamleafia/ros2_mer/build/marker_align_2/prefix_override:/usr/lib/python3/dist-packages/colcon_core/task/python/colcon_distutils_commands:/home/teamleafia/ros2_mer/install/marker_align_2/lib/python3.12/site-packages:${PYTHONPATH} /usr/bin/python3 -W ignore:setup.py install is deprecated -W ignore:easy_install command is deprecated setup.py egg_info --egg-base ../../build/marker_align_2 build --build-base /home/teamleafia/ros2_mer/build/marker_align_2/build install --record /home/teamleafia/ros2_mer/build/marker_align_2/install.log --single-version-externally-managed install_data
[4.319s] running egg_info
[4.354s] writing ../../build/marker_align_2/marker_align_2.egg-info/PKG-INFO
[4.355s] writing dependency_links to ../../build/marker_align_2/marker_align_2.egg-info/dependency_links.txt
[4.361s] writing entry points to ../../build/marker_align_2/marker_align_2.egg-info/entry_points.txt
[4.365s] writing requirements to ../../build/marker_align_2/marker_align_2.egg-info/requires.txt
[4.368s] writing top-level names to ../../build/marker_align_2/marker_align_2.egg-info/top_level.txt
[4.445s] reading manifest file '../../build/marker_align_2/marker_align_2.egg-info/SOURCES.txt'
[4.447s] writing manifest file '../../build/marker_align_2/marker_align_2.egg-info/SOURCES.txt'
[4.447s] running build
[4.447s] running build_py
[4.447s] copying marker_align_2/marker_align_node.py -> /home/teamleafia/ros2_mer/build/marker_align_2/build/lib/marker_align_2
[4.450s] running install
[4.460s] running install_lib
[4.499s] copying /home/teamleafia/ros2_mer/build/marker_align_2/build/lib/marker_align_2/marker_align_node.py -> /home/teamleafia/ros2_mer/install/marker_align_2/lib/python3.12/site-packages/marker_align_2
[4.503s] byte-compiling /home/teamleafia/ros2_mer/install/marker_align_2/lib/python3.12/site-packages/marker_align_2/marker_align_node.py to marker_align_node.cpython-312.pyc
[4.504s] running install_data
[4.504s] running install_egg_info
[4.542s] removing '/home/teamleafia/ros2_mer/install/marker_align_2/lib/python3.12/site-packages/marker_align_2-0.0.0-py3.12.egg-info' (and everything under it)
[4.542s] Copying ../../build/marker_align_2/marker_align_2.egg-info to /home/teamleafia/ros2_mer/install/marker_align_2/lib/python3.12/site-packages/marker_align_2-0.0.0-py3.12.egg-info
[4.544s] running install_scripts
[4.813s] Installing marker_align_node script to /home/teamleafia/ros2_mer/install/marker_align_2/lib/marker_align_2
[4.815s] writing list of installed files to '/home/teamleafia/ros2_mer/build/marker_align_2/install.log'
[4.937s] Invoked command in '/home/teamleafia/ros2_mer/src/marker_align_2' returned '0': DEBUGINFOD_URLS=https://debuginfod.ubuntu.com PYTHONPATH=/home/teamleafia/ros2_mer/build/marker_align_2/prefix_override:/usr/lib/python3/dist-packages/colcon_core/task/python/colcon_distutils_commands:/home/teamleafia/ros2_mer/install/marker_align_2/lib/python3.12/site-packages:${PYTHONPATH} /usr/bin/python3 -W ignore:setup.py install is deprecated -W ignore:easy_install command is deprecated setup.py egg_info --egg-base ../../build/marker_align_2 build --build-base /home/teamleafia/ros2_mer/build/marker_align_2/build install --record /home/teamleafia/ros2_mer/build/marker_align_2/install.log --single-version-externally-managed install_data
