[7.692s] Invoking command in '/home/teamleafia/ros2_mer/src/aruco_detector_yj_pkg_2': DEBUGINFOD_URLS=https://debuginfod.ubuntu.com PYTHONPATH=/home/teamleafia/ros2_mer/build/aruco_detector_yj_pkg_2/prefix_override:/usr/lib/python3/dist-packages/colcon_core/task/python/colcon_distutils_commands:/home/teamleafia/ros2_mer/install/aruco_detector_yj_pkg_2/lib/python3.12/site-packages:${PYTHONPATH} /usr/bin/python3 -W ignore:setup.py install is deprecated -W ignore:easy_install command is deprecated setup.py egg_info --egg-base ../../build/aruco_detector_yj_pkg_2 build --build-base /home/teamleafia/ros2_mer/build/aruco_detector_yj_pkg_2/build install --record /home/teamleafia/ros2_mer/build/aruco_detector_yj_pkg_2/install.log --single-version-externally-managed install_data
[8.752s] running egg_info
[8.752s] creating ../../build/aruco_detector_yj_pkg_2/aruco_detector_yj_pkg_2.egg-info
[8.864s] writing ../../build/aruco_detector_yj_pkg_2/aruco_detector_yj_pkg_2.egg-info/PKG-INFO
[8.867s] writing dependency_links to ../../build/aruco_detector_yj_pkg_2/aruco_detector_yj_pkg_2.egg-info/dependency_links.txt
[8.869s] writing entry points to ../../build/aruco_detector_yj_pkg_2/aruco_detector_yj_pkg_2.egg-info/entry_points.txt
[8.874s] writing requirements to ../../build/aruco_detector_yj_pkg_2/aruco_detector_yj_pkg_2.egg-info/requires.txt
[8.874s] writing top-level names to ../../build/aruco_detector_yj_pkg_2/aruco_detector_yj_pkg_2.egg-info/top_level.txt
[8.875s] writing manifest file '../../build/aruco_detector_yj_pkg_2/aruco_detector_yj_pkg_2.egg-info/SOURCES.txt'
[9.324s] reading manifest file '../../build/aruco_detector_yj_pkg_2/aruco_detector_yj_pkg_2.egg-info/SOURCES.txt'
[9.332s] writing manifest file '../../build/aruco_detector_yj_pkg_2/aruco_detector_yj_pkg_2.egg-info/SOURCES.txt'
[9.332s] running build
[9.339s] running build_py
[9.339s] creating /home/teamleafia/ros2_mer/build/aruco_detector_yj_pkg_2/build
[9.339s] creating /home/teamleafia/ros2_mer/build/aruco_detector_yj_pkg_2/build/lib
[9.340s] creating /home/teamleafia/ros2_mer/build/aruco_detector_yj_pkg_2/build/lib/aruco_detector_yj_pkg_2
[9.340s] copying aruco_detector_yj_pkg_2/__init__.py -> /home/teamleafia/ros2_mer/build/aruco_detector_yj_pkg_2/build/lib/aruco_detector_yj_pkg_2
[9.340s] copying aruco_detector_yj_pkg_2/aruco_detector_yj_node.py -> /home/teamleafia/ros2_mer/build/aruco_detector_yj_pkg_2/build/lib/aruco_detector_yj_pkg_2
[9.343s] running install
[9.412s] running install_lib
[9.662s] creating /home/teamleafia/ros2_mer/install/aruco_detector_yj_pkg_2/lib/python3.12/site-packages/aruco_detector_yj_pkg_2
[9.662s] copying /home/teamleafia/ros2_mer/build/aruco_detector_yj_pkg_2/build/lib/aruco_detector_yj_pkg_2/__init__.py -> /home/teamleafia/ros2_mer/install/aruco_detector_yj_pkg_2/lib/python3.12/site-packages/aruco_detector_yj_pkg_2
[9.662s] copying /home/teamleafia/ros2_mer/build/aruco_detector_yj_pkg_2/build/lib/aruco_detector_yj_pkg_2/aruco_detector_yj_node.py -> /home/teamleafia/ros2_mer/install/aruco_detector_yj_pkg_2/lib/python3.12/site-packages/aruco_detector_yj_pkg_2
[9.677s] byte-compiling /home/teamleafia/ros2_mer/install/aruco_detector_yj_pkg_2/lib/python3.12/site-packages/aruco_detector_yj_pkg_2/__init__.py to __init__.cpython-312.pyc
[9.680s] byte-compiling /home/teamleafia/ros2_mer/install/aruco_detector_yj_pkg_2/lib/python3.12/site-packages/aruco_detector_yj_pkg_2/aruco_detector_yj_node.py to aruco_detector_yj_node.cpython-312.pyc
[9.685s] running install_data
[9.695s] creating /home/teamleafia/ros2_mer/install/aruco_detector_yj_pkg_2/share/ament_index
[9.699s] creating /home/teamleafia/ros2_mer/install/aruco_detector_yj_pkg_2/share/ament_index/resource_index
[9.718s] creating /home/teamleafia/ros2_mer/install/aruco_detector_yj_pkg_2/share/ament_index/resource_index/packages
[9.719s] copying resource/aruco_detector_yj_pkg_2 -> /home/teamleafia/ros2_mer/install/aruco_detector_yj_pkg_2/share/ament_index/resource_index/packages
[9.719s] copying package.xml -> /home/teamleafia/ros2_mer/install/aruco_detector_yj_pkg_2/share/aruco_detector_yj_pkg_2
[9.719s] running install_egg_info
[9.808s] Copying ../../build/aruco_detector_yj_pkg_2/aruco_detector_yj_pkg_2.egg-info to /home/teamleafia/ros2_mer/install/aruco_detector_yj_pkg_2/lib/python3.12/site-packages/aruco_detector_yj_pkg_2-0.0.0-py3.12.egg-info
[9.808s] running install_scripts
[10.139s] Installing aruco_detector_yj_node script to /home/teamleafia/ros2_mer/install/aruco_detector_yj_pkg_2/lib/aruco_detector_yj_pkg_2
[10.139s] writing list of installed files to '/home/teamleafia/ros2_mer/build/aruco_detector_yj_pkg_2/install.log'
[11.178s] Invoked command in '/home/teamleafia/ros2_mer/src/aruco_detector_yj_pkg_2' returned '0': DEBUGINFOD_URLS=https://debuginfod.ubuntu.com PYTHONPATH=/home/teamleafia/ros2_mer/build/aruco_detector_yj_pkg_2/prefix_override:/usr/lib/python3/dist-packages/colcon_core/task/python/colcon_distutils_commands:/home/teamleafia/ros2_mer/install/aruco_detector_yj_pkg_2/lib/python3.12/site-packages:${PYTHONPATH} /usr/bin/python3 -W ignore:setup.py install is deprecated -W ignore:easy_install command is deprecated setup.py egg_info --egg-base ../../build/aruco_detector_yj_pkg_2 build --build-base /home/teamleafia/ros2_mer/build/aruco_detector_yj_pkg_2/build install --record /home/teamleafia/ros2_mer/build/aruco_detector_yj_pkg_2/install.log --single-version-externally-managed install_data
