[5.235s] Invoking command in '/home/teamleafia/ros2_mer/src/cartrash': DEBUGINFOD_URLS=https://debuginfod.ubuntu.com PYTHONPATH=/home/teamleafia/ros2_mer/build/cartrash/prefix_override:/usr/lib/python3/dist-packages/colcon_core/task/python/colcon_distutils_commands:/home/teamleafia/ros2_mer/install/cartrash/lib/python3.12/site-packages:${PYTHONPATH} /usr/bin/python3 -W ignore:setup.py install is deprecated -W ignore:easy_install command is deprecated setup.py egg_info --egg-base ../../build/cartrash build --build-base /home/teamleafia/ros2_mer/build/cartrash/build install --record /home/teamleafia/ros2_mer/build/cartrash/install.log --single-version-externally-managed install_data
[6.874s] running egg_info
[6.875s] creating ../../build/cartrash/cartrash.egg-info
[6.998s] writing ../../build/cartrash/cartrash.egg-info/PKG-INFO
[7.000s] writing dependency_links to ../../build/cartrash/cartrash.egg-info/dependency_links.txt
[7.003s] writing requirements to ../../build/cartrash/cartrash.egg-info/requires.txt
[7.004s] writing top-level names to ../../build/cartrash/cartrash.egg-info/top_level.txt
[7.006s] writing manifest file '../../build/cartrash/cartrash.egg-info/SOURCES.txt'
[7.290s] reading manifest file '../../build/cartrash/cartrash.egg-info/SOURCES.txt'
[7.291s] writing manifest file '../../build/cartrash/cartrash.egg-info/SOURCES.txt'
[7.295s] running build
[7.296s] running build_py
[7.296s] creating /home/teamleafia/ros2_mer/build/cartrash/build
[7.296s] creating /home/teamleafia/ros2_mer/build/cartrash/build/lib
[7.296s] creating /home/teamleafia/ros2_mer/build/cartrash/build/lib/cartrash
[7.296s] copying cartrash/__init__.py -> /home/teamleafia/ros2_mer/build/cartrash/build/lib/cartrash
[7.300s] running install
[7.326s] running install_lib
[7.466s] creating /home/teamleafia/ros2_mer/install/cartrash/lib/python3.12/site-packages/cartrash
[7.466s] copying /home/teamleafia/ros2_mer/build/cartrash/build/lib/cartrash/__init__.py -> /home/teamleafia/ros2_mer/install/cartrash/lib/python3.12/site-packages/cartrash
[7.468s] byte-compiling /home/teamleafia/ros2_mer/install/cartrash/lib/python3.12/site-packages/cartrash/__init__.py to __init__.cpython-312.pyc
[7.472s] running install_data
[7.482s] creating /home/teamleafia/ros2_mer/install/cartrash/share/ament_index
[7.482s] creating /home/teamleafia/ros2_mer/install/cartrash/share/ament_index/resource_index
[7.483s] creating /home/teamleafia/ros2_mer/install/cartrash/share/ament_index/resource_index/packages
[7.483s] copying resource/cartrash -> /home/teamleafia/ros2_mer/install/cartrash/share/ament_index/resource_index/packages
[7.483s] copying package.xml -> /home/teamleafia/ros2_mer/install/cartrash/share/cartrash
[7.483s] creating /home/teamleafia/ros2_mer/install/cartrash/share/cartrash/launch
[7.485s] creating /home/teamleafia/ros2_mer/install/cartrash/share/cartrash/config
[7.485s] copying config/rplidar_cartographer.lua -> /home/teamleafia/ros2_mer/install/cartrash/share/cartrash/config
[7.485s] creating /home/teamleafia/ros2_mer/install/cartrash/share/cartrash/urdf
[7.492s] copying urdf/lidar.urdf -> /home/teamleafia/ros2_mer/install/cartrash/share/cartrash/urdf
[7.492s] creating /home/teamleafia/ros2_mer/install/cartrash/share/cartrash/rviz
[7.492s] copying rviz/mapping.rviz -> /home/teamleafia/ros2_mer/install/cartrash/share/cartrash/rviz
[7.492s] running install_egg_info
[7.612s] Copying ../../build/cartrash/cartrash.egg-info to /home/teamleafia/ros2_mer/install/cartrash/lib/python3.12/site-packages/cartrash-0.0.0-py3.12.egg-info
[7.616s] running install_scripts
[8.564s] writing list of installed files to '/home/teamleafia/ros2_mer/build/cartrash/install.log'
[8.904s] Invoked command in '/home/teamleafia/ros2_mer/src/cartrash' returned '0': DEBUGINFOD_URLS=https://debuginfod.ubuntu.com PYTHONPATH=/home/teamleafia/ros2_mer/build/cartrash/prefix_override:/usr/lib/python3/dist-packages/colcon_core/task/python/colcon_distutils_commands:/home/teamleafia/ros2_mer/install/cartrash/lib/python3.12/site-packages:${PYTHONPATH} /usr/bin/python3 -W ignore:setup.py install is deprecated -W ignore:easy_install command is deprecated setup.py egg_info --egg-base ../../build/cartrash build --build-base /home/teamleafia/ros2_mer/build/cartrash/build install --record /home/teamleafia/ros2_mer/build/cartrash/install.log --single-version-externally-managed install_data
