[2.799s] Invoking command in '/home/teamleafia/ros2_mer/build/aruco_detector': DEBUGINFOD_URLS=https://debuginfod.ubuntu.com PYTHONPATH=/home/teamleafia/ros2_mer/build/aruco_detector/prefix_override:/usr/lib/python3/dist-packages/colcon_core/task/python/colcon_distutils_commands:/home/teamleafia/ros2_mer/install/aruco_detector/lib/python3.12/site-packages:${PYTHONPATH} /usr/bin/python3 -W ignore:setup.py install is deprecated -W ignore:easy_install command is deprecated setup.py develop --editable --build-directory /home/teamleafia/ros2_mer/build/aruco_detector/build --no-deps symlink_data --force
[3.611s] running develop
[4.044s] running egg_info
[4.089s] writing aruco_detector.egg-info/PKG-INFO
[4.092s] writing dependency_links to aruco_detector.egg-info/dependency_links.txt
[4.092s] writing entry points to aruco_detector.egg-info/entry_points.txt
[4.099s] writing requirements to aruco_detector.egg-info/requires.txt
[4.101s] writing top-level names to aruco_detector.egg-info/top_level.txt
[4.188s] reading manifest file 'aruco_detector.egg-info/SOURCES.txt'
[4.189s] writing manifest file 'aruco_detector.egg-info/SOURCES.txt'
[4.232s] running build_ext
[4.232s] Creating /home/teamleafia/ros2_mer/install/aruco_detector/lib/python3.12/site-packages/aruco-detector.egg-link (link to .)
[4.235s] Installing aruco_detector script to /home/teamleafia/ros2_mer/install/aruco_detector/lib/aruco_detector
[4.235s] Installing aruco_detector_node script to /home/teamleafia/ros2_mer/install/aruco_detector/lib/aruco_detector
[4.235s] Installing aruco_move_node script to /home/teamleafia/ros2_mer/install/aruco_detector/lib/aruco_detector
[4.235s] 
[4.235s] Installed /home/teamleafia/ros2_mer/build/aruco_detector
[4.235s] running symlink_data
[4.242s] symbolically linking /home/teamleafia/ros2_mer/build/aruco_detector/resource/aruco_detector -> /home/teamleafia/ros2_mer/install/aruco_detector/share/ament_index/resource_index/packages
[4.243s] symbolically linking /home/teamleafia/ros2_mer/build/aruco_detector/package.xml -> /home/teamleafia/ros2_mer/install/aruco_detector/share/aruco_detector
[4.383s] Invoked command in '/home/teamleafia/ros2_mer/build/aruco_detector' returned '0': DEBUGINFOD_URLS=https://debuginfod.ubuntu.com PYTHONPATH=/home/teamleafia/ros2_mer/build/aruco_detector/prefix_override:/usr/lib/python3/dist-packages/colcon_core/task/python/colcon_distutils_commands:/home/teamleafia/ros2_mer/install/aruco_detector/lib/python3.12/site-packages:${PYTHONPATH} /usr/bin/python3 -W ignore:setup.py install is deprecated -W ignore:easy_install command is deprecated setup.py develop --editable --build-directory /home/teamleafia/ros2_mer/build/aruco_detector/build --no-deps symlink_data --force
