running egg_info
creating ../../build/robot_control/robot_control.egg-info
writing ../../build/robot_control/robot_control.egg-info/PKG-INFO
writing dependency_links to ../../build/robot_control/robot_control.egg-info/dependency_links.txt
writing entry points to ../../build/robot_control/robot_control.egg-info/entry_points.txt
writing requirements to ../../build/robot_control/robot_control.egg-info/requires.txt
writing top-level names to ../../build/robot_control/robot_control.egg-info/top_level.txt
writing manifest file '../../build/robot_control/robot_control.egg-info/SOURCES.txt'
reading manifest file '../../build/robot_control/robot_control.egg-info/SOURCES.txt'
writing manifest file '../../build/robot_control/robot_control.egg-info/SOURCES.txt'
running build
running build_py
creating /home/teamleafia/ros2_mer/build/robot_control/build
creating /home/teamleafia/ros2_mer/build/robot_control/build/lib
creating /home/teamleafia/ros2_mer/build/robot_control/build/lib/robot_control
copying robot_control/scissor_lift_controller.py -> /home/teamleafia/ros2_mer/build/robot_control/build/lib/robot_control
copying robot_control/teleop_keyboard_node.py -> /home/teamleafia/ros2_mer/build/robot_control/build/lib/robot_control
copying robot_control/move_distance_node.py -> /home/teamleafia/ros2_mer/build/robot_control/build/lib/robot_control
copying robot_control/encoder_publisher_node.py -> /home/teamleafia/ros2_mer/build/robot_control/build/lib/robot_control
copying robot_control/__init__.py -> /home/teamleafia/ros2_mer/build/robot_control/build/lib/robot_control
copying robot_control/motor_controller_node.py -> /home/teamleafia/ros2_mer/build/robot_control/build/lib/robot_control
copying robot_control/pid_controller_node.py -> /home/teamleafia/ros2_mer/build/robot_control/build/lib/robot_control
copying robot_control/teleop_keyboard_node2.py -> /home/teamleafia/ros2_mer/build/robot_control/build/lib/robot_control
running install
running install_lib
creating /home/teamleafia/ros2_mer/install/robot_control/lib/python3.12/site-packages/robot_control
copying /home/teamleafia/ros2_mer/build/robot_control/build/lib/robot_control/scissor_lift_controller.py -> /home/teamleafia/ros2_mer/install/robot_control/lib/python3.12/site-packages/robot_control
copying /home/teamleafia/ros2_mer/build/robot_control/build/lib/robot_control/teleop_keyboard_node.py -> /home/teamleafia/ros2_mer/install/robot_control/lib/python3.12/site-packages/robot_control
copying /home/teamleafia/ros2_mer/build/robot_control/build/lib/robot_control/move_distance_node.py -> /home/teamleafia/ros2_mer/install/robot_control/lib/python3.12/site-packages/robot_control
copying /home/teamleafia/ros2_mer/build/robot_control/build/lib/robot_control/encoder_publisher_node.py -> /home/teamleafia/ros2_mer/install/robot_control/lib/python3.12/site-packages/robot_control
copying /home/teamleafia/ros2_mer/build/robot_control/build/lib/robot_control/__init__.py -> /home/teamleafia/ros2_mer/install/robot_control/lib/python3.12/site-packages/robot_control
copying /home/teamleafia/ros2_mer/build/robot_control/build/lib/robot_control/motor_controller_node.py -> /home/teamleafia/ros2_mer/install/robot_control/lib/python3.12/site-packages/robot_control
copying /home/teamleafia/ros2_mer/build/robot_control/build/lib/robot_control/pid_controller_node.py -> /home/teamleafia/ros2_mer/install/robot_control/lib/python3.12/site-packages/robot_control
copying /home/teamleafia/ros2_mer/build/robot_control/build/lib/robot_control/teleop_keyboard_node2.py -> /home/teamleafia/ros2_mer/install/robot_control/lib/python3.12/site-packages/robot_control
byte-compiling /home/teamleafia/ros2_mer/install/robot_control/lib/python3.12/site-packages/robot_control/scissor_lift_controller.py to scissor_lift_controller.cpython-312.pyc
byte-compiling /home/teamleafia/ros2_mer/install/robot_control/lib/python3.12/site-packages/robot_control/teleop_keyboard_node.py to teleop_keyboard_node.cpython-312.pyc
byte-compiling /home/teamleafia/ros2_mer/install/robot_control/lib/python3.12/site-packages/robot_control/move_distance_node.py to move_distance_node.cpython-312.pyc
byte-compiling /home/teamleafia/ros2_mer/install/robot_control/lib/python3.12/site-packages/robot_control/encoder_publisher_node.py to encoder_publisher_node.cpython-312.pyc
byte-compiling /home/teamleafia/ros2_mer/install/robot_control/lib/python3.12/site-packages/robot_control/__init__.py to __init__.cpython-312.pyc
byte-compiling /home/teamleafia/ros2_mer/install/robot_control/lib/python3.12/site-packages/robot_control/motor_controller_node.py to motor_controller_node.cpython-312.pyc
byte-compiling /home/teamleafia/ros2_mer/install/robot_control/lib/python3.12/site-packages/robot_control/pid_controller_node.py to pid_controller_node.cpython-312.pyc
byte-compiling /home/teamleafia/ros2_mer/install/robot_control/lib/python3.12/site-packages/robot_control/teleop_keyboard_node2.py to teleop_keyboard_node2.cpython-312.pyc
running install_data
creating /home/teamleafia/ros2_mer/install/robot_control/share/ament_index
creating /home/teamleafia/ros2_mer/install/robot_control/share/ament_index/resource_index
creating /home/teamleafia/ros2_mer/install/robot_control/share/ament_index/resource_index/packages
copying resource/robot_control -> /home/teamleafia/ros2_mer/install/robot_control/share/ament_index/resource_index/packages
copying package.xml -> /home/teamleafia/ros2_mer/install/robot_control/share/robot_control
running install_egg_info
Copying ../../build/robot_control/robot_control.egg-info to /home/teamleafia/ros2_mer/install/robot_control/lib/python3.12/site-packages/robot_control-0.0.1-py3.12.egg-info
running install_scripts
Installing encoder_publisher_node script to /home/teamleafia/ros2_mer/install/robot_control/lib/robot_control
Installing motor_controller_node script to /home/teamleafia/ros2_mer/install/robot_control/lib/robot_control
Installing move_distance_node script to /home/teamleafia/ros2_mer/install/robot_control/lib/robot_control
Installing pid_controller_node script to /home/teamleafia/ros2_mer/install/robot_control/lib/robot_control
Installing scissor_lift_controller script to /home/teamleafia/ros2_mer/install/robot_control/lib/robot_control
Installing teleop_keyboard_node script to /home/teamleafia/ros2_mer/install/robot_control/lib/robot_control
Installing teleop_keyboard_node2 script to /home/teamleafia/ros2_mer/install/robot_control/lib/robot_control
writing list of installed files to '/home/teamleafia/ros2_mer/build/robot_control/install.log'
