[3.295s] Invoking command in '/home/teamleafia/ros2_mer/build/cartrash': DEBUGINFOD_URLS=https://debuginfod.ubuntu.com PYTHONPATH=/home/teamleafia/ros2_mer/build/cartrash/prefix_override:/usr/lib/python3/dist-packages/colcon_core/task/python/colcon_distutils_commands:/home/teamleafia/ros2_mer/install/cartrash/lib/python3.12/site-packages:${PYTHONPATH} /usr/bin/python3 -W ignore:setup.py install is deprecated -W ignore:easy_install command is deprecated setup.py develop --editable --build-directory /home/teamleafia/ros2_mer/build/cartrash/build --no-deps symlink_data --force
[5.052s] running develop
[5.731s] running egg_info
[5.790s] writing cartrash.egg-info/PKG-INFO
[5.791s] writing dependency_links to cartrash.egg-info/dependency_links.txt
[5.792s] writing requirements to cartrash.egg-info/requires.txt
[5.792s] writing top-level names to cartrash.egg-info/top_level.txt
[6.016s] reading manifest file 'cartrash.egg-info/SOURCES.txt'
[6.025s] writing manifest file 'cartrash.egg-info/SOURCES.txt'
[6.111s] running build_ext
[6.111s] Creating /home/teamleafia/ros2_mer/install/cartrash/lib/python3.12/site-packages/cartrash.egg-link (link to .)
[6.118s] 
[6.121s] Installed /home/teamleafia/ros2_mer/build/cartrash
[6.122s] running symlink_data
[6.122s] symbolically linking /home/teamleafia/ros2_mer/build/cartrash/resource/cartrash -> /home/teamleafia/ros2_mer/install/cartrash/share/ament_index/resource_index/packages
[6.122s] symbolically linking /home/teamleafia/ros2_mer/build/cartrash/package.xml -> /home/teamleafia/ros2_mer/install/cartrash/share/cartrash
[6.122s] symbolically linking /home/teamleafia/ros2_mer/build/cartrash/config/rplidar_cartographer.lua -> /home/teamleafia/ros2_mer/install/cartrash/share/cartrash/config
[6.122s] symbolically linking /home/teamleafia/ros2_mer/build/cartrash/urdf/lidar.urdf -> /home/teamleafia/ros2_mer/install/cartrash/share/cartrash/urdf
[6.123s] symbolically linking /home/teamleafia/ros2_mer/build/cartrash/rviz/mapping.rviz -> /home/teamleafia/ros2_mer/install/cartrash/share/cartrash/rviz
[6.862s] Invoked command in '/home/teamleafia/ros2_mer/build/cartrash' returned '0': DEBUGINFOD_URLS=https://debuginfod.ubuntu.com PYTHONPATH=/home/teamleafia/ros2_mer/build/cartrash/prefix_override:/usr/lib/python3/dist-packages/colcon_core/task/python/colcon_distutils_commands:/home/teamleafia/ros2_mer/install/cartrash/lib/python3.12/site-packages:${PYTHONPATH} /usr/bin/python3 -W ignore:setup.py install is deprecated -W ignore:easy_install command is deprecated setup.py develop --editable --build-directory /home/teamleafia/ros2_mer/build/cartrash/build --no-deps symlink_data --force
