[3.347s] Invoking command in '/home/teamleafia/ros2_mer/build/robot_control': DEBUGINFOD_URLS=https://debuginfod.ubuntu.com PYTHONPATH=/home/teamleafia/ros2_mer/build/robot_control/prefix_override:/usr/lib/python3/dist-packages/colcon_core/task/python/colcon_distutils_commands:/home/teamleafia/ros2_mer/install/robot_control/lib/python3.12/site-packages:${PYTHONPATH} /usr/bin/python3 -W ignore:setup.py install is deprecated -W ignore:easy_install command is deprecated setup.py develop --editable --build-directory /home/teamleafia/ros2_mer/build/robot_control/build --no-deps symlink_data --force
[4.452s] running develop
[5.420s] running egg_info
[5.516s] writing robot_control.egg-info/PKG-INFO
[5.519s] writing dependency_links to robot_control.egg-info/dependency_links.txt
[5.522s] writing entry points to robot_control.egg-info/entry_points.txt
[5.524s] writing requirements to robot_control.egg-info/requires.txt
[5.531s] writing top-level names to robot_control.egg-info/top_level.txt
[5.797s] reading manifest file 'robot_control.egg-info/SOURCES.txt'
[5.804s] writing manifest file 'robot_control.egg-info/SOURCES.txt'
[5.892s] running build_ext
[5.892s] Creating /home/teamleafia/ros2_mer/install/robot_control/lib/python3.12/site-packages/robot-control.egg-link (link to .)
[5.894s] Installing encoder_publisher_node script to /home/teamleafia/ros2_mer/install/robot_control/lib/robot_control
[5.894s] Installing motor_controller_node script to /home/teamleafia/ros2_mer/install/robot_control/lib/robot_control
[5.895s] Installing move_distance_node script to /home/teamleafia/ros2_mer/install/robot_control/lib/robot_control
[5.896s] Installing pid_controller_node script to /home/teamleafia/ros2_mer/install/robot_control/lib/robot_control
[5.902s] Installing scissor_lift_controller script to /home/teamleafia/ros2_mer/install/robot_control/lib/robot_control
[5.903s] Installing teleop_keyboard_node script to /home/teamleafia/ros2_mer/install/robot_control/lib/robot_control
[5.903s] Installing teleop_keyboard_node2 script to /home/teamleafia/ros2_mer/install/robot_control/lib/robot_control
[5.904s] Installing teleop_keyboard_node4 script to /home/teamleafia/ros2_mer/install/robot_control/lib/robot_control
[5.904s] 
[5.904s] Installed /home/teamleafia/ros2_mer/build/robot_control
[5.904s] running symlink_data
[5.904s] symbolically linking /home/teamleafia/ros2_mer/build/robot_control/resource/robot_control -> /home/teamleafia/ros2_mer/install/robot_control/share/ament_index/resource_index/packages
[5.904s] symbolically linking /home/teamleafia/ros2_mer/build/robot_control/package.xml -> /home/teamleafia/ros2_mer/install/robot_control/share/robot_control
[6.042s] Invoked command in '/home/teamleafia/ros2_mer/build/robot_control' returned '0': DEBUGINFOD_URLS=https://debuginfod.ubuntu.com PYTHONPATH=/home/teamleafia/ros2_mer/build/robot_control/prefix_override:/usr/lib/python3/dist-packages/colcon_core/task/python/colcon_distutils_commands:/home/teamleafia/ros2_mer/install/robot_control/lib/python3.12/site-packages:${PYTHONPATH} /usr/bin/python3 -W ignore:setup.py install is deprecated -W ignore:easy_install command is deprecated setup.py develop --editable --build-directory /home/teamleafia/ros2_mer/build/robot_control/build --no-deps symlink_data --force
