[2.802s] Invoking command in '/home/teamleafia/ros2_mer/src/aruco_detector': DEBUGINFOD_URLS=https://debuginfod.ubuntu.com PYTHONPATH=/home/teamleafia/ros2_mer/build/aruco_detector/prefix_override:/usr/lib/python3/dist-packages/colcon_core/task/python/colcon_distutils_commands:/home/teamleafia/ros2_mer/install/aruco_detector/lib/python3.12/site-packages:${PYTHONPATH} /usr/bin/python3 -W ignore:setup.py install is deprecated -W ignore:easy_install command is deprecated setup.py egg_info --egg-base ../../build/aruco_detector build --build-base /home/teamleafia/ros2_mer/build/aruco_detector/build install --record /home/teamleafia/ros2_mer/build/aruco_detector/install.log --single-version-externally-managed install_data
[3.421s] running egg_info
[3.454s] writing ../../build/aruco_detector/aruco_detector.egg-info/PKG-INFO
[3.456s] writing dependency_links to ../../build/aruco_detector/aruco_detector.egg-info/dependency_links.txt
[3.457s] writing entry points to ../../build/aruco_detector/aruco_detector.egg-info/entry_points.txt
[3.457s] writing requirements to ../../build/aruco_detector/aruco_detector.egg-info/requires.txt
[3.457s] writing top-level names to ../../build/aruco_detector/aruco_detector.egg-info/top_level.txt
[3.543s] reading manifest file '../../build/aruco_detector/aruco_detector.egg-info/SOURCES.txt'
[3.546s] writing manifest file '../../build/aruco_detector/aruco_detector.egg-info/SOURCES.txt'
[3.546s] running build
[3.547s] running build_py
[3.548s] running install
[3.558s] running install_lib
[3.606s] running install_data
[3.606s] running install_egg_info
[3.657s] removing '/home/teamleafia/ros2_mer/install/aruco_detector/lib/python3.12/site-packages/aruco_detector-0.0.0-py3.12.egg-info' (and everything under it)
[3.658s] Copying ../../build/aruco_detector/aruco_detector.egg-info to /home/teamleafia/ros2_mer/install/aruco_detector/lib/python3.12/site-packages/aruco_detector-0.0.0-py3.12.egg-info
[3.659s] running install_scripts
[3.976s] Installing aruco_detector script to /home/teamleafia/ros2_mer/install/aruco_detector/lib/aruco_detector
[3.977s] Installing aruco_move_node script to /home/teamleafia/ros2_mer/install/aruco_detector/lib/aruco_detector
[3.978s] writing list of installed files to '/home/teamleafia/ros2_mer/build/aruco_detector/install.log'
[4.144s] Invoked command in '/home/teamleafia/ros2_mer/src/aruco_detector' returned '0': DEBUGINFOD_URLS=https://debuginfod.ubuntu.com PYTHONPATH=/home/teamleafia/ros2_mer/build/aruco_detector/prefix_override:/usr/lib/python3/dist-packages/colcon_core/task/python/colcon_distutils_commands:/home/teamleafia/ros2_mer/install/aruco_detector/lib/python3.12/site-packages:${PYTHONPATH} /usr/bin/python3 -W ignore:setup.py install is deprecated -W ignore:easy_install command is deprecated setup.py egg_info --egg-base ../../build/aruco_detector build --build-base /home/teamleafia/ros2_mer/build/aruco_detector/build install --record /home/teamleafia/ros2_mer/build/aruco_detector/install.log --single-version-externally-managed install_data
