[3.862s] Invoking command in '/home/teamleafia/ros2_mer/src/aruco_detector': DEBUGINFOD_URLS=https://debuginfod.ubuntu.com PYTHONPATH=/home/teamleafia/ros2_mer/build/aruco_detector/prefix_override:/usr/lib/python3/dist-packages/colcon_core/task/python/colcon_distutils_commands:/home/teamleafia/ros2_mer/install/aruco_detector/lib/python3.12/site-packages:${PYTHONPATH} /usr/bin/python3 -W ignore:setup.py install is deprecated -W ignore:easy_install command is deprecated setup.py egg_info --egg-base ../../build/aruco_detector build --build-base /home/teamleafia/ros2_mer/build/aruco_detector/build install --record /home/teamleafia/ros2_mer/build/aruco_detector/install.log --single-version-externally-managed install_data
[4.400s] running egg_info
[4.432s] writing ../../build/aruco_detector/aruco_detector.egg-info/PKG-INFO
[4.434s] writing dependency_links to ../../build/aruco_detector/aruco_detector.egg-info/dependency_links.txt
[4.434s] writing entry points to ../../build/aruco_detector/aruco_detector.egg-info/entry_points.txt
[4.447s] writing requirements to ../../build/aruco_detector/aruco_detector.egg-info/requires.txt
[4.450s] writing top-level names to ../../build/aruco_detector/aruco_detector.egg-info/top_level.txt
[4.542s] reading manifest file '../../build/aruco_detector/aruco_detector.egg-info/SOURCES.txt'
[4.543s] writing manifest file '../../build/aruco_detector/aruco_detector.egg-info/SOURCES.txt'
[4.544s] running build
[4.544s] running build_py
[4.545s] running install
[4.555s] running install_lib
[4.599s] running install_data
[4.599s] running install_egg_info
[4.698s] removing '/home/teamleafia/ros2_mer/install/aruco_detector/lib/python3.12/site-packages/aruco_detector-0.0.0-py3.12.egg-info' (and everything under it)
[4.699s] Copying ../../build/aruco_detector/aruco_detector.egg-info to /home/teamleafia/ros2_mer/install/aruco_detector/lib/python3.12/site-packages/aruco_detector-0.0.0-py3.12.egg-info
[4.704s] running install_scripts
[5.000s] Installing aruco_detector script to /home/teamleafia/ros2_mer/install/aruco_detector/lib/aruco_detector
[5.000s] Installing aruco_move_node script to /home/teamleafia/ros2_mer/install/aruco_detector/lib/aruco_detector
[5.004s] writing list of installed files to '/home/teamleafia/ros2_mer/build/aruco_detector/install.log'
[5.629s] Invoked command in '/home/teamleafia/ros2_mer/src/aruco_detector' returned '0': DEBUGINFOD_URLS=https://debuginfod.ubuntu.com PYTHONPATH=/home/teamleafia/ros2_mer/build/aruco_detector/prefix_override:/usr/lib/python3/dist-packages/colcon_core/task/python/colcon_distutils_commands:/home/teamleafia/ros2_mer/install/aruco_detector/lib/python3.12/site-packages:${PYTHONPATH} /usr/bin/python3 -W ignore:setup.py install is deprecated -W ignore:easy_install command is deprecated setup.py egg_info --egg-base ../../build/aruco_detector build --build-base /home/teamleafia/ros2_mer/build/aruco_detector/build install --record /home/teamleafia/ros2_mer/build/aruco_detector/install.log --single-version-externally-managed install_data
