[2.772s] Invoking command in '/home/teamleafia/ros2_mer/build/aruco_detector': DEBUGINFOD_URLS=https://debuginfod.ubuntu.com PYTHONPATH=/home/teamleafia/ros2_mer/build/aruco_detector/prefix_override:/usr/lib/python3/dist-packages/colcon_core/task/python/colcon_distutils_commands:/home/teamleafia/ros2_mer/install/aruco_detector/lib/python3.12/site-packages:${PYTHONPATH} /usr/bin/python3 -W ignore:setup.py install is deprecated -W ignore:easy_install command is deprecated setup.py develop --editable --build-directory /home/teamleafia/ros2_mer/build/aruco_detector/build --no-deps symlink_data --force
[3.573s] running develop
[3.940s] running egg_info
[3.974s] writing aruco_detector.egg-info/PKG-INFO
[3.976s] writing dependency_links to aruco_detector.egg-info/dependency_links.txt
[3.976s] writing entry points to aruco_detector.egg-info/entry_points.txt
[3.978s] writing requirements to aruco_detector.egg-info/requires.txt
[3.980s] writing top-level names to aruco_detector.egg-info/top_level.txt
[4.067s] reading manifest file 'aruco_detector.egg-info/SOURCES.txt'
[4.067s] writing manifest file 'aruco_detector.egg-info/SOURCES.txt'
[4.119s] running build_ext
[4.121s] Creating /home/teamleafia/ros2_mer/install/aruco_detector/lib/python3.12/site-packages/aruco-detector.egg-link (link to .)
[4.125s] Installing aruco_detector script to /home/teamleafia/ros2_mer/install/aruco_detector/lib/aruco_detector
[4.129s] Installing aruco_detector_node script to /home/teamleafia/ros2_mer/install/aruco_detector/lib/aruco_detector
[4.133s] Installing aruco_move_node script to /home/teamleafia/ros2_mer/install/aruco_detector/lib/aruco_detector
[4.135s] 
[4.136s] Installed /home/teamleafia/ros2_mer/build/aruco_detector
[4.139s] running symlink_data
[4.143s] symbolically linking /home/teamleafia/ros2_mer/build/aruco_detector/resource/aruco_detector -> /home/teamleafia/ros2_mer/install/aruco_detector/share/ament_index/resource_index/packages
[4.144s] symbolically linking /home/teamleafia/ros2_mer/build/aruco_detector/package.xml -> /home/teamleafia/ros2_mer/install/aruco_detector/share/aruco_detector
[4.312s] Invoked command in '/home/teamleafia/ros2_mer/build/aruco_detector' returned '0': DEBUGINFOD_URLS=https://debuginfod.ubuntu.com PYTHONPATH=/home/teamleafia/ros2_mer/build/aruco_detector/prefix_override:/usr/lib/python3/dist-packages/colcon_core/task/python/colcon_distutils_commands:/home/teamleafia/ros2_mer/install/aruco_detector/lib/python3.12/site-packages:${PYTHONPATH} /usr/bin/python3 -W ignore:setup.py install is deprecated -W ignore:easy_install command is deprecated setup.py develop --editable --build-directory /home/teamleafia/ros2_mer/build/aruco_detector/build --no-deps symlink_data --force
