[0.164s] DEBUG:colcon:Command line arguments: ['/usr/bin/colcon', 'build']
[0.165s] DEBUG:colcon:Parsed command line arguments: Namespace(log_base=None, log_level=None, verb_name='build', build_base='build', install_base='install', merge_install=False, symlink_install=False, test_result_base=None, continue_on_error=False, executor='parallel', parallel_workers=4, event_handlers=None, ignore_user_meta=False, metas=['./colcon.meta'], base_paths=['.'], packages_ignore=None, packages_ignore_regex=None, paths=None, packages_up_to=None, packages_up_to_regex=None, packages_above=None, packages_above_and_dependencies=None, packages_above_depth=None, packages_select_by_dep=None, packages_skip_by_dep=None, packages_skip_up_to=None, packages_select_build_failed=False, packages_skip_build_finished=False, packages_select_test_failures=False, packages_skip_test_passed=False, packages_select=None, packages_skip=None, packages_select_regex=None, packages_skip_regex=None, packages_start=None, packages_end=None, allow_overriding=[], cmake_args=None, cmake_target=None, cmake_target_skip_unavailable=False, cmake_clean_cache=False, cmake_clean_first=False, cmake_force_configure=False, ament_cmake_args=None, catkin_cmake_args=None, catkin_skip_building_tests=False, mixin_files=None, mixin=None, verb_parser=<colcon_mixin.mixin.mixin_argument.MixinArgumentDecorator object at 0xffff825f4440>, verb_extension=<colcon_core.verb.build.BuildVerb object at 0xffff827d8cb0>, main=<bound method BuildVerb.main of <colcon_core.verb.build.BuildVerb object at 0xffff827d8cb0>>, mixin_verb=('build',))
[0.223s] Level 1:colcon.colcon_core.package_discovery:discover_packages(colcon_meta) check parameters
[0.223s] Level 1:colcon.colcon_core.package_discovery:discover_packages(recursive) check parameters
[0.223s] Level 1:colcon.colcon_core.package_discovery:discover_packages(ignore) check parameters
[0.223s] Level 1:colcon.colcon_core.package_discovery:discover_packages(path) check parameters
[0.223s] Level 1:colcon.colcon_core.package_discovery:discover_packages(colcon_meta) discover
[0.224s] Level 1:colcon.colcon_core.package_discovery:discover_packages(recursive) discover
[0.224s] INFO:colcon.colcon_core.package_discovery:Crawling recursively for packages in '/home/teamleafia/ros2_mer'
[0.224s] Level 1:colcon.colcon_core.package_identification:_identify(.) by extensions ['ignore', 'ignore_ament_install']
[0.224s] Level 1:colcon.colcon_core.package_identification:_identify(.) by extension 'ignore'
[0.224s] Level 1:colcon.colcon_core.package_identification:_identify(.) by extension 'ignore_ament_install'
[0.224s] Level 1:colcon.colcon_core.package_identification:_identify(.) by extensions ['colcon_pkg']
[0.224s] Level 1:colcon.colcon_core.package_identification:_identify(.) by extension 'colcon_pkg'
[0.224s] Level 1:colcon.colcon_core.package_identification:_identify(.) by extensions ['colcon_meta']
[0.224s] Level 1:colcon.colcon_core.package_identification:_identify(.) by extension 'colcon_meta'
[0.224s] Level 1:colcon.colcon_core.package_identification:_identify(.) by extensions ['ros']
[0.224s] Level 1:colcon.colcon_core.package_identification:_identify(.) by extension 'ros'
[0.265s] Level 1:colcon.colcon_core.package_identification:_identify(.) by extensions ['cmake', 'python']
[0.265s] Level 1:colcon.colcon_core.package_identification:_identify(.) by extension 'cmake'
[0.265s] Level 1:colcon.colcon_core.package_identification:_identify(.) by extension 'python'
[0.265s] Level 1:colcon.colcon_core.package_identification:_identify(.) by extensions ['python_setup_py']
[0.265s] Level 1:colcon.colcon_core.package_identification:_identify(.) by extension 'python_setup_py'
[0.265s] Level 1:colcon.colcon_core.package_identification:_identify(build) by extensions ['ignore', 'ignore_ament_install']
[0.266s] Level 1:colcon.colcon_core.package_identification:_identify(build) by extension 'ignore'
[0.266s] Level 1:colcon.colcon_core.package_identification:_identify(build) ignored
[0.266s] Level 1:colcon.colcon_core.package_identification:_identify(install) by extensions ['ignore', 'ignore_ament_install']
[0.266s] Level 1:colcon.colcon_core.package_identification:_identify(install) by extension 'ignore'
[0.266s] Level 1:colcon.colcon_core.package_identification:_identify(install) ignored
[0.266s] Level 1:colcon.colcon_core.package_identification:_identify(log) by extensions ['ignore', 'ignore_ament_install']
[0.266s] Level 1:colcon.colcon_core.package_identification:_identify(log) by extension 'ignore'
[0.267s] Level 1:colcon.colcon_core.package_identification:_identify(log) ignored
[0.267s] Level 1:colcon.colcon_core.package_identification:_identify(src) by extensions ['ignore', 'ignore_ament_install']
[0.267s] Level 1:colcon.colcon_core.package_identification:_identify(src) by extension 'ignore'
[0.267s] Level 1:colcon.colcon_core.package_identification:_identify(src) by extension 'ignore_ament_install'
[0.267s] Level 1:colcon.colcon_core.package_identification:_identify(src) by extensions ['colcon_pkg']
[0.267s] Level 1:colcon.colcon_core.package_identification:_identify(src) by extension 'colcon_pkg'
[0.267s] Level 1:colcon.colcon_core.package_identification:_identify(src) by extensions ['colcon_meta']
[0.267s] Level 1:colcon.colcon_core.package_identification:_identify(src) by extension 'colcon_meta'
[0.267s] Level 1:colcon.colcon_core.package_identification:_identify(src) by extensions ['ros']
[0.267s] Level 1:colcon.colcon_core.package_identification:_identify(src) by extension 'ros'
[0.267s] Level 1:colcon.colcon_core.package_identification:_identify(src) by extensions ['cmake', 'python']
[0.267s] Level 1:colcon.colcon_core.package_identification:_identify(src) by extension 'cmake'
[0.267s] Level 1:colcon.colcon_core.package_identification:_identify(src) by extension 'python'
[0.267s] Level 1:colcon.colcon_core.package_identification:_identify(src) by extensions ['python_setup_py']
[0.267s] Level 1:colcon.colcon_core.package_identification:_identify(src) by extension 'python_setup_py'
[0.268s] Level 1:colcon.colcon_core.package_identification:_identify(src/aruco_detector) by extensions ['ignore', 'ignore_ament_install']
[0.268s] Level 1:colcon.colcon_core.package_identification:_identify(src/aruco_detector) by extension 'ignore'
[0.268s] Level 1:colcon.colcon_core.package_identification:_identify(src/aruco_detector) by extension 'ignore_ament_install'
[0.268s] Level 1:colcon.colcon_core.package_identification:_identify(src/aruco_detector) by extensions ['colcon_pkg']
[0.268s] Level 1:colcon.colcon_core.package_identification:_identify(src/aruco_detector) by extension 'colcon_pkg'
[0.268s] Level 1:colcon.colcon_core.package_identification:_identify(src/aruco_detector) by extensions ['colcon_meta']
[0.268s] Level 1:colcon.colcon_core.package_identification:_identify(src/aruco_detector) by extension 'colcon_meta'
[0.268s] Level 1:colcon.colcon_core.package_identification:_identify(src/aruco_detector) by extensions ['ros']
[0.268s] Level 1:colcon.colcon_core.package_identification:_identify(src/aruco_detector) by extension 'ros'
[0.271s] DEBUG:colcon.colcon_core.package_identification:Package 'src/aruco_detector' with type 'ros.ament_python' and name 'aruco_detector'
[0.272s] Level 1:colcon.colcon_core.package_identification:_identify(src/aruco_detector_yj_pkg_2) by extensions ['ignore', 'ignore_ament_install']
[0.272s] Level 1:colcon.colcon_core.package_identification:_identify(src/aruco_detector_yj_pkg_2) by extension 'ignore'
[0.272s] Level 1:colcon.colcon_core.package_identification:_identify(src/aruco_detector_yj_pkg_2) by extension 'ignore_ament_install'
[0.272s] Level 1:colcon.colcon_core.package_identification:_identify(src/aruco_detector_yj_pkg_2) by extensions ['colcon_pkg']
[0.272s] Level 1:colcon.colcon_core.package_identification:_identify(src/aruco_detector_yj_pkg_2) by extension 'colcon_pkg'
[0.272s] Level 1:colcon.colcon_core.package_identification:_identify(src/aruco_detector_yj_pkg_2) by extensions ['colcon_meta']
[0.272s] Level 1:colcon.colcon_core.package_identification:_identify(src/aruco_detector_yj_pkg_2) by extension 'colcon_meta'
[0.272s] Level 1:colcon.colcon_core.package_identification:_identify(src/aruco_detector_yj_pkg_2) by extensions ['ros']
[0.272s] Level 1:colcon.colcon_core.package_identification:_identify(src/aruco_detector_yj_pkg_2) by extension 'ros'
[0.273s] DEBUG:colcon.colcon_core.package_identification:Package 'src/aruco_detector_yj_pkg_2' with type 'ros.ament_python' and name 'aruco_detector_yj_pkg_2'
[0.273s] Level 1:colcon.colcon_core.package_identification:_identify(src/cartrash) by extensions ['ignore', 'ignore_ament_install']
[0.273s] Level 1:colcon.colcon_core.package_identification:_identify(src/cartrash) by extension 'ignore'
[0.273s] Level 1:colcon.colcon_core.package_identification:_identify(src/cartrash) by extension 'ignore_ament_install'
[0.274s] Level 1:colcon.colcon_core.package_identification:_identify(src/cartrash) by extensions ['colcon_pkg']
[0.274s] Level 1:colcon.colcon_core.package_identification:_identify(src/cartrash) by extension 'colcon_pkg'
[0.274s] Level 1:colcon.colcon_core.package_identification:_identify(src/cartrash) by extensions ['colcon_meta']
[0.274s] Level 1:colcon.colcon_core.package_identification:_identify(src/cartrash) by extension 'colcon_meta'
[0.274s] Level 1:colcon.colcon_core.package_identification:_identify(src/cartrash) by extensions ['ros']
[0.274s] Level 1:colcon.colcon_core.package_identification:_identify(src/cartrash) by extension 'ros'
[0.275s] DEBUG:colcon.colcon_core.package_identification:Package 'src/cartrash' with type 'ros.ament_python' and name 'cartrash'
[0.275s] Level 1:colcon.colcon_core.package_identification:_identify(src/marker_align_2) by extensions ['ignore', 'ignore_ament_install']
[0.275s] Level 1:colcon.colcon_core.package_identification:_identify(src/marker_align_2) by extension 'ignore'
[0.275s] Level 1:colcon.colcon_core.package_identification:_identify(src/marker_align_2) by extension 'ignore_ament_install'
[0.275s] Level 1:colcon.colcon_core.package_identification:_identify(src/marker_align_2) by extensions ['colcon_pkg']
[0.275s] Level 1:colcon.colcon_core.package_identification:_identify(src/marker_align_2) by extension 'colcon_pkg'
[0.275s] Level 1:colcon.colcon_core.package_identification:_identify(src/marker_align_2) by extensions ['colcon_meta']
[0.275s] Level 1:colcon.colcon_core.package_identification:_identify(src/marker_align_2) by extension 'colcon_meta'
[0.275s] Level 1:colcon.colcon_core.package_identification:_identify(src/marker_align_2) by extensions ['ros']
[0.275s] Level 1:colcon.colcon_core.package_identification:_identify(src/marker_align_2) by extension 'ros'
[0.276s] DEBUG:colcon.colcon_core.package_identification:Package 'src/marker_align_2' with type 'ros.ament_python' and name 'marker_align_2'
[0.276s] Level 1:colcon.colcon_core.package_identification:_identify(src/plant_transport) by extensions ['ignore', 'ignore_ament_install']
[0.277s] Level 1:colcon.colcon_core.package_identification:_identify(src/plant_transport) by extension 'ignore'
[0.277s] Level 1:colcon.colcon_core.package_identification:_identify(src/plant_transport) by extension 'ignore_ament_install'
[0.277s] Level 1:colcon.colcon_core.package_identification:_identify(src/plant_transport) by extensions ['colcon_pkg']
[0.277s] Level 1:colcon.colcon_core.package_identification:_identify(src/plant_transport) by extension 'colcon_pkg'
[0.277s] Level 1:colcon.colcon_core.package_identification:_identify(src/plant_transport) by extensions ['colcon_meta']
[0.277s] Level 1:colcon.colcon_core.package_identification:_identify(src/plant_transport) by extension 'colcon_meta'
[0.277s] Level 1:colcon.colcon_core.package_identification:_identify(src/plant_transport) by extensions ['ros']
[0.277s] Level 1:colcon.colcon_core.package_identification:_identify(src/plant_transport) by extension 'ros'
[0.277s] DEBUG:colcon.colcon_core.package_identification:Package 'src/plant_transport' with type 'ros.ament_python' and name 'plant_transport'
[0.278s] Level 1:colcon.colcon_core.package_identification:_identify(src/pump_control) by extensions ['ignore', 'ignore_ament_install']
[0.278s] Level 1:colcon.colcon_core.package_identification:_identify(src/pump_control) by extension 'ignore'
[0.278s] Level 1:colcon.colcon_core.package_identification:_identify(src/pump_control) by extension 'ignore_ament_install'
[0.278s] Level 1:colcon.colcon_core.package_identification:_identify(src/pump_control) by extensions ['colcon_pkg']
[0.278s] Level 1:colcon.colcon_core.package_identification:_identify(src/pump_control) by extension 'colcon_pkg'
[0.278s] Level 1:colcon.colcon_core.package_identification:_identify(src/pump_control) by extensions ['colcon_meta']
[0.278s] Level 1:colcon.colcon_core.package_identification:_identify(src/pump_control) by extension 'colcon_meta'
[0.278s] Level 1:colcon.colcon_core.package_identification:_identify(src/pump_control) by extensions ['ros']
[0.278s] Level 1:colcon.colcon_core.package_identification:_identify(src/pump_control) by extension 'ros'
[0.279s] DEBUG:colcon.colcon_core.package_identification:Package 'src/pump_control' with type 'ros.ament_python' and name 'pump_control'
[0.279s] Level 1:colcon.colcon_core.package_identification:_identify(src/robot_control) by extensions ['ignore', 'ignore_ament_install']
[0.279s] Level 1:colcon.colcon_core.package_identification:_identify(src/robot_control) by extension 'ignore'
[0.279s] Level 1:colcon.colcon_core.package_identification:_identify(src/robot_control) by extension 'ignore_ament_install'
[0.279s] Level 1:colcon.colcon_core.package_identification:_identify(src/robot_control) by extensions ['colcon_pkg']
[0.279s] Level 1:colcon.colcon_core.package_identification:_identify(src/robot_control) by extension 'colcon_pkg'
[0.279s] Level 1:colcon.colcon_core.package_identification:_identify(src/robot_control) by extensions ['colcon_meta']
[0.279s] Level 1:colcon.colcon_core.package_identification:_identify(src/robot_control) by extension 'colcon_meta'
[0.279s] Level 1:colcon.colcon_core.package_identification:_identify(src/robot_control) by extensions ['ros']
[0.279s] Level 1:colcon.colcon_core.package_identification:_identify(src/robot_control) by extension 'ros'
[0.280s] DEBUG:colcon.colcon_core.package_identification:Package 'src/robot_control' with type 'ros.ament_python' and name 'robot_control'
[0.280s] Level 1:colcon.colcon_core.package_discovery:discover_packages(recursive) using defaults
[0.280s] Level 1:colcon.colcon_core.package_discovery:discover_packages(ignore) discover
[0.280s] Level 1:colcon.colcon_core.package_discovery:discover_packages(ignore) using defaults
[0.280s] Level 1:colcon.colcon_core.package_discovery:discover_packages(path) discover
[0.280s] Level 1:colcon.colcon_core.package_discovery:discover_packages(path) using defaults
[0.308s] Level 1:colcon.colcon_core.package_discovery:discover_packages(prefix_path) check parameters
[0.308s] Level 1:colcon.colcon_core.package_discovery:discover_packages(prefix_path) discover
[0.313s] DEBUG:colcon.colcon_installed_package_information.package_discovery:Found 7 installed packages in /home/teamleafia/ros2_mer/install
[0.314s] DEBUG:colcon.colcon_installed_package_information.package_discovery:Found 1 installed packages in /home/teamleafia/slam_ws/install
[0.314s] DEBUG:colcon.colcon_installed_package_information.package_discovery:Found 3 installed packages in /home/teamleafia/ros2_mot/install
[0.317s] DEBUG:colcon.colcon_installed_package_information.package_discovery:Found 416 installed packages in /opt/ros/jazzy
[0.319s] Level 1:colcon.colcon_core.package_discovery:discover_packages(prefix_path) using defaults
[0.400s] Level 5:colcon.colcon_core.verb:set package 'aruco_detector' build argument 'cmake_args' from command line to 'None'
[0.400s] Level 5:colcon.colcon_core.verb:set package 'aruco_detector' build argument 'cmake_target' from command line to 'None'
[0.400s] Level 5:colcon.colcon_core.verb:set package 'aruco_detector' build argument 'cmake_target_skip_unavailable' from command line to 'False'
[0.400s] Level 5:colcon.colcon_core.verb:set package 'aruco_detector' build argument 'cmake_clean_cache' from command line to 'False'
[0.400s] Level 5:colcon.colcon_core.verb:set package 'aruco_detector' build argument 'cmake_clean_first' from command line to 'False'
[0.400s] Level 5:colcon.colcon_core.verb:set package 'aruco_detector' build argument 'cmake_force_configure' from command line to 'False'
[0.400s] Level 5:colcon.colcon_core.verb:set package 'aruco_detector' build argument 'ament_cmake_args' from command line to 'None'
[0.400s] Level 5:colcon.colcon_core.verb:set package 'aruco_detector' build argument 'catkin_cmake_args' from command line to 'None'
[0.400s] Level 5:colcon.colcon_core.verb:set package 'aruco_detector' build argument 'catkin_skip_building_tests' from command line to 'False'
[0.400s] DEBUG:colcon.colcon_core.verb:Building package 'aruco_detector' with the following arguments: {'ament_cmake_args': None, 'build_base': '/home/teamleafia/ros2_mer/build/aruco_detector', 'catkin_cmake_args': None, 'catkin_skip_building_tests': False, 'cmake_args': None, 'cmake_clean_cache': False, 'cmake_clean_first': False, 'cmake_force_configure': False, 'cmake_target': None, 'cmake_target_skip_unavailable': False, 'install_base': '/home/teamleafia/ros2_mer/install/aruco_detector', 'merge_install': False, 'path': '/home/teamleafia/ros2_mer/src/aruco_detector', 'symlink_install': False, 'test_result_base': None}
[0.401s] Level 5:colcon.colcon_core.verb:set package 'aruco_detector_yj_pkg_2' build argument 'cmake_args' from command line to 'None'
[0.401s] Level 5:colcon.colcon_core.verb:set package 'aruco_detector_yj_pkg_2' build argument 'cmake_target' from command line to 'None'
[0.401s] Level 5:colcon.colcon_core.verb:set package 'aruco_detector_yj_pkg_2' build argument 'cmake_target_skip_unavailable' from command line to 'False'
[0.401s] Level 5:colcon.colcon_core.verb:set package 'aruco_detector_yj_pkg_2' build argument 'cmake_clean_cache' from command line to 'False'
[0.401s] Level 5:colcon.colcon_core.verb:set package 'aruco_detector_yj_pkg_2' build argument 'cmake_clean_first' from command line to 'False'
[0.401s] Level 5:colcon.colcon_core.verb:set package 'aruco_detector_yj_pkg_2' build argument 'cmake_force_configure' from command line to 'False'
[0.401s] Level 5:colcon.colcon_core.verb:set package 'aruco_detector_yj_pkg_2' build argument 'ament_cmake_args' from command line to 'None'
[0.401s] Level 5:colcon.colcon_core.verb:set package 'aruco_detector_yj_pkg_2' build argument 'catkin_cmake_args' from command line to 'None'
[0.401s] Level 5:colcon.colcon_core.verb:set package 'aruco_detector_yj_pkg_2' build argument 'catkin_skip_building_tests' from command line to 'False'
[0.401s] DEBUG:colcon.colcon_core.verb:Building package 'aruco_detector_yj_pkg_2' with the following arguments: {'ament_cmake_args': None, 'build_base': '/home/teamleafia/ros2_mer/build/aruco_detector_yj_pkg_2', 'catkin_cmake_args': None, 'catkin_skip_building_tests': False, 'cmake_args': None, 'cmake_clean_cache': False, 'cmake_clean_first': False, 'cmake_force_configure': False, 'cmake_target': None, 'cmake_target_skip_unavailable': False, 'install_base': '/home/teamleafia/ros2_mer/install/aruco_detector_yj_pkg_2', 'merge_install': False, 'path': '/home/teamleafia/ros2_mer/src/aruco_detector_yj_pkg_2', 'symlink_install': False, 'test_result_base': None}
[0.401s] Level 5:colcon.colcon_core.verb:set package 'cartrash' build argument 'cmake_args' from command line to 'None'
[0.402s] Level 5:colcon.colcon_core.verb:set package 'cartrash' build argument 'cmake_target' from command line to 'None'
[0.402s] Level 5:colcon.colcon_core.verb:set package 'cartrash' build argument 'cmake_target_skip_unavailable' from command line to 'False'
[0.402s] Level 5:colcon.colcon_core.verb:set package 'cartrash' build argument 'cmake_clean_cache' from command line to 'False'
[0.402s] Level 5:colcon.colcon_core.verb:set package 'cartrash' build argument 'cmake_clean_first' from command line to 'False'
[0.402s] Level 5:colcon.colcon_core.verb:set package 'cartrash' build argument 'cmake_force_configure' from command line to 'False'
[0.402s] Level 5:colcon.colcon_core.verb:set package 'cartrash' build argument 'ament_cmake_args' from command line to 'None'
[0.402s] Level 5:colcon.colcon_core.verb:set package 'cartrash' build argument 'catkin_cmake_args' from command line to 'None'
[0.402s] Level 5:colcon.colcon_core.verb:set package 'cartrash' build argument 'catkin_skip_building_tests' from command line to 'False'
[0.402s] DEBUG:colcon.colcon_core.verb:Building package 'cartrash' with the following arguments: {'ament_cmake_args': None, 'build_base': '/home/teamleafia/ros2_mer/build/cartrash', 'catkin_cmake_args': None, 'catkin_skip_building_tests': False, 'cmake_args': None, 'cmake_clean_cache': False, 'cmake_clean_first': False, 'cmake_force_configure': False, 'cmake_target': None, 'cmake_target_skip_unavailable': False, 'install_base': '/home/teamleafia/ros2_mer/install/cartrash', 'merge_install': False, 'path': '/home/teamleafia/ros2_mer/src/cartrash', 'symlink_install': False, 'test_result_base': None}
[0.402s] Level 5:colcon.colcon_core.verb:set package 'marker_align_2' build argument 'cmake_args' from command line to 'None'
[0.402s] Level 5:colcon.colcon_core.verb:set package 'marker_align_2' build argument 'cmake_target' from command line to 'None'
[0.402s] Level 5:colcon.colcon_core.verb:set package 'marker_align_2' build argument 'cmake_target_skip_unavailable' from command line to 'False'
[0.402s] Level 5:colcon.colcon_core.verb:set package 'marker_align_2' build argument 'cmake_clean_cache' from command line to 'False'
[0.402s] Level 5:colcon.colcon_core.verb:set package 'marker_align_2' build argument 'cmake_clean_first' from command line to 'False'
[0.402s] Level 5:colcon.colcon_core.verb:set package 'marker_align_2' build argument 'cmake_force_configure' from command line to 'False'
[0.402s] Level 5:colcon.colcon_core.verb:set package 'marker_align_2' build argument 'ament_cmake_args' from command line to 'None'
[0.402s] Level 5:colcon.colcon_core.verb:set package 'marker_align_2' build argument 'catkin_cmake_args' from command line to 'None'
[0.402s] Level 5:colcon.colcon_core.verb:set package 'marker_align_2' build argument 'catkin_skip_building_tests' from command line to 'False'
[0.402s] DEBUG:colcon.colcon_core.verb:Building package 'marker_align_2' with the following arguments: {'ament_cmake_args': None, 'build_base': '/home/teamleafia/ros2_mer/build/marker_align_2', 'catkin_cmake_args': None, 'catkin_skip_building_tests': False, 'cmake_args': None, 'cmake_clean_cache': False, 'cmake_clean_first': False, 'cmake_force_configure': False, 'cmake_target': None, 'cmake_target_skip_unavailable': False, 'install_base': '/home/teamleafia/ros2_mer/install/marker_align_2', 'merge_install': False, 'path': '/home/teamleafia/ros2_mer/src/marker_align_2', 'symlink_install': False, 'test_result_base': None}
[0.403s] Level 5:colcon.colcon_core.verb:set package 'pump_control' build argument 'cmake_args' from command line to 'None'
[0.403s] Level 5:colcon.colcon_core.verb:set package 'pump_control' build argument 'cmake_target' from command line to 'None'
[0.403s] Level 5:colcon.colcon_core.verb:set package 'pump_control' build argument 'cmake_target_skip_unavailable' from command line to 'False'
[0.403s] Level 5:colcon.colcon_core.verb:set package 'pump_control' build argument 'cmake_clean_cache' from command line to 'False'
[0.403s] Level 5:colcon.colcon_core.verb:set package 'pump_control' build argument 'cmake_clean_first' from command line to 'False'
[0.403s] Level 5:colcon.colcon_core.verb:set package 'pump_control' build argument 'cmake_force_configure' from command line to 'False'
[0.403s] Level 5:colcon.colcon_core.verb:set package 'pump_control' build argument 'ament_cmake_args' from command line to 'None'
[0.403s] Level 5:colcon.colcon_core.verb:set package 'pump_control' build argument 'catkin_cmake_args' from command line to 'None'
[0.403s] Level 5:colcon.colcon_core.verb:set package 'pump_control' build argument 'catkin_skip_building_tests' from command line to 'False'
[0.403s] DEBUG:colcon.colcon_core.verb:Building package 'pump_control' with the following arguments: {'ament_cmake_args': None, 'build_base': '/home/teamleafia/ros2_mer/build/pump_control', 'catkin_cmake_args': None, 'catkin_skip_building_tests': False, 'cmake_args': None, 'cmake_clean_cache': False, 'cmake_clean_first': False, 'cmake_force_configure': False, 'cmake_target': None, 'cmake_target_skip_unavailable': False, 'install_base': '/home/teamleafia/ros2_mer/install/pump_control', 'merge_install': False, 'path': '/home/teamleafia/ros2_mer/src/pump_control', 'symlink_install': False, 'test_result_base': None}
[0.403s] Level 5:colcon.colcon_core.verb:set package 'robot_control' build argument 'cmake_args' from command line to 'None'
[0.403s] Level 5:colcon.colcon_core.verb:set package 'robot_control' build argument 'cmake_target' from command line to 'None'
[0.403s] Level 5:colcon.colcon_core.verb:set package 'robot_control' build argument 'cmake_target_skip_unavailable' from command line to 'False'
[0.403s] Level 5:colcon.colcon_core.verb:set package 'robot_control' build argument 'cmake_clean_cache' from command line to 'False'
[0.403s] Level 5:colcon.colcon_core.verb:set package 'robot_control' build argument 'cmake_clean_first' from command line to 'False'
[0.403s] Level 5:colcon.colcon_core.verb:set package 'robot_control' build argument 'cmake_force_configure' from command line to 'False'
[0.404s] Level 5:colcon.colcon_core.verb:set package 'robot_control' build argument 'ament_cmake_args' from command line to 'None'
[0.404s] Level 5:colcon.colcon_core.verb:set package 'robot_control' build argument 'catkin_cmake_args' from command line to 'None'
[0.404s] Level 5:colcon.colcon_core.verb:set package 'robot_control' build argument 'catkin_skip_building_tests' from command line to 'False'
[0.404s] DEBUG:colcon.colcon_core.verb:Building package 'robot_control' with the following arguments: {'ament_cmake_args': None, 'build_base': '/home/teamleafia/ros2_mer/build/robot_control', 'catkin_cmake_args': None, 'catkin_skip_building_tests': False, 'cmake_args': None, 'cmake_clean_cache': False, 'cmake_clean_first': False, 'cmake_force_configure': False, 'cmake_target': None, 'cmake_target_skip_unavailable': False, 'install_base': '/home/teamleafia/ros2_mer/install/robot_control', 'merge_install': False, 'path': '/home/teamleafia/ros2_mer/src/robot_control', 'symlink_install': False, 'test_result_base': None}
[0.404s] Level 5:colcon.colcon_core.verb:set package 'plant_transport' build argument 'cmake_args' from command line to 'None'
[0.404s] Level 5:colcon.colcon_core.verb:set package 'plant_transport' build argument 'cmake_target' from command line to 'None'
[0.404s] Level 5:colcon.colcon_core.verb:set package 'plant_transport' build argument 'cmake_target_skip_unavailable' from command line to 'False'
[0.404s] Level 5:colcon.colcon_core.verb:set package 'plant_transport' build argument 'cmake_clean_cache' from command line to 'False'
[0.404s] Level 5:colcon.colcon_core.verb:set package 'plant_transport' build argument 'cmake_clean_first' from command line to 'False'
[0.404s] Level 5:colcon.colcon_core.verb:set package 'plant_transport' build argument 'cmake_force_configure' from command line to 'False'
[0.404s] Level 5:colcon.colcon_core.verb:set package 'plant_transport' build argument 'ament_cmake_args' from command line to 'None'
[0.404s] Level 5:colcon.colcon_core.verb:set package 'plant_transport' build argument 'catkin_cmake_args' from command line to 'None'
[0.404s] Level 5:colcon.colcon_core.verb:set package 'plant_transport' build argument 'catkin_skip_building_tests' from command line to 'False'
[0.404s] DEBUG:colcon.colcon_core.verb:Building package 'plant_transport' with the following arguments: {'ament_cmake_args': None, 'build_base': '/home/teamleafia/ros2_mer/build/plant_transport', 'catkin_cmake_args': None, 'catkin_skip_building_tests': False, 'cmake_args': None, 'cmake_clean_cache': False, 'cmake_clean_first': False, 'cmake_force_configure': False, 'cmake_target': None, 'cmake_target_skip_unavailable': False, 'install_base': '/home/teamleafia/ros2_mer/install/plant_transport', 'merge_install': False, 'path': '/home/teamleafia/ros2_mer/src/plant_transport', 'symlink_install': False, 'test_result_base': None}
[0.404s] INFO:colcon.colcon_core.executor:Executing jobs using 'parallel' executor
[0.406s] DEBUG:colcon.colcon_parallel_executor.executor.parallel:run_until_complete
[0.406s] INFO:colcon.colcon_ros.task.ament_python.build:Building ROS package in '/home/teamleafia/ros2_mer/src/aruco_detector' with build type 'ament_python'
[0.406s] Level 1:colcon.colcon_core.shell:create_environment_hook('aruco_detector', 'ament_prefix_path')
[0.409s] INFO:colcon.colcon_core.plugin_system:Skipping extension 'colcon_core.shell.bat': Not used on non-Windows systems
[0.410s] INFO:colcon.colcon_core.shell:Creating environment hook '/home/teamleafia/ros2_mer/install/aruco_detector/share/aruco_detector/hook/ament_prefix_path.ps1'
[0.411s] INFO:colcon.colcon_core.shell:Creating environment descriptor '/home/teamleafia/ros2_mer/install/aruco_detector/share/aruco_detector/hook/ament_prefix_path.dsv'
[0.412s] INFO:colcon.colcon_core.shell:Creating environment hook '/home/teamleafia/ros2_mer/install/aruco_detector/share/aruco_detector/hook/ament_prefix_path.sh'
[0.413s] INFO:colcon.colcon_core.shell:Skip shell extension 'powershell' for command environment: Not usable outside of PowerShell
[0.413s] DEBUG:colcon.colcon_core.shell:Skip shell extension 'dsv' for command environment
[0.420s] INFO:colcon.colcon_ros.task.ament_python.build:Building ROS package in '/home/teamleafia/ros2_mer/src/aruco_detector_yj_pkg_2' with build type 'ament_python'
[0.421s] Level 1:colcon.colcon_core.shell:create_environment_hook('aruco_detector_yj_pkg_2', 'ament_prefix_path')
[0.421s] INFO:colcon.colcon_core.shell:Creating environment hook '/home/teamleafia/ros2_mer/install/aruco_detector_yj_pkg_2/share/aruco_detector_yj_pkg_2/hook/ament_prefix_path.ps1'
[0.422s] INFO:colcon.colcon_core.shell:Creating environment descriptor '/home/teamleafia/ros2_mer/install/aruco_detector_yj_pkg_2/share/aruco_detector_yj_pkg_2/hook/ament_prefix_path.dsv'
[0.423s] INFO:colcon.colcon_core.shell:Creating environment hook '/home/teamleafia/ros2_mer/install/aruco_detector_yj_pkg_2/share/aruco_detector_yj_pkg_2/hook/ament_prefix_path.sh'
[0.424s] INFO:colcon.colcon_core.shell:Skip shell extension 'powershell' for command environment: Not usable outside of PowerShell
[0.424s] DEBUG:colcon.colcon_core.shell:Skip shell extension 'dsv' for command environment
[0.432s] INFO:colcon.colcon_ros.task.ament_python.build:Building ROS package in '/home/teamleafia/ros2_mer/src/marker_align_2' with build type 'ament_python'
[0.432s] Level 1:colcon.colcon_core.shell:create_environment_hook('marker_align_2', 'ament_prefix_path')
[0.433s] INFO:colcon.colcon_core.shell:Creating environment hook '/home/teamleafia/ros2_mer/install/marker_align_2/share/marker_align_2/hook/ament_prefix_path.ps1'
[0.433s] INFO:colcon.colcon_core.shell:Creating environment descriptor '/home/teamleafia/ros2_mer/install/marker_align_2/share/marker_align_2/hook/ament_prefix_path.dsv'
[0.434s] INFO:colcon.colcon_core.shell:Creating environment hook '/home/teamleafia/ros2_mer/install/marker_align_2/share/marker_align_2/hook/ament_prefix_path.sh'
[0.435s] INFO:colcon.colcon_core.shell:Skip shell extension 'powershell' for command environment: Not usable outside of PowerShell
[0.435s] DEBUG:colcon.colcon_core.shell:Skip shell extension 'dsv' for command environment
[0.441s] INFO:colcon.colcon_ros.task.ament_python.build:Building ROS package in '/home/teamleafia/ros2_mer/src/pump_control' with build type 'ament_python'
[0.442s] Level 1:colcon.colcon_core.shell:create_environment_hook('pump_control', 'ament_prefix_path')
[0.442s] INFO:colcon.colcon_core.shell:Creating environment hook '/home/teamleafia/ros2_mer/install/pump_control/share/pump_control/hook/ament_prefix_path.ps1'
[0.443s] INFO:colcon.colcon_core.shell:Creating environment descriptor '/home/teamleafia/ros2_mer/install/pump_control/share/pump_control/hook/ament_prefix_path.dsv'
[0.444s] INFO:colcon.colcon_core.shell:Creating environment hook '/home/teamleafia/ros2_mer/install/pump_control/share/pump_control/hook/ament_prefix_path.sh'
[0.445s] INFO:colcon.colcon_core.shell:Skip shell extension 'powershell' for command environment: Not usable outside of PowerShell
[0.445s] DEBUG:colcon.colcon_core.shell:Skip shell extension 'dsv' for command environment
[0.838s] INFO:colcon.colcon_core.task.python.build:Building Python package in '/home/teamleafia/ros2_mer/src/aruco_detector'
[0.838s] INFO:colcon.colcon_core.shell:Skip shell extension 'powershell' for command environment: Not usable outside of PowerShell
[0.839s] DEBUG:colcon.colcon_core.shell:Skip shell extension 'dsv' for command environment
[1.214s] INFO:colcon.colcon_core.task.python.build:Building Python package in '/home/teamleafia/ros2_mer/src/aruco_detector_yj_pkg_2'
[1.214s] INFO:colcon.colcon_core.shell:Skip shell extension 'powershell' for command environment: Not usable outside of PowerShell
[1.214s] DEBUG:colcon.colcon_core.shell:Skip shell extension 'dsv' for command environment
[1.584s] INFO:colcon.colcon_core.task.python.build:Building Python package in '/home/teamleafia/ros2_mer/src/marker_align_2'
[1.585s] INFO:colcon.colcon_core.shell:Skip shell extension 'powershell' for command environment: Not usable outside of PowerShell
[1.585s] DEBUG:colcon.colcon_core.shell:Skip shell extension 'dsv' for command environment
[1.954s] INFO:colcon.colcon_core.task.python.build:Building Python package in '/home/teamleafia/ros2_mer/src/pump_control'
[1.954s] INFO:colcon.colcon_core.shell:Skip shell extension 'powershell' for command environment: Not usable outside of PowerShell
[1.954s] DEBUG:colcon.colcon_core.shell:Skip shell extension 'dsv' for command environment
[3.246s] DEBUG:colcon.colcon_core.event_handler.log_command:Invoking command in '/home/teamleafia/ros2_mer/src/pump_control': DEBUGINFOD_URLS=https://debuginfod.ubuntu.com PYTHONPATH=/home/teamleafia/ros2_mer/build/pump_control/prefix_override:/usr/lib/python3/dist-packages/colcon_core/task/python/colcon_distutils_commands:/home/teamleafia/ros2_mer/install/pump_control/lib/python3.12/site-packages:${PYTHONPATH} /usr/bin/python3 -W ignore:setup.py install is deprecated -W ignore:easy_install command is deprecated setup.py egg_info --egg-base ../../build/pump_control build --build-base /home/teamleafia/ros2_mer/build/pump_control/build install --record /home/teamleafia/ros2_mer/build/pump_control/install.log --single-version-externally-managed install_data
[3.287s] DEBUG:colcon.colcon_core.event_handler.log_command:Invoking command in '/home/teamleafia/ros2_mer/src/marker_align_2': DEBUGINFOD_URLS=https://debuginfod.ubuntu.com PYTHONPATH=/home/teamleafia/ros2_mer/build/marker_align_2/prefix_override:/usr/lib/python3/dist-packages/colcon_core/task/python/colcon_distutils_commands:/home/teamleafia/ros2_mer/install/marker_align_2/lib/python3.12/site-packages:${PYTHONPATH} /usr/bin/python3 -W ignore:setup.py install is deprecated -W ignore:easy_install command is deprecated setup.py egg_info --egg-base ../../build/marker_align_2 build --build-base /home/teamleafia/ros2_mer/build/marker_align_2/build install --record /home/teamleafia/ros2_mer/build/marker_align_2/install.log --single-version-externally-managed install_data
[3.337s] DEBUG:colcon.colcon_core.event_handler.log_command:Invoking command in '/home/teamleafia/ros2_mer/src/aruco_detector_yj_pkg_2': DEBUGINFOD_URLS=https://debuginfod.ubuntu.com PYTHONPATH=/home/teamleafia/ros2_mer/build/aruco_detector_yj_pkg_2/prefix_override:/usr/lib/python3/dist-packages/colcon_core/task/python/colcon_distutils_commands:/home/teamleafia/ros2_mer/install/aruco_detector_yj_pkg_2/lib/python3.12/site-packages:${PYTHONPATH} /usr/bin/python3 -W ignore:setup.py install is deprecated -W ignore:easy_install command is deprecated setup.py egg_info --egg-base ../../build/aruco_detector_yj_pkg_2 build --build-base /home/teamleafia/ros2_mer/build/aruco_detector_yj_pkg_2/build install --record /home/teamleafia/ros2_mer/build/aruco_detector_yj_pkg_2/install.log --single-version-externally-managed install_data
[3.453s] DEBUG:colcon.colcon_core.event_handler.log_command:Invoking command in '/home/teamleafia/ros2_mer/src/aruco_detector': DEBUGINFOD_URLS=https://debuginfod.ubuntu.com PYTHONPATH=/home/teamleafia/ros2_mer/build/aruco_detector/prefix_override:/usr/lib/python3/dist-packages/colcon_core/task/python/colcon_distutils_commands:/home/teamleafia/ros2_mer/install/aruco_detector/lib/python3.12/site-packages:${PYTHONPATH} /usr/bin/python3 -W ignore:setup.py install is deprecated -W ignore:easy_install command is deprecated setup.py egg_info --egg-base ../../build/aruco_detector build --build-base /home/teamleafia/ros2_mer/build/aruco_detector/build install --record /home/teamleafia/ros2_mer/build/aruco_detector/install.log --single-version-externally-managed install_data
[4.518s] DEBUG:colcon.colcon_core.event_handler.log_command:Invoked command in '/home/teamleafia/ros2_mer/src/pump_control' returned '0': DEBUGINFOD_URLS=https://debuginfod.ubuntu.com PYTHONPATH=/home/teamleafia/ros2_mer/build/pump_control/prefix_override:/usr/lib/python3/dist-packages/colcon_core/task/python/colcon_distutils_commands:/home/teamleafia/ros2_mer/install/pump_control/lib/python3.12/site-packages:${PYTHONPATH} /usr/bin/python3 -W ignore:setup.py install is deprecated -W ignore:easy_install command is deprecated setup.py egg_info --egg-base ../../build/pump_control build --build-base /home/teamleafia/ros2_mer/build/pump_control/build install --record /home/teamleafia/ros2_mer/build/pump_control/install.log --single-version-externally-managed install_data
[4.521s] Level 1:colcon.colcon_core.environment:checking '/home/teamleafia/ros2_mer/install/pump_control' for CMake module files
[4.522s] Level 1:colcon.colcon_core.environment:checking '/home/teamleafia/ros2_mer/install/pump_control' for CMake config files
[4.524s] Level 1:colcon.colcon_core.environment:checking '/home/teamleafia/ros2_mer/install/pump_control/lib'
[4.524s] Level 1:colcon.colcon_core.environment:checking '/home/teamleafia/ros2_mer/install/pump_control/bin'
[4.525s] Level 1:colcon.colcon_core.environment:checking '/home/teamleafia/ros2_mer/install/pump_control/lib/pkgconfig/pump_control.pc'
[4.525s] Level 1:colcon.colcon_core.environment:checking '/home/teamleafia/ros2_mer/install/pump_control/lib/python3.12/site-packages'
[4.526s] Level 1:colcon.colcon_core.shell:create_environment_hook('pump_control', 'pythonpath')
[4.526s] INFO:colcon.colcon_core.shell:Creating environment hook '/home/teamleafia/ros2_mer/install/pump_control/share/pump_control/hook/pythonpath.ps1'
[4.527s] INFO:colcon.colcon_core.shell:Creating environment descriptor '/home/teamleafia/ros2_mer/install/pump_control/share/pump_control/hook/pythonpath.dsv'
[4.529s] INFO:colcon.colcon_core.shell:Creating environment hook '/home/teamleafia/ros2_mer/install/pump_control/share/pump_control/hook/pythonpath.sh'
[4.530s] Level 1:colcon.colcon_core.environment:checking '/home/teamleafia/ros2_mer/install/pump_control/bin'
[4.531s] Level 1:colcon.colcon_core.environment:create_environment_scripts_only(pump_control)
[4.532s] INFO:colcon.colcon_core.shell:Creating package script '/home/teamleafia/ros2_mer/install/pump_control/share/pump_control/package.ps1'
[4.534s] INFO:colcon.colcon_core.shell:Creating package descriptor '/home/teamleafia/ros2_mer/install/pump_control/share/pump_control/package.dsv'
[4.536s] INFO:colcon.colcon_core.shell:Creating package script '/home/teamleafia/ros2_mer/install/pump_control/share/pump_control/package.sh'
[4.538s] INFO:colcon.colcon_core.shell:Creating package script '/home/teamleafia/ros2_mer/install/pump_control/share/pump_control/package.bash'
[4.580s] INFO:colcon.colcon_core.shell:Creating package script '/home/teamleafia/ros2_mer/install/pump_control/share/pump_control/package.zsh'
[4.582s] Level 1:colcon.colcon_core.environment:create_file_with_runtime_dependencies(/home/teamleafia/ros2_mer/install/pump_control/share/colcon-core/packages/pump_control)
[4.583s] INFO:colcon.colcon_ros.task.ament_python.build:Building ROS package in '/home/teamleafia/ros2_mer/src/robot_control' with build type 'ament_python'
[4.585s] Level 1:colcon.colcon_core.shell:create_environment_hook('robot_control', 'ament_prefix_path')
[4.586s] INFO:colcon.colcon_core.shell:Creating environment hook '/home/teamleafia/ros2_mer/install/robot_control/share/robot_control/hook/ament_prefix_path.ps1'
[4.589s] INFO:colcon.colcon_core.shell:Creating environment descriptor '/home/teamleafia/ros2_mer/install/robot_control/share/robot_control/hook/ament_prefix_path.dsv'
[4.592s] INFO:colcon.colcon_core.shell:Creating environment hook '/home/teamleafia/ros2_mer/install/robot_control/share/robot_control/hook/ament_prefix_path.sh'
[4.594s] INFO:colcon.colcon_core.shell:Skip shell extension 'powershell' for command environment: Not usable outside of PowerShell
[4.595s] DEBUG:colcon.colcon_core.shell:Skip shell extension 'dsv' for command environment
[4.606s] Level 1:colcon.colcon_core.environment:checking '/home/teamleafia/ros2_mer/install/marker_align_2' for CMake module files
[4.607s] DEBUG:colcon.colcon_core.event_handler.log_command:Invoked command in '/home/teamleafia/ros2_mer/src/marker_align_2' returned '0': DEBUGINFOD_URLS=https://debuginfod.ubuntu.com PYTHONPATH=/home/teamleafia/ros2_mer/build/marker_align_2/prefix_override:/usr/lib/python3/dist-packages/colcon_core/task/python/colcon_distutils_commands:/home/teamleafia/ros2_mer/install/marker_align_2/lib/python3.12/site-packages:${PYTHONPATH} /usr/bin/python3 -W ignore:setup.py install is deprecated -W ignore:easy_install command is deprecated setup.py egg_info --egg-base ../../build/marker_align_2 build --build-base /home/teamleafia/ros2_mer/build/marker_align_2/build install --record /home/teamleafia/ros2_mer/build/marker_align_2/install.log --single-version-externally-managed install_data
[4.607s] Level 1:colcon.colcon_core.environment:checking '/home/teamleafia/ros2_mer/install/marker_align_2' for CMake config files
[4.609s] Level 1:colcon.colcon_core.environment:checking '/home/teamleafia/ros2_mer/install/marker_align_2/lib'
[4.609s] Level 1:colcon.colcon_core.environment:checking '/home/teamleafia/ros2_mer/install/marker_align_2/bin'
[4.609s] Level 1:colcon.colcon_core.environment:checking '/home/teamleafia/ros2_mer/install/marker_align_2/lib/pkgconfig/marker_align_2.pc'
[4.610s] Level 1:colcon.colcon_core.environment:checking '/home/teamleafia/ros2_mer/install/marker_align_2/lib/python3.12/site-packages'
[4.610s] Level 1:colcon.colcon_core.shell:create_environment_hook('marker_align_2', 'pythonpath')
[4.610s] INFO:colcon.colcon_core.shell:Creating environment hook '/home/teamleafia/ros2_mer/install/marker_align_2/share/marker_align_2/hook/pythonpath.ps1'
[4.611s] INFO:colcon.colcon_core.shell:Creating environment descriptor '/home/teamleafia/ros2_mer/install/marker_align_2/share/marker_align_2/hook/pythonpath.dsv'
[4.612s] INFO:colcon.colcon_core.shell:Creating environment hook '/home/teamleafia/ros2_mer/install/marker_align_2/share/marker_align_2/hook/pythonpath.sh'
[4.614s] Level 1:colcon.colcon_core.environment:checking '/home/teamleafia/ros2_mer/install/marker_align_2/bin'
[4.614s] Level 1:colcon.colcon_core.environment:create_environment_scripts_only(marker_align_2)
[4.614s] INFO:colcon.colcon_core.shell:Creating package script '/home/teamleafia/ros2_mer/install/marker_align_2/share/marker_align_2/package.ps1'
[4.615s] INFO:colcon.colcon_core.shell:Creating package descriptor '/home/teamleafia/ros2_mer/install/marker_align_2/share/marker_align_2/package.dsv'
[4.616s] INFO:colcon.colcon_core.shell:Creating package script '/home/teamleafia/ros2_mer/install/marker_align_2/share/marker_align_2/package.sh'
[4.617s] INFO:colcon.colcon_core.shell:Creating package script '/home/teamleafia/ros2_mer/install/marker_align_2/share/marker_align_2/package.bash'
[4.619s] INFO:colcon.colcon_core.shell:Creating package script '/home/teamleafia/ros2_mer/install/marker_align_2/share/marker_align_2/package.zsh'
[4.619s] Level 1:colcon.colcon_core.environment:create_file_with_runtime_dependencies(/home/teamleafia/ros2_mer/install/marker_align_2/share/colcon-core/packages/marker_align_2)
[4.625s] INFO:colcon.colcon_ros.task.ament_python.build:Building ROS package in '/home/teamleafia/ros2_mer/src/cartrash' with build type 'ament_python'
[4.625s] Level 1:colcon.colcon_core.shell:create_environment_hook('cartrash', 'ament_prefix_path')
[4.627s] INFO:colcon.colcon_core.shell:Creating environment hook '/home/teamleafia/ros2_mer/install/cartrash/share/cartrash/hook/ament_prefix_path.ps1'
[4.628s] INFO:colcon.colcon_core.shell:Creating environment descriptor '/home/teamleafia/ros2_mer/install/cartrash/share/cartrash/hook/ament_prefix_path.dsv'
[4.629s] INFO:colcon.colcon_core.shell:Creating environment hook '/home/teamleafia/ros2_mer/install/cartrash/share/cartrash/hook/ament_prefix_path.sh'
[4.631s] INFO:colcon.colcon_core.shell:Skip shell extension 'powershell' for command environment: Not usable outside of PowerShell
[4.631s] DEBUG:colcon.colcon_core.shell:Skip shell extension 'dsv' for command environment
[5.062s] INFO:colcon.colcon_core.task.python.build:Building Python package in '/home/teamleafia/ros2_mer/src/robot_control'
[5.063s] INFO:colcon.colcon_core.shell:Skip shell extension 'powershell' for command environment: Not usable outside of PowerShell
[5.063s] DEBUG:colcon.colcon_core.shell:Skip shell extension 'dsv' for command environment
[5.436s] INFO:colcon.colcon_core.task.python.build:Building Python package in '/home/teamleafia/ros2_mer/src/cartrash'
[5.436s] INFO:colcon.colcon_core.shell:Skip shell extension 'powershell' for command environment: Not usable outside of PowerShell
[5.437s] DEBUG:colcon.colcon_core.shell:Skip shell extension 'dsv' for command environment
[5.444s] Level 1:colcon.colcon_core.environment:checking '/home/teamleafia/ros2_mer/install/aruco_detector_yj_pkg_2' for CMake module files
[5.444s] DEBUG:colcon.colcon_core.event_handler.log_command:Invoked command in '/home/teamleafia/ros2_mer/src/aruco_detector_yj_pkg_2' returned '0': DEBUGINFOD_URLS=https://debuginfod.ubuntu.com PYTHONPATH=/home/teamleafia/ros2_mer/build/aruco_detector_yj_pkg_2/prefix_override:/usr/lib/python3/dist-packages/colcon_core/task/python/colcon_distutils_commands:/home/teamleafia/ros2_mer/install/aruco_detector_yj_pkg_2/lib/python3.12/site-packages:${PYTHONPATH} /usr/bin/python3 -W ignore:setup.py install is deprecated -W ignore:easy_install command is deprecated setup.py egg_info --egg-base ../../build/aruco_detector_yj_pkg_2 build --build-base /home/teamleafia/ros2_mer/build/aruco_detector_yj_pkg_2/build install --record /home/teamleafia/ros2_mer/build/aruco_detector_yj_pkg_2/install.log --single-version-externally-managed install_data
[5.445s] Level 1:colcon.colcon_core.environment:checking '/home/teamleafia/ros2_mer/install/aruco_detector_yj_pkg_2' for CMake config files
[5.446s] Level 1:colcon.colcon_core.environment:checking '/home/teamleafia/ros2_mer/install/aruco_detector_yj_pkg_2/lib'
[5.446s] Level 1:colcon.colcon_core.environment:checking '/home/teamleafia/ros2_mer/install/aruco_detector_yj_pkg_2/bin'
[5.446s] Level 1:colcon.colcon_core.environment:checking '/home/teamleafia/ros2_mer/install/aruco_detector_yj_pkg_2/lib/pkgconfig/aruco_detector_yj_pkg_2.pc'
[5.447s] Level 1:colcon.colcon_core.environment:checking '/home/teamleafia/ros2_mer/install/aruco_detector_yj_pkg_2/lib/python3.12/site-packages'
[5.447s] Level 1:colcon.colcon_core.shell:create_environment_hook('aruco_detector_yj_pkg_2', 'pythonpath')
[5.447s] INFO:colcon.colcon_core.shell:Creating environment hook '/home/teamleafia/ros2_mer/install/aruco_detector_yj_pkg_2/share/aruco_detector_yj_pkg_2/hook/pythonpath.ps1'
[5.448s] INFO:colcon.colcon_core.shell:Creating environment descriptor '/home/teamleafia/ros2_mer/install/aruco_detector_yj_pkg_2/share/aruco_detector_yj_pkg_2/hook/pythonpath.dsv'
[5.449s] INFO:colcon.colcon_core.shell:Creating environment hook '/home/teamleafia/ros2_mer/install/aruco_detector_yj_pkg_2/share/aruco_detector_yj_pkg_2/hook/pythonpath.sh'
[5.449s] Level 1:colcon.colcon_core.environment:checking '/home/teamleafia/ros2_mer/install/aruco_detector_yj_pkg_2/bin'
[5.450s] Level 1:colcon.colcon_core.environment:create_environment_scripts_only(aruco_detector_yj_pkg_2)
[5.450s] INFO:colcon.colcon_core.shell:Creating package script '/home/teamleafia/ros2_mer/install/aruco_detector_yj_pkg_2/share/aruco_detector_yj_pkg_2/package.ps1'
[5.451s] INFO:colcon.colcon_core.shell:Creating package descriptor '/home/teamleafia/ros2_mer/install/aruco_detector_yj_pkg_2/share/aruco_detector_yj_pkg_2/package.dsv'
[5.451s] INFO:colcon.colcon_core.shell:Creating package script '/home/teamleafia/ros2_mer/install/aruco_detector_yj_pkg_2/share/aruco_detector_yj_pkg_2/package.sh'
[5.452s] INFO:colcon.colcon_core.shell:Creating package script '/home/teamleafia/ros2_mer/install/aruco_detector_yj_pkg_2/share/aruco_detector_yj_pkg_2/package.bash'
[5.453s] INFO:colcon.colcon_core.shell:Creating package script '/home/teamleafia/ros2_mer/install/aruco_detector_yj_pkg_2/share/aruco_detector_yj_pkg_2/package.zsh'
[5.453s] Level 1:colcon.colcon_core.environment:create_file_with_runtime_dependencies(/home/teamleafia/ros2_mer/install/aruco_detector_yj_pkg_2/share/colcon-core/packages/aruco_detector_yj_pkg_2)
[5.454s] Level 1:colcon.colcon_core.environment:checking '/home/teamleafia/ros2_mer/install/aruco_detector' for CMake module files
[5.456s] Level 1:colcon.colcon_core.environment:checking '/home/teamleafia/ros2_mer/install/aruco_detector' for CMake config files
[5.456s] DEBUG:colcon.colcon_core.event_handler.log_command:Invoked command in '/home/teamleafia/ros2_mer/src/aruco_detector' returned '0': DEBUGINFOD_URLS=https://debuginfod.ubuntu.com PYTHONPATH=/home/teamleafia/ros2_mer/build/aruco_detector/prefix_override:/usr/lib/python3/dist-packages/colcon_core/task/python/colcon_distutils_commands:/home/teamleafia/ros2_mer/install/aruco_detector/lib/python3.12/site-packages:${PYTHONPATH} /usr/bin/python3 -W ignore:setup.py install is deprecated -W ignore:easy_install command is deprecated setup.py egg_info --egg-base ../../build/aruco_detector build --build-base /home/teamleafia/ros2_mer/build/aruco_detector/build install --record /home/teamleafia/ros2_mer/build/aruco_detector/install.log --single-version-externally-managed install_data
[5.457s] Level 1:colcon.colcon_core.environment:checking '/home/teamleafia/ros2_mer/install/aruco_detector/lib'
[5.457s] Level 1:colcon.colcon_core.environment:checking '/home/teamleafia/ros2_mer/install/aruco_detector/bin'
[5.457s] Level 1:colcon.colcon_core.environment:checking '/home/teamleafia/ros2_mer/install/aruco_detector/lib/pkgconfig/aruco_detector.pc'
[5.457s] Level 1:colcon.colcon_core.environment:checking '/home/teamleafia/ros2_mer/install/aruco_detector/lib/python3.12/site-packages'
[5.458s] Level 1:colcon.colcon_core.shell:create_environment_hook('aruco_detector', 'pythonpath')
[5.458s] INFO:colcon.colcon_core.shell:Creating environment hook '/home/teamleafia/ros2_mer/install/aruco_detector/share/aruco_detector/hook/pythonpath.ps1'
[5.459s] INFO:colcon.colcon_core.shell:Creating environment descriptor '/home/teamleafia/ros2_mer/install/aruco_detector/share/aruco_detector/hook/pythonpath.dsv'
[5.459s] INFO:colcon.colcon_core.shell:Creating environment hook '/home/teamleafia/ros2_mer/install/aruco_detector/share/aruco_detector/hook/pythonpath.sh'
[5.460s] Level 1:colcon.colcon_core.environment:checking '/home/teamleafia/ros2_mer/install/aruco_detector/bin'
[5.460s] Level 1:colcon.colcon_core.environment:create_environment_scripts_only(aruco_detector)
[5.461s] INFO:colcon.colcon_core.shell:Creating package script '/home/teamleafia/ros2_mer/install/aruco_detector/share/aruco_detector/package.ps1'
[5.461s] INFO:colcon.colcon_core.shell:Creating package descriptor '/home/teamleafia/ros2_mer/install/aruco_detector/share/aruco_detector/package.dsv'
[5.462s] INFO:colcon.colcon_core.shell:Creating package script '/home/teamleafia/ros2_mer/install/aruco_detector/share/aruco_detector/package.sh'
[5.463s] INFO:colcon.colcon_core.shell:Creating package script '/home/teamleafia/ros2_mer/install/aruco_detector/share/aruco_detector/package.bash'
[5.463s] INFO:colcon.colcon_core.shell:Creating package script '/home/teamleafia/ros2_mer/install/aruco_detector/share/aruco_detector/package.zsh'
[5.464s] Level 1:colcon.colcon_core.environment:create_file_with_runtime_dependencies(/home/teamleafia/ros2_mer/install/aruco_detector/share/colcon-core/packages/aruco_detector)
[6.532s] DEBUG:colcon.colcon_core.event_handler.log_command:Invoking command in '/home/teamleafia/ros2_mer/src/robot_control': DEBUGINFOD_URLS=https://debuginfod.ubuntu.com PYTHONPATH=/home/teamleafia/ros2_mer/build/robot_control/prefix_override:/usr/lib/python3/dist-packages/colcon_core/task/python/colcon_distutils_commands:/home/teamleafia/ros2_mer/install/robot_control/lib/python3.12/site-packages:${PYTHONPATH} /usr/bin/python3 -W ignore:setup.py install is deprecated -W ignore:easy_install command is deprecated setup.py egg_info --egg-base ../../build/robot_control build --build-base /home/teamleafia/ros2_mer/build/robot_control/build install --record /home/teamleafia/ros2_mer/build/robot_control/install.log --single-version-externally-managed install_data
[6.553s] DEBUG:colcon.colcon_core.event_handler.log_command:Invoking command in '/home/teamleafia/ros2_mer/src/cartrash': DEBUGINFOD_URLS=https://debuginfod.ubuntu.com PYTHONPATH=/home/teamleafia/ros2_mer/build/cartrash/prefix_override:/usr/lib/python3/dist-packages/colcon_core/task/python/colcon_distutils_commands:/home/teamleafia/ros2_mer/install/cartrash/lib/python3.12/site-packages:${PYTHONPATH} /usr/bin/python3 -W ignore:setup.py install is deprecated -W ignore:easy_install command is deprecated setup.py egg_info --egg-base ../../build/cartrash build --build-base /home/teamleafia/ros2_mer/build/cartrash/build install --record /home/teamleafia/ros2_mer/build/cartrash/install.log --single-version-externally-managed install_data
[7.538s] Level 1:colcon.colcon_core.environment:checking '/home/teamleafia/ros2_mer/install/cartrash' for CMake module files
[7.539s] DEBUG:colcon.colcon_core.event_handler.log_command:Invoked command in '/home/teamleafia/ros2_mer/src/cartrash' returned '0': DEBUGINFOD_URLS=https://debuginfod.ubuntu.com PYTHONPATH=/home/teamleafia/ros2_mer/build/cartrash/prefix_override:/usr/lib/python3/dist-packages/colcon_core/task/python/colcon_distutils_commands:/home/teamleafia/ros2_mer/install/cartrash/lib/python3.12/site-packages:${PYTHONPATH} /usr/bin/python3 -W ignore:setup.py install is deprecated -W ignore:easy_install command is deprecated setup.py egg_info --egg-base ../../build/cartrash build --build-base /home/teamleafia/ros2_mer/build/cartrash/build install --record /home/teamleafia/ros2_mer/build/cartrash/install.log --single-version-externally-managed install_data
[7.540s] Level 1:colcon.colcon_core.environment:checking '/home/teamleafia/ros2_mer/install/cartrash' for CMake config files
[7.541s] Level 1:colcon.colcon_core.environment:checking '/home/teamleafia/ros2_mer/install/cartrash/lib'
[7.541s] Level 1:colcon.colcon_core.environment:checking '/home/teamleafia/ros2_mer/install/cartrash/bin'
[7.541s] Level 1:colcon.colcon_core.environment:checking '/home/teamleafia/ros2_mer/install/cartrash/lib/pkgconfig/cartrash.pc'
[7.542s] Level 1:colcon.colcon_core.environment:checking '/home/teamleafia/ros2_mer/install/cartrash/lib/python3.12/site-packages'
[7.542s] Level 1:colcon.colcon_core.shell:create_environment_hook('cartrash', 'pythonpath')
[7.543s] INFO:colcon.colcon_core.shell:Creating environment hook '/home/teamleafia/ros2_mer/install/cartrash/share/cartrash/hook/pythonpath.ps1'
[7.544s] INFO:colcon.colcon_core.shell:Creating environment descriptor '/home/teamleafia/ros2_mer/install/cartrash/share/cartrash/hook/pythonpath.dsv'
[7.544s] INFO:colcon.colcon_core.shell:Creating environment hook '/home/teamleafia/ros2_mer/install/cartrash/share/cartrash/hook/pythonpath.sh'
[7.545s] Level 1:colcon.colcon_core.environment:checking '/home/teamleafia/ros2_mer/install/cartrash/bin'
[7.545s] Level 1:colcon.colcon_core.environment:create_environment_scripts_only(cartrash)
[7.546s] INFO:colcon.colcon_core.shell:Creating package script '/home/teamleafia/ros2_mer/install/cartrash/share/cartrash/package.ps1'
[7.547s] INFO:colcon.colcon_core.shell:Creating package descriptor '/home/teamleafia/ros2_mer/install/cartrash/share/cartrash/package.dsv'
[7.548s] INFO:colcon.colcon_core.shell:Creating package script '/home/teamleafia/ros2_mer/install/cartrash/share/cartrash/package.sh'
[7.549s] INFO:colcon.colcon_core.shell:Creating package script '/home/teamleafia/ros2_mer/install/cartrash/share/cartrash/package.bash'
[7.550s] INFO:colcon.colcon_core.shell:Creating package script '/home/teamleafia/ros2_mer/install/cartrash/share/cartrash/package.zsh'
[7.551s] Level 1:colcon.colcon_core.environment:create_file_with_runtime_dependencies(/home/teamleafia/ros2_mer/install/cartrash/share/colcon-core/packages/cartrash)
[7.555s] Level 1:colcon.colcon_core.environment:checking '/home/teamleafia/ros2_mer/install/robot_control' for CMake module files
[7.556s] DEBUG:colcon.colcon_core.event_handler.log_command:Invoked command in '/home/teamleafia/ros2_mer/src/robot_control' returned '0': DEBUGINFOD_URLS=https://debuginfod.ubuntu.com PYTHONPATH=/home/teamleafia/ros2_mer/build/robot_control/prefix_override:/usr/lib/python3/dist-packages/colcon_core/task/python/colcon_distutils_commands:/home/teamleafia/ros2_mer/install/robot_control/lib/python3.12/site-packages:${PYTHONPATH} /usr/bin/python3 -W ignore:setup.py install is deprecated -W ignore:easy_install command is deprecated setup.py egg_info --egg-base ../../build/robot_control build --build-base /home/teamleafia/ros2_mer/build/robot_control/build install --record /home/teamleafia/ros2_mer/build/robot_control/install.log --single-version-externally-managed install_data
[7.556s] Level 1:colcon.colcon_core.environment:checking '/home/teamleafia/ros2_mer/install/robot_control' for CMake config files
[7.557s] Level 1:colcon.colcon_core.environment:checking '/home/teamleafia/ros2_mer/install/robot_control/lib'
[7.557s] Level 1:colcon.colcon_core.environment:checking '/home/teamleafia/ros2_mer/install/robot_control/bin'
[7.557s] Level 1:colcon.colcon_core.environment:checking '/home/teamleafia/ros2_mer/install/robot_control/lib/pkgconfig/robot_control.pc'
[7.557s] Level 1:colcon.colcon_core.environment:checking '/home/teamleafia/ros2_mer/install/robot_control/lib/python3.12/site-packages'
[7.558s] Level 1:colcon.colcon_core.shell:create_environment_hook('robot_control', 'pythonpath')
[7.558s] INFO:colcon.colcon_core.shell:Creating environment hook '/home/teamleafia/ros2_mer/install/robot_control/share/robot_control/hook/pythonpath.ps1'
[7.559s] INFO:colcon.colcon_core.shell:Creating environment descriptor '/home/teamleafia/ros2_mer/install/robot_control/share/robot_control/hook/pythonpath.dsv'
[7.559s] INFO:colcon.colcon_core.shell:Creating environment hook '/home/teamleafia/ros2_mer/install/robot_control/share/robot_control/hook/pythonpath.sh'
[7.560s] Level 1:colcon.colcon_core.environment:checking '/home/teamleafia/ros2_mer/install/robot_control/bin'
[7.560s] Level 1:colcon.colcon_core.environment:create_environment_scripts_only(robot_control)
[7.561s] INFO:colcon.colcon_core.shell:Creating package script '/home/teamleafia/ros2_mer/install/robot_control/share/robot_control/package.ps1'
[7.561s] INFO:colcon.colcon_core.shell:Creating package descriptor '/home/teamleafia/ros2_mer/install/robot_control/share/robot_control/package.dsv'
[7.562s] INFO:colcon.colcon_core.shell:Creating package script '/home/teamleafia/ros2_mer/install/robot_control/share/robot_control/package.sh'
[7.563s] INFO:colcon.colcon_core.shell:Creating package script '/home/teamleafia/ros2_mer/install/robot_control/share/robot_control/package.bash'
[7.564s] INFO:colcon.colcon_core.shell:Creating package script '/home/teamleafia/ros2_mer/install/robot_control/share/robot_control/package.zsh'
[7.564s] Level 1:colcon.colcon_core.environment:create_file_with_runtime_dependencies(/home/teamleafia/ros2_mer/install/robot_control/share/colcon-core/packages/robot_control)
[7.565s] INFO:colcon.colcon_ros.task.ament_python.build:Building ROS package in '/home/teamleafia/ros2_mer/src/plant_transport' with build type 'ament_python'
[7.565s] Level 1:colcon.colcon_core.shell:create_environment_hook('plant_transport', 'ament_prefix_path')
[7.566s] INFO:colcon.colcon_core.shell:Creating environment hook '/home/teamleafia/ros2_mer/install/plant_transport/share/plant_transport/hook/ament_prefix_path.ps1'
[7.567s] INFO:colcon.colcon_core.shell:Creating environment descriptor '/home/teamleafia/ros2_mer/install/plant_transport/share/plant_transport/hook/ament_prefix_path.dsv'
[7.568s] INFO:colcon.colcon_core.shell:Creating environment hook '/home/teamleafia/ros2_mer/install/plant_transport/share/plant_transport/hook/ament_prefix_path.sh'
[7.569s] INFO:colcon.colcon_core.shell:Skip shell extension 'powershell' for command environment: Not usable outside of PowerShell
[7.569s] DEBUG:colcon.colcon_core.shell:Skip shell extension 'dsv' for command environment
[7.944s] INFO:colcon.colcon_core.task.python.build:Building Python package in '/home/teamleafia/ros2_mer/src/plant_transport'
[7.945s] INFO:colcon.colcon_core.shell:Skip shell extension 'powershell' for command environment: Not usable outside of PowerShell
[7.945s] DEBUG:colcon.colcon_core.shell:Skip shell extension 'dsv' for command environment
[8.950s] DEBUG:colcon.colcon_core.event_handler.log_command:Invoking command in '/home/teamleafia/ros2_mer/src/plant_transport': AMENT_PREFIX_PATH=/home/teamleafia/ros2_mer/install/robot_control:/home/teamleafia/ros2_mer/install/pump_control:/home/teamleafia/ros2_mer/install/marker_align_2:/home/teamleafia/ros2_mer/install/aruco_detector_yj_pkg_2:/home/teamleafia/ros2_mer/install/aruco_detector:/home/teamleafia/ros2_mer/install/plant_transport:/home/teamleafia/ros2_mer/install/cartrash:/home/teamleafia/ros2_mot/install/rplidar_ros:/home/teamleafia/ros2_mot/install/robot_control:/home/teamleafia/ros2_mot/install/pca9685_motor_control:/home/teamleafia/slam_ws/install/my_robot_description:/opt/ros/jazzy DEBUGINFOD_URLS=https://debuginfod.ubuntu.com PYTHONPATH=/home/teamleafia/ros2_mer/build/plant_transport/prefix_override:/usr/lib/python3/dist-packages/colcon_core/task/python/colcon_distutils_commands:/home/teamleafia/ros2_mer/install/plant_transport/lib/python3.12/site-packages:/home/teamleafia/ros2_mer/install/robot_control/lib/python3.12/site-packages:/home/teamleafia/ros2_mer/install/pump_control/lib/python3.12/site-packages:/home/teamleafia/ros2_mer/install/marker_align_2/lib/python3.12/site-packages:/home/teamleafia/ros2_mer/install/aruco_detector_yj_pkg_2/lib/python3.12/site-packages:/home/teamleafia/ros2_mer/install/aruco_detector/lib/python3.12/site-packages:/home/teamleafia/ros2_mer/install/plant_transport/lib/python3.12/site-packages:/home/teamleafia/ros2_mer/install/cartrash/lib/python3.12/site-packages:/home/teamleafia/ros2_mot/install/robot_control/lib/python3.12/site-packages:/home/teamleafia/ros2_mot/install/pca9685_motor_control/lib/python3.12/site-packages:/opt/ros/jazzy/lib/python3.12/site-packages /usr/bin/python3 -W ignore:setup.py install is deprecated -W ignore:easy_install command is deprecated setup.py egg_info --egg-base ../../build/plant_transport build --build-base /home/teamleafia/ros2_mer/build/plant_transport/build install --record /home/teamleafia/ros2_mer/build/plant_transport/install.log --single-version-externally-managed install_data
[9.887s] Level 1:colcon.colcon_core.environment:checking '/home/teamleafia/ros2_mer/install/plant_transport' for CMake module files
[9.888s] Level 1:colcon.colcon_core.environment:checking '/home/teamleafia/ros2_mer/install/plant_transport' for CMake config files
[9.888s] DEBUG:colcon.colcon_core.event_handler.log_command:Invoked command in '/home/teamleafia/ros2_mer/src/plant_transport' returned '0': AMENT_PREFIX_PATH=/home/teamleafia/ros2_mer/install/robot_control:/home/teamleafia/ros2_mer/install/pump_control:/home/teamleafia/ros2_mer/install/marker_align_2:/home/teamleafia/ros2_mer/install/aruco_detector_yj_pkg_2:/home/teamleafia/ros2_mer/install/aruco_detector:/home/teamleafia/ros2_mer/install/plant_transport:/home/teamleafia/ros2_mer/install/cartrash:/home/teamleafia/ros2_mot/install/rplidar_ros:/home/teamleafia/ros2_mot/install/robot_control:/home/teamleafia/ros2_mot/install/pca9685_motor_control:/home/teamleafia/slam_ws/install/my_robot_description:/opt/ros/jazzy DEBUGINFOD_URLS=https://debuginfod.ubuntu.com PYTHONPATH=/home/teamleafia/ros2_mer/build/plant_transport/prefix_override:/usr/lib/python3/dist-packages/colcon_core/task/python/colcon_distutils_commands:/home/teamleafia/ros2_mer/install/plant_transport/lib/python3.12/site-packages:/home/teamleafia/ros2_mer/install/robot_control/lib/python3.12/site-packages:/home/teamleafia/ros2_mer/install/pump_control/lib/python3.12/site-packages:/home/teamleafia/ros2_mer/install/marker_align_2/lib/python3.12/site-packages:/home/teamleafia/ros2_mer/install/aruco_detector_yj_pkg_2/lib/python3.12/site-packages:/home/teamleafia/ros2_mer/install/aruco_detector/lib/python3.12/site-packages:/home/teamleafia/ros2_mer/install/plant_transport/lib/python3.12/site-packages:/home/teamleafia/ros2_mer/install/cartrash/lib/python3.12/site-packages:/home/teamleafia/ros2_mot/install/robot_control/lib/python3.12/site-packages:/home/teamleafia/ros2_mot/install/pca9685_motor_control/lib/python3.12/site-packages:/opt/ros/jazzy/lib/python3.12/site-packages /usr/bin/python3 -W ignore:setup.py install is deprecated -W ignore:easy_install command is deprecated setup.py egg_info --egg-base ../../build/plant_transport build --build-base /home/teamleafia/ros2_mer/build/plant_transport/build install --record /home/teamleafia/ros2_mer/build/plant_transport/install.log --single-version-externally-managed install_data
[9.889s] Level 1:colcon.colcon_core.environment:checking '/home/teamleafia/ros2_mer/install/plant_transport/lib'
[9.889s] Level 1:colcon.colcon_core.environment:checking '/home/teamleafia/ros2_mer/install/plant_transport/bin'
[9.889s] Level 1:colcon.colcon_core.environment:checking '/home/teamleafia/ros2_mer/install/plant_transport/lib/pkgconfig/plant_transport.pc'
[9.890s] Level 1:colcon.colcon_core.environment:checking '/home/teamleafia/ros2_mer/install/plant_transport/lib/python3.12/site-packages'
[9.890s] Level 1:colcon.colcon_core.shell:create_environment_hook('plant_transport', 'pythonpath')
[9.890s] INFO:colcon.colcon_core.shell:Creating environment hook '/home/teamleafia/ros2_mer/install/plant_transport/share/plant_transport/hook/pythonpath.ps1'
[9.891s] INFO:colcon.colcon_core.shell:Creating environment descriptor '/home/teamleafia/ros2_mer/install/plant_transport/share/plant_transport/hook/pythonpath.dsv'
[9.891s] INFO:colcon.colcon_core.shell:Creating environment hook '/home/teamleafia/ros2_mer/install/plant_transport/share/plant_transport/hook/pythonpath.sh'
[9.892s] Level 1:colcon.colcon_core.environment:checking '/home/teamleafia/ros2_mer/install/plant_transport/bin'
[9.893s] Level 1:colcon.colcon_core.environment:create_environment_scripts_only(plant_transport)
[9.893s] INFO:colcon.colcon_core.shell:Creating package script '/home/teamleafia/ros2_mer/install/plant_transport/share/plant_transport/package.ps1'
[9.894s] INFO:colcon.colcon_core.shell:Creating package descriptor '/home/teamleafia/ros2_mer/install/plant_transport/share/plant_transport/package.dsv'
[9.894s] INFO:colcon.colcon_core.shell:Creating package script '/home/teamleafia/ros2_mer/install/plant_transport/share/plant_transport/package.sh'
[9.895s] INFO:colcon.colcon_core.shell:Creating package script '/home/teamleafia/ros2_mer/install/plant_transport/share/plant_transport/package.bash'
[9.896s] INFO:colcon.colcon_core.shell:Creating package script '/home/teamleafia/ros2_mer/install/plant_transport/share/plant_transport/package.zsh'
[9.897s] Level 1:colcon.colcon_core.environment:create_file_with_runtime_dependencies(/home/teamleafia/ros2_mer/install/plant_transport/share/colcon-core/packages/plant_transport)
[9.897s] DEBUG:colcon.colcon_parallel_executor.executor.parallel:closing loop
[9.898s] DEBUG:colcon.colcon_parallel_executor.executor.parallel:loop closed
[9.898s] DEBUG:colcon.colcon_parallel_executor.executor.parallel:run_until_complete finished with '0'
[9.899s] DEBUG:colcon.colcon_core.event_reactor:joining thread
[9.907s] INFO:colcon.colcon_core.plugin_system:Skipping extension 'colcon_notification.desktop_notification.terminal_notifier': Not used on non-Darwin systems
[9.907s] INFO:colcon.colcon_core.plugin_system:Skipping extension 'colcon_notification.desktop_notification.win32': Not used on non-Windows systems
[9.907s] INFO:colcon.colcon_notification.desktop_notification:Sending desktop notification using 'notify2'
[34.919s] DEBUG:colcon.colcon_notification.desktop_notification.notify2:Failed to initialize notify2: org.freedesktop.DBus.Error.NoReply: Did not receive a reply. Possible causes include: the remote application did not send a reply, the message bus security policy blocked the reply, the reply timeout expired, or the network connection was broken.
[34.920s] DEBUG:colcon.colcon_core.event_reactor:joined thread
[34.920s] INFO:colcon.colcon_core.shell:Creating prefix script '/home/teamleafia/ros2_mer/install/local_setup.ps1'
[34.922s] INFO:colcon.colcon_core.shell:Creating prefix util module '/home/teamleafia/ros2_mer/install/_local_setup_util_ps1.py'
[34.924s] INFO:colcon.colcon_core.shell:Creating prefix chain script '/home/teamleafia/ros2_mer/install/setup.ps1'
[34.927s] INFO:colcon.colcon_core.shell:Creating prefix script '/home/teamleafia/ros2_mer/install/local_setup.sh'
[34.927s] INFO:colcon.colcon_core.shell:Creating prefix util module '/home/teamleafia/ros2_mer/install/_local_setup_util_sh.py'
[34.928s] INFO:colcon.colcon_core.shell:Creating prefix chain script '/home/teamleafia/ros2_mer/install/setup.sh'
[34.931s] INFO:colcon.colcon_core.shell:Creating prefix script '/home/teamleafia/ros2_mer/install/local_setup.bash'
[34.932s] INFO:colcon.colcon_core.shell:Creating prefix chain script '/home/teamleafia/ros2_mer/install/setup.bash'
[34.934s] INFO:colcon.colcon_core.shell:Creating prefix script '/home/teamleafia/ros2_mer/install/local_setup.zsh'
[34.935s] INFO:colcon.colcon_core.shell:Creating prefix chain script '/home/teamleafia/ros2_mer/install/setup.zsh'
