[2.809s] Invoking command in '/home/teamleafia/ros2_mer/src/pump_control': DEBUGINFOD_URLS=https://debuginfod.ubuntu.com PYTHONPATH=/home/teamleafia/ros2_mer/build/pump_control/prefix_override:/usr/lib/python3/dist-packages/colcon_core/task/python/colcon_distutils_commands:/home/teamleafia/ros2_mer/install/pump_control/lib/python3.12/site-packages:${PYTHONPATH} /usr/bin/python3 -W ignore:setup.py install is deprecated -W ignore:easy_install command is deprecated setup.py egg_info --egg-base ../../build/pump_control build --build-base /home/teamleafia/ros2_mer/build/pump_control/build install --record /home/teamleafia/ros2_mer/build/pump_control/install.log --single-version-externally-managed install_data
[3.400s] running egg_info
[3.437s] writing ../../build/pump_control/pump_control.egg-info/PKG-INFO
[3.437s] writing dependency_links to ../../build/pump_control/pump_control.egg-info/dependency_links.txt
[3.440s] writing entry points to ../../build/pump_control/pump_control.egg-info/entry_points.txt
[3.442s] writing requirements to ../../build/pump_control/pump_control.egg-info/requires.txt
[3.445s] writing top-level names to ../../build/pump_control/pump_control.egg-info/top_level.txt
[3.523s] reading manifest file '../../build/pump_control/pump_control.egg-info/SOURCES.txt'
[3.523s] writing manifest file '../../build/pump_control/pump_control.egg-info/SOURCES.txt'
[3.524s] running build
[3.525s] running build_py
[3.525s] running install
[3.537s] running install_lib
[3.575s] running install_data
[3.578s] running install_egg_info
[3.611s] removing '/home/teamleafia/ros2_mer/install/pump_control/lib/python3.12/site-packages/pump_control-0.0.0-py3.12.egg-info' (and everything under it)
[3.612s] Copying ../../build/pump_control/pump_control.egg-info to /home/teamleafia/ros2_mer/install/pump_control/lib/python3.12/site-packages/pump_control-0.0.0-py3.12.egg-info
[3.614s] running install_scripts
[3.920s] Installing pump_node script to /home/teamleafia/ros2_mer/install/pump_control/lib/pump_control
[3.922s] Installing pump_testnode script to /home/teamleafia/ros2_mer/install/pump_control/lib/pump_control
[3.925s] writing list of installed files to '/home/teamleafia/ros2_mer/build/pump_control/install.log'
[4.078s] Invoked command in '/home/teamleafia/ros2_mer/src/pump_control' returned '0': DEBUGINFOD_URLS=https://debuginfod.ubuntu.com PYTHONPATH=/home/teamleafia/ros2_mer/build/pump_control/prefix_override:/usr/lib/python3/dist-packages/colcon_core/task/python/colcon_distutils_commands:/home/teamleafia/ros2_mer/install/pump_control/lib/python3.12/site-packages:${PYTHONPATH} /usr/bin/python3 -W ignore:setup.py install is deprecated -W ignore:easy_install command is deprecated setup.py egg_info --egg-base ../../build/pump_control build --build-base /home/teamleafia/ros2_mer/build/pump_control/build install --record /home/teamleafia/ros2_mer/build/pump_control/install.log --single-version-externally-managed install_data
