[2.816s] Invoking command in '/home/teamleafia/ros2_mer/src/aruco_detector_yj_pkg_2': DEBUGINFOD_URLS=https://debuginfod.ubuntu.com PYTHONPATH=/home/teamleafia/ros2_mer/build/aruco_detector_yj_pkg_2/prefix_override:/usr/lib/python3/dist-packages/colcon_core/task/python/colcon_distutils_commands:/home/teamleafia/ros2_mer/install/aruco_detector_yj_pkg_2/lib/python3.12/site-packages:${PYTHONPATH} /usr/bin/python3 -W ignore:setup.py install is deprecated -W ignore:easy_install command is deprecated setup.py egg_info --egg-base ../../build/aruco_detector_yj_pkg_2 build --build-base /home/teamleafia/ros2_mer/build/aruco_detector_yj_pkg_2/build install --record /home/teamleafia/ros2_mer/build/aruco_detector_yj_pkg_2/install.log --single-version-externally-managed install_data
[3.426s] running egg_info
[3.463s] writing ../../build/aruco_detector_yj_pkg_2/aruco_detector_yj_pkg_2.egg-info/PKG-INFO
[3.464s] writing dependency_links to ../../build/aruco_detector_yj_pkg_2/aruco_detector_yj_pkg_2.egg-info/dependency_links.txt
[3.465s] writing entry points to ../../build/aruco_detector_yj_pkg_2/aruco_detector_yj_pkg_2.egg-info/entry_points.txt
[3.467s] writing requirements to ../../build/aruco_detector_yj_pkg_2/aruco_detector_yj_pkg_2.egg-info/requires.txt
[3.468s] writing top-level names to ../../build/aruco_detector_yj_pkg_2/aruco_detector_yj_pkg_2.egg-info/top_level.txt
[3.561s] reading manifest file '../../build/aruco_detector_yj_pkg_2/aruco_detector_yj_pkg_2.egg-info/SOURCES.txt'
[3.562s] writing manifest file '../../build/aruco_detector_yj_pkg_2/aruco_detector_yj_pkg_2.egg-info/SOURCES.txt'
[3.563s] running build
[3.563s] running build_py
[3.564s] running install
[3.574s] running install_lib
[3.626s] running install_data
[3.627s] running install_egg_info
[3.677s] removing '/home/teamleafia/ros2_mer/install/aruco_detector_yj_pkg_2/lib/python3.12/site-packages/aruco_detector_yj_pkg_2-0.0.0-py3.12.egg-info' (and everything under it)
[3.678s] Copying ../../build/aruco_detector_yj_pkg_2/aruco_detector_yj_pkg_2.egg-info to /home/teamleafia/ros2_mer/install/aruco_detector_yj_pkg_2/lib/python3.12/site-packages/aruco_detector_yj_pkg_2-0.0.0-py3.12.egg-info
[3.680s] running install_scripts
[3.940s] Installing aruco_detector_yj_node script to /home/teamleafia/ros2_mer/install/aruco_detector_yj_pkg_2/lib/aruco_detector_yj_pkg_2
[3.946s] writing list of installed files to '/home/teamleafia/ros2_mer/build/aruco_detector_yj_pkg_2/install.log'
[4.144s] Invoked command in '/home/teamleafia/ros2_mer/src/aruco_detector_yj_pkg_2' returned '0': DEBUGINFOD_URLS=https://debuginfod.ubuntu.com PYTHONPATH=/home/teamleafia/ros2_mer/build/aruco_detector_yj_pkg_2/prefix_override:/usr/lib/python3/dist-packages/colcon_core/task/python/colcon_distutils_commands:/home/teamleafia/ros2_mer/install/aruco_detector_yj_pkg_2/lib/python3.12/site-packages:${PYTHONPATH} /usr/bin/python3 -W ignore:setup.py install is deprecated -W ignore:easy_install command is deprecated setup.py egg_info --egg-base ../../build/aruco_detector_yj_pkg_2 build --build-base /home/teamleafia/ros2_mer/build/aruco_detector_yj_pkg_2/build install --record /home/teamleafia/ros2_mer/build/aruco_detector_yj_pkg_2/install.log --single-version-externally-managed install_data
