[2.019s] Invoking command in '/home/teamleafia/ros2_mer/src/robot_control': DEBUGINFOD_URLS=https://debuginfod.ubuntu.com PYTHONPATH=/home/teamleafia/ros2_mer/build/robot_control/prefix_override:/usr/lib/python3/dist-packages/colcon_core/task/python/colcon_distutils_commands:/home/teamleafia/ros2_mer/install/robot_control/lib/python3.12/site-packages:${PYTHONPATH} /usr/bin/python3 -W ignore:setup.py install is deprecated -W ignore:easy_install command is deprecated setup.py egg_info --egg-base ../../build/robot_control build --build-base /home/teamleafia/ros2_mer/build/robot_control/build install --record /home/teamleafia/ros2_mer/build/robot_control/install.log --single-version-externally-managed install_data
[2.512s] running egg_info
[2.544s] writing ../../build/robot_control/robot_control.egg-info/PKG-INFO
[2.544s] writing dependency_links to ../../build/robot_control/robot_control.egg-info/dependency_links.txt
[2.546s] writing entry points to ../../build/robot_control/robot_control.egg-info/entry_points.txt
[2.547s] writing requirements to ../../build/robot_control/robot_control.egg-info/requires.txt
[2.547s] writing top-level names to ../../build/robot_control/robot_control.egg-info/top_level.txt
[2.612s] reading manifest file '../../build/robot_control/robot_control.egg-info/SOURCES.txt'
[2.614s] writing manifest file '../../build/robot_control/robot_control.egg-info/SOURCES.txt'
[2.614s] running build
[2.614s] running build_py
[2.614s] copying robot_control/pid_controller_node.py -> /home/teamleafia/ros2_mer/build/robot_control/build/lib/robot_control
[2.615s] running install
[2.625s] running install_lib
[2.657s] copying /home/teamleafia/ros2_mer/build/robot_control/build/lib/robot_control/pid_controller_node.py -> /home/teamleafia/ros2_mer/install/robot_control/lib/python3.12/site-packages/robot_control
[2.659s] byte-compiling /home/teamleafia/ros2_mer/install/robot_control/lib/python3.12/site-packages/robot_control/pid_controller_node.py to pid_controller_node.cpython-312.pyc
[2.662s] running install_data
[2.662s] running install_egg_info
[2.697s] removing '/home/teamleafia/ros2_mer/install/robot_control/lib/python3.12/site-packages/robot_control-0.0.1-py3.12.egg-info' (and everything under it)
[2.700s] Copying ../../build/robot_control/robot_control.egg-info to /home/teamleafia/ros2_mer/install/robot_control/lib/python3.12/site-packages/robot_control-0.0.1-py3.12.egg-info
[2.700s] running install_scripts
[2.933s] Installing encoder_publisher_node script to /home/teamleafia/ros2_mer/install/robot_control/lib/robot_control
[2.934s] Installing motor_controller_node script to /home/teamleafia/ros2_mer/install/robot_control/lib/robot_control
[2.935s] Installing move_distance_node script to /home/teamleafia/ros2_mer/install/robot_control/lib/robot_control
[2.937s] Installing pid_controller_node script to /home/teamleafia/ros2_mer/install/robot_control/lib/robot_control
[2.937s] Installing scissor_lift_controller script to /home/teamleafia/ros2_mer/install/robot_control/lib/robot_control
[2.937s] Installing teleop_keyboard_node script to /home/teamleafia/ros2_mer/install/robot_control/lib/robot_control
[2.938s] Installing teleop_keyboard_node2 script to /home/teamleafia/ros2_mer/install/robot_control/lib/robot_control
[2.939s] Installing teleop_keyboard_node4 script to /home/teamleafia/ros2_mer/install/robot_control/lib/robot_control
[2.940s] writing list of installed files to '/home/teamleafia/ros2_mer/build/robot_control/install.log'
[3.037s] Invoked command in '/home/teamleafia/ros2_mer/src/robot_control' returned '0': DEBUGINFOD_URLS=https://debuginfod.ubuntu.com PYTHONPATH=/home/teamleafia/ros2_mer/build/robot_control/prefix_override:/usr/lib/python3/dist-packages/colcon_core/task/python/colcon_distutils_commands:/home/teamleafia/ros2_mer/install/robot_control/lib/python3.12/site-packages:${PYTHONPATH} /usr/bin/python3 -W ignore:setup.py install is deprecated -W ignore:easy_install command is deprecated setup.py egg_info --egg-base ../../build/robot_control build --build-base /home/teamleafia/ros2_mer/build/robot_control/build install --record /home/teamleafia/ros2_mer/build/robot_control/install.log --single-version-externally-managed install_data
