[4.338s] Invoking command in '/home/teamleafia/ros2_mer/src/marker_align_2': DEBUGINFOD_URLS=https://debuginfod.ubuntu.com PYTHONPATH=/home/teamleafia/ros2_mer/build/marker_align_2/prefix_override:/usr/lib/python3/dist-packages/colcon_core/task/python/colcon_distutils_commands:/home/teamleafia/ros2_mer/install/marker_align_2/lib/python3.12/site-packages:${PYTHONPATH} /usr/bin/python3 -W ignore:setup.py install is deprecated -W ignore:easy_install command is deprecated setup.py egg_info --egg-base ../../build/marker_align_2 build --build-base /home/teamleafia/ros2_mer/build/marker_align_2/build install --record /home/teamleafia/ros2_mer/build/marker_align_2/install.log --single-version-externally-managed install_data
[5.536s] running egg_info
[5.543s] creating ../../build/marker_align_2/marker_align_2.egg-info
[5.595s] writing ../../build/marker_align_2/marker_align_2.egg-info/PKG-INFO
[5.598s] writing dependency_links to ../../build/marker_align_2/marker_align_2.egg-info/dependency_links.txt
[5.602s] writing entry points to ../../build/marker_align_2/marker_align_2.egg-info/entry_points.txt
[5.604s] writing requirements to ../../build/marker_align_2/marker_align_2.egg-info/requires.txt
[5.605s] writing top-level names to ../../build/marker_align_2/marker_align_2.egg-info/top_level.txt
[5.609s] writing manifest file '../../build/marker_align_2/marker_align_2.egg-info/SOURCES.txt'
[5.788s] reading manifest file '../../build/marker_align_2/marker_align_2.egg-info/SOURCES.txt'
[5.789s] writing manifest file '../../build/marker_align_2/marker_align_2.egg-info/SOURCES.txt'
[5.791s] running build
[5.793s] running build_py
[5.794s] creating /home/teamleafia/ros2_mer/build/marker_align_2/build
[5.794s] creating /home/teamleafia/ros2_mer/build/marker_align_2/build/lib
[5.794s] creating /home/teamleafia/ros2_mer/build/marker_align_2/build/lib/marker_align_2
[5.794s] copying marker_align_2/marker_align_node.py -> /home/teamleafia/ros2_mer/build/marker_align_2/build/lib/marker_align_2
[5.794s] copying marker_align_2/__init__.py -> /home/teamleafia/ros2_mer/build/marker_align_2/build/lib/marker_align_2
[5.795s] running install
[5.810s] running install_lib
[5.877s] creating /home/teamleafia/ros2_mer/install/marker_align_2/lib/python3.12/site-packages/marker_align_2
[5.877s] copying /home/teamleafia/ros2_mer/build/marker_align_2/build/lib/marker_align_2/marker_align_node.py -> /home/teamleafia/ros2_mer/install/marker_align_2/lib/python3.12/site-packages/marker_align_2
[5.877s] copying /home/teamleafia/ros2_mer/build/marker_align_2/build/lib/marker_align_2/__init__.py -> /home/teamleafia/ros2_mer/install/marker_align_2/lib/python3.12/site-packages/marker_align_2
[5.877s] byte-compiling /home/teamleafia/ros2_mer/install/marker_align_2/lib/python3.12/site-packages/marker_align_2/marker_align_node.py to marker_align_node.cpython-312.pyc
[5.880s] byte-compiling /home/teamleafia/ros2_mer/install/marker_align_2/lib/python3.12/site-packages/marker_align_2/__init__.py to __init__.cpython-312.pyc
[5.881s] running install_data
[5.882s] creating /home/teamleafia/ros2_mer/install/marker_align_2/share/ament_index
[5.882s] creating /home/teamleafia/ros2_mer/install/marker_align_2/share/ament_index/resource_index
[5.882s] creating /home/teamleafia/ros2_mer/install/marker_align_2/share/ament_index/resource_index/packages
[5.882s] copying resource/marker_align_2 -> /home/teamleafia/ros2_mer/install/marker_align_2/share/ament_index/resource_index/packages
[5.884s] copying package.xml -> /home/teamleafia/ros2_mer/install/marker_align_2/share/marker_align_2
[5.884s] running install_egg_info
[5.941s] Copying ../../build/marker_align_2/marker_align_2.egg-info to /home/teamleafia/ros2_mer/install/marker_align_2/lib/python3.12/site-packages/marker_align_2-0.0.0-py3.12.egg-info
[5.944s] running install_scripts
[6.462s] Installing marker_align_node script to /home/teamleafia/ros2_mer/install/marker_align_2/lib/marker_align_2
[6.463s] writing list of installed files to '/home/teamleafia/ros2_mer/build/marker_align_2/install.log'
[6.598s] Invoked command in '/home/teamleafia/ros2_mer/src/marker_align_2' returned '0': DEBUGINFOD_URLS=https://debuginfod.ubuntu.com PYTHONPATH=/home/teamleafia/ros2_mer/build/marker_align_2/prefix_override:/usr/lib/python3/dist-packages/colcon_core/task/python/colcon_distutils_commands:/home/teamleafia/ros2_mer/install/marker_align_2/lib/python3.12/site-packages:${PYTHONPATH} /usr/bin/python3 -W ignore:setup.py install is deprecated -W ignore:easy_install command is deprecated setup.py egg_info --egg-base ../../build/marker_align_2 build --build-base /home/teamleafia/ros2_mer/build/marker_align_2/build install --record /home/teamleafia/ros2_mer/build/marker_align_2/install.log --single-version-externally-managed install_data
