[0.593s] DEBUG:colcon:Command line arguments: ['/usr/bin/colcon', 'build']
[0.594s] DEBUG:colcon:Parsed command line arguments: Namespace(log_base=None, log_level=None, verb_name='build', build_base='build', install_base='install', merge_install=False, symlink_install=False, test_result_base=None, continue_on_error=False, executor='parallel', parallel_workers=4, event_handlers=None, ignore_user_meta=False, metas=['./colcon.meta'], base_paths=['.'], packages_ignore=None, packages_ignore_regex=None, paths=None, packages_up_to=None, packages_up_to_regex=None, packages_above=None, packages_above_and_dependencies=None, packages_above_depth=None, packages_select_by_dep=None, packages_skip_by_dep=None, packages_skip_up_to=None, packages_select_build_failed=False, packages_skip_build_finished=False, packages_select_test_failures=False, packages_skip_test_passed=False, packages_select=None, packages_skip=None, packages_select_regex=None, packages_skip_regex=None, packages_start=None, packages_end=None, allow_overriding=[], cmake_args=None, cmake_target=None, cmake_target_skip_unavailable=False, cmake_clean_cache=False, cmake_clean_first=False, cmake_force_configure=False, ament_cmake_args=None, catkin_cmake_args=None, catkin_skip_building_tests=False, mixin_files=None, mixin=None, verb_parser=<colcon_mixin.mixin.mixin_argument.MixinArgumentDecorator object at 0xffffa0440a70>, verb_extension=<colcon_core.verb.build.BuildVerb object at 0xffffa05f3fb0>, main=<bound method BuildVerb.main of <colcon_core.verb.build.BuildVerb object at 0xffffa05f3fb0>>, mixin_verb=('build',))
[0.714s] Level 1:colcon.colcon_core.package_discovery:discover_packages(colcon_meta) check parameters
[0.714s] Level 1:colcon.colcon_core.package_discovery:discover_packages(recursive) check parameters
[0.714s] Level 1:colcon.colcon_core.package_discovery:discover_packages(ignore) check parameters
[0.714s] Level 1:colcon.colcon_core.package_discovery:discover_packages(path) check parameters
[0.714s] Level 1:colcon.colcon_core.package_discovery:discover_packages(colcon_meta) discover
[0.714s] Level 1:colcon.colcon_core.package_discovery:discover_packages(recursive) discover
[0.714s] INFO:colcon.colcon_core.package_discovery:Crawling recursively for packages in '/home/teamleafia/ros2_mer'
[0.715s] Level 1:colcon.colcon_core.package_identification:_identify(.) by extensions ['ignore', 'ignore_ament_install']
[0.715s] Level 1:colcon.colcon_core.package_identification:_identify(.) by extension 'ignore'
[0.715s] Level 1:colcon.colcon_core.package_identification:_identify(.) by extension 'ignore_ament_install'
[0.715s] Level 1:colcon.colcon_core.package_identification:_identify(.) by extensions ['colcon_pkg']
[0.715s] Level 1:colcon.colcon_core.package_identification:_identify(.) by extension 'colcon_pkg'
[0.715s] Level 1:colcon.colcon_core.package_identification:_identify(.) by extensions ['colcon_meta']
[0.715s] Level 1:colcon.colcon_core.package_identification:_identify(.) by extension 'colcon_meta'
[0.715s] Level 1:colcon.colcon_core.package_identification:_identify(.) by extensions ['ros']
[0.715s] Level 1:colcon.colcon_core.package_identification:_identify(.) by extension 'ros'
[0.771s] Level 1:colcon.colcon_core.package_identification:_identify(.) by extensions ['cmake', 'python']
[0.771s] Level 1:colcon.colcon_core.package_identification:_identify(.) by extension 'cmake'
[0.771s] Level 1:colcon.colcon_core.package_identification:_identify(.) by extension 'python'
[0.771s] Level 1:colcon.colcon_core.package_identification:_identify(.) by extensions ['python_setup_py']
[0.771s] Level 1:colcon.colcon_core.package_identification:_identify(.) by extension 'python_setup_py'
[0.771s] Level 1:colcon.colcon_core.package_identification:_identify(build) by extensions ['ignore', 'ignore_ament_install']
[0.772s] Level 1:colcon.colcon_core.package_identification:_identify(build) by extension 'ignore'
[0.772s] Level 1:colcon.colcon_core.package_identification:_identify(build) ignored
[0.772s] Level 1:colcon.colcon_core.package_identification:_identify(install) by extensions ['ignore', 'ignore_ament_install']
[0.772s] Level 1:colcon.colcon_core.package_identification:_identify(install) by extension 'ignore'
[0.772s] Level 1:colcon.colcon_core.package_identification:_identify(install) ignored
[0.772s] Level 1:colcon.colcon_core.package_identification:_identify(log) by extensions ['ignore', 'ignore_ament_install']
[0.772s] Level 1:colcon.colcon_core.package_identification:_identify(log) by extension 'ignore'
[0.772s] Level 1:colcon.colcon_core.package_identification:_identify(log) ignored
[0.773s] Level 1:colcon.colcon_core.package_identification:_identify(src) by extensions ['ignore', 'ignore_ament_install']
[0.773s] Level 1:colcon.colcon_core.package_identification:_identify(src) by extension 'ignore'
[0.773s] Level 1:colcon.colcon_core.package_identification:_identify(src) by extension 'ignore_ament_install'
[0.773s] Level 1:colcon.colcon_core.package_identification:_identify(src) by extensions ['colcon_pkg']
[0.773s] Level 1:colcon.colcon_core.package_identification:_identify(src) by extension 'colcon_pkg'
[0.773s] Level 1:colcon.colcon_core.package_identification:_identify(src) by extensions ['colcon_meta']
[0.773s] Level 1:colcon.colcon_core.package_identification:_identify(src) by extension 'colcon_meta'
[0.773s] Level 1:colcon.colcon_core.package_identification:_identify(src) by extensions ['ros']
[0.773s] Level 1:colcon.colcon_core.package_identification:_identify(src) by extension 'ros'
[0.773s] Level 1:colcon.colcon_core.package_identification:_identify(src) by extensions ['cmake', 'python']
[0.773s] Level 1:colcon.colcon_core.package_identification:_identify(src) by extension 'cmake'
[0.773s] Level 1:colcon.colcon_core.package_identification:_identify(src) by extension 'python'
[0.773s] Level 1:colcon.colcon_core.package_identification:_identify(src) by extensions ['python_setup_py']
[0.773s] Level 1:colcon.colcon_core.package_identification:_identify(src) by extension 'python_setup_py'
[0.774s] Level 1:colcon.colcon_core.package_identification:_identify(src/aruco_detector) by extensions ['ignore', 'ignore_ament_install']
[0.774s] Level 1:colcon.colcon_core.package_identification:_identify(src/aruco_detector) by extension 'ignore'
[0.774s] Level 1:colcon.colcon_core.package_identification:_identify(src/aruco_detector) by extension 'ignore_ament_install'
[0.774s] Level 1:colcon.colcon_core.package_identification:_identify(src/aruco_detector) by extensions ['colcon_pkg']
[0.774s] Level 1:colcon.colcon_core.package_identification:_identify(src/aruco_detector) by extension 'colcon_pkg'
[0.774s] Level 1:colcon.colcon_core.package_identification:_identify(src/aruco_detector) by extensions ['colcon_meta']
[0.774s] Level 1:colcon.colcon_core.package_identification:_identify(src/aruco_detector) by extension 'colcon_meta'
[0.774s] Level 1:colcon.colcon_core.package_identification:_identify(src/aruco_detector) by extensions ['ros']
[0.774s] Level 1:colcon.colcon_core.package_identification:_identify(src/aruco_detector) by extension 'ros'
[0.780s] DEBUG:colcon.colcon_core.package_identification:Package 'src/aruco_detector' with type 'ros.ament_python' and name 'aruco_detector'
[0.780s] Level 1:colcon.colcon_core.package_identification:_identify(src/aruco_detector_yj_pkg_2) by extensions ['ignore', 'ignore_ament_install']
[0.780s] Level 1:colcon.colcon_core.package_identification:_identify(src/aruco_detector_yj_pkg_2) by extension 'ignore'
[0.780s] Level 1:colcon.colcon_core.package_identification:_identify(src/aruco_detector_yj_pkg_2) by extension 'ignore_ament_install'
[0.780s] Level 1:colcon.colcon_core.package_identification:_identify(src/aruco_detector_yj_pkg_2) by extensions ['colcon_pkg']
[0.781s] Level 1:colcon.colcon_core.package_identification:_identify(src/aruco_detector_yj_pkg_2) by extension 'colcon_pkg'
[0.781s] Level 1:colcon.colcon_core.package_identification:_identify(src/aruco_detector_yj_pkg_2) by extensions ['colcon_meta']
[0.781s] Level 1:colcon.colcon_core.package_identification:_identify(src/aruco_detector_yj_pkg_2) by extension 'colcon_meta'
[0.781s] Level 1:colcon.colcon_core.package_identification:_identify(src/aruco_detector_yj_pkg_2) by extensions ['ros']
[0.781s] Level 1:colcon.colcon_core.package_identification:_identify(src/aruco_detector_yj_pkg_2) by extension 'ros'
[0.782s] DEBUG:colcon.colcon_core.package_identification:Package 'src/aruco_detector_yj_pkg_2' with type 'ros.ament_python' and name 'aruco_detector_yj_pkg_2'
[0.782s] Level 1:colcon.colcon_core.package_identification:_identify(src/cartrash) by extensions ['ignore', 'ignore_ament_install']
[0.783s] Level 1:colcon.colcon_core.package_identification:_identify(src/cartrash) by extension 'ignore'
[0.783s] Level 1:colcon.colcon_core.package_identification:_identify(src/cartrash) by extension 'ignore_ament_install'
[0.783s] Level 1:colcon.colcon_core.package_identification:_identify(src/cartrash) by extensions ['colcon_pkg']
[0.783s] Level 1:colcon.colcon_core.package_identification:_identify(src/cartrash) by extension 'colcon_pkg'
[0.783s] Level 1:colcon.colcon_core.package_identification:_identify(src/cartrash) by extensions ['colcon_meta']
[0.783s] Level 1:colcon.colcon_core.package_identification:_identify(src/cartrash) by extension 'colcon_meta'
[0.783s] Level 1:colcon.colcon_core.package_identification:_identify(src/cartrash) by extensions ['ros']
[0.783s] Level 1:colcon.colcon_core.package_identification:_identify(src/cartrash) by extension 'ros'
[0.785s] DEBUG:colcon.colcon_core.package_identification:Package 'src/cartrash' with type 'ros.ament_python' and name 'cartrash'
[0.785s] Level 1:colcon.colcon_core.package_identification:_identify(src/marker_align_2) by extensions ['ignore', 'ignore_ament_install']
[0.785s] Level 1:colcon.colcon_core.package_identification:_identify(src/marker_align_2) by extension 'ignore'
[0.785s] Level 1:colcon.colcon_core.package_identification:_identify(src/marker_align_2) by extension 'ignore_ament_install'
[0.785s] Level 1:colcon.colcon_core.package_identification:_identify(src/marker_align_2) by extensions ['colcon_pkg']
[0.785s] Level 1:colcon.colcon_core.package_identification:_identify(src/marker_align_2) by extension 'colcon_pkg'
[0.785s] Level 1:colcon.colcon_core.package_identification:_identify(src/marker_align_2) by extensions ['colcon_meta']
[0.785s] Level 1:colcon.colcon_core.package_identification:_identify(src/marker_align_2) by extension 'colcon_meta'
[0.785s] Level 1:colcon.colcon_core.package_identification:_identify(src/marker_align_2) by extensions ['ros']
[0.785s] Level 1:colcon.colcon_core.package_identification:_identify(src/marker_align_2) by extension 'ros'
[0.787s] DEBUG:colcon.colcon_core.package_identification:Package 'src/marker_align_2' with type 'ros.ament_python' and name 'marker_align_2'
[0.787s] Level 1:colcon.colcon_core.package_identification:_identify(src/plant_transport) by extensions ['ignore', 'ignore_ament_install']
[0.787s] Level 1:colcon.colcon_core.package_identification:_identify(src/plant_transport) by extension 'ignore'
[0.787s] Level 1:colcon.colcon_core.package_identification:_identify(src/plant_transport) by extension 'ignore_ament_install'
[0.787s] Level 1:colcon.colcon_core.package_identification:_identify(src/plant_transport) by extensions ['colcon_pkg']
[0.787s] Level 1:colcon.colcon_core.package_identification:_identify(src/plant_transport) by extension 'colcon_pkg'
[0.787s] Level 1:colcon.colcon_core.package_identification:_identify(src/plant_transport) by extensions ['colcon_meta']
[0.787s] Level 1:colcon.colcon_core.package_identification:_identify(src/plant_transport) by extension 'colcon_meta'
[0.788s] Level 1:colcon.colcon_core.package_identification:_identify(src/plant_transport) by extensions ['ros']
[0.788s] Level 1:colcon.colcon_core.package_identification:_identify(src/plant_transport) by extension 'ros'
[0.788s] DEBUG:colcon.colcon_core.package_identification:Package 'src/plant_transport' with type 'ros.ament_python' and name 'plant_transport'
[0.789s] Level 1:colcon.colcon_core.package_identification:_identify(src/pump_control) by extensions ['ignore', 'ignore_ament_install']
[0.789s] Level 1:colcon.colcon_core.package_identification:_identify(src/pump_control) by extension 'ignore'
[0.789s] Level 1:colcon.colcon_core.package_identification:_identify(src/pump_control) by extension 'ignore_ament_install'
[0.789s] Level 1:colcon.colcon_core.package_identification:_identify(src/pump_control) by extensions ['colcon_pkg']
[0.789s] Level 1:colcon.colcon_core.package_identification:_identify(src/pump_control) by extension 'colcon_pkg'
[0.789s] Level 1:colcon.colcon_core.package_identification:_identify(src/pump_control) by extensions ['colcon_meta']
[0.789s] Level 1:colcon.colcon_core.package_identification:_identify(src/pump_control) by extension 'colcon_meta'
[0.789s] Level 1:colcon.colcon_core.package_identification:_identify(src/pump_control) by extensions ['ros']
[0.789s] Level 1:colcon.colcon_core.package_identification:_identify(src/pump_control) by extension 'ros'
[0.790s] DEBUG:colcon.colcon_core.package_identification:Package 'src/pump_control' with type 'ros.ament_python' and name 'pump_control'
[0.791s] Level 1:colcon.colcon_core.package_identification:_identify(src/robot_control) by extensions ['ignore', 'ignore_ament_install']
[0.791s] Level 1:colcon.colcon_core.package_identification:_identify(src/robot_control) by extension 'ignore'
[0.791s] Level 1:colcon.colcon_core.package_identification:_identify(src/robot_control) by extension 'ignore_ament_install'
[0.791s] Level 1:colcon.colcon_core.package_identification:_identify(src/robot_control) by extensions ['colcon_pkg']
[0.791s] Level 1:colcon.colcon_core.package_identification:_identify(src/robot_control) by extension 'colcon_pkg'
[0.791s] Level 1:colcon.colcon_core.package_identification:_identify(src/robot_control) by extensions ['colcon_meta']
[0.791s] Level 1:colcon.colcon_core.package_identification:_identify(src/robot_control) by extension 'colcon_meta'
[0.791s] Level 1:colcon.colcon_core.package_identification:_identify(src/robot_control) by extensions ['ros']
[0.791s] Level 1:colcon.colcon_core.package_identification:_identify(src/robot_control) by extension 'ros'
[0.792s] DEBUG:colcon.colcon_core.package_identification:Package 'src/robot_control' with type 'ros.ament_python' and name 'robot_control'
[0.792s] Level 1:colcon.colcon_core.package_discovery:discover_packages(recursive) using defaults
[0.792s] Level 1:colcon.colcon_core.package_discovery:discover_packages(ignore) discover
[0.792s] Level 1:colcon.colcon_core.package_discovery:discover_packages(ignore) using defaults
[0.792s] Level 1:colcon.colcon_core.package_discovery:discover_packages(path) discover
[0.792s] Level 1:colcon.colcon_core.package_discovery:discover_packages(path) using defaults
[0.845s] Level 1:colcon.colcon_core.package_discovery:discover_packages(prefix_path) check parameters
[0.845s] Level 1:colcon.colcon_core.package_discovery:discover_packages(prefix_path) discover
[0.853s] DEBUG:colcon.colcon_installed_package_information.package_discovery:Found 1 installed packages in /home/teamleafia/slam_ws/install
[0.854s] DEBUG:colcon.colcon_installed_package_information.package_discovery:Found 3 installed packages in /home/teamleafia/ros2_mot/install
[0.858s] DEBUG:colcon.colcon_installed_package_information.package_discovery:Found 416 installed packages in /opt/ros/jazzy
[0.860s] Level 1:colcon.colcon_core.package_discovery:discover_packages(prefix_path) using defaults
[0.947s] Level 5:colcon.colcon_core.verb:set package 'aruco_detector' build argument 'cmake_args' from command line to 'None'
[0.947s] Level 5:colcon.colcon_core.verb:set package 'aruco_detector' build argument 'cmake_target' from command line to 'None'
[0.947s] Level 5:colcon.colcon_core.verb:set package 'aruco_detector' build argument 'cmake_target_skip_unavailable' from command line to 'False'
[0.947s] Level 5:colcon.colcon_core.verb:set package 'aruco_detector' build argument 'cmake_clean_cache' from command line to 'False'
[0.947s] Level 5:colcon.colcon_core.verb:set package 'aruco_detector' build argument 'cmake_clean_first' from command line to 'False'
[0.947s] Level 5:colcon.colcon_core.verb:set package 'aruco_detector' build argument 'cmake_force_configure' from command line to 'False'
[0.947s] Level 5:colcon.colcon_core.verb:set package 'aruco_detector' build argument 'ament_cmake_args' from command line to 'None'
[0.947s] Level 5:colcon.colcon_core.verb:set package 'aruco_detector' build argument 'catkin_cmake_args' from command line to 'None'
[0.947s] Level 5:colcon.colcon_core.verb:set package 'aruco_detector' build argument 'catkin_skip_building_tests' from command line to 'False'
[0.947s] DEBUG:colcon.colcon_core.verb:Building package 'aruco_detector' with the following arguments: {'ament_cmake_args': None, 'build_base': '/home/teamleafia/ros2_mer/build/aruco_detector', 'catkin_cmake_args': None, 'catkin_skip_building_tests': False, 'cmake_args': None, 'cmake_clean_cache': False, 'cmake_clean_first': False, 'cmake_force_configure': False, 'cmake_target': None, 'cmake_target_skip_unavailable': False, 'install_base': '/home/teamleafia/ros2_mer/install/aruco_detector', 'merge_install': False, 'path': '/home/teamleafia/ros2_mer/src/aruco_detector', 'symlink_install': False, 'test_result_base': None}
[0.948s] Level 5:colcon.colcon_core.verb:set package 'aruco_detector_yj_pkg_2' build argument 'cmake_args' from command line to 'None'
[0.948s] Level 5:colcon.colcon_core.verb:set package 'aruco_detector_yj_pkg_2' build argument 'cmake_target' from command line to 'None'
[0.948s] Level 5:colcon.colcon_core.verb:set package 'aruco_detector_yj_pkg_2' build argument 'cmake_target_skip_unavailable' from command line to 'False'
[0.948s] Level 5:colcon.colcon_core.verb:set package 'aruco_detector_yj_pkg_2' build argument 'cmake_clean_cache' from command line to 'False'
[0.948s] Level 5:colcon.colcon_core.verb:set package 'aruco_detector_yj_pkg_2' build argument 'cmake_clean_first' from command line to 'False'
[0.948s] Level 5:colcon.colcon_core.verb:set package 'aruco_detector_yj_pkg_2' build argument 'cmake_force_configure' from command line to 'False'
[0.948s] Level 5:colcon.colcon_core.verb:set package 'aruco_detector_yj_pkg_2' build argument 'ament_cmake_args' from command line to 'None'
[0.948s] Level 5:colcon.colcon_core.verb:set package 'aruco_detector_yj_pkg_2' build argument 'catkin_cmake_args' from command line to 'None'
[0.948s] Level 5:colcon.colcon_core.verb:set package 'aruco_detector_yj_pkg_2' build argument 'catkin_skip_building_tests' from command line to 'False'
[0.948s] DEBUG:colcon.colcon_core.verb:Building package 'aruco_detector_yj_pkg_2' with the following arguments: {'ament_cmake_args': None, 'build_base': '/home/teamleafia/ros2_mer/build/aruco_detector_yj_pkg_2', 'catkin_cmake_args': None, 'catkin_skip_building_tests': False, 'cmake_args': None, 'cmake_clean_cache': False, 'cmake_clean_first': False, 'cmake_force_configure': False, 'cmake_target': None, 'cmake_target_skip_unavailable': False, 'install_base': '/home/teamleafia/ros2_mer/install/aruco_detector_yj_pkg_2', 'merge_install': False, 'path': '/home/teamleafia/ros2_mer/src/aruco_detector_yj_pkg_2', 'symlink_install': False, 'test_result_base': None}
[0.948s] Level 5:colcon.colcon_core.verb:set package 'cartrash' build argument 'cmake_args' from command line to 'None'
[0.949s] Level 5:colcon.colcon_core.verb:set package 'cartrash' build argument 'cmake_target' from command line to 'None'
[0.949s] Level 5:colcon.colcon_core.verb:set package 'cartrash' build argument 'cmake_target_skip_unavailable' from command line to 'False'
[0.949s] Level 5:colcon.colcon_core.verb:set package 'cartrash' build argument 'cmake_clean_cache' from command line to 'False'
[0.949s] Level 5:colcon.colcon_core.verb:set package 'cartrash' build argument 'cmake_clean_first' from command line to 'False'
[0.949s] Level 5:colcon.colcon_core.verb:set package 'cartrash' build argument 'cmake_force_configure' from command line to 'False'
[0.949s] Level 5:colcon.colcon_core.verb:set package 'cartrash' build argument 'ament_cmake_args' from command line to 'None'
[0.949s] Level 5:colcon.colcon_core.verb:set package 'cartrash' build argument 'catkin_cmake_args' from command line to 'None'
[0.949s] Level 5:colcon.colcon_core.verb:set package 'cartrash' build argument 'catkin_skip_building_tests' from command line to 'False'
[0.949s] DEBUG:colcon.colcon_core.verb:Building package 'cartrash' with the following arguments: {'ament_cmake_args': None, 'build_base': '/home/teamleafia/ros2_mer/build/cartrash', 'catkin_cmake_args': None, 'catkin_skip_building_tests': False, 'cmake_args': None, 'cmake_clean_cache': False, 'cmake_clean_first': False, 'cmake_force_configure': False, 'cmake_target': None, 'cmake_target_skip_unavailable': False, 'install_base': '/home/teamleafia/ros2_mer/install/cartrash', 'merge_install': False, 'path': '/home/teamleafia/ros2_mer/src/cartrash', 'symlink_install': False, 'test_result_base': None}
[0.949s] Level 5:colcon.colcon_core.verb:set package 'marker_align_2' build argument 'cmake_args' from command line to 'None'
[0.949s] Level 5:colcon.colcon_core.verb:set package 'marker_align_2' build argument 'cmake_target' from command line to 'None'
[0.949s] Level 5:colcon.colcon_core.verb:set package 'marker_align_2' build argument 'cmake_target_skip_unavailable' from command line to 'False'
[0.949s] Level 5:colcon.colcon_core.verb:set package 'marker_align_2' build argument 'cmake_clean_cache' from command line to 'False'
[0.949s] Level 5:colcon.colcon_core.verb:set package 'marker_align_2' build argument 'cmake_clean_first' from command line to 'False'
[0.949s] Level 5:colcon.colcon_core.verb:set package 'marker_align_2' build argument 'cmake_force_configure' from command line to 'False'
[0.949s] Level 5:colcon.colcon_core.verb:set package 'marker_align_2' build argument 'ament_cmake_args' from command line to 'None'
[0.949s] Level 5:colcon.colcon_core.verb:set package 'marker_align_2' build argument 'catkin_cmake_args' from command line to 'None'
[0.949s] Level 5:colcon.colcon_core.verb:set package 'marker_align_2' build argument 'catkin_skip_building_tests' from command line to 'False'
[0.949s] DEBUG:colcon.colcon_core.verb:Building package 'marker_align_2' with the following arguments: {'ament_cmake_args': None, 'build_base': '/home/teamleafia/ros2_mer/build/marker_align_2', 'catkin_cmake_args': None, 'catkin_skip_building_tests': False, 'cmake_args': None, 'cmake_clean_cache': False, 'cmake_clean_first': False, 'cmake_force_configure': False, 'cmake_target': None, 'cmake_target_skip_unavailable': False, 'install_base': '/home/teamleafia/ros2_mer/install/marker_align_2', 'merge_install': False, 'path': '/home/teamleafia/ros2_mer/src/marker_align_2', 'symlink_install': False, 'test_result_base': None}
[0.950s] Level 5:colcon.colcon_core.verb:set package 'pump_control' build argument 'cmake_args' from command line to 'None'
[0.950s] Level 5:colcon.colcon_core.verb:set package 'pump_control' build argument 'cmake_target' from command line to 'None'
[0.950s] Level 5:colcon.colcon_core.verb:set package 'pump_control' build argument 'cmake_target_skip_unavailable' from command line to 'False'
[0.950s] Level 5:colcon.colcon_core.verb:set package 'pump_control' build argument 'cmake_clean_cache' from command line to 'False'
[0.950s] Level 5:colcon.colcon_core.verb:set package 'pump_control' build argument 'cmake_clean_first' from command line to 'False'
[0.950s] Level 5:colcon.colcon_core.verb:set package 'pump_control' build argument 'cmake_force_configure' from command line to 'False'
[0.950s] Level 5:colcon.colcon_core.verb:set package 'pump_control' build argument 'ament_cmake_args' from command line to 'None'
[0.950s] Level 5:colcon.colcon_core.verb:set package 'pump_control' build argument 'catkin_cmake_args' from command line to 'None'
[0.950s] Level 5:colcon.colcon_core.verb:set package 'pump_control' build argument 'catkin_skip_building_tests' from command line to 'False'
[0.950s] DEBUG:colcon.colcon_core.verb:Building package 'pump_control' with the following arguments: {'ament_cmake_args': None, 'build_base': '/home/teamleafia/ros2_mer/build/pump_control', 'catkin_cmake_args': None, 'catkin_skip_building_tests': False, 'cmake_args': None, 'cmake_clean_cache': False, 'cmake_clean_first': False, 'cmake_force_configure': False, 'cmake_target': None, 'cmake_target_skip_unavailable': False, 'install_base': '/home/teamleafia/ros2_mer/install/pump_control', 'merge_install': False, 'path': '/home/teamleafia/ros2_mer/src/pump_control', 'symlink_install': False, 'test_result_base': None}
[0.950s] Level 5:colcon.colcon_core.verb:set package 'robot_control' build argument 'cmake_args' from command line to 'None'
[0.950s] Level 5:colcon.colcon_core.verb:set package 'robot_control' build argument 'cmake_target' from command line to 'None'
[0.950s] Level 5:colcon.colcon_core.verb:set package 'robot_control' build argument 'cmake_target_skip_unavailable' from command line to 'False'
[0.950s] Level 5:colcon.colcon_core.verb:set package 'robot_control' build argument 'cmake_clean_cache' from command line to 'False'
[0.950s] Level 5:colcon.colcon_core.verb:set package 'robot_control' build argument 'cmake_clean_first' from command line to 'False'
[0.950s] Level 5:colcon.colcon_core.verb:set package 'robot_control' build argument 'cmake_force_configure' from command line to 'False'
[0.950s] Level 5:colcon.colcon_core.verb:set package 'robot_control' build argument 'ament_cmake_args' from command line to 'None'
[0.950s] Level 5:colcon.colcon_core.verb:set package 'robot_control' build argument 'catkin_cmake_args' from command line to 'None'
[0.950s] Level 5:colcon.colcon_core.verb:set package 'robot_control' build argument 'catkin_skip_building_tests' from command line to 'False'
[0.950s] DEBUG:colcon.colcon_core.verb:Building package 'robot_control' with the following arguments: {'ament_cmake_args': None, 'build_base': '/home/teamleafia/ros2_mer/build/robot_control', 'catkin_cmake_args': None, 'catkin_skip_building_tests': False, 'cmake_args': None, 'cmake_clean_cache': False, 'cmake_clean_first': False, 'cmake_force_configure': False, 'cmake_target': None, 'cmake_target_skip_unavailable': False, 'install_base': '/home/teamleafia/ros2_mer/install/robot_control', 'merge_install': False, 'path': '/home/teamleafia/ros2_mer/src/robot_control', 'symlink_install': False, 'test_result_base': None}
[0.951s] Level 5:colcon.colcon_core.verb:set package 'plant_transport' build argument 'cmake_args' from command line to 'None'
[0.951s] Level 5:colcon.colcon_core.verb:set package 'plant_transport' build argument 'cmake_target' from command line to 'None'
[0.951s] Level 5:colcon.colcon_core.verb:set package 'plant_transport' build argument 'cmake_target_skip_unavailable' from command line to 'False'
[0.951s] Level 5:colcon.colcon_core.verb:set package 'plant_transport' build argument 'cmake_clean_cache' from command line to 'False'
[0.951s] Level 5:colcon.colcon_core.verb:set package 'plant_transport' build argument 'cmake_clean_first' from command line to 'False'
[0.951s] Level 5:colcon.colcon_core.verb:set package 'plant_transport' build argument 'cmake_force_configure' from command line to 'False'
[0.951s] Level 5:colcon.colcon_core.verb:set package 'plant_transport' build argument 'ament_cmake_args' from command line to 'None'
[0.951s] Level 5:colcon.colcon_core.verb:set package 'plant_transport' build argument 'catkin_cmake_args' from command line to 'None'
[0.951s] Level 5:colcon.colcon_core.verb:set package 'plant_transport' build argument 'catkin_skip_building_tests' from command line to 'False'
[0.951s] DEBUG:colcon.colcon_core.verb:Building package 'plant_transport' with the following arguments: {'ament_cmake_args': None, 'build_base': '/home/teamleafia/ros2_mer/build/plant_transport', 'catkin_cmake_args': None, 'catkin_skip_building_tests': False, 'cmake_args': None, 'cmake_clean_cache': False, 'cmake_clean_first': False, 'cmake_force_configure': False, 'cmake_target': None, 'cmake_target_skip_unavailable': False, 'install_base': '/home/teamleafia/ros2_mer/install/plant_transport', 'merge_install': False, 'path': '/home/teamleafia/ros2_mer/src/plant_transport', 'symlink_install': False, 'test_result_base': None}
[0.951s] INFO:colcon.colcon_core.executor:Executing jobs using 'parallel' executor
[0.953s] DEBUG:colcon.colcon_parallel_executor.executor.parallel:run_until_complete
[0.953s] INFO:colcon.colcon_ros.task.ament_python.build:Building ROS package in '/home/teamleafia/ros2_mer/src/aruco_detector' with build type 'ament_python'
[0.953s] Level 1:colcon.colcon_core.shell:create_environment_hook('aruco_detector', 'ament_prefix_path')
[0.961s] INFO:colcon.colcon_core.plugin_system:Skipping extension 'colcon_core.shell.bat': Not used on non-Windows systems
[0.961s] INFO:colcon.colcon_core.shell:Creating environment hook '/home/teamleafia/ros2_mer/install/aruco_detector/share/aruco_detector/hook/ament_prefix_path.ps1'
[0.964s] INFO:colcon.colcon_core.shell:Creating environment descriptor '/home/teamleafia/ros2_mer/install/aruco_detector/share/aruco_detector/hook/ament_prefix_path.dsv'
[0.965s] INFO:colcon.colcon_core.shell:Creating environment hook '/home/teamleafia/ros2_mer/install/aruco_detector/share/aruco_detector/hook/ament_prefix_path.sh'
[0.968s] INFO:colcon.colcon_core.shell:Skip shell extension 'powershell' for command environment: Not usable outside of PowerShell
[0.968s] DEBUG:colcon.colcon_core.shell:Skip shell extension 'dsv' for command environment
[0.975s] INFO:colcon.colcon_ros.task.ament_python.build:Building ROS package in '/home/teamleafia/ros2_mer/src/aruco_detector_yj_pkg_2' with build type 'ament_python'
[0.976s] Level 1:colcon.colcon_core.shell:create_environment_hook('aruco_detector_yj_pkg_2', 'ament_prefix_path')
[0.976s] INFO:colcon.colcon_core.shell:Creating environment hook '/home/teamleafia/ros2_mer/install/aruco_detector_yj_pkg_2/share/aruco_detector_yj_pkg_2/hook/ament_prefix_path.ps1'
[0.979s] INFO:colcon.colcon_core.shell:Creating environment descriptor '/home/teamleafia/ros2_mer/install/aruco_detector_yj_pkg_2/share/aruco_detector_yj_pkg_2/hook/ament_prefix_path.dsv'
[0.979s] INFO:colcon.colcon_core.shell:Creating environment hook '/home/teamleafia/ros2_mer/install/aruco_detector_yj_pkg_2/share/aruco_detector_yj_pkg_2/hook/ament_prefix_path.sh'
[0.980s] INFO:colcon.colcon_core.shell:Skip shell extension 'powershell' for command environment: Not usable outside of PowerShell
[0.980s] DEBUG:colcon.colcon_core.shell:Skip shell extension 'dsv' for command environment
[0.987s] INFO:colcon.colcon_ros.task.ament_python.build:Building ROS package in '/home/teamleafia/ros2_mer/src/marker_align_2' with build type 'ament_python'
[0.987s] Level 1:colcon.colcon_core.shell:create_environment_hook('marker_align_2', 'ament_prefix_path')
[0.988s] INFO:colcon.colcon_core.shell:Creating environment hook '/home/teamleafia/ros2_mer/install/marker_align_2/share/marker_align_2/hook/ament_prefix_path.ps1'
[0.990s] INFO:colcon.colcon_core.shell:Creating environment descriptor '/home/teamleafia/ros2_mer/install/marker_align_2/share/marker_align_2/hook/ament_prefix_path.dsv'
[0.991s] INFO:colcon.colcon_core.shell:Creating environment hook '/home/teamleafia/ros2_mer/install/marker_align_2/share/marker_align_2/hook/ament_prefix_path.sh'
[0.992s] INFO:colcon.colcon_core.shell:Skip shell extension 'powershell' for command environment: Not usable outside of PowerShell
[0.992s] DEBUG:colcon.colcon_core.shell:Skip shell extension 'dsv' for command environment
[0.998s] INFO:colcon.colcon_ros.task.ament_python.build:Building ROS package in '/home/teamleafia/ros2_mer/src/pump_control' with build type 'ament_python'
[0.998s] Level 1:colcon.colcon_core.shell:create_environment_hook('pump_control', 'ament_prefix_path')
[0.998s] INFO:colcon.colcon_core.shell:Creating environment hook '/home/teamleafia/ros2_mer/install/pump_control/share/pump_control/hook/ament_prefix_path.ps1'
[1.001s] INFO:colcon.colcon_core.shell:Creating environment descriptor '/home/teamleafia/ros2_mer/install/pump_control/share/pump_control/hook/ament_prefix_path.dsv'
[1.002s] INFO:colcon.colcon_core.shell:Creating environment hook '/home/teamleafia/ros2_mer/install/pump_control/share/pump_control/hook/ament_prefix_path.sh'
[1.003s] INFO:colcon.colcon_core.shell:Skip shell extension 'powershell' for command environment: Not usable outside of PowerShell
[1.003s] DEBUG:colcon.colcon_core.shell:Skip shell extension 'dsv' for command environment
[1.353s] INFO:colcon.colcon_core.task.python.build:Building Python package in '/home/teamleafia/ros2_mer/src/aruco_detector'
[1.353s] INFO:colcon.colcon_core.shell:Skip shell extension 'powershell' for command environment: Not usable outside of PowerShell
[1.353s] DEBUG:colcon.colcon_core.shell:Skip shell extension 'dsv' for command environment
[1.695s] INFO:colcon.colcon_core.task.python.build:Building Python package in '/home/teamleafia/ros2_mer/src/aruco_detector_yj_pkg_2'
[1.696s] INFO:colcon.colcon_core.shell:Skip shell extension 'powershell' for command environment: Not usable outside of PowerShell
[1.696s] DEBUG:colcon.colcon_core.shell:Skip shell extension 'dsv' for command environment
[2.038s] INFO:colcon.colcon_core.task.python.build:Building Python package in '/home/teamleafia/ros2_mer/src/marker_align_2'
[2.038s] INFO:colcon.colcon_core.shell:Skip shell extension 'powershell' for command environment: Not usable outside of PowerShell
[2.038s] DEBUG:colcon.colcon_core.shell:Skip shell extension 'dsv' for command environment
[2.379s] INFO:colcon.colcon_core.task.python.build:Building Python package in '/home/teamleafia/ros2_mer/src/pump_control'
[2.379s] INFO:colcon.colcon_core.shell:Skip shell extension 'powershell' for command environment: Not usable outside of PowerShell
[2.379s] DEBUG:colcon.colcon_core.shell:Skip shell extension 'dsv' for command environment
[4.047s] DEBUG:colcon.colcon_core.event_handler.log_command:Invoking command in '/home/teamleafia/ros2_mer/build/marker_align_2': DEBUGINFOD_URLS=https://debuginfod.ubuntu.com PYTHONPATH=/home/teamleafia/ros2_mer/build/marker_align_2/prefix_override:/usr/lib/python3/dist-packages/colcon_core/task/python/colcon_distutils_commands:/home/teamleafia/ros2_mer/install/marker_align_2/lib/python3.12/site-packages:${PYTHONPATH} /usr/bin/python3 -W ignore:setup.py install is deprecated -W ignore:easy_install command is deprecated setup.py develop --uninstall --editable --build-directory /home/teamleafia/ros2_mer/build/marker_align_2/build
[4.055s] DEBUG:colcon.colcon_core.event_handler.log_command:Invoking command in '/home/teamleafia/ros2_mer/build/aruco_detector_yj_pkg_2': DEBUGINFOD_URLS=https://debuginfod.ubuntu.com PYTHONPATH=/home/teamleafia/ros2_mer/build/aruco_detector_yj_pkg_2/prefix_override:/usr/lib/python3/dist-packages/colcon_core/task/python/colcon_distutils_commands:/home/teamleafia/ros2_mer/install/aruco_detector_yj_pkg_2/lib/python3.12/site-packages:${PYTHONPATH} /usr/bin/python3 -W ignore:setup.py install is deprecated -W ignore:easy_install command is deprecated setup.py develop --uninstall --editable --build-directory /home/teamleafia/ros2_mer/build/aruco_detector_yj_pkg_2/build
[4.057s] DEBUG:colcon.colcon_core.event_handler.log_command:Invoking command in '/home/teamleafia/ros2_mer/build/pump_control': DEBUGINFOD_URLS=https://debuginfod.ubuntu.com PYTHONPATH=/home/teamleafia/ros2_mer/build/pump_control/prefix_override:/usr/lib/python3/dist-packages/colcon_core/task/python/colcon_distutils_commands:/home/teamleafia/ros2_mer/install/pump_control/lib/python3.12/site-packages:${PYTHONPATH} /usr/bin/python3 -W ignore:setup.py install is deprecated -W ignore:easy_install command is deprecated setup.py develop --uninstall --editable --build-directory /home/teamleafia/ros2_mer/build/pump_control/build
[4.066s] DEBUG:colcon.colcon_core.event_handler.log_command:Invoking command in '/home/teamleafia/ros2_mer/build/aruco_detector': DEBUGINFOD_URLS=https://debuginfod.ubuntu.com PYTHONPATH=/home/teamleafia/ros2_mer/build/aruco_detector/prefix_override:/usr/lib/python3/dist-packages/colcon_core/task/python/colcon_distutils_commands:/home/teamleafia/ros2_mer/install/aruco_detector/lib/python3.12/site-packages:${PYTHONPATH} /usr/bin/python3 -W ignore:setup.py install is deprecated -W ignore:easy_install command is deprecated setup.py develop --uninstall --editable --build-directory /home/teamleafia/ros2_mer/build/aruco_detector/build
[5.165s] DEBUG:colcon.colcon_core.event_handler.log_command:Invoked command in '/home/teamleafia/ros2_mer/build/marker_align_2' returned '0': DEBUGINFOD_URLS=https://debuginfod.ubuntu.com PYTHONPATH=/home/teamleafia/ros2_mer/build/marker_align_2/prefix_override:/usr/lib/python3/dist-packages/colcon_core/task/python/colcon_distutils_commands:/home/teamleafia/ros2_mer/install/marker_align_2/lib/python3.12/site-packages:${PYTHONPATH} /usr/bin/python3 -W ignore:setup.py install is deprecated -W ignore:easy_install command is deprecated setup.py develop --uninstall --editable --build-directory /home/teamleafia/ros2_mer/build/marker_align_2/build
[5.167s] DEBUG:colcon.colcon_core.event_handler.log_command:Invoking command in '/home/teamleafia/ros2_mer/src/marker_align_2': DEBUGINFOD_URLS=https://debuginfod.ubuntu.com PYTHONPATH=/home/teamleafia/ros2_mer/build/marker_align_2/prefix_override:/usr/lib/python3/dist-packages/colcon_core/task/python/colcon_distutils_commands:/home/teamleafia/ros2_mer/install/marker_align_2/lib/python3.12/site-packages:${PYTHONPATH} /usr/bin/python3 -W ignore:setup.py install is deprecated -W ignore:easy_install command is deprecated setup.py egg_info --egg-base ../../build/marker_align_2 build --build-base /home/teamleafia/ros2_mer/build/marker_align_2/build install --record /home/teamleafia/ros2_mer/build/marker_align_2/install.log --single-version-externally-managed install_data --force
[5.196s] DEBUG:colcon.colcon_core.event_handler.log_command:Invoked command in '/home/teamleafia/ros2_mer/build/aruco_detector_yj_pkg_2' returned '0': DEBUGINFOD_URLS=https://debuginfod.ubuntu.com PYTHONPATH=/home/teamleafia/ros2_mer/build/aruco_detector_yj_pkg_2/prefix_override:/usr/lib/python3/dist-packages/colcon_core/task/python/colcon_distutils_commands:/home/teamleafia/ros2_mer/install/aruco_detector_yj_pkg_2/lib/python3.12/site-packages:${PYTHONPATH} /usr/bin/python3 -W ignore:setup.py install is deprecated -W ignore:easy_install command is deprecated setup.py develop --uninstall --editable --build-directory /home/teamleafia/ros2_mer/build/aruco_detector_yj_pkg_2/build
[5.196s] DEBUG:colcon.colcon_core.event_handler.log_command:Invoking command in '/home/teamleafia/ros2_mer/src/aruco_detector_yj_pkg_2': DEBUGINFOD_URLS=https://debuginfod.ubuntu.com PYTHONPATH=/home/teamleafia/ros2_mer/build/aruco_detector_yj_pkg_2/prefix_override:/usr/lib/python3/dist-packages/colcon_core/task/python/colcon_distutils_commands:/home/teamleafia/ros2_mer/install/aruco_detector_yj_pkg_2/lib/python3.12/site-packages:${PYTHONPATH} /usr/bin/python3 -W ignore:setup.py install is deprecated -W ignore:easy_install command is deprecated setup.py egg_info --egg-base ../../build/aruco_detector_yj_pkg_2 build --build-base /home/teamleafia/ros2_mer/build/aruco_detector_yj_pkg_2/build install --record /home/teamleafia/ros2_mer/build/aruco_detector_yj_pkg_2/install.log --single-version-externally-managed install_data --force
[5.199s] DEBUG:colcon.colcon_core.event_handler.log_command:Invoked command in '/home/teamleafia/ros2_mer/build/aruco_detector' returned '0': DEBUGINFOD_URLS=https://debuginfod.ubuntu.com PYTHONPATH=/home/teamleafia/ros2_mer/build/aruco_detector/prefix_override:/usr/lib/python3/dist-packages/colcon_core/task/python/colcon_distutils_commands:/home/teamleafia/ros2_mer/install/aruco_detector/lib/python3.12/site-packages:${PYTHONPATH} /usr/bin/python3 -W ignore:setup.py install is deprecated -W ignore:easy_install command is deprecated setup.py develop --uninstall --editable --build-directory /home/teamleafia/ros2_mer/build/aruco_detector/build
[5.202s] DEBUG:colcon.colcon_core.event_handler.log_command:Invoking command in '/home/teamleafia/ros2_mer/src/aruco_detector': DEBUGINFOD_URLS=https://debuginfod.ubuntu.com PYTHONPATH=/home/teamleafia/ros2_mer/build/aruco_detector/prefix_override:/usr/lib/python3/dist-packages/colcon_core/task/python/colcon_distutils_commands:/home/teamleafia/ros2_mer/install/aruco_detector/lib/python3.12/site-packages:${PYTHONPATH} /usr/bin/python3 -W ignore:setup.py install is deprecated -W ignore:easy_install command is deprecated setup.py egg_info --egg-base ../../build/aruco_detector build --build-base /home/teamleafia/ros2_mer/build/aruco_detector/build install --record /home/teamleafia/ros2_mer/build/aruco_detector/install.log --single-version-externally-managed install_data --force
[5.206s] DEBUG:colcon.colcon_core.event_handler.log_command:Invoked command in '/home/teamleafia/ros2_mer/build/pump_control' returned '0': DEBUGINFOD_URLS=https://debuginfod.ubuntu.com PYTHONPATH=/home/teamleafia/ros2_mer/build/pump_control/prefix_override:/usr/lib/python3/dist-packages/colcon_core/task/python/colcon_distutils_commands:/home/teamleafia/ros2_mer/install/pump_control/lib/python3.12/site-packages:${PYTHONPATH} /usr/bin/python3 -W ignore:setup.py install is deprecated -W ignore:easy_install command is deprecated setup.py develop --uninstall --editable --build-directory /home/teamleafia/ros2_mer/build/pump_control/build
[5.206s] DEBUG:colcon.colcon_core.event_handler.log_command:Invoking command in '/home/teamleafia/ros2_mer/src/pump_control': DEBUGINFOD_URLS=https://debuginfod.ubuntu.com PYTHONPATH=/home/teamleafia/ros2_mer/build/pump_control/prefix_override:/usr/lib/python3/dist-packages/colcon_core/task/python/colcon_distutils_commands:/home/teamleafia/ros2_mer/install/pump_control/lib/python3.12/site-packages:${PYTHONPATH} /usr/bin/python3 -W ignore:setup.py install is deprecated -W ignore:easy_install command is deprecated setup.py egg_info --egg-base ../../build/pump_control build --build-base /home/teamleafia/ros2_mer/build/pump_control/build install --record /home/teamleafia/ros2_mer/build/pump_control/install.log --single-version-externally-managed install_data --force
[6.286s] DEBUG:colcon.colcon_core.event_handler.log_command:Invoked command in '/home/teamleafia/ros2_mer/src/aruco_detector_yj_pkg_2' returned '0': DEBUGINFOD_URLS=https://debuginfod.ubuntu.com PYTHONPATH=/home/teamleafia/ros2_mer/build/aruco_detector_yj_pkg_2/prefix_override:/usr/lib/python3/dist-packages/colcon_core/task/python/colcon_distutils_commands:/home/teamleafia/ros2_mer/install/aruco_detector_yj_pkg_2/lib/python3.12/site-packages:${PYTHONPATH} /usr/bin/python3 -W ignore:setup.py install is deprecated -W ignore:easy_install command is deprecated setup.py egg_info --egg-base ../../build/aruco_detector_yj_pkg_2 build --build-base /home/teamleafia/ros2_mer/build/aruco_detector_yj_pkg_2/build install --record /home/teamleafia/ros2_mer/build/aruco_detector_yj_pkg_2/install.log --single-version-externally-managed install_data --force
[6.302s] Level 1:colcon.colcon_core.environment:checking '/home/teamleafia/ros2_mer/install/aruco_detector_yj_pkg_2' for CMake module files
[6.303s] Level 1:colcon.colcon_core.environment:checking '/home/teamleafia/ros2_mer/install/aruco_detector_yj_pkg_2' for CMake config files
[6.306s] Level 1:colcon.colcon_core.environment:checking '/home/teamleafia/ros2_mer/install/aruco_detector_yj_pkg_2/lib'
[6.306s] Level 1:colcon.colcon_core.environment:checking '/home/teamleafia/ros2_mer/install/aruco_detector_yj_pkg_2/bin'
[6.306s] Level 1:colcon.colcon_core.environment:checking '/home/teamleafia/ros2_mer/install/aruco_detector_yj_pkg_2/lib/pkgconfig/aruco_detector_yj_pkg_2.pc'
[6.307s] Level 1:colcon.colcon_core.environment:checking '/home/teamleafia/ros2_mer/install/aruco_detector_yj_pkg_2/lib/python3.12/site-packages'
[6.307s] Level 1:colcon.colcon_core.shell:create_environment_hook('aruco_detector_yj_pkg_2', 'pythonpath')
[6.307s] INFO:colcon.colcon_core.shell:Creating environment hook '/home/teamleafia/ros2_mer/install/aruco_detector_yj_pkg_2/share/aruco_detector_yj_pkg_2/hook/pythonpath.ps1'
[6.309s] INFO:colcon.colcon_core.shell:Creating environment descriptor '/home/teamleafia/ros2_mer/install/aruco_detector_yj_pkg_2/share/aruco_detector_yj_pkg_2/hook/pythonpath.dsv'
[6.310s] INFO:colcon.colcon_core.shell:Creating environment hook '/home/teamleafia/ros2_mer/install/aruco_detector_yj_pkg_2/share/aruco_detector_yj_pkg_2/hook/pythonpath.sh'
[6.312s] Level 1:colcon.colcon_core.environment:checking '/home/teamleafia/ros2_mer/install/aruco_detector_yj_pkg_2/bin'
[6.312s] Level 1:colcon.colcon_core.environment:create_environment_scripts_only(aruco_detector_yj_pkg_2)
[6.312s] INFO:colcon.colcon_core.shell:Creating package script '/home/teamleafia/ros2_mer/install/aruco_detector_yj_pkg_2/share/aruco_detector_yj_pkg_2/package.ps1'
[6.314s] INFO:colcon.colcon_core.shell:Creating package descriptor '/home/teamleafia/ros2_mer/install/aruco_detector_yj_pkg_2/share/aruco_detector_yj_pkg_2/package.dsv'
[6.316s] INFO:colcon.colcon_core.shell:Creating package script '/home/teamleafia/ros2_mer/install/aruco_detector_yj_pkg_2/share/aruco_detector_yj_pkg_2/package.sh'
[6.319s] INFO:colcon.colcon_core.shell:Creating package script '/home/teamleafia/ros2_mer/install/aruco_detector_yj_pkg_2/share/aruco_detector_yj_pkg_2/package.bash'
[6.322s] INFO:colcon.colcon_core.shell:Creating package script '/home/teamleafia/ros2_mer/install/aruco_detector_yj_pkg_2/share/aruco_detector_yj_pkg_2/package.zsh'
[6.324s] Level 1:colcon.colcon_core.environment:create_file_with_runtime_dependencies(/home/teamleafia/ros2_mer/install/aruco_detector_yj_pkg_2/share/colcon-core/packages/aruco_detector_yj_pkg_2)
[6.326s] INFO:colcon.colcon_ros.task.ament_python.build:Building ROS package in '/home/teamleafia/ros2_mer/src/robot_control' with build type 'ament_python'
[6.326s] Level 1:colcon.colcon_core.shell:create_environment_hook('robot_control', 'ament_prefix_path')
[6.327s] INFO:colcon.colcon_core.shell:Creating environment hook '/home/teamleafia/ros2_mer/install/robot_control/share/robot_control/hook/ament_prefix_path.ps1'
[6.328s] INFO:colcon.colcon_core.shell:Creating environment descriptor '/home/teamleafia/ros2_mer/install/robot_control/share/robot_control/hook/ament_prefix_path.dsv'
[6.329s] INFO:colcon.colcon_core.shell:Creating environment hook '/home/teamleafia/ros2_mer/install/robot_control/share/robot_control/hook/ament_prefix_path.sh'
[6.330s] INFO:colcon.colcon_core.shell:Skip shell extension 'powershell' for command environment: Not usable outside of PowerShell
[6.330s] DEBUG:colcon.colcon_core.shell:Skip shell extension 'dsv' for command environment
[6.337s] Level 1:colcon.colcon_core.environment:checking '/home/teamleafia/ros2_mer/install/marker_align_2' for CMake module files
[6.338s] DEBUG:colcon.colcon_core.event_handler.log_command:Invoked command in '/home/teamleafia/ros2_mer/src/marker_align_2' returned '0': DEBUGINFOD_URLS=https://debuginfod.ubuntu.com PYTHONPATH=/home/teamleafia/ros2_mer/build/marker_align_2/prefix_override:/usr/lib/python3/dist-packages/colcon_core/task/python/colcon_distutils_commands:/home/teamleafia/ros2_mer/install/marker_align_2/lib/python3.12/site-packages:${PYTHONPATH} /usr/bin/python3 -W ignore:setup.py install is deprecated -W ignore:easy_install command is deprecated setup.py egg_info --egg-base ../../build/marker_align_2 build --build-base /home/teamleafia/ros2_mer/build/marker_align_2/build install --record /home/teamleafia/ros2_mer/build/marker_align_2/install.log --single-version-externally-managed install_data --force
[6.338s] Level 1:colcon.colcon_core.environment:checking '/home/teamleafia/ros2_mer/install/marker_align_2' for CMake config files
[6.340s] Level 1:colcon.colcon_core.environment:checking '/home/teamleafia/ros2_mer/install/marker_align_2/lib'
[6.340s] Level 1:colcon.colcon_core.environment:checking '/home/teamleafia/ros2_mer/install/marker_align_2/bin'
[6.340s] Level 1:colcon.colcon_core.environment:checking '/home/teamleafia/ros2_mer/install/marker_align_2/lib/pkgconfig/marker_align_2.pc'
[6.340s] Level 1:colcon.colcon_core.environment:checking '/home/teamleafia/ros2_mer/install/marker_align_2/lib/python3.12/site-packages'
[6.341s] Level 1:colcon.colcon_core.shell:create_environment_hook('marker_align_2', 'pythonpath')
[6.341s] INFO:colcon.colcon_core.shell:Creating environment hook '/home/teamleafia/ros2_mer/install/marker_align_2/share/marker_align_2/hook/pythonpath.ps1'
[6.342s] INFO:colcon.colcon_core.shell:Creating environment descriptor '/home/teamleafia/ros2_mer/install/marker_align_2/share/marker_align_2/hook/pythonpath.dsv'
[6.342s] INFO:colcon.colcon_core.shell:Creating environment hook '/home/teamleafia/ros2_mer/install/marker_align_2/share/marker_align_2/hook/pythonpath.sh'
[6.343s] Level 1:colcon.colcon_core.environment:checking '/home/teamleafia/ros2_mer/install/marker_align_2/bin'
[6.343s] Level 1:colcon.colcon_core.environment:create_environment_scripts_only(marker_align_2)
[6.344s] INFO:colcon.colcon_core.shell:Creating package script '/home/teamleafia/ros2_mer/install/marker_align_2/share/marker_align_2/package.ps1'
[6.344s] INFO:colcon.colcon_core.shell:Creating package descriptor '/home/teamleafia/ros2_mer/install/marker_align_2/share/marker_align_2/package.dsv'
[6.345s] INFO:colcon.colcon_core.shell:Creating package script '/home/teamleafia/ros2_mer/install/marker_align_2/share/marker_align_2/package.sh'
[6.346s] INFO:colcon.colcon_core.shell:Creating package script '/home/teamleafia/ros2_mer/install/marker_align_2/share/marker_align_2/package.bash'
[6.346s] INFO:colcon.colcon_core.shell:Creating package script '/home/teamleafia/ros2_mer/install/marker_align_2/share/marker_align_2/package.zsh'
[6.347s] Level 1:colcon.colcon_core.environment:create_file_with_runtime_dependencies(/home/teamleafia/ros2_mer/install/marker_align_2/share/colcon-core/packages/marker_align_2)
[6.348s] Level 1:colcon.colcon_core.environment:checking '/home/teamleafia/ros2_mer/install/pump_control' for CMake module files
[6.349s] DEBUG:colcon.colcon_core.event_handler.log_command:Invoked command in '/home/teamleafia/ros2_mer/src/pump_control' returned '0': DEBUGINFOD_URLS=https://debuginfod.ubuntu.com PYTHONPATH=/home/teamleafia/ros2_mer/build/pump_control/prefix_override:/usr/lib/python3/dist-packages/colcon_core/task/python/colcon_distutils_commands:/home/teamleafia/ros2_mer/install/pump_control/lib/python3.12/site-packages:${PYTHONPATH} /usr/bin/python3 -W ignore:setup.py install is deprecated -W ignore:easy_install command is deprecated setup.py egg_info --egg-base ../../build/pump_control build --build-base /home/teamleafia/ros2_mer/build/pump_control/build install --record /home/teamleafia/ros2_mer/build/pump_control/install.log --single-version-externally-managed install_data --force
[6.350s] Level 1:colcon.colcon_core.environment:checking '/home/teamleafia/ros2_mer/install/pump_control' for CMake config files
[6.351s] Level 1:colcon.colcon_core.environment:checking '/home/teamleafia/ros2_mer/install/pump_control/lib'
[6.351s] Level 1:colcon.colcon_core.environment:checking '/home/teamleafia/ros2_mer/install/pump_control/bin'
[6.351s] Level 1:colcon.colcon_core.environment:checking '/home/teamleafia/ros2_mer/install/pump_control/lib/pkgconfig/pump_control.pc'
[6.352s] Level 1:colcon.colcon_core.environment:checking '/home/teamleafia/ros2_mer/install/pump_control/lib/python3.12/site-packages'
[6.352s] Level 1:colcon.colcon_core.shell:create_environment_hook('pump_control', 'pythonpath')
[6.352s] INFO:colcon.colcon_core.shell:Creating environment hook '/home/teamleafia/ros2_mer/install/pump_control/share/pump_control/hook/pythonpath.ps1'
[6.353s] INFO:colcon.colcon_core.shell:Creating environment descriptor '/home/teamleafia/ros2_mer/install/pump_control/share/pump_control/hook/pythonpath.dsv'
[6.354s] INFO:colcon.colcon_core.shell:Creating environment hook '/home/teamleafia/ros2_mer/install/pump_control/share/pump_control/hook/pythonpath.sh'
[6.354s] Level 1:colcon.colcon_core.environment:checking '/home/teamleafia/ros2_mer/install/pump_control/bin'
[6.355s] Level 1:colcon.colcon_core.environment:create_environment_scripts_only(pump_control)
[6.355s] INFO:colcon.colcon_core.shell:Creating package script '/home/teamleafia/ros2_mer/install/pump_control/share/pump_control/package.ps1'
[6.356s] INFO:colcon.colcon_core.shell:Creating package descriptor '/home/teamleafia/ros2_mer/install/pump_control/share/pump_control/package.dsv'
[6.356s] INFO:colcon.colcon_core.shell:Creating package script '/home/teamleafia/ros2_mer/install/pump_control/share/pump_control/package.sh'
[6.357s] INFO:colcon.colcon_core.shell:Creating package script '/home/teamleafia/ros2_mer/install/pump_control/share/pump_control/package.bash'
[6.358s] INFO:colcon.colcon_core.shell:Creating package script '/home/teamleafia/ros2_mer/install/pump_control/share/pump_control/package.zsh'
[6.358s] Level 1:colcon.colcon_core.environment:create_file_with_runtime_dependencies(/home/teamleafia/ros2_mer/install/pump_control/share/colcon-core/packages/pump_control)
[6.360s] INFO:colcon.colcon_ros.task.ament_python.build:Building ROS package in '/home/teamleafia/ros2_mer/src/cartrash' with build type 'ament_python'
[6.360s] Level 1:colcon.colcon_core.shell:create_environment_hook('cartrash', 'ament_prefix_path')
[6.360s] INFO:colcon.colcon_core.shell:Creating environment hook '/home/teamleafia/ros2_mer/install/cartrash/share/cartrash/hook/ament_prefix_path.ps1'
[6.362s] INFO:colcon.colcon_core.shell:Creating environment descriptor '/home/teamleafia/ros2_mer/install/cartrash/share/cartrash/hook/ament_prefix_path.dsv'
[6.363s] INFO:colcon.colcon_core.shell:Creating environment hook '/home/teamleafia/ros2_mer/install/cartrash/share/cartrash/hook/ament_prefix_path.sh'
[6.364s] INFO:colcon.colcon_core.shell:Skip shell extension 'powershell' for command environment: Not usable outside of PowerShell
[6.364s] DEBUG:colcon.colcon_core.shell:Skip shell extension 'dsv' for command environment
[6.371s] Level 1:colcon.colcon_core.environment:checking '/home/teamleafia/ros2_mer/install/aruco_detector' for CMake module files
[6.371s] DEBUG:colcon.colcon_core.event_handler.log_command:Invoked command in '/home/teamleafia/ros2_mer/src/aruco_detector' returned '0': DEBUGINFOD_URLS=https://debuginfod.ubuntu.com PYTHONPATH=/home/teamleafia/ros2_mer/build/aruco_detector/prefix_override:/usr/lib/python3/dist-packages/colcon_core/task/python/colcon_distutils_commands:/home/teamleafia/ros2_mer/install/aruco_detector/lib/python3.12/site-packages:${PYTHONPATH} /usr/bin/python3 -W ignore:setup.py install is deprecated -W ignore:easy_install command is deprecated setup.py egg_info --egg-base ../../build/aruco_detector build --build-base /home/teamleafia/ros2_mer/build/aruco_detector/build install --record /home/teamleafia/ros2_mer/build/aruco_detector/install.log --single-version-externally-managed install_data --force
[6.372s] Level 1:colcon.colcon_core.environment:checking '/home/teamleafia/ros2_mer/install/aruco_detector' for CMake config files
[6.374s] Level 1:colcon.colcon_core.environment:checking '/home/teamleafia/ros2_mer/install/aruco_detector/lib'
[6.374s] Level 1:colcon.colcon_core.environment:checking '/home/teamleafia/ros2_mer/install/aruco_detector/bin'
[6.374s] Level 1:colcon.colcon_core.environment:checking '/home/teamleafia/ros2_mer/install/aruco_detector/lib/pkgconfig/aruco_detector.pc'
[6.374s] Level 1:colcon.colcon_core.environment:checking '/home/teamleafia/ros2_mer/install/aruco_detector/lib/python3.12/site-packages'
[6.374s] Level 1:colcon.colcon_core.shell:create_environment_hook('aruco_detector', 'pythonpath')
[6.375s] INFO:colcon.colcon_core.shell:Creating environment hook '/home/teamleafia/ros2_mer/install/aruco_detector/share/aruco_detector/hook/pythonpath.ps1'
[6.375s] INFO:colcon.colcon_core.shell:Creating environment descriptor '/home/teamleafia/ros2_mer/install/aruco_detector/share/aruco_detector/hook/pythonpath.dsv'
[6.376s] INFO:colcon.colcon_core.shell:Creating environment hook '/home/teamleafia/ros2_mer/install/aruco_detector/share/aruco_detector/hook/pythonpath.sh'
[6.377s] Level 1:colcon.colcon_core.environment:checking '/home/teamleafia/ros2_mer/install/aruco_detector/bin'
[6.377s] Level 1:colcon.colcon_core.environment:create_environment_scripts_only(aruco_detector)
[6.377s] INFO:colcon.colcon_core.shell:Creating package script '/home/teamleafia/ros2_mer/install/aruco_detector/share/aruco_detector/package.ps1'
[6.378s] INFO:colcon.colcon_core.shell:Creating package descriptor '/home/teamleafia/ros2_mer/install/aruco_detector/share/aruco_detector/package.dsv'
[6.379s] INFO:colcon.colcon_core.shell:Creating package script '/home/teamleafia/ros2_mer/install/aruco_detector/share/aruco_detector/package.sh'
[6.380s] INFO:colcon.colcon_core.shell:Creating package script '/home/teamleafia/ros2_mer/install/aruco_detector/share/aruco_detector/package.bash'
[6.380s] INFO:colcon.colcon_core.shell:Creating package script '/home/teamleafia/ros2_mer/install/aruco_detector/share/aruco_detector/package.zsh'
[6.381s] Level 1:colcon.colcon_core.environment:create_file_with_runtime_dependencies(/home/teamleafia/ros2_mer/install/aruco_detector/share/colcon-core/packages/aruco_detector)
[6.719s] INFO:colcon.colcon_core.task.python.build:Building Python package in '/home/teamleafia/ros2_mer/src/robot_control'
[6.719s] INFO:colcon.colcon_core.shell:Skip shell extension 'powershell' for command environment: Not usable outside of PowerShell
[6.719s] DEBUG:colcon.colcon_core.shell:Skip shell extension 'dsv' for command environment
[7.061s] INFO:colcon.colcon_core.task.python.build:Building Python package in '/home/teamleafia/ros2_mer/src/cartrash'
[7.061s] INFO:colcon.colcon_core.shell:Skip shell extension 'powershell' for command environment: Not usable outside of PowerShell
[7.061s] DEBUG:colcon.colcon_core.shell:Skip shell extension 'dsv' for command environment
[8.070s] DEBUG:colcon.colcon_core.event_handler.log_command:Invoking command in '/home/teamleafia/ros2_mer/build/robot_control': DEBUGINFOD_URLS=https://debuginfod.ubuntu.com PYTHONPATH=/home/teamleafia/ros2_mer/build/robot_control/prefix_override:/usr/lib/python3/dist-packages/colcon_core/task/python/colcon_distutils_commands:/home/teamleafia/ros2_mer/install/robot_control/lib/python3.12/site-packages:${PYTHONPATH} /usr/bin/python3 -W ignore:setup.py install is deprecated -W ignore:easy_install command is deprecated setup.py develop --uninstall --editable --build-directory /home/teamleafia/ros2_mer/build/robot_control/build
[8.077s] DEBUG:colcon.colcon_core.event_handler.log_command:Invoking command in '/home/teamleafia/ros2_mer/build/cartrash': DEBUGINFOD_URLS=https://debuginfod.ubuntu.com PYTHONPATH=/home/teamleafia/ros2_mer/build/cartrash/prefix_override:/usr/lib/python3/dist-packages/colcon_core/task/python/colcon_distutils_commands:/home/teamleafia/ros2_mer/install/cartrash/lib/python3.12/site-packages:${PYTHONPATH} /usr/bin/python3 -W ignore:setup.py install is deprecated -W ignore:easy_install command is deprecated setup.py develop --uninstall --editable --build-directory /home/teamleafia/ros2_mer/build/cartrash/build
[9.078s] DEBUG:colcon.colcon_core.event_handler.log_command:Invoked command in '/home/teamleafia/ros2_mer/build/robot_control' returned '0': DEBUGINFOD_URLS=https://debuginfod.ubuntu.com PYTHONPATH=/home/teamleafia/ros2_mer/build/robot_control/prefix_override:/usr/lib/python3/dist-packages/colcon_core/task/python/colcon_distutils_commands:/home/teamleafia/ros2_mer/install/robot_control/lib/python3.12/site-packages:${PYTHONPATH} /usr/bin/python3 -W ignore:setup.py install is deprecated -W ignore:easy_install command is deprecated setup.py develop --uninstall --editable --build-directory /home/teamleafia/ros2_mer/build/robot_control/build
[9.080s] DEBUG:colcon.colcon_core.event_handler.log_command:Invoking command in '/home/teamleafia/ros2_mer/src/robot_control': DEBUGINFOD_URLS=https://debuginfod.ubuntu.com PYTHONPATH=/home/teamleafia/ros2_mer/build/robot_control/prefix_override:/usr/lib/python3/dist-packages/colcon_core/task/python/colcon_distutils_commands:/home/teamleafia/ros2_mer/install/robot_control/lib/python3.12/site-packages:${PYTHONPATH} /usr/bin/python3 -W ignore:setup.py install is deprecated -W ignore:easy_install command is deprecated setup.py egg_info --egg-base ../../build/robot_control build --build-base /home/teamleafia/ros2_mer/build/robot_control/build install --record /home/teamleafia/ros2_mer/build/robot_control/install.log --single-version-externally-managed install_data --force
[9.117s] DEBUG:colcon.colcon_core.event_handler.log_command:Invoked command in '/home/teamleafia/ros2_mer/build/cartrash' returned '0': DEBUGINFOD_URLS=https://debuginfod.ubuntu.com PYTHONPATH=/home/teamleafia/ros2_mer/build/cartrash/prefix_override:/usr/lib/python3/dist-packages/colcon_core/task/python/colcon_distutils_commands:/home/teamleafia/ros2_mer/install/cartrash/lib/python3.12/site-packages:${PYTHONPATH} /usr/bin/python3 -W ignore:setup.py install is deprecated -W ignore:easy_install command is deprecated setup.py develop --uninstall --editable --build-directory /home/teamleafia/ros2_mer/build/cartrash/build
[9.119s] DEBUG:colcon.colcon_core.event_handler.log_command:Invoking command in '/home/teamleafia/ros2_mer/src/cartrash': DEBUGINFOD_URLS=https://debuginfod.ubuntu.com PYTHONPATH=/home/teamleafia/ros2_mer/build/cartrash/prefix_override:/usr/lib/python3/dist-packages/colcon_core/task/python/colcon_distutils_commands:/home/teamleafia/ros2_mer/install/cartrash/lib/python3.12/site-packages:${PYTHONPATH} /usr/bin/python3 -W ignore:setup.py install is deprecated -W ignore:easy_install command is deprecated setup.py egg_info --egg-base ../../build/cartrash build --build-base /home/teamleafia/ros2_mer/build/cartrash/build install --record /home/teamleafia/ros2_mer/build/cartrash/install.log --single-version-externally-managed install_data --force
[10.141s] Level 1:colcon.colcon_core.environment:checking '/home/teamleafia/ros2_mer/install/robot_control' for CMake module files
[10.142s] DEBUG:colcon.colcon_core.event_handler.log_command:Invoked command in '/home/teamleafia/ros2_mer/src/robot_control' returned '0': DEBUGINFOD_URLS=https://debuginfod.ubuntu.com PYTHONPATH=/home/teamleafia/ros2_mer/build/robot_control/prefix_override:/usr/lib/python3/dist-packages/colcon_core/task/python/colcon_distutils_commands:/home/teamleafia/ros2_mer/install/robot_control/lib/python3.12/site-packages:${PYTHONPATH} /usr/bin/python3 -W ignore:setup.py install is deprecated -W ignore:easy_install command is deprecated setup.py egg_info --egg-base ../../build/robot_control build --build-base /home/teamleafia/ros2_mer/build/robot_control/build install --record /home/teamleafia/ros2_mer/build/robot_control/install.log --single-version-externally-managed install_data --force
[10.143s] Level 1:colcon.colcon_core.environment:checking '/home/teamleafia/ros2_mer/install/robot_control' for CMake config files
[10.146s] Level 1:colcon.colcon_core.environment:checking '/home/teamleafia/ros2_mer/install/robot_control/lib'
[10.146s] Level 1:colcon.colcon_core.environment:checking '/home/teamleafia/ros2_mer/install/robot_control/bin'
[10.146s] Level 1:colcon.colcon_core.environment:checking '/home/teamleafia/ros2_mer/install/robot_control/lib/pkgconfig/robot_control.pc'
[10.147s] Level 1:colcon.colcon_core.environment:checking '/home/teamleafia/ros2_mer/install/robot_control/lib/python3.12/site-packages'
[10.147s] Level 1:colcon.colcon_core.shell:create_environment_hook('robot_control', 'pythonpath')
[10.147s] INFO:colcon.colcon_core.shell:Creating environment hook '/home/teamleafia/ros2_mer/install/robot_control/share/robot_control/hook/pythonpath.ps1'
[10.149s] INFO:colcon.colcon_core.shell:Creating environment descriptor '/home/teamleafia/ros2_mer/install/robot_control/share/robot_control/hook/pythonpath.dsv'
[10.150s] INFO:colcon.colcon_core.shell:Creating environment hook '/home/teamleafia/ros2_mer/install/robot_control/share/robot_control/hook/pythonpath.sh'
[10.151s] Level 1:colcon.colcon_core.environment:checking '/home/teamleafia/ros2_mer/install/robot_control/bin'
[10.151s] Level 1:colcon.colcon_core.environment:create_environment_scripts_only(robot_control)
[10.152s] INFO:colcon.colcon_core.shell:Creating package script '/home/teamleafia/ros2_mer/install/robot_control/share/robot_control/package.ps1'
[10.153s] INFO:colcon.colcon_core.shell:Creating package descriptor '/home/teamleafia/ros2_mer/install/robot_control/share/robot_control/package.dsv'
[10.155s] INFO:colcon.colcon_core.shell:Creating package script '/home/teamleafia/ros2_mer/install/robot_control/share/robot_control/package.sh'
[10.156s] INFO:colcon.colcon_core.shell:Creating package script '/home/teamleafia/ros2_mer/install/robot_control/share/robot_control/package.bash'
[10.157s] INFO:colcon.colcon_core.shell:Creating package script '/home/teamleafia/ros2_mer/install/robot_control/share/robot_control/package.zsh'
[10.158s] Level 1:colcon.colcon_core.environment:create_file_with_runtime_dependencies(/home/teamleafia/ros2_mer/install/robot_control/share/colcon-core/packages/robot_control)
[10.159s] INFO:colcon.colcon_ros.task.ament_python.build:Building ROS package in '/home/teamleafia/ros2_mer/src/plant_transport' with build type 'ament_python'
[10.159s] Level 1:colcon.colcon_core.shell:create_environment_hook('plant_transport', 'ament_prefix_path')
[10.160s] INFO:colcon.colcon_core.shell:Creating environment hook '/home/teamleafia/ros2_mer/install/plant_transport/share/plant_transport/hook/ament_prefix_path.ps1'
[10.164s] INFO:colcon.colcon_core.shell:Creating environment descriptor '/home/teamleafia/ros2_mer/install/plant_transport/share/plant_transport/hook/ament_prefix_path.dsv'
[10.165s] INFO:colcon.colcon_core.shell:Creating environment hook '/home/teamleafia/ros2_mer/install/plant_transport/share/plant_transport/hook/ament_prefix_path.sh'
[10.166s] INFO:colcon.colcon_core.shell:Skip shell extension 'powershell' for command environment: Not usable outside of PowerShell
[10.167s] DEBUG:colcon.colcon_core.shell:Skip shell extension 'dsv' for command environment
[10.562s] INFO:colcon.colcon_core.task.python.build:Building Python package in '/home/teamleafia/ros2_mer/src/plant_transport'
[10.562s] INFO:colcon.colcon_core.shell:Skip shell extension 'powershell' for command environment: Not usable outside of PowerShell
[10.562s] DEBUG:colcon.colcon_core.shell:Skip shell extension 'dsv' for command environment
[10.570s] Level 1:colcon.colcon_core.environment:checking '/home/teamleafia/ros2_mer/install/cartrash' for CMake module files
[10.571s] DEBUG:colcon.colcon_core.event_handler.log_command:Invoked command in '/home/teamleafia/ros2_mer/src/cartrash' returned '0': DEBUGINFOD_URLS=https://debuginfod.ubuntu.com PYTHONPATH=/home/teamleafia/ros2_mer/build/cartrash/prefix_override:/usr/lib/python3/dist-packages/colcon_core/task/python/colcon_distutils_commands:/home/teamleafia/ros2_mer/install/cartrash/lib/python3.12/site-packages:${PYTHONPATH} /usr/bin/python3 -W ignore:setup.py install is deprecated -W ignore:easy_install command is deprecated setup.py egg_info --egg-base ../../build/cartrash build --build-base /home/teamleafia/ros2_mer/build/cartrash/build install --record /home/teamleafia/ros2_mer/build/cartrash/install.log --single-version-externally-managed install_data --force
[10.572s] Level 1:colcon.colcon_core.environment:checking '/home/teamleafia/ros2_mer/install/cartrash' for CMake config files
[10.575s] Level 1:colcon.colcon_core.environment:checking '/home/teamleafia/ros2_mer/install/cartrash/lib'
[10.575s] Level 1:colcon.colcon_core.environment:checking '/home/teamleafia/ros2_mer/install/cartrash/bin'
[10.575s] Level 1:colcon.colcon_core.environment:checking '/home/teamleafia/ros2_mer/install/cartrash/lib/pkgconfig/cartrash.pc'
[10.575s] Level 1:colcon.colcon_core.environment:checking '/home/teamleafia/ros2_mer/install/cartrash/lib/python3.12/site-packages'
[10.575s] Level 1:colcon.colcon_core.shell:create_environment_hook('cartrash', 'pythonpath')
[10.576s] INFO:colcon.colcon_core.shell:Creating environment hook '/home/teamleafia/ros2_mer/install/cartrash/share/cartrash/hook/pythonpath.ps1'
[10.577s] INFO:colcon.colcon_core.shell:Creating environment descriptor '/home/teamleafia/ros2_mer/install/cartrash/share/cartrash/hook/pythonpath.dsv'
[10.578s] INFO:colcon.colcon_core.shell:Creating environment hook '/home/teamleafia/ros2_mer/install/cartrash/share/cartrash/hook/pythonpath.sh'
[10.578s] Level 1:colcon.colcon_core.environment:checking '/home/teamleafia/ros2_mer/install/cartrash/bin'
[10.579s] Level 1:colcon.colcon_core.environment:create_environment_scripts_only(cartrash)
[10.579s] INFO:colcon.colcon_core.shell:Creating package script '/home/teamleafia/ros2_mer/install/cartrash/share/cartrash/package.ps1'
[10.580s] INFO:colcon.colcon_core.shell:Creating package descriptor '/home/teamleafia/ros2_mer/install/cartrash/share/cartrash/package.dsv'
[10.580s] INFO:colcon.colcon_core.shell:Creating package script '/home/teamleafia/ros2_mer/install/cartrash/share/cartrash/package.sh'
[10.581s] INFO:colcon.colcon_core.shell:Creating package script '/home/teamleafia/ros2_mer/install/cartrash/share/cartrash/package.bash'
[10.582s] INFO:colcon.colcon_core.shell:Creating package script '/home/teamleafia/ros2_mer/install/cartrash/share/cartrash/package.zsh'
[10.582s] Level 1:colcon.colcon_core.environment:create_file_with_runtime_dependencies(/home/teamleafia/ros2_mer/install/cartrash/share/colcon-core/packages/cartrash)
[11.530s] DEBUG:colcon.colcon_core.event_handler.log_command:Invoking command in '/home/teamleafia/ros2_mer/build/plant_transport': AMENT_PREFIX_PATH=/home/teamleafia/ros2_mer/install/robot_control:/home/teamleafia/ros2_mer/install/pump_control:/home/teamleafia/ros2_mer/install/marker_align_2:/home/teamleafia/ros2_mer/install/aruco_detector_yj_pkg_2:/home/teamleafia/ros2_mer/install/aruco_detector:${AMENT_PREFIX_PATH} DEBUGINFOD_URLS=https://debuginfod.ubuntu.com PYTHONPATH=/home/teamleafia/ros2_mer/build/plant_transport/prefix_override:/usr/lib/python3/dist-packages/colcon_core/task/python/colcon_distutils_commands:/home/teamleafia/ros2_mer/install/plant_transport/lib/python3.12/site-packages:/home/teamleafia/ros2_mer/install/robot_control/lib/python3.12/site-packages:/home/teamleafia/ros2_mer/install/pump_control/lib/python3.12/site-packages:/home/teamleafia/ros2_mer/install/marker_align_2/lib/python3.12/site-packages:/home/teamleafia/ros2_mer/install/aruco_detector_yj_pkg_2/lib/python3.12/site-packages:/home/teamleafia/ros2_mer/install/aruco_detector/lib/python3.12/site-packages:${PYTHONPATH} /usr/bin/python3 -W ignore:setup.py install is deprecated -W ignore:easy_install command is deprecated setup.py develop --uninstall --editable --build-directory /home/teamleafia/ros2_mer/build/plant_transport/build
[12.402s] DEBUG:colcon.colcon_core.event_handler.log_command:Invoked command in '/home/teamleafia/ros2_mer/build/plant_transport' returned '0': AMENT_PREFIX_PATH=/home/teamleafia/ros2_mer/install/robot_control:/home/teamleafia/ros2_mer/install/pump_control:/home/teamleafia/ros2_mer/install/marker_align_2:/home/teamleafia/ros2_mer/install/aruco_detector_yj_pkg_2:/home/teamleafia/ros2_mer/install/aruco_detector:${AMENT_PREFIX_PATH} DEBUGINFOD_URLS=https://debuginfod.ubuntu.com PYTHONPATH=/home/teamleafia/ros2_mer/build/plant_transport/prefix_override:/usr/lib/python3/dist-packages/colcon_core/task/python/colcon_distutils_commands:/home/teamleafia/ros2_mer/install/plant_transport/lib/python3.12/site-packages:/home/teamleafia/ros2_mer/install/robot_control/lib/python3.12/site-packages:/home/teamleafia/ros2_mer/install/pump_control/lib/python3.12/site-packages:/home/teamleafia/ros2_mer/install/marker_align_2/lib/python3.12/site-packages:/home/teamleafia/ros2_mer/install/aruco_detector_yj_pkg_2/lib/python3.12/site-packages:/home/teamleafia/ros2_mer/install/aruco_detector/lib/python3.12/site-packages:${PYTHONPATH} /usr/bin/python3 -W ignore:setup.py install is deprecated -W ignore:easy_install command is deprecated setup.py develop --uninstall --editable --build-directory /home/teamleafia/ros2_mer/build/plant_transport/build
[12.404s] DEBUG:colcon.colcon_core.event_handler.log_command:Invoking command in '/home/teamleafia/ros2_mer/src/plant_transport': AMENT_PREFIX_PATH=/home/teamleafia/ros2_mer/install/robot_control:/home/teamleafia/ros2_mer/install/pump_control:/home/teamleafia/ros2_mer/install/marker_align_2:/home/teamleafia/ros2_mer/install/aruco_detector_yj_pkg_2:/home/teamleafia/ros2_mer/install/aruco_detector:${AMENT_PREFIX_PATH} DEBUGINFOD_URLS=https://debuginfod.ubuntu.com PYTHONPATH=/home/teamleafia/ros2_mer/build/plant_transport/prefix_override:/usr/lib/python3/dist-packages/colcon_core/task/python/colcon_distutils_commands:/home/teamleafia/ros2_mer/install/plant_transport/lib/python3.12/site-packages:/home/teamleafia/ros2_mer/install/robot_control/lib/python3.12/site-packages:/home/teamleafia/ros2_mer/install/pump_control/lib/python3.12/site-packages:/home/teamleafia/ros2_mer/install/marker_align_2/lib/python3.12/site-packages:/home/teamleafia/ros2_mer/install/aruco_detector_yj_pkg_2/lib/python3.12/site-packages:/home/teamleafia/ros2_mer/install/aruco_detector/lib/python3.12/site-packages:${PYTHONPATH} /usr/bin/python3 -W ignore:setup.py install is deprecated -W ignore:easy_install command is deprecated setup.py egg_info --egg-base ../../build/plant_transport build --build-base /home/teamleafia/ros2_mer/build/plant_transport/build install --record /home/teamleafia/ros2_mer/build/plant_transport/install.log --single-version-externally-managed install_data --force
[13.287s] Level 1:colcon.colcon_core.environment:checking '/home/teamleafia/ros2_mer/install/plant_transport' for CMake module files
[13.288s] DEBUG:colcon.colcon_core.event_handler.log_command:Invoked command in '/home/teamleafia/ros2_mer/src/plant_transport' returned '0': AMENT_PREFIX_PATH=/home/teamleafia/ros2_mer/install/robot_control:/home/teamleafia/ros2_mer/install/pump_control:/home/teamleafia/ros2_mer/install/marker_align_2:/home/teamleafia/ros2_mer/install/aruco_detector_yj_pkg_2:/home/teamleafia/ros2_mer/install/aruco_detector:${AMENT_PREFIX_PATH} DEBUGINFOD_URLS=https://debuginfod.ubuntu.com PYTHONPATH=/home/teamleafia/ros2_mer/build/plant_transport/prefix_override:/usr/lib/python3/dist-packages/colcon_core/task/python/colcon_distutils_commands:/home/teamleafia/ros2_mer/install/plant_transport/lib/python3.12/site-packages:/home/teamleafia/ros2_mer/install/robot_control/lib/python3.12/site-packages:/home/teamleafia/ros2_mer/install/pump_control/lib/python3.12/site-packages:/home/teamleafia/ros2_mer/install/marker_align_2/lib/python3.12/site-packages:/home/teamleafia/ros2_mer/install/aruco_detector_yj_pkg_2/lib/python3.12/site-packages:/home/teamleafia/ros2_mer/install/aruco_detector/lib/python3.12/site-packages:${PYTHONPATH} /usr/bin/python3 -W ignore:setup.py install is deprecated -W ignore:easy_install command is deprecated setup.py egg_info --egg-base ../../build/plant_transport build --build-base /home/teamleafia/ros2_mer/build/plant_transport/build install --record /home/teamleafia/ros2_mer/build/plant_transport/install.log --single-version-externally-managed install_data --force
[13.288s] Level 1:colcon.colcon_core.environment:checking '/home/teamleafia/ros2_mer/install/plant_transport' for CMake config files
[13.291s] Level 1:colcon.colcon_core.environment:checking '/home/teamleafia/ros2_mer/install/plant_transport/lib'
[13.291s] Level 1:colcon.colcon_core.environment:checking '/home/teamleafia/ros2_mer/install/plant_transport/bin'
[13.291s] Level 1:colcon.colcon_core.environment:checking '/home/teamleafia/ros2_mer/install/plant_transport/lib/pkgconfig/plant_transport.pc'
[13.292s] Level 1:colcon.colcon_core.environment:checking '/home/teamleafia/ros2_mer/install/plant_transport/lib/python3.12/site-packages'
[13.292s] Level 1:colcon.colcon_core.shell:create_environment_hook('plant_transport', 'pythonpath')
[13.292s] INFO:colcon.colcon_core.shell:Creating environment hook '/home/teamleafia/ros2_mer/install/plant_transport/share/plant_transport/hook/pythonpath.ps1'
[13.293s] INFO:colcon.colcon_core.shell:Creating environment descriptor '/home/teamleafia/ros2_mer/install/plant_transport/share/plant_transport/hook/pythonpath.dsv'
[13.293s] INFO:colcon.colcon_core.shell:Creating environment hook '/home/teamleafia/ros2_mer/install/plant_transport/share/plant_transport/hook/pythonpath.sh'
[13.294s] Level 1:colcon.colcon_core.environment:checking '/home/teamleafia/ros2_mer/install/plant_transport/bin'
[13.294s] Level 1:colcon.colcon_core.environment:create_environment_scripts_only(plant_transport)
[13.295s] INFO:colcon.colcon_core.shell:Creating package script '/home/teamleafia/ros2_mer/install/plant_transport/share/plant_transport/package.ps1'
[13.295s] INFO:colcon.colcon_core.shell:Creating package descriptor '/home/teamleafia/ros2_mer/install/plant_transport/share/plant_transport/package.dsv'
[13.296s] INFO:colcon.colcon_core.shell:Creating package script '/home/teamleafia/ros2_mer/install/plant_transport/share/plant_transport/package.sh'
[13.297s] INFO:colcon.colcon_core.shell:Creating package script '/home/teamleafia/ros2_mer/install/plant_transport/share/plant_transport/package.bash'
[13.297s] INFO:colcon.colcon_core.shell:Creating package script '/home/teamleafia/ros2_mer/install/plant_transport/share/plant_transport/package.zsh'
[13.298s] Level 1:colcon.colcon_core.environment:create_file_with_runtime_dependencies(/home/teamleafia/ros2_mer/install/plant_transport/share/colcon-core/packages/plant_transport)
[13.299s] DEBUG:colcon.colcon_parallel_executor.executor.parallel:closing loop
[13.299s] DEBUG:colcon.colcon_parallel_executor.executor.parallel:loop closed
[13.299s] DEBUG:colcon.colcon_parallel_executor.executor.parallel:run_until_complete finished with '0'
[13.299s] DEBUG:colcon.colcon_core.event_reactor:joining thread
[13.314s] INFO:colcon.colcon_core.plugin_system:Skipping extension 'colcon_notification.desktop_notification.terminal_notifier': Not used on non-Darwin systems
[13.314s] INFO:colcon.colcon_core.plugin_system:Skipping extension 'colcon_notification.desktop_notification.win32': Not used on non-Windows systems
[13.314s] INFO:colcon.colcon_notification.desktop_notification:Sending desktop notification using 'notify2'
[38.340s] DEBUG:colcon.colcon_notification.desktop_notification.notify2:Failed to initialize notify2: org.freedesktop.DBus.Error.NoReply: Did not receive a reply. Possible causes include: the remote application did not send a reply, the message bus security policy blocked the reply, the reply timeout expired, or the network connection was broken.
[38.340s] DEBUG:colcon.colcon_core.event_reactor:joined thread
[38.341s] INFO:colcon.colcon_core.shell:Creating prefix script '/home/teamleafia/ros2_mer/install/local_setup.ps1'
[38.344s] INFO:colcon.colcon_core.shell:Creating prefix util module '/home/teamleafia/ros2_mer/install/_local_setup_util_ps1.py'
[38.347s] INFO:colcon.colcon_core.shell:Creating prefix chain script '/home/teamleafia/ros2_mer/install/setup.ps1'
[38.350s] INFO:colcon.colcon_core.shell:Creating prefix script '/home/teamleafia/ros2_mer/install/local_setup.sh'
[38.352s] INFO:colcon.colcon_core.shell:Creating prefix util module '/home/teamleafia/ros2_mer/install/_local_setup_util_sh.py'
[38.353s] INFO:colcon.colcon_core.shell:Creating prefix chain script '/home/teamleafia/ros2_mer/install/setup.sh'
[38.356s] INFO:colcon.colcon_core.shell:Creating prefix script '/home/teamleafia/ros2_mer/install/local_setup.bash'
[38.357s] INFO:colcon.colcon_core.shell:Creating prefix chain script '/home/teamleafia/ros2_mer/install/setup.bash'
[38.359s] INFO:colcon.colcon_core.shell:Creating prefix script '/home/teamleafia/ros2_mer/install/local_setup.zsh'
[38.361s] INFO:colcon.colcon_core.shell:Creating prefix chain script '/home/teamleafia/ros2_mer/install/setup.zsh'
