[1.716s] Invoking command in '/home/teamleafia/ros2_mer/build/cartrash': DEBUGINFOD_URLS=https://debuginfod.ubuntu.com PYTHONPATH=/home/teamleafia/ros2_mer/build/cartrash/prefix_override:/usr/lib/python3/dist-packages/colcon_core/task/python/colcon_distutils_commands:/home/teamleafia/ros2_mer/install/cartrash/lib/python3.12/site-packages:${PYTHONPATH} /usr/bin/python3 -W ignore:setup.py install is deprecated -W ignore:easy_install command is deprecated setup.py develop --uninstall --editable --build-directory /home/teamleafia/ros2_mer/build/cartrash/build
[2.282s] running develop
[2.605s] Removing /home/teamleafia/ros2_mer/install/cartrash/lib/python3.12/site-packages/cartrash.egg-link (link to .)
[2.756s] Invoked command in '/home/teamleafia/ros2_mer/build/cartrash' returned '0': DEBUGINFOD_URLS=https://debuginfod.ubuntu.com PYTHONPATH=/home/teamleafia/ros2_mer/build/cartrash/prefix_override:/usr/lib/python3/dist-packages/colcon_core/task/python/colcon_distutils_commands:/home/teamleafia/ros2_mer/install/cartrash/lib/python3.12/site-packages:${PYTHONPATH} /usr/bin/python3 -W ignore:setup.py install is deprecated -W ignore:easy_install command is deprecated setup.py develop --uninstall --editable --build-directory /home/teamleafia/ros2_mer/build/cartrash/build
[2.758s] Invoking command in '/home/teamleafia/ros2_mer/src/cartrash': DEBUGINFOD_URLS=https://debuginfod.ubuntu.com PYTHONPATH=/home/teamleafia/ros2_mer/build/cartrash/prefix_override:/usr/lib/python3/dist-packages/colcon_core/task/python/colcon_distutils_commands:/home/teamleafia/ros2_mer/install/cartrash/lib/python3.12/site-packages:${PYTHONPATH} /usr/bin/python3 -W ignore:setup.py install is deprecated -W ignore:easy_install command is deprecated setup.py egg_info --egg-base ../../build/cartrash build --build-base /home/teamleafia/ros2_mer/build/cartrash/build install --record /home/teamleafia/ros2_mer/build/cartrash/install.log --single-version-externally-managed install_data --force
[3.171s] running egg_info
[3.201s] writing ../../build/cartrash/cartrash.egg-info/PKG-INFO
[3.202s] writing dependency_links to ../../build/cartrash/cartrash.egg-info/dependency_links.txt
[3.203s] writing requirements to ../../build/cartrash/cartrash.egg-info/requires.txt
[3.203s] writing top-level names to ../../build/cartrash/cartrash.egg-info/top_level.txt
[3.284s] reading manifest file '../../build/cartrash/cartrash.egg-info/SOURCES.txt'
[3.286s] writing manifest file '../../build/cartrash/cartrash.egg-info/SOURCES.txt'
[3.287s] running build
[3.287s] running build_py
[3.317s] running install
[3.327s] running install_lib
[3.360s] creating /home/teamleafia/ros2_mer/install/cartrash/lib/python3.12/site-packages/cartrash
[3.360s] copying /home/teamleafia/ros2_mer/build/cartrash/build/lib/cartrash/__init__.py -> /home/teamleafia/ros2_mer/install/cartrash/lib/python3.12/site-packages/cartrash
[3.361s] byte-compiling /home/teamleafia/ros2_mer/install/cartrash/lib/python3.12/site-packages/cartrash/__init__.py to __init__.cpython-312.pyc
[3.362s] running install_data
[3.370s] copying resource/cartrash -> /home/teamleafia/ros2_mer/install/cartrash/share/ament_index/resource_index/packages
[3.377s] copying package.xml -> /home/teamleafia/ros2_mer/install/cartrash/share/cartrash
[3.377s] copying config/rplidar_cartographer.lua -> /home/teamleafia/ros2_mer/install/cartrash/share/cartrash/config
[3.388s] copying urdf/lidar.urdf -> /home/teamleafia/ros2_mer/install/cartrash/share/cartrash/urdf
[3.400s] copying rviz/mapping.rviz -> /home/teamleafia/ros2_mer/install/cartrash/share/cartrash/rviz
[3.413s] running install_egg_info
[3.445s] Copying ../../build/cartrash/cartrash.egg-info to /home/teamleafia/ros2_mer/install/cartrash/lib/python3.12/site-packages/cartrash-0.0.0-py3.12.egg-info
[3.447s] running install_scripts
[3.706s] writing list of installed files to '/home/teamleafia/ros2_mer/build/cartrash/install.log'
[4.210s] Invoked command in '/home/teamleafia/ros2_mer/src/cartrash' returned '0': DEBUGINFOD_URLS=https://debuginfod.ubuntu.com PYTHONPATH=/home/teamleafia/ros2_mer/build/cartrash/prefix_override:/usr/lib/python3/dist-packages/colcon_core/task/python/colcon_distutils_commands:/home/teamleafia/ros2_mer/install/cartrash/lib/python3.12/site-packages:${PYTHONPATH} /usr/bin/python3 -W ignore:setup.py install is deprecated -W ignore:easy_install command is deprecated setup.py egg_info --egg-base ../../build/cartrash build --build-base /home/teamleafia/ros2_mer/build/cartrash/build install --record /home/teamleafia/ros2_mer/build/cartrash/install.log --single-version-externally-managed install_data --force
