[4.927s] Invoking command in '/home/teamleafia/ros2_mer/build/robot_control': DEBUGINFOD_URLS=https://debuginfod.ubuntu.com PYTHONPATH=/home/teamleafia/ros2_mer/build/robot_control/prefix_override:/usr/lib/python3/dist-packages/colcon_core/task/python/colcon_distutils_commands:/home/teamleafia/ros2_mer/install/robot_control/lib/python3.12/site-packages:${PYTHONPATH} /usr/bin/python3 -W ignore:setup.py install is deprecated -W ignore:easy_install command is deprecated setup.py develop --editable --build-directory /home/teamleafia/ros2_mer/build/robot_control/build --no-deps symlink_data --force
[6.346s] running develop
[7.094s] running egg_info
[7.140s] writing robot_control.egg-info/PKG-INFO
[7.142s] writing dependency_links to robot_control.egg-info/dependency_links.txt
[7.146s] writing entry points to robot_control.egg-info/entry_points.txt
[7.148s] writing requirements to robot_control.egg-info/requires.txt
[7.148s] writing top-level names to robot_control.egg-info/top_level.txt
[7.342s] reading manifest file 'robot_control.egg-info/SOURCES.txt'
[7.348s] writing manifest file 'robot_control.egg-info/SOURCES.txt'
[7.418s] running build_ext
[7.419s] Creating /home/teamleafia/ros2_mer/install/robot_control/lib/python3.12/site-packages/robot-control.egg-link (link to .)
[7.421s] Installing encoder_publisher_node script to /home/teamleafia/ros2_mer/install/robot_control/lib/robot_control
[7.423s] Installing motor_controller_node script to /home/teamleafia/ros2_mer/install/robot_control/lib/robot_control
[7.423s] Installing move_distance_node script to /home/teamleafia/ros2_mer/install/robot_control/lib/robot_control
[7.425s] Installing pid_controller_node script to /home/teamleafia/ros2_mer/install/robot_control/lib/robot_control
[7.425s] Installing scissor_lift_controller script to /home/teamleafia/ros2_mer/install/robot_control/lib/robot_control
[7.426s] Installing teleop_keyboard_node script to /home/teamleafia/ros2_mer/install/robot_control/lib/robot_control
[7.427s] Installing teleop_keyboard_node2 script to /home/teamleafia/ros2_mer/install/robot_control/lib/robot_control
[7.427s] Installing teleop_keyboard_node4 script to /home/teamleafia/ros2_mer/install/robot_control/lib/robot_control
[7.428s] 
[7.429s] Installed /home/teamleafia/ros2_mer/build/robot_control
[7.430s] running symlink_data
[7.430s] symbolically linking /home/teamleafia/ros2_mer/build/robot_control/resource/robot_control -> /home/teamleafia/ros2_mer/install/robot_control/share/ament_index/resource_index/packages
[7.433s] symbolically linking /home/teamleafia/ros2_mer/build/robot_control/package.xml -> /home/teamleafia/ros2_mer/install/robot_control/share/robot_control
[7.570s] Invoked command in '/home/teamleafia/ros2_mer/build/robot_control' returned '0': DEBUGINFOD_URLS=https://debuginfod.ubuntu.com PYTHONPATH=/home/teamleafia/ros2_mer/build/robot_control/prefix_override:/usr/lib/python3/dist-packages/colcon_core/task/python/colcon_distutils_commands:/home/teamleafia/ros2_mer/install/robot_control/lib/python3.12/site-packages:${PYTHONPATH} /usr/bin/python3 -W ignore:setup.py install is deprecated -W ignore:easy_install command is deprecated setup.py develop --editable --build-directory /home/teamleafia/ros2_mer/build/robot_control/build --no-deps symlink_data --force
