[0.162s] DEBUG:colcon:Command line arguments: ['/usr/bin/colcon', 'build', '--symlink-install']
[0.162s] DEBUG:colcon:Parsed command line arguments: Namespace(log_base=None, log_level=None, verb_name='build', build_base='build', install_base='install', merge_install=False, symlink_install=True, test_result_base=None, continue_on_error=False, executor='parallel', parallel_workers=4, event_handlers=None, ignore_user_meta=False, metas=['./colcon.meta'], base_paths=['.'], packages_ignore=None, packages_ignore_regex=None, paths=None, packages_up_to=None, packages_up_to_regex=None, packages_above=None, packages_above_and_dependencies=None, packages_above_depth=None, packages_select_by_dep=None, packages_skip_by_dep=None, packages_skip_up_to=None, packages_select_build_failed=False, packages_skip_build_finished=False, packages_select_test_failures=False, packages_skip_test_passed=False, packages_select=None, packages_skip=None, packages_select_regex=None, packages_skip_regex=None, packages_start=None, packages_end=None, allow_overriding=[], cmake_args=None, cmake_target=None, cmake_target_skip_unavailable=False, cmake_clean_cache=False, cmake_clean_first=False, cmake_force_configure=False, ament_cmake_args=None, catkin_cmake_args=None, catkin_skip_building_tests=False, mixin_files=None, mixin=None, verb_parser=<colcon_mixin.mixin.mixin_argument.MixinArgumentDecorator object at 0xffff87898d10>, verb_extension=<colcon_core.verb.build.BuildVerb object at 0xffff87b223c0>, main=<bound method BuildVerb.main of <colcon_core.verb.build.BuildVerb object at 0xffff87b223c0>>, mixin_verb=('build',))
[0.219s] Level 1:colcon.colcon_core.package_discovery:discover_packages(colcon_meta) check parameters
[0.219s] Level 1:colcon.colcon_core.package_discovery:discover_packages(recursive) check parameters
[0.219s] Level 1:colcon.colcon_core.package_discovery:discover_packages(ignore) check parameters
[0.219s] Level 1:colcon.colcon_core.package_discovery:discover_packages(path) check parameters
[0.219s] Level 1:colcon.colcon_core.package_discovery:discover_packages(colcon_meta) discover
[0.219s] Level 1:colcon.colcon_core.package_discovery:discover_packages(recursive) discover
[0.219s] INFO:colcon.colcon_core.package_discovery:Crawling recursively for packages in '/home/teamleafia/ros2_mer'
[0.219s] Level 1:colcon.colcon_core.package_identification:_identify(.) by extensions ['ignore', 'ignore_ament_install']
[0.219s] Level 1:colcon.colcon_core.package_identification:_identify(.) by extension 'ignore'
[0.219s] Level 1:colcon.colcon_core.package_identification:_identify(.) by extension 'ignore_ament_install'
[0.219s] Level 1:colcon.colcon_core.package_identification:_identify(.) by extensions ['colcon_pkg']
[0.219s] Level 1:colcon.colcon_core.package_identification:_identify(.) by extension 'colcon_pkg'
[0.219s] Level 1:colcon.colcon_core.package_identification:_identify(.) by extensions ['colcon_meta']
[0.220s] Level 1:colcon.colcon_core.package_identification:_identify(.) by extension 'colcon_meta'
[0.220s] Level 1:colcon.colcon_core.package_identification:_identify(.) by extensions ['ros']
[0.220s] Level 1:colcon.colcon_core.package_identification:_identify(.) by extension 'ros'
[0.257s] Level 1:colcon.colcon_core.package_identification:_identify(.) by extensions ['cmake', 'python']
[0.258s] Level 1:colcon.colcon_core.package_identification:_identify(.) by extension 'cmake'
[0.258s] Level 1:colcon.colcon_core.package_identification:_identify(.) by extension 'python'
[0.258s] Level 1:colcon.colcon_core.package_identification:_identify(.) by extensions ['python_setup_py']
[0.258s] Level 1:colcon.colcon_core.package_identification:_identify(.) by extension 'python_setup_py'
[0.258s] Level 1:colcon.colcon_core.package_identification:_identify(build) by extensions ['ignore', 'ignore_ament_install']
[0.258s] Level 1:colcon.colcon_core.package_identification:_identify(build) by extension 'ignore'
[0.258s] Level 1:colcon.colcon_core.package_identification:_identify(build) ignored
[0.258s] Level 1:colcon.colcon_core.package_identification:_identify(install) by extensions ['ignore', 'ignore_ament_install']
[0.258s] Level 1:colcon.colcon_core.package_identification:_identify(install) by extension 'ignore'
[0.258s] Level 1:colcon.colcon_core.package_identification:_identify(install) ignored
[0.259s] Level 1:colcon.colcon_core.package_identification:_identify(log) by extensions ['ignore', 'ignore_ament_install']
[0.259s] Level 1:colcon.colcon_core.package_identification:_identify(log) by extension 'ignore'
[0.259s] Level 1:colcon.colcon_core.package_identification:_identify(log) ignored
[0.259s] Level 1:colcon.colcon_core.package_identification:_identify(src) by extensions ['ignore', 'ignore_ament_install']
[0.259s] Level 1:colcon.colcon_core.package_identification:_identify(src) by extension 'ignore'
[0.259s] Level 1:colcon.colcon_core.package_identification:_identify(src) by extension 'ignore_ament_install'
[0.259s] Level 1:colcon.colcon_core.package_identification:_identify(src) by extensions ['colcon_pkg']
[0.259s] Level 1:colcon.colcon_core.package_identification:_identify(src) by extension 'colcon_pkg'
[0.259s] Level 1:colcon.colcon_core.package_identification:_identify(src) by extensions ['colcon_meta']
[0.259s] Level 1:colcon.colcon_core.package_identification:_identify(src) by extension 'colcon_meta'
[0.259s] Level 1:colcon.colcon_core.package_identification:_identify(src) by extensions ['ros']
[0.259s] Level 1:colcon.colcon_core.package_identification:_identify(src) by extension 'ros'
[0.259s] Level 1:colcon.colcon_core.package_identification:_identify(src) by extensions ['cmake', 'python']
[0.259s] Level 1:colcon.colcon_core.package_identification:_identify(src) by extension 'cmake'
[0.259s] Level 1:colcon.colcon_core.package_identification:_identify(src) by extension 'python'
[0.259s] Level 1:colcon.colcon_core.package_identification:_identify(src) by extensions ['python_setup_py']
[0.259s] Level 1:colcon.colcon_core.package_identification:_identify(src) by extension 'python_setup_py'
[0.260s] Level 1:colcon.colcon_core.package_identification:_identify(src/aruco_detector) by extensions ['ignore', 'ignore_ament_install']
[0.260s] Level 1:colcon.colcon_core.package_identification:_identify(src/aruco_detector) by extension 'ignore'
[0.260s] Level 1:colcon.colcon_core.package_identification:_identify(src/aruco_detector) by extension 'ignore_ament_install'
[0.260s] Level 1:colcon.colcon_core.package_identification:_identify(src/aruco_detector) by extensions ['colcon_pkg']
[0.260s] Level 1:colcon.colcon_core.package_identification:_identify(src/aruco_detector) by extension 'colcon_pkg'
[0.260s] Level 1:colcon.colcon_core.package_identification:_identify(src/aruco_detector) by extensions ['colcon_meta']
[0.260s] Level 1:colcon.colcon_core.package_identification:_identify(src/aruco_detector) by extension 'colcon_meta'
[0.260s] Level 1:colcon.colcon_core.package_identification:_identify(src/aruco_detector) by extensions ['ros']
[0.260s] Level 1:colcon.colcon_core.package_identification:_identify(src/aruco_detector) by extension 'ros'
[0.263s] DEBUG:colcon.colcon_core.package_identification:Package 'src/aruco_detector' with type 'ros.ament_python' and name 'aruco_detector'
[0.263s] Level 1:colcon.colcon_core.package_identification:_identify(src/aruco_detector_yj_pkg_2) by extensions ['ignore', 'ignore_ament_install']
[0.263s] Level 1:colcon.colcon_core.package_identification:_identify(src/aruco_detector_yj_pkg_2) by extension 'ignore'
[0.264s] Level 1:colcon.colcon_core.package_identification:_identify(src/aruco_detector_yj_pkg_2) by extension 'ignore_ament_install'
[0.264s] Level 1:colcon.colcon_core.package_identification:_identify(src/aruco_detector_yj_pkg_2) by extensions ['colcon_pkg']
[0.264s] Level 1:colcon.colcon_core.package_identification:_identify(src/aruco_detector_yj_pkg_2) by extension 'colcon_pkg'
[0.264s] Level 1:colcon.colcon_core.package_identification:_identify(src/aruco_detector_yj_pkg_2) by extensions ['colcon_meta']
[0.264s] Level 1:colcon.colcon_core.package_identification:_identify(src/aruco_detector_yj_pkg_2) by extension 'colcon_meta'
[0.264s] Level 1:colcon.colcon_core.package_identification:_identify(src/aruco_detector_yj_pkg_2) by extensions ['ros']
[0.264s] Level 1:colcon.colcon_core.package_identification:_identify(src/aruco_detector_yj_pkg_2) by extension 'ros'
[0.265s] DEBUG:colcon.colcon_core.package_identification:Package 'src/aruco_detector_yj_pkg_2' with type 'ros.ament_python' and name 'aruco_detector_yj_pkg_2'
[0.265s] Level 1:colcon.colcon_core.package_identification:_identify(src/cartrash) by extensions ['ignore', 'ignore_ament_install']
[0.265s] Level 1:colcon.colcon_core.package_identification:_identify(src/cartrash) by extension 'ignore'
[0.265s] Level 1:colcon.colcon_core.package_identification:_identify(src/cartrash) by extension 'ignore_ament_install'
[0.265s] Level 1:colcon.colcon_core.package_identification:_identify(src/cartrash) by extensions ['colcon_pkg']
[0.265s] Level 1:colcon.colcon_core.package_identification:_identify(src/cartrash) by extension 'colcon_pkg'
[0.265s] Level 1:colcon.colcon_core.package_identification:_identify(src/cartrash) by extensions ['colcon_meta']
[0.265s] Level 1:colcon.colcon_core.package_identification:_identify(src/cartrash) by extension 'colcon_meta'
[0.265s] Level 1:colcon.colcon_core.package_identification:_identify(src/cartrash) by extensions ['ros']
[0.265s] Level 1:colcon.colcon_core.package_identification:_identify(src/cartrash) by extension 'ros'
[0.266s] DEBUG:colcon.colcon_core.package_identification:Package 'src/cartrash' with type 'ros.ament_python' and name 'cartrash'
[0.266s] Level 1:colcon.colcon_core.package_identification:_identify(src/marker_align_2) by extensions ['ignore', 'ignore_ament_install']
[0.266s] Level 1:colcon.colcon_core.package_identification:_identify(src/marker_align_2) by extension 'ignore'
[0.267s] Level 1:colcon.colcon_core.package_identification:_identify(src/marker_align_2) by extension 'ignore_ament_install'
[0.267s] Level 1:colcon.colcon_core.package_identification:_identify(src/marker_align_2) by extensions ['colcon_pkg']
[0.267s] Level 1:colcon.colcon_core.package_identification:_identify(src/marker_align_2) by extension 'colcon_pkg'
[0.267s] Level 1:colcon.colcon_core.package_identification:_identify(src/marker_align_2) by extensions ['colcon_meta']
[0.267s] Level 1:colcon.colcon_core.package_identification:_identify(src/marker_align_2) by extension 'colcon_meta'
[0.267s] Level 1:colcon.colcon_core.package_identification:_identify(src/marker_align_2) by extensions ['ros']
[0.267s] Level 1:colcon.colcon_core.package_identification:_identify(src/marker_align_2) by extension 'ros'
[0.268s] DEBUG:colcon.colcon_core.package_identification:Package 'src/marker_align_2' with type 'ros.ament_python' and name 'marker_align_2'
[0.268s] Level 1:colcon.colcon_core.package_identification:_identify(src/plant_transport) by extensions ['ignore', 'ignore_ament_install']
[0.268s] Level 1:colcon.colcon_core.package_identification:_identify(src/plant_transport) by extension 'ignore'
[0.268s] Level 1:colcon.colcon_core.package_identification:_identify(src/plant_transport) by extension 'ignore_ament_install'
[0.268s] Level 1:colcon.colcon_core.package_identification:_identify(src/plant_transport) by extensions ['colcon_pkg']
[0.268s] Level 1:colcon.colcon_core.package_identification:_identify(src/plant_transport) by extension 'colcon_pkg'
[0.268s] Level 1:colcon.colcon_core.package_identification:_identify(src/plant_transport) by extensions ['colcon_meta']
[0.268s] Level 1:colcon.colcon_core.package_identification:_identify(src/plant_transport) by extension 'colcon_meta'
[0.268s] Level 1:colcon.colcon_core.package_identification:_identify(src/plant_transport) by extensions ['ros']
[0.268s] Level 1:colcon.colcon_core.package_identification:_identify(src/plant_transport) by extension 'ros'
[0.269s] DEBUG:colcon.colcon_core.package_identification:Package 'src/plant_transport' with type 'ros.ament_python' and name 'plant_transport'
[0.269s] Level 1:colcon.colcon_core.package_identification:_identify(src/pump_control) by extensions ['ignore', 'ignore_ament_install']
[0.269s] Level 1:colcon.colcon_core.package_identification:_identify(src/pump_control) by extension 'ignore'
[0.269s] Level 1:colcon.colcon_core.package_identification:_identify(src/pump_control) by extension 'ignore_ament_install'
[0.269s] Level 1:colcon.colcon_core.package_identification:_identify(src/pump_control) by extensions ['colcon_pkg']
[0.269s] Level 1:colcon.colcon_core.package_identification:_identify(src/pump_control) by extension 'colcon_pkg'
[0.269s] Level 1:colcon.colcon_core.package_identification:_identify(src/pump_control) by extensions ['colcon_meta']
[0.269s] Level 1:colcon.colcon_core.package_identification:_identify(src/pump_control) by extension 'colcon_meta'
[0.269s] Level 1:colcon.colcon_core.package_identification:_identify(src/pump_control) by extensions ['ros']
[0.269s] Level 1:colcon.colcon_core.package_identification:_identify(src/pump_control) by extension 'ros'
[0.270s] DEBUG:colcon.colcon_core.package_identification:Package 'src/pump_control' with type 'ros.ament_python' and name 'pump_control'
[0.270s] Level 1:colcon.colcon_core.package_identification:_identify(src/robot_control) by extensions ['ignore', 'ignore_ament_install']
[0.270s] Level 1:colcon.colcon_core.package_identification:_identify(src/robot_control) by extension 'ignore'
[0.270s] Level 1:colcon.colcon_core.package_identification:_identify(src/robot_control) by extension 'ignore_ament_install'
[0.270s] Level 1:colcon.colcon_core.package_identification:_identify(src/robot_control) by extensions ['colcon_pkg']
[0.270s] Level 1:colcon.colcon_core.package_identification:_identify(src/robot_control) by extension 'colcon_pkg'
[0.270s] Level 1:colcon.colcon_core.package_identification:_identify(src/robot_control) by extensions ['colcon_meta']
[0.270s] Level 1:colcon.colcon_core.package_identification:_identify(src/robot_control) by extension 'colcon_meta'
[0.270s] Level 1:colcon.colcon_core.package_identification:_identify(src/robot_control) by extensions ['ros']
[0.270s] Level 1:colcon.colcon_core.package_identification:_identify(src/robot_control) by extension 'ros'
[0.271s] DEBUG:colcon.colcon_core.package_identification:Package 'src/robot_control' with type 'ros.ament_python' and name 'robot_control'
[0.271s] Level 1:colcon.colcon_core.package_discovery:discover_packages(recursive) using defaults
[0.271s] Level 1:colcon.colcon_core.package_discovery:discover_packages(ignore) discover
[0.271s] Level 1:colcon.colcon_core.package_discovery:discover_packages(ignore) using defaults
[0.271s] Level 1:colcon.colcon_core.package_discovery:discover_packages(path) discover
[0.271s] Level 1:colcon.colcon_core.package_discovery:discover_packages(path) using defaults
[0.297s] Level 1:colcon.colcon_core.package_discovery:discover_packages(prefix_path) check parameters
[0.297s] Level 1:colcon.colcon_core.package_discovery:discover_packages(prefix_path) discover
[0.298s] WARNING:colcon.colcon_core.prefix_path.colcon:The path '/home/teamleafia/ros2_yj/install' in the environment variable COLCON_PREFIX_PATH doesn't exist
[0.299s] WARNING:colcon.colcon_ros.prefix_path.ament:The path '/home/teamleafia/ros2_yj/install/aruco_pump_pkg' in the environment variable AMENT_PREFIX_PATH doesn't exist
[0.299s] WARNING:colcon.colcon_ros.prefix_path.ament:The path '/home/teamleafia/ros2_yj/install/robot_control2' in the environment variable AMENT_PREFIX_PATH doesn't exist
[0.299s] WARNING:colcon.colcon_ros.prefix_path.ament:The path '/home/teamleafia/ros2_yj/install/marker_align' in the environment variable AMENT_PREFIX_PATH doesn't exist
[0.299s] WARNING:colcon.colcon_ros.prefix_path.ament:The path '/home/teamleafia/ros2_yj/install/aruco_detector_yj_pkg' in the environment variable AMENT_PREFIX_PATH doesn't exist
[0.302s] DEBUG:colcon.colcon_installed_package_information.package_discovery:Found 7 installed packages in /home/teamleafia/ros2_mer/install
[0.303s] DEBUG:colcon.colcon_installed_package_information.package_discovery:Found 1 installed packages in /home/teamleafia/slam_ws/install
[0.304s] DEBUG:colcon.colcon_installed_package_information.package_discovery:Found 3 installed packages in /home/teamleafia/ros2_mot/install
[0.306s] DEBUG:colcon.colcon_installed_package_information.package_discovery:Found 416 installed packages in /opt/ros/jazzy
[0.308s] Level 1:colcon.colcon_core.package_discovery:discover_packages(prefix_path) using defaults
[0.387s] Level 5:colcon.colcon_core.verb:set package 'aruco_detector' build argument 'cmake_args' from command line to 'None'
[0.387s] Level 5:colcon.colcon_core.verb:set package 'aruco_detector' build argument 'cmake_target' from command line to 'None'
[0.387s] Level 5:colcon.colcon_core.verb:set package 'aruco_detector' build argument 'cmake_target_skip_unavailable' from command line to 'False'
[0.387s] Level 5:colcon.colcon_core.verb:set package 'aruco_detector' build argument 'cmake_clean_cache' from command line to 'False'
[0.387s] Level 5:colcon.colcon_core.verb:set package 'aruco_detector' build argument 'cmake_clean_first' from command line to 'False'
[0.387s] Level 5:colcon.colcon_core.verb:set package 'aruco_detector' build argument 'cmake_force_configure' from command line to 'False'
[0.387s] Level 5:colcon.colcon_core.verb:set package 'aruco_detector' build argument 'ament_cmake_args' from command line to 'None'
[0.387s] Level 5:colcon.colcon_core.verb:set package 'aruco_detector' build argument 'catkin_cmake_args' from command line to 'None'
[0.387s] Level 5:colcon.colcon_core.verb:set package 'aruco_detector' build argument 'catkin_skip_building_tests' from command line to 'False'
[0.387s] DEBUG:colcon.colcon_core.verb:Building package 'aruco_detector' with the following arguments: {'ament_cmake_args': None, 'build_base': '/home/teamleafia/ros2_mer/build/aruco_detector', 'catkin_cmake_args': None, 'catkin_skip_building_tests': False, 'cmake_args': None, 'cmake_clean_cache': False, 'cmake_clean_first': False, 'cmake_force_configure': False, 'cmake_target': None, 'cmake_target_skip_unavailable': False, 'install_base': '/home/teamleafia/ros2_mer/install/aruco_detector', 'merge_install': False, 'path': '/home/teamleafia/ros2_mer/src/aruco_detector', 'symlink_install': True, 'test_result_base': None}
[0.387s] Level 5:colcon.colcon_core.verb:set package 'aruco_detector_yj_pkg_2' build argument 'cmake_args' from command line to 'None'
[0.387s] Level 5:colcon.colcon_core.verb:set package 'aruco_detector_yj_pkg_2' build argument 'cmake_target' from command line to 'None'
[0.387s] Level 5:colcon.colcon_core.verb:set package 'aruco_detector_yj_pkg_2' build argument 'cmake_target_skip_unavailable' from command line to 'False'
[0.388s] Level 5:colcon.colcon_core.verb:set package 'aruco_detector_yj_pkg_2' build argument 'cmake_clean_cache' from command line to 'False'
[0.388s] Level 5:colcon.colcon_core.verb:set package 'aruco_detector_yj_pkg_2' build argument 'cmake_clean_first' from command line to 'False'
[0.388s] Level 5:colcon.colcon_core.verb:set package 'aruco_detector_yj_pkg_2' build argument 'cmake_force_configure' from command line to 'False'
[0.388s] Level 5:colcon.colcon_core.verb:set package 'aruco_detector_yj_pkg_2' build argument 'ament_cmake_args' from command line to 'None'
[0.388s] Level 5:colcon.colcon_core.verb:set package 'aruco_detector_yj_pkg_2' build argument 'catkin_cmake_args' from command line to 'None'
[0.388s] Level 5:colcon.colcon_core.verb:set package 'aruco_detector_yj_pkg_2' build argument 'catkin_skip_building_tests' from command line to 'False'
[0.388s] DEBUG:colcon.colcon_core.verb:Building package 'aruco_detector_yj_pkg_2' with the following arguments: {'ament_cmake_args': None, 'build_base': '/home/teamleafia/ros2_mer/build/aruco_detector_yj_pkg_2', 'catkin_cmake_args': None, 'catkin_skip_building_tests': False, 'cmake_args': None, 'cmake_clean_cache': False, 'cmake_clean_first': False, 'cmake_force_configure': False, 'cmake_target': None, 'cmake_target_skip_unavailable': False, 'install_base': '/home/teamleafia/ros2_mer/install/aruco_detector_yj_pkg_2', 'merge_install': False, 'path': '/home/teamleafia/ros2_mer/src/aruco_detector_yj_pkg_2', 'symlink_install': True, 'test_result_base': None}
[0.388s] Level 5:colcon.colcon_core.verb:set package 'cartrash' build argument 'cmake_args' from command line to 'None'
[0.388s] Level 5:colcon.colcon_core.verb:set package 'cartrash' build argument 'cmake_target' from command line to 'None'
[0.388s] Level 5:colcon.colcon_core.verb:set package 'cartrash' build argument 'cmake_target_skip_unavailable' from command line to 'False'
[0.388s] Level 5:colcon.colcon_core.verb:set package 'cartrash' build argument 'cmake_clean_cache' from command line to 'False'
[0.388s] Level 5:colcon.colcon_core.verb:set package 'cartrash' build argument 'cmake_clean_first' from command line to 'False'
[0.388s] Level 5:colcon.colcon_core.verb:set package 'cartrash' build argument 'cmake_force_configure' from command line to 'False'
[0.388s] Level 5:colcon.colcon_core.verb:set package 'cartrash' build argument 'ament_cmake_args' from command line to 'None'
[0.388s] Level 5:colcon.colcon_core.verb:set package 'cartrash' build argument 'catkin_cmake_args' from command line to 'None'
[0.388s] Level 5:colcon.colcon_core.verb:set package 'cartrash' build argument 'catkin_skip_building_tests' from command line to 'False'
[0.388s] DEBUG:colcon.colcon_core.verb:Building package 'cartrash' with the following arguments: {'ament_cmake_args': None, 'build_base': '/home/teamleafia/ros2_mer/build/cartrash', 'catkin_cmake_args': None, 'catkin_skip_building_tests': False, 'cmake_args': None, 'cmake_clean_cache': False, 'cmake_clean_first': False, 'cmake_force_configure': False, 'cmake_target': None, 'cmake_target_skip_unavailable': False, 'install_base': '/home/teamleafia/ros2_mer/install/cartrash', 'merge_install': False, 'path': '/home/teamleafia/ros2_mer/src/cartrash', 'symlink_install': True, 'test_result_base': None}
[0.389s] Level 5:colcon.colcon_core.verb:set package 'marker_align_2' build argument 'cmake_args' from command line to 'None'
[0.389s] Level 5:colcon.colcon_core.verb:set package 'marker_align_2' build argument 'cmake_target' from command line to 'None'
[0.389s] Level 5:colcon.colcon_core.verb:set package 'marker_align_2' build argument 'cmake_target_skip_unavailable' from command line to 'False'
[0.389s] Level 5:colcon.colcon_core.verb:set package 'marker_align_2' build argument 'cmake_clean_cache' from command line to 'False'
[0.389s] Level 5:colcon.colcon_core.verb:set package 'marker_align_2' build argument 'cmake_clean_first' from command line to 'False'
[0.389s] Level 5:colcon.colcon_core.verb:set package 'marker_align_2' build argument 'cmake_force_configure' from command line to 'False'
[0.389s] Level 5:colcon.colcon_core.verb:set package 'marker_align_2' build argument 'ament_cmake_args' from command line to 'None'
[0.389s] Level 5:colcon.colcon_core.verb:set package 'marker_align_2' build argument 'catkin_cmake_args' from command line to 'None'
[0.389s] Level 5:colcon.colcon_core.verb:set package 'marker_align_2' build argument 'catkin_skip_building_tests' from command line to 'False'
[0.389s] DEBUG:colcon.colcon_core.verb:Building package 'marker_align_2' with the following arguments: {'ament_cmake_args': None, 'build_base': '/home/teamleafia/ros2_mer/build/marker_align_2', 'catkin_cmake_args': None, 'catkin_skip_building_tests': False, 'cmake_args': None, 'cmake_clean_cache': False, 'cmake_clean_first': False, 'cmake_force_configure': False, 'cmake_target': None, 'cmake_target_skip_unavailable': False, 'install_base': '/home/teamleafia/ros2_mer/install/marker_align_2', 'merge_install': False, 'path': '/home/teamleafia/ros2_mer/src/marker_align_2', 'symlink_install': True, 'test_result_base': None}
[0.389s] Level 5:colcon.colcon_core.verb:set package 'pump_control' build argument 'cmake_args' from command line to 'None'
[0.389s] Level 5:colcon.colcon_core.verb:set package 'pump_control' build argument 'cmake_target' from command line to 'None'
[0.389s] Level 5:colcon.colcon_core.verb:set package 'pump_control' build argument 'cmake_target_skip_unavailable' from command line to 'False'
[0.389s] Level 5:colcon.colcon_core.verb:set package 'pump_control' build argument 'cmake_clean_cache' from command line to 'False'
[0.389s] Level 5:colcon.colcon_core.verb:set package 'pump_control' build argument 'cmake_clean_first' from command line to 'False'
[0.389s] Level 5:colcon.colcon_core.verb:set package 'pump_control' build argument 'cmake_force_configure' from command line to 'False'
[0.389s] Level 5:colcon.colcon_core.verb:set package 'pump_control' build argument 'ament_cmake_args' from command line to 'None'
[0.389s] Level 5:colcon.colcon_core.verb:set package 'pump_control' build argument 'catkin_cmake_args' from command line to 'None'
[0.389s] Level 5:colcon.colcon_core.verb:set package 'pump_control' build argument 'catkin_skip_building_tests' from command line to 'False'
[0.389s] DEBUG:colcon.colcon_core.verb:Building package 'pump_control' with the following arguments: {'ament_cmake_args': None, 'build_base': '/home/teamleafia/ros2_mer/build/pump_control', 'catkin_cmake_args': None, 'catkin_skip_building_tests': False, 'cmake_args': None, 'cmake_clean_cache': False, 'cmake_clean_first': False, 'cmake_force_configure': False, 'cmake_target': None, 'cmake_target_skip_unavailable': False, 'install_base': '/home/teamleafia/ros2_mer/install/pump_control', 'merge_install': False, 'path': '/home/teamleafia/ros2_mer/src/pump_control', 'symlink_install': True, 'test_result_base': None}
[0.390s] Level 5:colcon.colcon_core.verb:set package 'robot_control' build argument 'cmake_args' from command line to 'None'
[0.390s] Level 5:colcon.colcon_core.verb:set package 'robot_control' build argument 'cmake_target' from command line to 'None'
[0.390s] Level 5:colcon.colcon_core.verb:set package 'robot_control' build argument 'cmake_target_skip_unavailable' from command line to 'False'
[0.390s] Level 5:colcon.colcon_core.verb:set package 'robot_control' build argument 'cmake_clean_cache' from command line to 'False'
[0.390s] Level 5:colcon.colcon_core.verb:set package 'robot_control' build argument 'cmake_clean_first' from command line to 'False'
[0.390s] Level 5:colcon.colcon_core.verb:set package 'robot_control' build argument 'cmake_force_configure' from command line to 'False'
[0.390s] Level 5:colcon.colcon_core.verb:set package 'robot_control' build argument 'ament_cmake_args' from command line to 'None'
[0.390s] Level 5:colcon.colcon_core.verb:set package 'robot_control' build argument 'catkin_cmake_args' from command line to 'None'
[0.390s] Level 5:colcon.colcon_core.verb:set package 'robot_control' build argument 'catkin_skip_building_tests' from command line to 'False'
[0.390s] DEBUG:colcon.colcon_core.verb:Building package 'robot_control' with the following arguments: {'ament_cmake_args': None, 'build_base': '/home/teamleafia/ros2_mer/build/robot_control', 'catkin_cmake_args': None, 'catkin_skip_building_tests': False, 'cmake_args': None, 'cmake_clean_cache': False, 'cmake_clean_first': False, 'cmake_force_configure': False, 'cmake_target': None, 'cmake_target_skip_unavailable': False, 'install_base': '/home/teamleafia/ros2_mer/install/robot_control', 'merge_install': False, 'path': '/home/teamleafia/ros2_mer/src/robot_control', 'symlink_install': True, 'test_result_base': None}
[0.390s] Level 5:colcon.colcon_core.verb:set package 'plant_transport' build argument 'cmake_args' from command line to 'None'
[0.390s] Level 5:colcon.colcon_core.verb:set package 'plant_transport' build argument 'cmake_target' from command line to 'None'
[0.390s] Level 5:colcon.colcon_core.verb:set package 'plant_transport' build argument 'cmake_target_skip_unavailable' from command line to 'False'
[0.390s] Level 5:colcon.colcon_core.verb:set package 'plant_transport' build argument 'cmake_clean_cache' from command line to 'False'
[0.390s] Level 5:colcon.colcon_core.verb:set package 'plant_transport' build argument 'cmake_clean_first' from command line to 'False'
[0.390s] Level 5:colcon.colcon_core.verb:set package 'plant_transport' build argument 'cmake_force_configure' from command line to 'False'
[0.390s] Level 5:colcon.colcon_core.verb:set package 'plant_transport' build argument 'ament_cmake_args' from command line to 'None'
[0.390s] Level 5:colcon.colcon_core.verb:set package 'plant_transport' build argument 'catkin_cmake_args' from command line to 'None'
[0.390s] Level 5:colcon.colcon_core.verb:set package 'plant_transport' build argument 'catkin_skip_building_tests' from command line to 'False'
[0.390s] DEBUG:colcon.colcon_core.verb:Building package 'plant_transport' with the following arguments: {'ament_cmake_args': None, 'build_base': '/home/teamleafia/ros2_mer/build/plant_transport', 'catkin_cmake_args': None, 'catkin_skip_building_tests': False, 'cmake_args': None, 'cmake_clean_cache': False, 'cmake_clean_first': False, 'cmake_force_configure': False, 'cmake_target': None, 'cmake_target_skip_unavailable': False, 'install_base': '/home/teamleafia/ros2_mer/install/plant_transport', 'merge_install': False, 'path': '/home/teamleafia/ros2_mer/src/plant_transport', 'symlink_install': True, 'test_result_base': None}
[0.391s] INFO:colcon.colcon_core.executor:Executing jobs using 'parallel' executor
[0.392s] DEBUG:colcon.colcon_parallel_executor.executor.parallel:run_until_complete
[0.392s] INFO:colcon.colcon_ros.task.ament_python.build:Building ROS package in '/home/teamleafia/ros2_mer/src/aruco_detector' with build type 'ament_python'
[0.392s] Level 1:colcon.colcon_core.shell:create_environment_hook('aruco_detector', 'ament_prefix_path')
[0.395s] INFO:colcon.colcon_core.plugin_system:Skipping extension 'colcon_core.shell.bat': Not used on non-Windows systems
[0.395s] INFO:colcon.colcon_core.shell:Creating environment hook '/home/teamleafia/ros2_mer/install/aruco_detector/share/aruco_detector/hook/ament_prefix_path.ps1'
[0.396s] INFO:colcon.colcon_core.shell:Creating environment descriptor '/home/teamleafia/ros2_mer/install/aruco_detector/share/aruco_detector/hook/ament_prefix_path.dsv'
[0.398s] INFO:colcon.colcon_core.shell:Creating environment hook '/home/teamleafia/ros2_mer/install/aruco_detector/share/aruco_detector/hook/ament_prefix_path.sh'
[0.400s] INFO:colcon.colcon_core.shell:Skip shell extension 'powershell' for command environment: Not usable outside of PowerShell
[0.400s] DEBUG:colcon.colcon_core.shell:Skip shell extension 'dsv' for command environment
[0.406s] INFO:colcon.colcon_ros.task.ament_python.build:Building ROS package in '/home/teamleafia/ros2_mer/src/aruco_detector_yj_pkg_2' with build type 'ament_python'
[0.407s] Level 1:colcon.colcon_core.shell:create_environment_hook('aruco_detector_yj_pkg_2', 'ament_prefix_path')
[0.407s] INFO:colcon.colcon_core.shell:Creating environment hook '/home/teamleafia/ros2_mer/install/aruco_detector_yj_pkg_2/share/aruco_detector_yj_pkg_2/hook/ament_prefix_path.ps1'
[0.408s] INFO:colcon.colcon_core.shell:Creating environment descriptor '/home/teamleafia/ros2_mer/install/aruco_detector_yj_pkg_2/share/aruco_detector_yj_pkg_2/hook/ament_prefix_path.dsv'
[0.408s] INFO:colcon.colcon_core.shell:Creating environment hook '/home/teamleafia/ros2_mer/install/aruco_detector_yj_pkg_2/share/aruco_detector_yj_pkg_2/hook/ament_prefix_path.sh'
[0.409s] INFO:colcon.colcon_core.shell:Skip shell extension 'powershell' for command environment: Not usable outside of PowerShell
[0.409s] DEBUG:colcon.colcon_core.shell:Skip shell extension 'dsv' for command environment
[0.416s] INFO:colcon.colcon_ros.task.ament_python.build:Building ROS package in '/home/teamleafia/ros2_mer/src/marker_align_2' with build type 'ament_python'
[0.417s] Level 1:colcon.colcon_core.shell:create_environment_hook('marker_align_2', 'ament_prefix_path')
[0.417s] INFO:colcon.colcon_core.shell:Creating environment hook '/home/teamleafia/ros2_mer/install/marker_align_2/share/marker_align_2/hook/ament_prefix_path.ps1'
[0.418s] INFO:colcon.colcon_core.shell:Creating environment descriptor '/home/teamleafia/ros2_mer/install/marker_align_2/share/marker_align_2/hook/ament_prefix_path.dsv'
[0.419s] INFO:colcon.colcon_core.shell:Creating environment hook '/home/teamleafia/ros2_mer/install/marker_align_2/share/marker_align_2/hook/ament_prefix_path.sh'
[0.419s] INFO:colcon.colcon_core.shell:Skip shell extension 'powershell' for command environment: Not usable outside of PowerShell
[0.420s] DEBUG:colcon.colcon_core.shell:Skip shell extension 'dsv' for command environment
[0.426s] INFO:colcon.colcon_ros.task.ament_python.build:Building ROS package in '/home/teamleafia/ros2_mer/src/pump_control' with build type 'ament_python'
[0.426s] Level 1:colcon.colcon_core.shell:create_environment_hook('pump_control', 'ament_prefix_path')
[0.427s] INFO:colcon.colcon_core.shell:Creating environment hook '/home/teamleafia/ros2_mer/install/pump_control/share/pump_control/hook/ament_prefix_path.ps1'
[0.427s] INFO:colcon.colcon_core.shell:Creating environment descriptor '/home/teamleafia/ros2_mer/install/pump_control/share/pump_control/hook/ament_prefix_path.dsv'
[0.428s] INFO:colcon.colcon_core.shell:Creating environment hook '/home/teamleafia/ros2_mer/install/pump_control/share/pump_control/hook/ament_prefix_path.sh'
[0.430s] INFO:colcon.colcon_core.shell:Skip shell extension 'powershell' for command environment: Not usable outside of PowerShell
[0.430s] DEBUG:colcon.colcon_core.shell:Skip shell extension 'dsv' for command environment
[0.784s] INFO:colcon.colcon_core.task.python.build:Building Python package in '/home/teamleafia/ros2_mer/src/aruco_detector'
[0.785s] INFO:colcon.colcon_core.shell:Skip shell extension 'powershell' for command environment: Not usable outside of PowerShell
[0.785s] DEBUG:colcon.colcon_core.shell:Skip shell extension 'dsv' for command environment
[1.142s] INFO:colcon.colcon_core.task.python.build:Building Python package in '/home/teamleafia/ros2_mer/src/aruco_detector_yj_pkg_2'
[1.142s] INFO:colcon.colcon_core.shell:Skip shell extension 'powershell' for command environment: Not usable outside of PowerShell
[1.143s] DEBUG:colcon.colcon_core.shell:Skip shell extension 'dsv' for command environment
[1.535s] INFO:colcon.colcon_core.task.python.build:Building Python package in '/home/teamleafia/ros2_mer/src/marker_align_2'
[1.536s] INFO:colcon.colcon_core.shell:Skip shell extension 'powershell' for command environment: Not usable outside of PowerShell
[1.536s] DEBUG:colcon.colcon_core.shell:Skip shell extension 'dsv' for command environment
[1.889s] INFO:colcon.colcon_core.task.python.build:Building Python package in '/home/teamleafia/ros2_mer/src/pump_control'
[1.889s] INFO:colcon.colcon_core.shell:Skip shell extension 'powershell' for command environment: Not usable outside of PowerShell
[1.889s] DEBUG:colcon.colcon_core.shell:Skip shell extension 'dsv' for command environment
[3.145s] DEBUG:colcon.colcon_core.task.python.build:While undoing a previous installation files outside the Python library path are being ignored: /home/teamleafia/ros2_mer/install/aruco_detector_yj_pkg_2/share/ament_index/resource_index/packages/aruco_detector_yj_pkg_2
[3.146s] DEBUG:colcon.colcon_core.task.python.build:While undoing a previous installation files outside the Python library path are being ignored: /home/teamleafia/ros2_mer/install/aruco_detector_yj_pkg_2/share/aruco_detector_yj_pkg_2/package.xml
[3.146s] DEBUG:colcon.colcon_core.task.python.build:While undoing a previous installation files outside the Python library path are being ignored: /home/teamleafia/ros2_mer/install/aruco_detector_yj_pkg_2/lib/aruco_detector_yj_pkg_2/aruco_detector_yj_node
[3.154s] DEBUG:colcon.colcon_core.event_handler.log_command:Invoking command in '/home/teamleafia/ros2_mer/build/aruco_detector_yj_pkg_2': DEBUGINFOD_URLS=https://debuginfod.ubuntu.com PYTHONPATH=/home/teamleafia/ros2_mer/build/aruco_detector_yj_pkg_2/prefix_override:/usr/lib/python3/dist-packages/colcon_core/task/python/colcon_distutils_commands:/home/teamleafia/ros2_mer/install/aruco_detector_yj_pkg_2/lib/python3.12/site-packages:${PYTHONPATH} /usr/bin/python3 -W ignore:setup.py install is deprecated -W ignore:easy_install command is deprecated setup.py develop --editable --build-directory /home/teamleafia/ros2_mer/build/aruco_detector_yj_pkg_2/build --no-deps symlink_data --force
[3.159s] DEBUG:colcon.colcon_core.task.python.build:While undoing a previous installation files outside the Python library path are being ignored: /home/teamleafia/ros2_mer/install/aruco_detector/share/ament_index/resource_index/packages/aruco_detector
[3.160s] DEBUG:colcon.colcon_core.task.python.build:While undoing a previous installation files outside the Python library path are being ignored: /home/teamleafia/ros2_mer/install/aruco_detector/share/aruco_detector/package.xml
[3.160s] DEBUG:colcon.colcon_core.task.python.build:While undoing a previous installation files outside the Python library path are being ignored: /home/teamleafia/ros2_mer/install/aruco_detector/lib/aruco_detector/aruco_detector
[3.160s] DEBUG:colcon.colcon_core.task.python.build:While undoing a previous installation files outside the Python library path are being ignored: /home/teamleafia/ros2_mer/install/aruco_detector/lib/aruco_detector/aruco_move_node
[3.164s] DEBUG:colcon.colcon_core.event_handler.log_command:Invoking command in '/home/teamleafia/ros2_mer/build/aruco_detector': DEBUGINFOD_URLS=https://debuginfod.ubuntu.com PYTHONPATH=/home/teamleafia/ros2_mer/build/aruco_detector/prefix_override:/usr/lib/python3/dist-packages/colcon_core/task/python/colcon_distutils_commands:/home/teamleafia/ros2_mer/install/aruco_detector/lib/python3.12/site-packages:${PYTHONPATH} /usr/bin/python3 -W ignore:setup.py install is deprecated -W ignore:easy_install command is deprecated setup.py develop --editable --build-directory /home/teamleafia/ros2_mer/build/aruco_detector/build --no-deps symlink_data --force
[3.172s] DEBUG:colcon.colcon_core.task.python.build:While undoing a previous installation files outside the Python library path are being ignored: /home/teamleafia/ros2_mer/install/pump_control/share/ament_index/resource_index/packages/pump_control
[3.172s] DEBUG:colcon.colcon_core.task.python.build:While undoing a previous installation files outside the Python library path are being ignored: /home/teamleafia/ros2_mer/install/pump_control/share/pump_control/package.xml
[3.172s] DEBUG:colcon.colcon_core.task.python.build:While undoing a previous installation files outside the Python library path are being ignored: /home/teamleafia/ros2_mer/install/pump_control/lib/pump_control/pump_node
[3.173s] DEBUG:colcon.colcon_core.task.python.build:While undoing a previous installation files outside the Python library path are being ignored: /home/teamleafia/ros2_mer/install/pump_control/lib/pump_control/pump_testnode
[3.179s] DEBUG:colcon.colcon_core.event_handler.log_command:Invoking command in '/home/teamleafia/ros2_mer/build/pump_control': DEBUGINFOD_URLS=https://debuginfod.ubuntu.com PYTHONPATH=/home/teamleafia/ros2_mer/build/pump_control/prefix_override:/usr/lib/python3/dist-packages/colcon_core/task/python/colcon_distutils_commands:/home/teamleafia/ros2_mer/install/pump_control/lib/python3.12/site-packages:${PYTHONPATH} /usr/bin/python3 -W ignore:setup.py install is deprecated -W ignore:easy_install command is deprecated setup.py develop --editable --build-directory /home/teamleafia/ros2_mer/build/pump_control/build --no-deps symlink_data --force
[3.250s] DEBUG:colcon.colcon_core.task.python.build:While undoing a previous installation files outside the Python library path are being ignored: /home/teamleafia/ros2_mer/install/marker_align_2/share/ament_index/resource_index/packages/marker_align_2
[3.250s] DEBUG:colcon.colcon_core.task.python.build:While undoing a previous installation files outside the Python library path are being ignored: /home/teamleafia/ros2_mer/install/marker_align_2/share/marker_align_2/package.xml
[3.250s] DEBUG:colcon.colcon_core.task.python.build:While undoing a previous installation files outside the Python library path are being ignored: /home/teamleafia/ros2_mer/install/marker_align_2/lib/marker_align_2/marker_align_node
[3.255s] DEBUG:colcon.colcon_core.event_handler.log_command:Invoking command in '/home/teamleafia/ros2_mer/build/marker_align_2': DEBUGINFOD_URLS=https://debuginfod.ubuntu.com PYTHONPATH=/home/teamleafia/ros2_mer/build/marker_align_2/prefix_override:/usr/lib/python3/dist-packages/colcon_core/task/python/colcon_distutils_commands:/home/teamleafia/ros2_mer/install/marker_align_2/lib/python3.12/site-packages:${PYTHONPATH} /usr/bin/python3 -W ignore:setup.py install is deprecated -W ignore:easy_install command is deprecated setup.py develop --editable --build-directory /home/teamleafia/ros2_mer/build/marker_align_2/build --no-deps symlink_data --force
[4.473s] Level 1:colcon.colcon_core.shell:create_environment_hook('pump_control', 'pythonpath_develop')
[4.475s] DEBUG:colcon.colcon_core.event_handler.log_command:Invoked command in '/home/teamleafia/ros2_mer/build/pump_control' returned '0': DEBUGINFOD_URLS=https://debuginfod.ubuntu.com PYTHONPATH=/home/teamleafia/ros2_mer/build/pump_control/prefix_override:/usr/lib/python3/dist-packages/colcon_core/task/python/colcon_distutils_commands:/home/teamleafia/ros2_mer/install/pump_control/lib/python3.12/site-packages:${PYTHONPATH} /usr/bin/python3 -W ignore:setup.py install is deprecated -W ignore:easy_install command is deprecated setup.py develop --editable --build-directory /home/teamleafia/ros2_mer/build/pump_control/build --no-deps symlink_data --force
[4.475s] INFO:colcon.colcon_core.shell:Creating environment hook '/home/teamleafia/ros2_mer/build/pump_control/share/pump_control/hook/pythonpath_develop.ps1'
[4.477s] INFO:colcon.colcon_core.shell:Creating environment descriptor '/home/teamleafia/ros2_mer/build/pump_control/share/pump_control/hook/pythonpath_develop.dsv'
[4.478s] INFO:colcon.colcon_core.shell:Creating environment hook '/home/teamleafia/ros2_mer/build/pump_control/share/pump_control/hook/pythonpath_develop.sh'
[4.483s] Level 1:colcon.colcon_core.environment:checking '/home/teamleafia/ros2_mer/install/pump_control' for CMake module files
[4.484s] Level 1:colcon.colcon_core.environment:checking '/home/teamleafia/ros2_mer/install/pump_control' for CMake config files
[4.485s] Level 1:colcon.colcon_core.environment:checking '/home/teamleafia/ros2_mer/install/pump_control/lib'
[4.485s] Level 1:colcon.colcon_core.environment:checking '/home/teamleafia/ros2_mer/install/pump_control/bin'
[4.486s] Level 1:colcon.colcon_core.environment:checking '/home/teamleafia/ros2_mer/install/pump_control/lib/pkgconfig/pump_control.pc'
[4.486s] Level 1:colcon.colcon_core.environment:checking '/home/teamleafia/ros2_mer/install/pump_control/lib/python3.12/site-packages'
[4.486s] Level 1:colcon.colcon_core.shell:create_environment_hook('pump_control', 'pythonpath')
[4.486s] INFO:colcon.colcon_core.shell:Creating environment hook '/home/teamleafia/ros2_mer/install/pump_control/share/pump_control/hook/pythonpath.ps1'
[4.487s] INFO:colcon.colcon_core.shell:Creating environment descriptor '/home/teamleafia/ros2_mer/install/pump_control/share/pump_control/hook/pythonpath.dsv'
[4.488s] INFO:colcon.colcon_core.shell:Creating environment hook '/home/teamleafia/ros2_mer/install/pump_control/share/pump_control/hook/pythonpath.sh'
[4.489s] Level 1:colcon.colcon_core.environment:checking '/home/teamleafia/ros2_mer/install/pump_control/bin'
[4.489s] Level 1:colcon.colcon_core.environment:create_environment_scripts_only(pump_control)
[4.489s] INFO:colcon.colcon_core.shell:Creating package script '/home/teamleafia/ros2_mer/install/pump_control/share/pump_control/package.ps1'
[4.490s] INFO:colcon.colcon_core.shell:Creating package descriptor '/home/teamleafia/ros2_mer/install/pump_control/share/pump_control/package.dsv'
[4.491s] INFO:colcon.colcon_core.shell:Creating package script '/home/teamleafia/ros2_mer/install/pump_control/share/pump_control/package.sh'
[4.492s] INFO:colcon.colcon_core.shell:Creating package script '/home/teamleafia/ros2_mer/install/pump_control/share/pump_control/package.bash'
[4.492s] INFO:colcon.colcon_core.shell:Creating package script '/home/teamleafia/ros2_mer/install/pump_control/share/pump_control/package.zsh'
[4.493s] Level 1:colcon.colcon_core.environment:create_file_with_runtime_dependencies(/home/teamleafia/ros2_mer/install/pump_control/share/colcon-core/packages/pump_control)
[4.495s] INFO:colcon.colcon_ros.task.ament_python.build:Building ROS package in '/home/teamleafia/ros2_mer/src/robot_control' with build type 'ament_python'
[4.495s] Level 1:colcon.colcon_core.shell:create_environment_hook('robot_control', 'ament_prefix_path')
[4.495s] INFO:colcon.colcon_core.shell:Creating environment hook '/home/teamleafia/ros2_mer/install/robot_control/share/robot_control/hook/ament_prefix_path.ps1'
[4.496s] INFO:colcon.colcon_core.shell:Creating environment descriptor '/home/teamleafia/ros2_mer/install/robot_control/share/robot_control/hook/ament_prefix_path.dsv'
[4.497s] INFO:colcon.colcon_core.shell:Creating environment hook '/home/teamleafia/ros2_mer/install/robot_control/share/robot_control/hook/ament_prefix_path.sh'
[4.498s] INFO:colcon.colcon_core.shell:Skip shell extension 'powershell' for command environment: Not usable outside of PowerShell
[4.498s] DEBUG:colcon.colcon_core.shell:Skip shell extension 'dsv' for command environment
[4.543s] Level 1:colcon.colcon_core.shell:create_environment_hook('aruco_detector', 'pythonpath_develop')
[4.544s] INFO:colcon.colcon_core.shell:Creating environment hook '/home/teamleafia/ros2_mer/build/aruco_detector/share/aruco_detector/hook/pythonpath_develop.ps1'
[4.545s] DEBUG:colcon.colcon_core.event_handler.log_command:Invoked command in '/home/teamleafia/ros2_mer/build/aruco_detector' returned '0': DEBUGINFOD_URLS=https://debuginfod.ubuntu.com PYTHONPATH=/home/teamleafia/ros2_mer/build/aruco_detector/prefix_override:/usr/lib/python3/dist-packages/colcon_core/task/python/colcon_distutils_commands:/home/teamleafia/ros2_mer/install/aruco_detector/lib/python3.12/site-packages:${PYTHONPATH} /usr/bin/python3 -W ignore:setup.py install is deprecated -W ignore:easy_install command is deprecated setup.py develop --editable --build-directory /home/teamleafia/ros2_mer/build/aruco_detector/build --no-deps symlink_data --force
[4.546s] INFO:colcon.colcon_core.shell:Creating environment descriptor '/home/teamleafia/ros2_mer/build/aruco_detector/share/aruco_detector/hook/pythonpath_develop.dsv'
[4.547s] INFO:colcon.colcon_core.shell:Creating environment hook '/home/teamleafia/ros2_mer/build/aruco_detector/share/aruco_detector/hook/pythonpath_develop.sh'
[4.548s] Level 1:colcon.colcon_core.environment:checking '/home/teamleafia/ros2_mer/install/aruco_detector' for CMake module files
[4.549s] Level 1:colcon.colcon_core.environment:checking '/home/teamleafia/ros2_mer/install/aruco_detector' for CMake config files
[4.549s] Level 1:colcon.colcon_core.environment:checking '/home/teamleafia/ros2_mer/install/aruco_detector/lib'
[4.550s] Level 1:colcon.colcon_core.environment:checking '/home/teamleafia/ros2_mer/install/aruco_detector/bin'
[4.550s] Level 1:colcon.colcon_core.environment:checking '/home/teamleafia/ros2_mer/install/aruco_detector/lib/pkgconfig/aruco_detector.pc'
[4.550s] Level 1:colcon.colcon_core.environment:checking '/home/teamleafia/ros2_mer/install/aruco_detector/lib/python3.12/site-packages'
[4.550s] Level 1:colcon.colcon_core.shell:create_environment_hook('aruco_detector', 'pythonpath')
[4.551s] INFO:colcon.colcon_core.shell:Creating environment hook '/home/teamleafia/ros2_mer/install/aruco_detector/share/aruco_detector/hook/pythonpath.ps1'
[4.551s] INFO:colcon.colcon_core.shell:Creating environment descriptor '/home/teamleafia/ros2_mer/install/aruco_detector/share/aruco_detector/hook/pythonpath.dsv'
[4.552s] INFO:colcon.colcon_core.shell:Creating environment hook '/home/teamleafia/ros2_mer/install/aruco_detector/share/aruco_detector/hook/pythonpath.sh'
[4.553s] Level 1:colcon.colcon_core.environment:checking '/home/teamleafia/ros2_mer/install/aruco_detector/bin'
[4.553s] Level 1:colcon.colcon_core.environment:create_environment_scripts_only(aruco_detector)
[4.554s] INFO:colcon.colcon_core.shell:Creating package script '/home/teamleafia/ros2_mer/install/aruco_detector/share/aruco_detector/package.ps1'
[4.555s] INFO:colcon.colcon_core.shell:Creating package descriptor '/home/teamleafia/ros2_mer/install/aruco_detector/share/aruco_detector/package.dsv'
[4.555s] INFO:colcon.colcon_core.shell:Creating package script '/home/teamleafia/ros2_mer/install/aruco_detector/share/aruco_detector/package.sh'
[4.556s] INFO:colcon.colcon_core.shell:Creating package script '/home/teamleafia/ros2_mer/install/aruco_detector/share/aruco_detector/package.bash'
[4.557s] INFO:colcon.colcon_core.shell:Creating package script '/home/teamleafia/ros2_mer/install/aruco_detector/share/aruco_detector/package.zsh'
[4.558s] Level 1:colcon.colcon_core.environment:create_file_with_runtime_dependencies(/home/teamleafia/ros2_mer/install/aruco_detector/share/colcon-core/packages/aruco_detector)
[4.558s] Level 1:colcon.colcon_core.shell:create_environment_hook('aruco_detector_yj_pkg_2', 'pythonpath_develop')
[4.559s] INFO:colcon.colcon_core.shell:Creating environment hook '/home/teamleafia/ros2_mer/build/aruco_detector_yj_pkg_2/share/aruco_detector_yj_pkg_2/hook/pythonpath_develop.ps1'
[4.560s] DEBUG:colcon.colcon_core.event_handler.log_command:Invoked command in '/home/teamleafia/ros2_mer/build/aruco_detector_yj_pkg_2' returned '0': DEBUGINFOD_URLS=https://debuginfod.ubuntu.com PYTHONPATH=/home/teamleafia/ros2_mer/build/aruco_detector_yj_pkg_2/prefix_override:/usr/lib/python3/dist-packages/colcon_core/task/python/colcon_distutils_commands:/home/teamleafia/ros2_mer/install/aruco_detector_yj_pkg_2/lib/python3.12/site-packages:${PYTHONPATH} /usr/bin/python3 -W ignore:setup.py install is deprecated -W ignore:easy_install command is deprecated setup.py develop --editable --build-directory /home/teamleafia/ros2_mer/build/aruco_detector_yj_pkg_2/build --no-deps symlink_data --force
[4.561s] INFO:colcon.colcon_core.shell:Creating environment descriptor '/home/teamleafia/ros2_mer/build/aruco_detector_yj_pkg_2/share/aruco_detector_yj_pkg_2/hook/pythonpath_develop.dsv'
[4.561s] INFO:colcon.colcon_core.shell:Creating environment hook '/home/teamleafia/ros2_mer/build/aruco_detector_yj_pkg_2/share/aruco_detector_yj_pkg_2/hook/pythonpath_develop.sh'
[4.562s] Level 1:colcon.colcon_core.environment:checking '/home/teamleafia/ros2_mer/install/aruco_detector_yj_pkg_2' for CMake module files
[4.563s] Level 1:colcon.colcon_core.environment:checking '/home/teamleafia/ros2_mer/install/aruco_detector_yj_pkg_2' for CMake config files
[4.564s] Level 1:colcon.colcon_core.environment:checking '/home/teamleafia/ros2_mer/install/aruco_detector_yj_pkg_2/lib'
[4.564s] Level 1:colcon.colcon_core.environment:checking '/home/teamleafia/ros2_mer/install/aruco_detector_yj_pkg_2/bin'
[4.564s] Level 1:colcon.colcon_core.environment:checking '/home/teamleafia/ros2_mer/install/aruco_detector_yj_pkg_2/lib/pkgconfig/aruco_detector_yj_pkg_2.pc'
[4.564s] Level 1:colcon.colcon_core.environment:checking '/home/teamleafia/ros2_mer/install/aruco_detector_yj_pkg_2/lib/python3.12/site-packages'
[4.564s] Level 1:colcon.colcon_core.shell:create_environment_hook('aruco_detector_yj_pkg_2', 'pythonpath')
[4.565s] INFO:colcon.colcon_core.shell:Creating environment hook '/home/teamleafia/ros2_mer/install/aruco_detector_yj_pkg_2/share/aruco_detector_yj_pkg_2/hook/pythonpath.ps1'
[4.566s] INFO:colcon.colcon_core.shell:Creating environment descriptor '/home/teamleafia/ros2_mer/install/aruco_detector_yj_pkg_2/share/aruco_detector_yj_pkg_2/hook/pythonpath.dsv'
[4.567s] INFO:colcon.colcon_core.shell:Creating environment hook '/home/teamleafia/ros2_mer/install/aruco_detector_yj_pkg_2/share/aruco_detector_yj_pkg_2/hook/pythonpath.sh'
[4.568s] Level 1:colcon.colcon_core.environment:checking '/home/teamleafia/ros2_mer/install/aruco_detector_yj_pkg_2/bin'
[4.568s] Level 1:colcon.colcon_core.environment:create_environment_scripts_only(aruco_detector_yj_pkg_2)
[4.568s] INFO:colcon.colcon_core.shell:Creating package script '/home/teamleafia/ros2_mer/install/aruco_detector_yj_pkg_2/share/aruco_detector_yj_pkg_2/package.ps1'
[4.569s] INFO:colcon.colcon_core.shell:Creating package descriptor '/home/teamleafia/ros2_mer/install/aruco_detector_yj_pkg_2/share/aruco_detector_yj_pkg_2/package.dsv'
[4.570s] INFO:colcon.colcon_core.shell:Creating package script '/home/teamleafia/ros2_mer/install/aruco_detector_yj_pkg_2/share/aruco_detector_yj_pkg_2/package.sh'
[4.571s] INFO:colcon.colcon_core.shell:Creating package script '/home/teamleafia/ros2_mer/install/aruco_detector_yj_pkg_2/share/aruco_detector_yj_pkg_2/package.bash'
[4.572s] INFO:colcon.colcon_core.shell:Creating package script '/home/teamleafia/ros2_mer/install/aruco_detector_yj_pkg_2/share/aruco_detector_yj_pkg_2/package.zsh'
[4.572s] Level 1:colcon.colcon_core.environment:create_file_with_runtime_dependencies(/home/teamleafia/ros2_mer/install/aruco_detector_yj_pkg_2/share/colcon-core/packages/aruco_detector_yj_pkg_2)
[4.575s] INFO:colcon.colcon_ros.task.ament_python.build:Building ROS package in '/home/teamleafia/ros2_mer/src/cartrash' with build type 'ament_python'
[4.575s] Level 1:colcon.colcon_core.shell:create_environment_hook('cartrash', 'ament_prefix_path')
[4.575s] INFO:colcon.colcon_core.shell:Creating environment hook '/home/teamleafia/ros2_mer/install/cartrash/share/cartrash/hook/ament_prefix_path.ps1'
[4.576s] INFO:colcon.colcon_core.shell:Creating environment descriptor '/home/teamleafia/ros2_mer/install/cartrash/share/cartrash/hook/ament_prefix_path.dsv'
[4.577s] INFO:colcon.colcon_core.shell:Creating environment hook '/home/teamleafia/ros2_mer/install/cartrash/share/cartrash/hook/ament_prefix_path.sh'
[4.578s] INFO:colcon.colcon_core.shell:Skip shell extension 'powershell' for command environment: Not usable outside of PowerShell
[4.578s] DEBUG:colcon.colcon_core.shell:Skip shell extension 'dsv' for command environment
[4.934s] INFO:colcon.colcon_core.task.python.build:Building Python package in '/home/teamleafia/ros2_mer/src/robot_control'
[4.935s] INFO:colcon.colcon_core.shell:Skip shell extension 'powershell' for command environment: Not usable outside of PowerShell
[4.935s] DEBUG:colcon.colcon_core.shell:Skip shell extension 'dsv' for command environment
[5.291s] INFO:colcon.colcon_core.task.python.build:Building Python package in '/home/teamleafia/ros2_mer/src/cartrash'
[5.291s] INFO:colcon.colcon_core.shell:Skip shell extension 'powershell' for command environment: Not usable outside of PowerShell
[5.291s] DEBUG:colcon.colcon_core.shell:Skip shell extension 'dsv' for command environment
[5.298s] Level 1:colcon.colcon_core.shell:create_environment_hook('marker_align_2', 'pythonpath_develop')
[5.299s] INFO:colcon.colcon_core.shell:Creating environment hook '/home/teamleafia/ros2_mer/build/marker_align_2/share/marker_align_2/hook/pythonpath_develop.ps1'
[5.299s] DEBUG:colcon.colcon_core.event_handler.log_command:Invoked command in '/home/teamleafia/ros2_mer/build/marker_align_2' returned '0': DEBUGINFOD_URLS=https://debuginfod.ubuntu.com PYTHONPATH=/home/teamleafia/ros2_mer/build/marker_align_2/prefix_override:/usr/lib/python3/dist-packages/colcon_core/task/python/colcon_distutils_commands:/home/teamleafia/ros2_mer/install/marker_align_2/lib/python3.12/site-packages:${PYTHONPATH} /usr/bin/python3 -W ignore:setup.py install is deprecated -W ignore:easy_install command is deprecated setup.py develop --editable --build-directory /home/teamleafia/ros2_mer/build/marker_align_2/build --no-deps symlink_data --force
[5.300s] INFO:colcon.colcon_core.shell:Creating environment descriptor '/home/teamleafia/ros2_mer/build/marker_align_2/share/marker_align_2/hook/pythonpath_develop.dsv'
[5.301s] INFO:colcon.colcon_core.shell:Creating environment hook '/home/teamleafia/ros2_mer/build/marker_align_2/share/marker_align_2/hook/pythonpath_develop.sh'
[5.301s] Level 1:colcon.colcon_core.environment:checking '/home/teamleafia/ros2_mer/install/marker_align_2' for CMake module files
[5.302s] Level 1:colcon.colcon_core.environment:checking '/home/teamleafia/ros2_mer/install/marker_align_2' for CMake config files
[5.303s] Level 1:colcon.colcon_core.environment:checking '/home/teamleafia/ros2_mer/install/marker_align_2/lib'
[5.303s] Level 1:colcon.colcon_core.environment:checking '/home/teamleafia/ros2_mer/install/marker_align_2/bin'
[5.303s] Level 1:colcon.colcon_core.environment:checking '/home/teamleafia/ros2_mer/install/marker_align_2/lib/pkgconfig/marker_align_2.pc'
[5.303s] Level 1:colcon.colcon_core.environment:checking '/home/teamleafia/ros2_mer/install/marker_align_2/lib/python3.12/site-packages'
[5.303s] Level 1:colcon.colcon_core.shell:create_environment_hook('marker_align_2', 'pythonpath')
[5.304s] INFO:colcon.colcon_core.shell:Creating environment hook '/home/teamleafia/ros2_mer/install/marker_align_2/share/marker_align_2/hook/pythonpath.ps1'
[5.304s] INFO:colcon.colcon_core.shell:Creating environment descriptor '/home/teamleafia/ros2_mer/install/marker_align_2/share/marker_align_2/hook/pythonpath.dsv'
[5.305s] INFO:colcon.colcon_core.shell:Creating environment hook '/home/teamleafia/ros2_mer/install/marker_align_2/share/marker_align_2/hook/pythonpath.sh'
[5.306s] Level 1:colcon.colcon_core.environment:checking '/home/teamleafia/ros2_mer/install/marker_align_2/bin'
[5.306s] Level 1:colcon.colcon_core.environment:create_environment_scripts_only(marker_align_2)
[5.306s] INFO:colcon.colcon_core.shell:Creating package script '/home/teamleafia/ros2_mer/install/marker_align_2/share/marker_align_2/package.ps1'
[5.307s] INFO:colcon.colcon_core.shell:Creating package descriptor '/home/teamleafia/ros2_mer/install/marker_align_2/share/marker_align_2/package.dsv'
[5.308s] INFO:colcon.colcon_core.shell:Creating package script '/home/teamleafia/ros2_mer/install/marker_align_2/share/marker_align_2/package.sh'
[5.308s] INFO:colcon.colcon_core.shell:Creating package script '/home/teamleafia/ros2_mer/install/marker_align_2/share/marker_align_2/package.bash'
[5.309s] INFO:colcon.colcon_core.shell:Creating package script '/home/teamleafia/ros2_mer/install/marker_align_2/share/marker_align_2/package.zsh'
[5.310s] Level 1:colcon.colcon_core.environment:create_file_with_runtime_dependencies(/home/teamleafia/ros2_mer/install/marker_align_2/share/colcon-core/packages/marker_align_2)
[6.339s] DEBUG:colcon.colcon_core.task.python.build:While undoing a previous installation files outside the Python library path are being ignored: /home/teamleafia/ros2_mer/install/cartrash/share/ament_index/resource_index/packages/cartrash
[6.339s] DEBUG:colcon.colcon_core.task.python.build:While undoing a previous installation files outside the Python library path are being ignored: /home/teamleafia/ros2_mer/install/cartrash/share/cartrash/package.xml
[6.339s] DEBUG:colcon.colcon_core.task.python.build:While undoing a previous installation files outside the Python library path are being ignored: /home/teamleafia/ros2_mer/install/cartrash/share/cartrash/launch
[6.339s] DEBUG:colcon.colcon_core.task.python.build:While undoing a previous installation files outside the Python library path are being ignored: /home/teamleafia/ros2_mer/install/cartrash/share/cartrash/config/rplidar_cartographer.lua
[6.339s] DEBUG:colcon.colcon_core.task.python.build:While undoing a previous installation files outside the Python library path are being ignored: /home/teamleafia/ros2_mer/install/cartrash/share/cartrash/urdf/lidar.urdf
[6.339s] DEBUG:colcon.colcon_core.task.python.build:While undoing a previous installation files outside the Python library path are being ignored: /home/teamleafia/ros2_mer/install/cartrash/share/cartrash/rviz/mapping.rviz
[6.343s] DEBUG:colcon.colcon_core.event_handler.log_command:Invoking command in '/home/teamleafia/ros2_mer/build/cartrash': DEBUGINFOD_URLS=https://debuginfod.ubuntu.com PYTHONPATH=/home/teamleafia/ros2_mer/build/cartrash/prefix_override:/usr/lib/python3/dist-packages/colcon_core/task/python/colcon_distutils_commands:/home/teamleafia/ros2_mer/install/cartrash/lib/python3.12/site-packages:${PYTHONPATH} /usr/bin/python3 -W ignore:setup.py install is deprecated -W ignore:easy_install command is deprecated setup.py develop --editable --build-directory /home/teamleafia/ros2_mer/build/cartrash/build --no-deps symlink_data --force
[6.344s] DEBUG:colcon.colcon_core.task.python.build:While undoing a previous installation files outside the Python library path are being ignored: /home/teamleafia/ros2_mer/install/robot_control/share/ament_index/resource_index/packages/robot_control
[6.344s] DEBUG:colcon.colcon_core.task.python.build:While undoing a previous installation files outside the Python library path are being ignored: /home/teamleafia/ros2_mer/install/robot_control/share/robot_control/package.xml
[6.345s] DEBUG:colcon.colcon_core.task.python.build:While undoing a previous installation files outside the Python library path are being ignored: /home/teamleafia/ros2_mer/install/robot_control/lib/robot_control/encoder_publisher_node
[6.345s] DEBUG:colcon.colcon_core.task.python.build:While undoing a previous installation files outside the Python library path are being ignored: /home/teamleafia/ros2_mer/install/robot_control/lib/robot_control/motor_controller_node
[6.345s] DEBUG:colcon.colcon_core.task.python.build:While undoing a previous installation files outside the Python library path are being ignored: /home/teamleafia/ros2_mer/install/robot_control/lib/robot_control/move_distance_node
[6.345s] DEBUG:colcon.colcon_core.task.python.build:While undoing a previous installation files outside the Python library path are being ignored: /home/teamleafia/ros2_mer/install/robot_control/lib/robot_control/pid_controller_node
[6.345s] DEBUG:colcon.colcon_core.task.python.build:While undoing a previous installation files outside the Python library path are being ignored: /home/teamleafia/ros2_mer/install/robot_control/lib/robot_control/scissor_lift_controller
[6.345s] DEBUG:colcon.colcon_core.task.python.build:While undoing a previous installation files outside the Python library path are being ignored: /home/teamleafia/ros2_mer/install/robot_control/lib/robot_control/teleop_keyboard_node
[6.345s] DEBUG:colcon.colcon_core.task.python.build:While undoing a previous installation files outside the Python library path are being ignored: /home/teamleafia/ros2_mer/install/robot_control/lib/robot_control/teleop_keyboard_node2
[6.345s] DEBUG:colcon.colcon_core.task.python.build:While undoing a previous installation files outside the Python library path are being ignored: /home/teamleafia/ros2_mer/install/robot_control/lib/robot_control/teleop_keyboard_node3
[6.349s] DEBUG:colcon.colcon_core.event_handler.log_command:Invoking command in '/home/teamleafia/ros2_mer/build/robot_control': DEBUGINFOD_URLS=https://debuginfod.ubuntu.com PYTHONPATH=/home/teamleafia/ros2_mer/build/robot_control/prefix_override:/usr/lib/python3/dist-packages/colcon_core/task/python/colcon_distutils_commands:/home/teamleafia/ros2_mer/install/robot_control/lib/python3.12/site-packages:${PYTHONPATH} /usr/bin/python3 -W ignore:setup.py install is deprecated -W ignore:easy_install command is deprecated setup.py develop --editable --build-directory /home/teamleafia/ros2_mer/build/robot_control/build --no-deps symlink_data --force
[7.463s] Level 1:colcon.colcon_core.shell:create_environment_hook('cartrash', 'pythonpath_develop')
[7.464s] INFO:colcon.colcon_core.shell:Creating environment hook '/home/teamleafia/ros2_mer/build/cartrash/share/cartrash/hook/pythonpath_develop.ps1'
[7.465s] DEBUG:colcon.colcon_core.event_handler.log_command:Invoked command in '/home/teamleafia/ros2_mer/build/cartrash' returned '0': DEBUGINFOD_URLS=https://debuginfod.ubuntu.com PYTHONPATH=/home/teamleafia/ros2_mer/build/cartrash/prefix_override:/usr/lib/python3/dist-packages/colcon_core/task/python/colcon_distutils_commands:/home/teamleafia/ros2_mer/install/cartrash/lib/python3.12/site-packages:${PYTHONPATH} /usr/bin/python3 -W ignore:setup.py install is deprecated -W ignore:easy_install command is deprecated setup.py develop --editable --build-directory /home/teamleafia/ros2_mer/build/cartrash/build --no-deps symlink_data --force
[7.465s] INFO:colcon.colcon_core.shell:Creating environment descriptor '/home/teamleafia/ros2_mer/build/cartrash/share/cartrash/hook/pythonpath_develop.dsv'
[7.466s] INFO:colcon.colcon_core.shell:Creating environment hook '/home/teamleafia/ros2_mer/build/cartrash/share/cartrash/hook/pythonpath_develop.sh'
[7.466s] Level 1:colcon.colcon_core.environment:checking '/home/teamleafia/ros2_mer/install/cartrash' for CMake module files
[7.467s] Level 1:colcon.colcon_core.environment:checking '/home/teamleafia/ros2_mer/install/cartrash' for CMake config files
[7.468s] Level 1:colcon.colcon_core.environment:checking '/home/teamleafia/ros2_mer/install/cartrash/lib'
[7.468s] Level 1:colcon.colcon_core.environment:checking '/home/teamleafia/ros2_mer/install/cartrash/bin'
[7.468s] Level 1:colcon.colcon_core.environment:checking '/home/teamleafia/ros2_mer/install/cartrash/lib/pkgconfig/cartrash.pc'
[7.468s] Level 1:colcon.colcon_core.environment:checking '/home/teamleafia/ros2_mer/install/cartrash/lib/python3.12/site-packages'
[7.468s] Level 1:colcon.colcon_core.shell:create_environment_hook('cartrash', 'pythonpath')
[7.469s] INFO:colcon.colcon_core.shell:Creating environment hook '/home/teamleafia/ros2_mer/install/cartrash/share/cartrash/hook/pythonpath.ps1'
[7.469s] INFO:colcon.colcon_core.shell:Creating environment descriptor '/home/teamleafia/ros2_mer/install/cartrash/share/cartrash/hook/pythonpath.dsv'
[7.470s] INFO:colcon.colcon_core.shell:Creating environment hook '/home/teamleafia/ros2_mer/install/cartrash/share/cartrash/hook/pythonpath.sh'
[7.471s] Level 1:colcon.colcon_core.environment:checking '/home/teamleafia/ros2_mer/install/cartrash/bin'
[7.471s] Level 1:colcon.colcon_core.environment:create_environment_scripts_only(cartrash)
[7.471s] INFO:colcon.colcon_core.shell:Creating package script '/home/teamleafia/ros2_mer/install/cartrash/share/cartrash/package.ps1'
[7.472s] INFO:colcon.colcon_core.shell:Creating package descriptor '/home/teamleafia/ros2_mer/install/cartrash/share/cartrash/package.dsv'
[7.473s] INFO:colcon.colcon_core.shell:Creating package script '/home/teamleafia/ros2_mer/install/cartrash/share/cartrash/package.sh'
[7.473s] INFO:colcon.colcon_core.shell:Creating package script '/home/teamleafia/ros2_mer/install/cartrash/share/cartrash/package.bash'
[7.474s] INFO:colcon.colcon_core.shell:Creating package script '/home/teamleafia/ros2_mer/install/cartrash/share/cartrash/package.zsh'
[7.475s] Level 1:colcon.colcon_core.environment:create_file_with_runtime_dependencies(/home/teamleafia/ros2_mer/install/cartrash/share/colcon-core/packages/cartrash)
[7.476s] Level 1:colcon.colcon_core.shell:create_environment_hook('robot_control', 'pythonpath_develop')
[7.477s] INFO:colcon.colcon_core.shell:Creating environment hook '/home/teamleafia/ros2_mer/build/robot_control/share/robot_control/hook/pythonpath_develop.ps1'
[7.477s] DEBUG:colcon.colcon_core.event_handler.log_command:Invoked command in '/home/teamleafia/ros2_mer/build/robot_control' returned '0': DEBUGINFOD_URLS=https://debuginfod.ubuntu.com PYTHONPATH=/home/teamleafia/ros2_mer/build/robot_control/prefix_override:/usr/lib/python3/dist-packages/colcon_core/task/python/colcon_distutils_commands:/home/teamleafia/ros2_mer/install/robot_control/lib/python3.12/site-packages:${PYTHONPATH} /usr/bin/python3 -W ignore:setup.py install is deprecated -W ignore:easy_install command is deprecated setup.py develop --editable --build-directory /home/teamleafia/ros2_mer/build/robot_control/build --no-deps symlink_data --force
[7.478s] INFO:colcon.colcon_core.shell:Creating environment descriptor '/home/teamleafia/ros2_mer/build/robot_control/share/robot_control/hook/pythonpath_develop.dsv'
[7.478s] INFO:colcon.colcon_core.shell:Creating environment hook '/home/teamleafia/ros2_mer/build/robot_control/share/robot_control/hook/pythonpath_develop.sh'
[7.479s] Level 1:colcon.colcon_core.environment:checking '/home/teamleafia/ros2_mer/install/robot_control' for CMake module files
[7.480s] Level 1:colcon.colcon_core.environment:checking '/home/teamleafia/ros2_mer/install/robot_control' for CMake config files
[7.480s] Level 1:colcon.colcon_core.environment:checking '/home/teamleafia/ros2_mer/install/robot_control/lib'
[7.481s] Level 1:colcon.colcon_core.environment:checking '/home/teamleafia/ros2_mer/install/robot_control/bin'
[7.481s] Level 1:colcon.colcon_core.environment:checking '/home/teamleafia/ros2_mer/install/robot_control/lib/pkgconfig/robot_control.pc'
[7.481s] Level 1:colcon.colcon_core.environment:checking '/home/teamleafia/ros2_mer/install/robot_control/lib/python3.12/site-packages'
[7.481s] Level 1:colcon.colcon_core.shell:create_environment_hook('robot_control', 'pythonpath')
[7.481s] INFO:colcon.colcon_core.shell:Creating environment hook '/home/teamleafia/ros2_mer/install/robot_control/share/robot_control/hook/pythonpath.ps1'
[7.482s] INFO:colcon.colcon_core.shell:Creating environment descriptor '/home/teamleafia/ros2_mer/install/robot_control/share/robot_control/hook/pythonpath.dsv'
[7.483s] INFO:colcon.colcon_core.shell:Creating environment hook '/home/teamleafia/ros2_mer/install/robot_control/share/robot_control/hook/pythonpath.sh'
[7.484s] Level 1:colcon.colcon_core.environment:checking '/home/teamleafia/ros2_mer/install/robot_control/bin'
[7.484s] Level 1:colcon.colcon_core.environment:create_environment_scripts_only(robot_control)
[7.484s] INFO:colcon.colcon_core.shell:Creating package script '/home/teamleafia/ros2_mer/install/robot_control/share/robot_control/package.ps1'
[7.485s] INFO:colcon.colcon_core.shell:Creating package descriptor '/home/teamleafia/ros2_mer/install/robot_control/share/robot_control/package.dsv'
[7.485s] INFO:colcon.colcon_core.shell:Creating package script '/home/teamleafia/ros2_mer/install/robot_control/share/robot_control/package.sh'
[7.486s] INFO:colcon.colcon_core.shell:Creating package script '/home/teamleafia/ros2_mer/install/robot_control/share/robot_control/package.bash'
[7.487s] INFO:colcon.colcon_core.shell:Creating package script '/home/teamleafia/ros2_mer/install/robot_control/share/robot_control/package.zsh'
[7.487s] Level 1:colcon.colcon_core.environment:create_file_with_runtime_dependencies(/home/teamleafia/ros2_mer/install/robot_control/share/colcon-core/packages/robot_control)
[7.488s] INFO:colcon.colcon_ros.task.ament_python.build:Building ROS package in '/home/teamleafia/ros2_mer/src/plant_transport' with build type 'ament_python'
[7.488s] Level 1:colcon.colcon_core.shell:create_environment_hook('plant_transport', 'ament_prefix_path')
[7.489s] INFO:colcon.colcon_core.shell:Creating environment hook '/home/teamleafia/ros2_mer/install/plant_transport/share/plant_transport/hook/ament_prefix_path.ps1'
[7.490s] INFO:colcon.colcon_core.shell:Creating environment descriptor '/home/teamleafia/ros2_mer/install/plant_transport/share/plant_transport/hook/ament_prefix_path.dsv'
[7.491s] INFO:colcon.colcon_core.shell:Creating environment hook '/home/teamleafia/ros2_mer/install/plant_transport/share/plant_transport/hook/ament_prefix_path.sh'
[7.492s] INFO:colcon.colcon_core.shell:Skip shell extension 'powershell' for command environment: Not usable outside of PowerShell
[7.492s] DEBUG:colcon.colcon_core.shell:Skip shell extension 'dsv' for command environment
[7.862s] INFO:colcon.colcon_core.task.python.build:Building Python package in '/home/teamleafia/ros2_mer/src/plant_transport'
[7.862s] INFO:colcon.colcon_core.shell:Skip shell extension 'powershell' for command environment: Not usable outside of PowerShell
[7.862s] DEBUG:colcon.colcon_core.shell:Skip shell extension 'dsv' for command environment
[8.844s] DEBUG:colcon.colcon_core.task.python.build:While undoing a previous installation files outside the Python library path are being ignored: /home/teamleafia/ros2_mer/install/plant_transport/share/ament_index/resource_index/packages/plant_transport
[8.844s] DEBUG:colcon.colcon_core.task.python.build:While undoing a previous installation files outside the Python library path are being ignored: /home/teamleafia/ros2_mer/install/plant_transport/share/plant_transport/package.xml
[8.844s] DEBUG:colcon.colcon_core.task.python.build:While undoing a previous installation files outside the Python library path are being ignored: /home/teamleafia/ros2_mer/install/plant_transport/share/plant_transport/launch/plant_transport.launch.py
[8.844s] DEBUG:colcon.colcon_core.task.python.build:While undoing a previous installation files outside the Python library path are being ignored: /home/teamleafia/ros2_mer/install/plant_transport/share/plant_transport/launch/experiment_launch.py
[8.844s] DEBUG:colcon.colcon_core.task.python.build:While undoing a previous installation files outside the Python library path are being ignored: /home/teamleafia/ros2_mer/install/plant_transport/share/plant_transport/launch/plant_teleop_key_launch.py
[8.845s] DEBUG:colcon.colcon_core.task.python.build:While undoing a previous installation files outside the Python library path are being ignored: /home/teamleafia/ros2_mer/install/plant_transport/share/plant_transport/launch/plant_cart_tel_key_launch.py
[8.845s] DEBUG:colcon.colcon_core.task.python.build:While undoing a previous installation files outside the Python library path are being ignored: /home/teamleafia/ros2_mer/install/plant_transport/share/plant_transport/launch/total_launch.py
[8.845s] DEBUG:colcon.colcon_core.task.python.build:While undoing a previous installation files outside the Python library path are being ignored: /home/teamleafia/ros2_mer/install/plant_transport/share/plant_transport/launch/yj_align_launch.py
[8.848s] DEBUG:colcon.colcon_core.event_handler.log_command:Invoking command in '/home/teamleafia/ros2_mer/build/plant_transport': AMENT_PREFIX_PATH=/home/teamleafia/ros2_mer/install/robot_control:/home/teamleafia/ros2_mer/install/pump_control:/home/teamleafia/ros2_mer/install/marker_align_2:/home/teamleafia/ros2_mer/install/aruco_detector_yj_pkg_2:/home/teamleafia/ros2_mer/install/aruco_detector:/home/teamleafia/ros2_mer/install/plant_transport:/home/teamleafia/ros2_mer/install/cartrash:/home/teamleafia/ros2_yj/install/aruco_pump_pkg:/home/teamleafia/ros2_yj/install/robot_control2:/home/teamleafia/ros2_yj/install/marker_align:/home/teamleafia/ros2_yj/install/aruco_detector_yj_pkg:/home/teamleafia/ros2_mot/install/rplidar_ros:/home/teamleafia/ros2_mot/install/robot_control:/home/teamleafia/ros2_mot/install/pca9685_motor_control:/home/teamleafia/slam_ws/install/my_robot_description:/opt/ros/jazzy DEBUGINFOD_URLS=https://debuginfod.ubuntu.com PYTHONPATH=/home/teamleafia/ros2_mer/build/plant_transport/prefix_override:/usr/lib/python3/dist-packages/colcon_core/task/python/colcon_distutils_commands:/home/teamleafia/ros2_mer/install/plant_transport/lib/python3.12/site-packages:/home/teamleafia/ros2_mer/build/robot_control:/home/teamleafia/ros2_mer/install/robot_control/lib/python3.12/site-packages:/home/teamleafia/ros2_mer/build/pump_control:/home/teamleafia/ros2_mer/install/pump_control/lib/python3.12/site-packages:/home/teamleafia/ros2_mer/build/marker_align_2:/home/teamleafia/ros2_mer/install/marker_align_2/lib/python3.12/site-packages:/home/teamleafia/ros2_mer/build/aruco_detector_yj_pkg_2:/home/teamleafia/ros2_mer/install/aruco_detector_yj_pkg_2/lib/python3.12/site-packages:/home/teamleafia/ros2_mer/build/aruco_detector:/home/teamleafia/ros2_mer/install/aruco_detector/lib/python3.12/site-packages:/home/teamleafia/ros2_mer/install/plant_transport/lib/python3.12/site-packages:/home/teamleafia/ros2_mer/install/cartrash/lib/python3.12/site-packages:/home/teamleafia/ros2_yj/install/aruco_pump_pkg/lib/python3.12/site-packages:/home/teamleafia/ros2_yj/install/robot_control2/lib/python3.12/site-packages:/home/teamleafia/ros2_yj/install/pump_control/lib/python3.12/site-packages:/home/teamleafia/ros2_yj/install/marker_align/lib/python3.12/site-packages:/home/teamleafia/ros2_yj/install/aruco_detector_yj_pkg/lib/python3.12/site-packages:/home/teamleafia/ros2_mot/install/robot_control/lib/python3.12/site-packages:/home/teamleafia/ros2_mot/install/pca9685_motor_control/lib/python3.12/site-packages:/opt/ros/jazzy/lib/python3.12/site-packages /usr/bin/python3 -W ignore:setup.py install is deprecated -W ignore:easy_install command is deprecated setup.py develop --editable --build-directory /home/teamleafia/ros2_mer/build/plant_transport/build --no-deps symlink_data --force
[9.918s] DEBUG:colcon.colcon_core.event_handler.log_command:Invoked command in '/home/teamleafia/ros2_mer/build/plant_transport' returned '1': AMENT_PREFIX_PATH=/home/teamleafia/ros2_mer/install/robot_control:/home/teamleafia/ros2_mer/install/pump_control:/home/teamleafia/ros2_mer/install/marker_align_2:/home/teamleafia/ros2_mer/install/aruco_detector_yj_pkg_2:/home/teamleafia/ros2_mer/install/aruco_detector:/home/teamleafia/ros2_mer/install/plant_transport:/home/teamleafia/ros2_mer/install/cartrash:/home/teamleafia/ros2_yj/install/aruco_pump_pkg:/home/teamleafia/ros2_yj/install/robot_control2:/home/teamleafia/ros2_yj/install/marker_align:/home/teamleafia/ros2_yj/install/aruco_detector_yj_pkg:/home/teamleafia/ros2_mot/install/rplidar_ros:/home/teamleafia/ros2_mot/install/robot_control:/home/teamleafia/ros2_mot/install/pca9685_motor_control:/home/teamleafia/slam_ws/install/my_robot_description:/opt/ros/jazzy DEBUGINFOD_URLS=https://debuginfod.ubuntu.com PYTHONPATH=/home/teamleafia/ros2_mer/build/plant_transport/prefix_override:/usr/lib/python3/dist-packages/colcon_core/task/python/colcon_distutils_commands:/home/teamleafia/ros2_mer/install/plant_transport/lib/python3.12/site-packages:/home/teamleafia/ros2_mer/build/robot_control:/home/teamleafia/ros2_mer/install/robot_control/lib/python3.12/site-packages:/home/teamleafia/ros2_mer/build/pump_control:/home/teamleafia/ros2_mer/install/pump_control/lib/python3.12/site-packages:/home/teamleafia/ros2_mer/build/marker_align_2:/home/teamleafia/ros2_mer/install/marker_align_2/lib/python3.12/site-packages:/home/teamleafia/ros2_mer/build/aruco_detector_yj_pkg_2:/home/teamleafia/ros2_mer/install/aruco_detector_yj_pkg_2/lib/python3.12/site-packages:/home/teamleafia/ros2_mer/build/aruco_detector:/home/teamleafia/ros2_mer/install/aruco_detector/lib/python3.12/site-packages:/home/teamleafia/ros2_mer/install/plant_transport/lib/python3.12/site-packages:/home/teamleafia/ros2_mer/install/cartrash/lib/python3.12/site-packages:/home/teamleafia/ros2_yj/install/aruco_pump_pkg/lib/python3.12/site-packages:/home/teamleafia/ros2_yj/install/robot_control2/lib/python3.12/site-packages:/home/teamleafia/ros2_yj/install/pump_control/lib/python3.12/site-packages:/home/teamleafia/ros2_yj/install/marker_align/lib/python3.12/site-packages:/home/teamleafia/ros2_yj/install/aruco_detector_yj_pkg/lib/python3.12/site-packages:/home/teamleafia/ros2_mot/install/robot_control/lib/python3.12/site-packages:/home/teamleafia/ros2_mot/install/pca9685_motor_control/lib/python3.12/site-packages:/opt/ros/jazzy/lib/python3.12/site-packages /usr/bin/python3 -W ignore:setup.py install is deprecated -W ignore:easy_install command is deprecated setup.py develop --editable --build-directory /home/teamleafia/ros2_mer/build/plant_transport/build --no-deps symlink_data --force
[9.928s] DEBUG:colcon.colcon_parallel_executor.executor.parallel:closing loop
[9.928s] DEBUG:colcon.colcon_parallel_executor.executor.parallel:loop closed
[9.928s] DEBUG:colcon.colcon_parallel_executor.executor.parallel:run_until_complete finished with '1'
[9.928s] DEBUG:colcon.colcon_core.event_reactor:joining thread
[9.939s] INFO:colcon.colcon_core.plugin_system:Skipping extension 'colcon_notification.desktop_notification.terminal_notifier': Not used on non-Darwin systems
[9.939s] INFO:colcon.colcon_core.plugin_system:Skipping extension 'colcon_notification.desktop_notification.win32': Not used on non-Windows systems
[9.939s] INFO:colcon.colcon_notification.desktop_notification:Sending desktop notification using 'notify2'
[34.965s] DEBUG:colcon.colcon_notification.desktop_notification.notify2:Failed to initialize notify2: org.freedesktop.DBus.Error.NoReply: Did not receive a reply. Possible causes include: the remote application did not send a reply, the message bus security policy blocked the reply, the reply timeout expired, or the network connection was broken.
[34.965s] DEBUG:colcon.colcon_core.event_reactor:joined thread
[34.966s] INFO:colcon.colcon_core.shell:Creating prefix script '/home/teamleafia/ros2_mer/install/local_setup.ps1'
[34.968s] INFO:colcon.colcon_core.shell:Creating prefix util module '/home/teamleafia/ros2_mer/install/_local_setup_util_ps1.py'
[34.970s] INFO:colcon.colcon_core.shell:Creating prefix chain script '/home/teamleafia/ros2_mer/install/setup.ps1'
[34.973s] INFO:colcon.colcon_core.shell:Creating prefix script '/home/teamleafia/ros2_mer/install/local_setup.sh'
[34.974s] INFO:colcon.colcon_core.shell:Creating prefix util module '/home/teamleafia/ros2_mer/install/_local_setup_util_sh.py'
[34.975s] INFO:colcon.colcon_core.shell:Creating prefix chain script '/home/teamleafia/ros2_mer/install/setup.sh'
[34.978s] INFO:colcon.colcon_core.shell:Creating prefix script '/home/teamleafia/ros2_mer/install/local_setup.bash'
[34.978s] INFO:colcon.colcon_core.shell:Creating prefix chain script '/home/teamleafia/ros2_mer/install/setup.bash'
[34.980s] INFO:colcon.colcon_core.shell:Creating prefix script '/home/teamleafia/ros2_mer/install/local_setup.zsh'
[34.981s] INFO:colcon.colcon_core.shell:Creating prefix chain script '/home/teamleafia/ros2_mer/install/setup.zsh'
