running develop
Removing /home/teamleafia/ros2_mer/install/cartrash/lib/python3.12/site-packages/cartrash.egg-link (link to .)
running egg_info
writing ../../build/cartrash/cartrash.egg-info/PKG-INFO
writing dependency_links to ../../build/cartrash/cartrash.egg-info/dependency_links.txt
writing requirements to ../../build/cartrash/cartrash.egg-info/requires.txt
writing top-level names to ../../build/cartrash/cartrash.egg-info/top_level.txt
reading manifest file '../../build/cartrash/cartrash.egg-info/SOURCES.txt'
writing manifest file '../../build/cartrash/cartrash.egg-info/SOURCES.txt'
running build
running build_py
running install
running install_lib
creating /home/teamleafia/ros2_mer/install/cartrash/lib/python3.12/site-packages/cartrash
copying /home/teamleafia/ros2_mer/build/cartrash/build/lib/cartrash/__init__.py -> /home/teamleafia/ros2_mer/install/cartrash/lib/python3.12/site-packages/cartrash
byte-compiling /home/teamleafia/ros2_mer/install/cartrash/lib/python3.12/site-packages/cartrash/__init__.py to __init__.cpython-312.pyc
running install_data
copying resource/cartrash -> /home/teamleafia/ros2_mer/install/cartrash/share/ament_index/resource_index/packages
copying package.xml -> /home/teamleafia/ros2_mer/install/cartrash/share/cartrash
copying config/rplidar_cartographer.lua -> /home/teamleafia/ros2_mer/install/cartrash/share/cartrash/config
copying urdf/lidar.urdf -> /home/teamleafia/ros2_mer/install/cartrash/share/cartrash/urdf
copying rviz/mapping.rviz -> /home/teamleafia/ros2_mer/install/cartrash/share/cartrash/rviz
running install_egg_info
Copying ../../build/cartrash/cartrash.egg-info to /home/teamleafia/ros2_mer/install/cartrash/lib/python3.12/site-packages/cartrash-0.0.0-py3.12.egg-info
running install_scripts
writing list of installed files to '/home/teamleafia/ros2_mer/build/cartrash/install.log'
