/home/teamleafia/ros2_mer/install/aruco_detector/lib/python3.12/site-packages/aruco_detector/aruco_detector_node.py
/home/teamleafia/ros2_mer/install/aruco_detector/lib/python3.12/site-packages/aruco_detector/aruco_detector.py
/home/teamleafia/ros2_mer/install/aruco_detector/lib/python3.12/site-packages/aruco_detector/aruco_move_node.py
/home/teamleafia/ros2_mer/install/aruco_detector/lib/python3.12/site-packages/aruco_detector/__init__.py
/home/teamleafia/ros2_mer/install/aruco_detector/lib/python3.12/site-packages/aruco_detector/__pycache__/aruco_detector_node.cpython-312.pyc
/home/teamleafia/ros2_mer/install/aruco_detector/lib/python3.12/site-packages/aruco_detector/__pycache__/aruco_detector.cpython-312.pyc
/home/teamleafia/ros2_mer/install/aruco_detector/lib/python3.12/site-packages/aruco_detector/__pycache__/aruco_move_node.cpython-312.pyc
/home/teamleafia/ros2_mer/install/aruco_detector/lib/python3.12/site-packages/aruco_detector/__pycache__/__init__.cpython-312.pyc
/home/teamleafia/ros2_mer/install/aruco_detector/share/ament_index/resource_index/packages/aruco_detector
/home/teamleafia/ros2_mer/install/aruco_detector/share/aruco_detector/package.xml
/home/teamleafia/ros2_mer/install/aruco_detector/lib/python3.12/site-packages/aruco_detector-0.0.0-py3.12.egg-info/dependency_links.txt
/home/teamleafia/ros2_mer/install/aruco_detector/lib/python3.12/site-packages/aruco_detector-0.0.0-py3.12.egg-info/PKG-INFO
/home/teamleafia/ros2_mer/install/aruco_detector/lib/python3.12/site-packages/aruco_detector-0.0.0-py3.12.egg-info/entry_points.txt
/home/teamleafia/ros2_mer/install/aruco_detector/lib/python3.12/site-packages/aruco_detector-0.0.0-py3.12.egg-info/requires.txt
/home/teamleafia/ros2_mer/install/aruco_detector/lib/python3.12/site-packages/aruco_detector-0.0.0-py3.12.egg-info/top_level.txt
/home/teamleafia/ros2_mer/install/aruco_detector/lib/python3.12/site-packages/aruco_detector-0.0.0-py3.12.egg-info/zip-safe
/home/teamleafia/ros2_mer/install/aruco_detector/lib/python3.12/site-packages/aruco_detector-0.0.0-py3.12.egg-info/SOURCES.txt
/home/teamleafia/ros2_mer/install/aruco_detector/lib/aruco_detector/aruco_detector
/home/teamleafia/ros2_mer/install/aruco_detector/lib/aruco_detector/aruco_detector_node
/home/teamleafia/ros2_mer/install/aruco_detector/lib/aruco_detector/aruco_move_node
