[2.748s] Invoking command in '/home/teamleafia/ros2_mer/src/pump_control': DEBUGINFOD_URLS=https://debuginfod.ubuntu.com PYTHONPATH=/home/teamleafia/ros2_mer/build/pump_control/prefix_override:/usr/lib/python3/dist-packages/colcon_core/task/python/colcon_distutils_commands:/home/teamleafia/ros2_mer/install/pump_control/lib/python3.12/site-packages:${PYTHONPATH} /usr/bin/python3 -W ignore:setup.py install is deprecated -W ignore:easy_install command is deprecated setup.py egg_info --egg-base ../../build/pump_control build --build-base /home/teamleafia/ros2_mer/build/pump_control/build install --record /home/teamleafia/ros2_mer/build/pump_control/install.log --single-version-externally-managed install_data
[3.427s] running egg_info
[3.468s] writing ../../build/pump_control/pump_control.egg-info/PKG-INFO
[3.470s] writing dependency_links to ../../build/pump_control/pump_control.egg-info/dependency_links.txt
[3.470s] writing entry points to ../../build/pump_control/pump_control.egg-info/entry_points.txt
[3.470s] writing requirements to ../../build/pump_control/pump_control.egg-info/requires.txt
[3.471s] writing top-level names to ../../build/pump_control/pump_control.egg-info/top_level.txt
[3.558s] reading manifest file '../../build/pump_control/pump_control.egg-info/SOURCES.txt'
[3.560s] writing manifest file '../../build/pump_control/pump_control.egg-info/SOURCES.txt'
[3.562s] running build
[3.562s] running build_py
[3.564s] running install
[3.580s] running install_lib
[3.627s] running install_data
[3.628s] running install_egg_info
[3.676s] removing '/home/teamleafia/ros2_mer/install/pump_control/lib/python3.12/site-packages/pump_control-0.0.0-py3.12.egg-info' (and everything under it)
[3.677s] Copying ../../build/pump_control/pump_control.egg-info to /home/teamleafia/ros2_mer/install/pump_control/lib/python3.12/site-packages/pump_control-0.0.0-py3.12.egg-info
[3.680s] running install_scripts
[4.084s] Installing pump_node script to /home/teamleafia/ros2_mer/install/pump_control/lib/pump_control
[4.086s] Installing pump_testnode script to /home/teamleafia/ros2_mer/install/pump_control/lib/pump_control
[4.089s] writing list of installed files to '/home/teamleafia/ros2_mer/build/pump_control/install.log'
[4.909s] Invoked command in '/home/teamleafia/ros2_mer/src/pump_control' returned '0': DEBUGINFOD_URLS=https://debuginfod.ubuntu.com PYTHONPATH=/home/teamleafia/ros2_mer/build/pump_control/prefix_override:/usr/lib/python3/dist-packages/colcon_core/task/python/colcon_distutils_commands:/home/teamleafia/ros2_mer/install/pump_control/lib/python3.12/site-packages:${PYTHONPATH} /usr/bin/python3 -W ignore:setup.py install is deprecated -W ignore:easy_install command is deprecated setup.py egg_info --egg-base ../../build/pump_control build --build-base /home/teamleafia/ros2_mer/build/pump_control/build install --record /home/teamleafia/ros2_mer/build/pump_control/install.log --single-version-externally-managed install_data
