[3.143s] Invoking command in '/home/teamleafia/ros2_mer/build/cartrash': DEBUGINFOD_URLS=https://debuginfod.ubuntu.com PYTHONPATH=/home/teamleafia/ros2_mer/build/cartrash/prefix_override:/usr/lib/python3/dist-packages/colcon_core/task/python/colcon_distutils_commands:/home/teamleafia/ros2_mer/install/cartrash/lib/python3.12/site-packages:${PYTHONPATH} /usr/bin/python3 -W ignore:setup.py install is deprecated -W ignore:easy_install command is deprecated setup.py develop --editable --build-directory /home/teamleafia/ros2_mer/build/cartrash/build --no-deps symlink_data --force
[4.077s] running develop
[4.617s] running egg_info
[4.667s] writing cartrash.egg-info/PKG-INFO
[4.667s] writing dependency_links to cartrash.egg-info/dependency_links.txt
[4.684s] writing requirements to cartrash.egg-info/requires.txt
[4.684s] writing top-level names to cartrash.egg-info/top_level.txt
[4.846s] reading manifest file 'cartrash.egg-info/SOURCES.txt'
[4.849s] writing manifest file 'cartrash.egg-info/SOURCES.txt'
[4.954s] running build_ext
[4.955s] Creating /home/teamleafia/ros2_mer/install/cartrash/lib/python3.12/site-packages/cartrash.egg-link (link to .)
[4.955s] 
[4.955s] Installed /home/teamleafia/ros2_mer/build/cartrash
[4.958s] running symlink_data
[4.964s] symbolically linking /home/teamleafia/ros2_mer/build/cartrash/resource/cartrash -> /home/teamleafia/ros2_mer/install/cartrash/share/ament_index/resource_index/packages
[4.969s] symbolically linking /home/teamleafia/ros2_mer/build/cartrash/package.xml -> /home/teamleafia/ros2_mer/install/cartrash/share/cartrash
[4.969s] symbolically linking /home/teamleafia/ros2_mer/build/cartrash/config/rplidar_cartographer.lua -> /home/teamleafia/ros2_mer/install/cartrash/share/cartrash/config
[4.976s] symbolically linking /home/teamleafia/ros2_mer/build/cartrash/urdf/lidar.urdf -> /home/teamleafia/ros2_mer/install/cartrash/share/cartrash/urdf
[4.977s] symbolically linking /home/teamleafia/ros2_mer/build/cartrash/rviz/mapping.rviz -> /home/teamleafia/ros2_mer/install/cartrash/share/cartrash/rviz
[5.142s] Invoked command in '/home/teamleafia/ros2_mer/build/cartrash' returned '0': DEBUGINFOD_URLS=https://debuginfod.ubuntu.com PYTHONPATH=/home/teamleafia/ros2_mer/build/cartrash/prefix_override:/usr/lib/python3/dist-packages/colcon_core/task/python/colcon_distutils_commands:/home/teamleafia/ros2_mer/install/cartrash/lib/python3.12/site-packages:${PYTHONPATH} /usr/bin/python3 -W ignore:setup.py install is deprecated -W ignore:easy_install command is deprecated setup.py develop --editable --build-directory /home/teamleafia/ros2_mer/build/cartrash/build --no-deps symlink_data --force
