[3.079s] Invoking command in '/home/teamleafia/ros2_mer/build/aruco_detector_yj_pkg_2': DEBUGINFOD_URLS=https://debuginfod.ubuntu.com PYTHONPATH=/home/teamleafia/ros2_mer/build/aruco_detector_yj_pkg_2/prefix_override:/usr/lib/python3/dist-packages/colcon_core/task/python/colcon_distutils_commands:/home/teamleafia/ros2_mer/install/aruco_detector_yj_pkg_2/lib/python3.12/site-packages:${PYTHONPATH} /usr/bin/python3 -W ignore:setup.py install is deprecated -W ignore:easy_install command is deprecated setup.py develop --uninstall --editable --build-directory /home/teamleafia/ros2_mer/build/aruco_detector_yj_pkg_2/build
[3.668s] running develop
[4.017s] Removing /home/teamleafia/ros2_mer/install/aruco_detector_yj_pkg_2/lib/python3.12/site-packages/aruco-detector-yj-pkg-2.egg-link (link to .)
[4.220s] Invoked command in '/home/teamleafia/ros2_mer/build/aruco_detector_yj_pkg_2' returned '0': DEBUGINFOD_URLS=https://debuginfod.ubuntu.com PYTHONPATH=/home/teamleafia/ros2_mer/build/aruco_detector_yj_pkg_2/prefix_override:/usr/lib/python3/dist-packages/colcon_core/task/python/colcon_distutils_commands:/home/teamleafia/ros2_mer/install/aruco_detector_yj_pkg_2/lib/python3.12/site-packages:${PYTHONPATH} /usr/bin/python3 -W ignore:setup.py install is deprecated -W ignore:easy_install command is deprecated setup.py develop --uninstall --editable --build-directory /home/teamleafia/ros2_mer/build/aruco_detector_yj_pkg_2/build
[4.221s] Invoking command in '/home/teamleafia/ros2_mer/src/aruco_detector_yj_pkg_2': DEBUGINFOD_URLS=https://debuginfod.ubuntu.com PYTHONPATH=/home/teamleafia/ros2_mer/build/aruco_detector_yj_pkg_2/prefix_override:/usr/lib/python3/dist-packages/colcon_core/task/python/colcon_distutils_commands:/home/teamleafia/ros2_mer/install/aruco_detector_yj_pkg_2/lib/python3.12/site-packages:${PYTHONPATH} /usr/bin/python3 -W ignore:setup.py install is deprecated -W ignore:easy_install command is deprecated setup.py egg_info --egg-base ../../build/aruco_detector_yj_pkg_2 build --build-base /home/teamleafia/ros2_mer/build/aruco_detector_yj_pkg_2/build install --record /home/teamleafia/ros2_mer/build/aruco_detector_yj_pkg_2/install.log --single-version-externally-managed install_data --force
[4.711s] running egg_info
[4.745s] writing ../../build/aruco_detector_yj_pkg_2/aruco_detector_yj_pkg_2.egg-info/PKG-INFO
[4.745s] writing dependency_links to ../../build/aruco_detector_yj_pkg_2/aruco_detector_yj_pkg_2.egg-info/dependency_links.txt
[4.746s] writing entry points to ../../build/aruco_detector_yj_pkg_2/aruco_detector_yj_pkg_2.egg-info/entry_points.txt
[4.746s] writing requirements to ../../build/aruco_detector_yj_pkg_2/aruco_detector_yj_pkg_2.egg-info/requires.txt
[4.746s] writing top-level names to ../../build/aruco_detector_yj_pkg_2/aruco_detector_yj_pkg_2.egg-info/top_level.txt
[4.812s] reading manifest file '../../build/aruco_detector_yj_pkg_2/aruco_detector_yj_pkg_2.egg-info/SOURCES.txt'
[4.813s] writing manifest file '../../build/aruco_detector_yj_pkg_2/aruco_detector_yj_pkg_2.egg-info/SOURCES.txt'
[4.814s] running build
[4.814s] running build_py
[4.816s] running install
[4.827s] running install_lib
[4.860s] creating /home/teamleafia/ros2_mer/install/aruco_detector_yj_pkg_2/lib/python3.12/site-packages/aruco_detector_yj_pkg_2
[4.860s] copying /home/teamleafia/ros2_mer/build/aruco_detector_yj_pkg_2/build/lib/aruco_detector_yj_pkg_2/__init__.py -> /home/teamleafia/ros2_mer/install/aruco_detector_yj_pkg_2/lib/python3.12/site-packages/aruco_detector_yj_pkg_2
[4.860s] copying /home/teamleafia/ros2_mer/build/aruco_detector_yj_pkg_2/build/lib/aruco_detector_yj_pkg_2/aruco_detector_yj_node.py -> /home/teamleafia/ros2_mer/install/aruco_detector_yj_pkg_2/lib/python3.12/site-packages/aruco_detector_yj_pkg_2
[4.861s] byte-compiling /home/teamleafia/ros2_mer/install/aruco_detector_yj_pkg_2/lib/python3.12/site-packages/aruco_detector_yj_pkg_2/__init__.py to __init__.cpython-312.pyc
[4.862s] byte-compiling /home/teamleafia/ros2_mer/install/aruco_detector_yj_pkg_2/lib/python3.12/site-packages/aruco_detector_yj_pkg_2/aruco_detector_yj_node.py to aruco_detector_yj_node.cpython-312.pyc
[4.864s] running install_data
[4.865s] copying resource/aruco_detector_yj_pkg_2 -> /home/teamleafia/ros2_mer/install/aruco_detector_yj_pkg_2/share/ament_index/resource_index/packages
[4.867s] copying package.xml -> /home/teamleafia/ros2_mer/install/aruco_detector_yj_pkg_2/share/aruco_detector_yj_pkg_2
[4.868s] running install_egg_info
[4.905s] Copying ../../build/aruco_detector_yj_pkg_2/aruco_detector_yj_pkg_2.egg-info to /home/teamleafia/ros2_mer/install/aruco_detector_yj_pkg_2/lib/python3.12/site-packages/aruco_detector_yj_pkg_2-0.0.0-py3.12.egg-info
[4.908s] running install_scripts
[5.147s] Installing aruco_detector_yj_node script to /home/teamleafia/ros2_mer/install/aruco_detector_yj_pkg_2/lib/aruco_detector_yj_pkg_2
[5.148s] writing list of installed files to '/home/teamleafia/ros2_mer/build/aruco_detector_yj_pkg_2/install.log'
[5.310s] Invoked command in '/home/teamleafia/ros2_mer/src/aruco_detector_yj_pkg_2' returned '0': DEBUGINFOD_URLS=https://debuginfod.ubuntu.com PYTHONPATH=/home/teamleafia/ros2_mer/build/aruco_detector_yj_pkg_2/prefix_override:/usr/lib/python3/dist-packages/colcon_core/task/python/colcon_distutils_commands:/home/teamleafia/ros2_mer/install/aruco_detector_yj_pkg_2/lib/python3.12/site-packages:${PYTHONPATH} /usr/bin/python3 -W ignore:setup.py install is deprecated -W ignore:easy_install command is deprecated setup.py egg_info --egg-base ../../build/aruco_detector_yj_pkg_2 build --build-base /home/teamleafia/ros2_mer/build/aruco_detector_yj_pkg_2/build install --record /home/teamleafia/ros2_mer/build/aruco_detector_yj_pkg_2/install.log --single-version-externally-managed install_data --force
