[1.973s] Invoking command in '/home/teamleafia/ros2_mer/src/marker_align_2': DEBUGINFOD_URLS=https://debuginfod.ubuntu.com PYTHONPATH=/home/teamleafia/ros2_mer/build/marker_align_2/prefix_override:/usr/lib/python3/dist-packages/colcon_core/task/python/colcon_distutils_commands:/home/teamleafia/ros2_mer/install/marker_align_2/lib/python3.12/site-packages:${PYTHONPATH} /usr/bin/python3 -W ignore:setup.py install is deprecated -W ignore:easy_install command is deprecated setup.py egg_info --egg-base ../../build/marker_align_2 build --build-base /home/teamleafia/ros2_mer/build/marker_align_2/build install --record /home/teamleafia/ros2_mer/build/marker_align_2/install.log --single-version-externally-managed install_data
[2.488s] running egg_info
[2.520s] writing ../../build/marker_align_2/marker_align_2.egg-info/PKG-INFO
[2.521s] writing dependency_links to ../../build/marker_align_2/marker_align_2.egg-info/dependency_links.txt
[2.523s] writing entry points to ../../build/marker_align_2/marker_align_2.egg-info/entry_points.txt
[2.524s] writing requirements to ../../build/marker_align_2/marker_align_2.egg-info/requires.txt
[2.524s] writing top-level names to ../../build/marker_align_2/marker_align_2.egg-info/top_level.txt
[2.589s] reading manifest file '../../build/marker_align_2/marker_align_2.egg-info/SOURCES.txt'
[2.591s] writing manifest file '../../build/marker_align_2/marker_align_2.egg-info/SOURCES.txt'
[2.591s] running build
[2.592s] running build_py
[2.592s] running install
[2.601s] running install_lib
[2.637s] running install_data
[2.638s] running install_egg_info
[2.672s] removing '/home/teamleafia/ros2_mer/install/marker_align_2/lib/python3.12/site-packages/marker_align_2-0.0.0-py3.12.egg-info' (and everything under it)
[2.673s] Copying ../../build/marker_align_2/marker_align_2.egg-info to /home/teamleafia/ros2_mer/install/marker_align_2/lib/python3.12/site-packages/marker_align_2-0.0.0-py3.12.egg-info
[2.674s] running install_scripts
[2.899s] Installing marker_align_node script to /home/teamleafia/ros2_mer/install/marker_align_2/lib/marker_align_2
[2.899s] writing list of installed files to '/home/teamleafia/ros2_mer/build/marker_align_2/install.log'
[3.007s] Invoked command in '/home/teamleafia/ros2_mer/src/marker_align_2' returned '0': DEBUGINFOD_URLS=https://debuginfod.ubuntu.com PYTHONPATH=/home/teamleafia/ros2_mer/build/marker_align_2/prefix_override:/usr/lib/python3/dist-packages/colcon_core/task/python/colcon_distutils_commands:/home/teamleafia/ros2_mer/install/marker_align_2/lib/python3.12/site-packages:${PYTHONPATH} /usr/bin/python3 -W ignore:setup.py install is deprecated -W ignore:easy_install command is deprecated setup.py egg_info --egg-base ../../build/marker_align_2 build --build-base /home/teamleafia/ros2_mer/build/marker_align_2/build install --record /home/teamleafia/ros2_mer/build/marker_align_2/install.log --single-version-externally-managed install_data
