[0.161s] DEBUG:colcon:Command line arguments: ['/usr/bin/colcon', 'build']
[0.161s] DEBUG:colcon:Parsed command line arguments: Namespace(log_base=None, log_level=None, verb_name='build', build_base='build', install_base='install', merge_install=False, symlink_install=False, test_result_base=None, continue_on_error=False, executor='parallel', parallel_workers=4, event_handlers=None, ignore_user_meta=False, metas=['./colcon.meta'], base_paths=['.'], packages_ignore=None, packages_ignore_regex=None, paths=None, packages_up_to=None, packages_up_to_regex=None, packages_above=None, packages_above_and_dependencies=None, packages_above_depth=None, packages_select_by_dep=None, packages_skip_by_dep=None, packages_skip_up_to=None, packages_select_build_failed=False, packages_skip_build_finished=False, packages_select_test_failures=False, packages_skip_test_passed=False, packages_select=None, packages_skip=None, packages_select_regex=None, packages_skip_regex=None, packages_start=None, packages_end=None, allow_overriding=[], cmake_args=None, cmake_target=None, cmake_target_skip_unavailable=False, cmake_clean_cache=False, cmake_clean_first=False, cmake_force_configure=False, ament_cmake_args=None, catkin_cmake_args=None, catkin_skip_building_tests=False, mixin_files=None, mixin=None, verb_parser=<colcon_mixin.mixin.mixin_argument.MixinArgumentDecorator object at 0xffffb36f8260>, verb_extension=<colcon_core.verb.build.BuildVerb object at 0xffffb38d80e0>, main=<bound method BuildVerb.main of <colcon_core.verb.build.BuildVerb object at 0xffffb38d80e0>>, mixin_verb=('build',))
[0.219s] Level 1:colcon.colcon_core.package_discovery:discover_packages(colcon_meta) check parameters
[0.219s] Level 1:colcon.colcon_core.package_discovery:discover_packages(recursive) check parameters
[0.219s] Level 1:colcon.colcon_core.package_discovery:discover_packages(ignore) check parameters
[0.219s] Level 1:colcon.colcon_core.package_discovery:discover_packages(path) check parameters
[0.219s] Level 1:colcon.colcon_core.package_discovery:discover_packages(colcon_meta) discover
[0.219s] Level 1:colcon.colcon_core.package_discovery:discover_packages(recursive) discover
[0.219s] INFO:colcon.colcon_core.package_discovery:Crawling recursively for packages in '/home/teamleafia/ros2_mer'
[0.219s] Level 1:colcon.colcon_core.package_identification:_identify(.) by extensions ['ignore', 'ignore_ament_install']
[0.220s] Level 1:colcon.colcon_core.package_identification:_identify(.) by extension 'ignore'
[0.220s] Level 1:colcon.colcon_core.package_identification:_identify(.) by extension 'ignore_ament_install'
[0.220s] Level 1:colcon.colcon_core.package_identification:_identify(.) by extensions ['colcon_pkg']
[0.220s] Level 1:colcon.colcon_core.package_identification:_identify(.) by extension 'colcon_pkg'
[0.220s] Level 1:colcon.colcon_core.package_identification:_identify(.) by extensions ['colcon_meta']
[0.220s] Level 1:colcon.colcon_core.package_identification:_identify(.) by extension 'colcon_meta'
[0.220s] Level 1:colcon.colcon_core.package_identification:_identify(.) by extensions ['ros']
[0.220s] Level 1:colcon.colcon_core.package_identification:_identify(.) by extension 'ros'
[0.260s] Level 1:colcon.colcon_core.package_identification:_identify(.) by extensions ['cmake', 'python']
[0.260s] Level 1:colcon.colcon_core.package_identification:_identify(.) by extension 'cmake'
[0.261s] Level 1:colcon.colcon_core.package_identification:_identify(.) by extension 'python'
[0.261s] Level 1:colcon.colcon_core.package_identification:_identify(.) by extensions ['python_setup_py']
[0.261s] Level 1:colcon.colcon_core.package_identification:_identify(.) by extension 'python_setup_py'
[0.261s] Level 1:colcon.colcon_core.package_identification:_identify(build) by extensions ['ignore', 'ignore_ament_install']
[0.261s] Level 1:colcon.colcon_core.package_identification:_identify(build) by extension 'ignore'
[0.261s] Level 1:colcon.colcon_core.package_identification:_identify(build) ignored
[0.261s] Level 1:colcon.colcon_core.package_identification:_identify(install) by extensions ['ignore', 'ignore_ament_install']
[0.262s] Level 1:colcon.colcon_core.package_identification:_identify(install) by extension 'ignore'
[0.262s] Level 1:colcon.colcon_core.package_identification:_identify(install) ignored
[0.262s] Level 1:colcon.colcon_core.package_identification:_identify(log) by extensions ['ignore', 'ignore_ament_install']
[0.262s] Level 1:colcon.colcon_core.package_identification:_identify(log) by extension 'ignore'
[0.262s] Level 1:colcon.colcon_core.package_identification:_identify(log) ignored
[0.262s] Level 1:colcon.colcon_core.package_identification:_identify(src) by extensions ['ignore', 'ignore_ament_install']
[0.262s] Level 1:colcon.colcon_core.package_identification:_identify(src) by extension 'ignore'
[0.262s] Level 1:colcon.colcon_core.package_identification:_identify(src) by extension 'ignore_ament_install'
[0.262s] Level 1:colcon.colcon_core.package_identification:_identify(src) by extensions ['colcon_pkg']
[0.263s] Level 1:colcon.colcon_core.package_identification:_identify(src) by extension 'colcon_pkg'
[0.263s] Level 1:colcon.colcon_core.package_identification:_identify(src) by extensions ['colcon_meta']
[0.263s] Level 1:colcon.colcon_core.package_identification:_identify(src) by extension 'colcon_meta'
[0.263s] Level 1:colcon.colcon_core.package_identification:_identify(src) by extensions ['ros']
[0.263s] Level 1:colcon.colcon_core.package_identification:_identify(src) by extension 'ros'
[0.263s] Level 1:colcon.colcon_core.package_identification:_identify(src) by extensions ['cmake', 'python']
[0.263s] Level 1:colcon.colcon_core.package_identification:_identify(src) by extension 'cmake'
[0.263s] Level 1:colcon.colcon_core.package_identification:_identify(src) by extension 'python'
[0.263s] Level 1:colcon.colcon_core.package_identification:_identify(src) by extensions ['python_setup_py']
[0.263s] Level 1:colcon.colcon_core.package_identification:_identify(src) by extension 'python_setup_py'
[0.263s] Level 1:colcon.colcon_core.package_identification:_identify(src/aruco_detector) by extensions ['ignore', 'ignore_ament_install']
[0.263s] Level 1:colcon.colcon_core.package_identification:_identify(src/aruco_detector) by extension 'ignore'
[0.263s] Level 1:colcon.colcon_core.package_identification:_identify(src/aruco_detector) by extension 'ignore_ament_install'
[0.264s] Level 1:colcon.colcon_core.package_identification:_identify(src/aruco_detector) by extensions ['colcon_pkg']
[0.264s] Level 1:colcon.colcon_core.package_identification:_identify(src/aruco_detector) by extension 'colcon_pkg'
[0.264s] Level 1:colcon.colcon_core.package_identification:_identify(src/aruco_detector) by extensions ['colcon_meta']
[0.264s] Level 1:colcon.colcon_core.package_identification:_identify(src/aruco_detector) by extension 'colcon_meta'
[0.264s] Level 1:colcon.colcon_core.package_identification:_identify(src/aruco_detector) by extensions ['ros']
[0.264s] Level 1:colcon.colcon_core.package_identification:_identify(src/aruco_detector) by extension 'ros'
[0.268s] DEBUG:colcon.colcon_core.package_identification:Package 'src/aruco_detector' with type 'ros.ament_python' and name 'aruco_detector'
[0.268s] Level 1:colcon.colcon_core.package_identification:_identify(src/aruco_detector_yj_pkg_2) by extensions ['ignore', 'ignore_ament_install']
[0.268s] Level 1:colcon.colcon_core.package_identification:_identify(src/aruco_detector_yj_pkg_2) by extension 'ignore'
[0.268s] Level 1:colcon.colcon_core.package_identification:_identify(src/aruco_detector_yj_pkg_2) by extension 'ignore_ament_install'
[0.269s] Level 1:colcon.colcon_core.package_identification:_identify(src/aruco_detector_yj_pkg_2) by extensions ['colcon_pkg']
[0.269s] Level 1:colcon.colcon_core.package_identification:_identify(src/aruco_detector_yj_pkg_2) by extension 'colcon_pkg'
[0.269s] Level 1:colcon.colcon_core.package_identification:_identify(src/aruco_detector_yj_pkg_2) by extensions ['colcon_meta']
[0.269s] Level 1:colcon.colcon_core.package_identification:_identify(src/aruco_detector_yj_pkg_2) by extension 'colcon_meta'
[0.269s] Level 1:colcon.colcon_core.package_identification:_identify(src/aruco_detector_yj_pkg_2) by extensions ['ros']
[0.269s] Level 1:colcon.colcon_core.package_identification:_identify(src/aruco_detector_yj_pkg_2) by extension 'ros'
[0.270s] DEBUG:colcon.colcon_core.package_identification:Package 'src/aruco_detector_yj_pkg_2' with type 'ros.ament_python' and name 'aruco_detector_yj_pkg_2'
[0.270s] Level 1:colcon.colcon_core.package_identification:_identify(src/cartrash) by extensions ['ignore', 'ignore_ament_install']
[0.270s] Level 1:colcon.colcon_core.package_identification:_identify(src/cartrash) by extension 'ignore'
[0.271s] Level 1:colcon.colcon_core.package_identification:_identify(src/cartrash) by extension 'ignore_ament_install'
[0.271s] Level 1:colcon.colcon_core.package_identification:_identify(src/cartrash) by extensions ['colcon_pkg']
[0.271s] Level 1:colcon.colcon_core.package_identification:_identify(src/cartrash) by extension 'colcon_pkg'
[0.271s] Level 1:colcon.colcon_core.package_identification:_identify(src/cartrash) by extensions ['colcon_meta']
[0.271s] Level 1:colcon.colcon_core.package_identification:_identify(src/cartrash) by extension 'colcon_meta'
[0.271s] Level 1:colcon.colcon_core.package_identification:_identify(src/cartrash) by extensions ['ros']
[0.271s] Level 1:colcon.colcon_core.package_identification:_identify(src/cartrash) by extension 'ros'
[0.272s] DEBUG:colcon.colcon_core.package_identification:Package 'src/cartrash' with type 'ros.ament_python' and name 'cartrash'
[0.272s] Level 1:colcon.colcon_core.package_identification:_identify(src/marker_align_2) by extensions ['ignore', 'ignore_ament_install']
[0.273s] Level 1:colcon.colcon_core.package_identification:_identify(src/marker_align_2) by extension 'ignore'
[0.273s] Level 1:colcon.colcon_core.package_identification:_identify(src/marker_align_2) by extension 'ignore_ament_install'
[0.273s] Level 1:colcon.colcon_core.package_identification:_identify(src/marker_align_2) by extensions ['colcon_pkg']
[0.273s] Level 1:colcon.colcon_core.package_identification:_identify(src/marker_align_2) by extension 'colcon_pkg'
[0.273s] Level 1:colcon.colcon_core.package_identification:_identify(src/marker_align_2) by extensions ['colcon_meta']
[0.273s] Level 1:colcon.colcon_core.package_identification:_identify(src/marker_align_2) by extension 'colcon_meta'
[0.273s] Level 1:colcon.colcon_core.package_identification:_identify(src/marker_align_2) by extensions ['ros']
[0.273s] Level 1:colcon.colcon_core.package_identification:_identify(src/marker_align_2) by extension 'ros'
[0.274s] DEBUG:colcon.colcon_core.package_identification:Package 'src/marker_align_2' with type 'ros.ament_python' and name 'marker_align_2'
[0.274s] Level 1:colcon.colcon_core.package_identification:_identify(src/plant_transport) by extensions ['ignore', 'ignore_ament_install']
[0.274s] Level 1:colcon.colcon_core.package_identification:_identify(src/plant_transport) by extension 'ignore'
[0.274s] Level 1:colcon.colcon_core.package_identification:_identify(src/plant_transport) by extension 'ignore_ament_install'
[0.274s] Level 1:colcon.colcon_core.package_identification:_identify(src/plant_transport) by extensions ['colcon_pkg']
[0.274s] Level 1:colcon.colcon_core.package_identification:_identify(src/plant_transport) by extension 'colcon_pkg'
[0.274s] Level 1:colcon.colcon_core.package_identification:_identify(src/plant_transport) by extensions ['colcon_meta']
[0.274s] Level 1:colcon.colcon_core.package_identification:_identify(src/plant_transport) by extension 'colcon_meta'
[0.274s] Level 1:colcon.colcon_core.package_identification:_identify(src/plant_transport) by extensions ['ros']
[0.274s] Level 1:colcon.colcon_core.package_identification:_identify(src/plant_transport) by extension 'ros'
[0.275s] DEBUG:colcon.colcon_core.package_identification:Package 'src/plant_transport' with type 'ros.ament_python' and name 'plant_transport'
[0.275s] Level 1:colcon.colcon_core.package_identification:_identify(src/pump_control) by extensions ['ignore', 'ignore_ament_install']
[0.275s] Level 1:colcon.colcon_core.package_identification:_identify(src/pump_control) by extension 'ignore'
[0.275s] Level 1:colcon.colcon_core.package_identification:_identify(src/pump_control) by extension 'ignore_ament_install'
[0.275s] Level 1:colcon.colcon_core.package_identification:_identify(src/pump_control) by extensions ['colcon_pkg']
[0.275s] Level 1:colcon.colcon_core.package_identification:_identify(src/pump_control) by extension 'colcon_pkg'
[0.276s] Level 1:colcon.colcon_core.package_identification:_identify(src/pump_control) by extensions ['colcon_meta']
[0.276s] Level 1:colcon.colcon_core.package_identification:_identify(src/pump_control) by extension 'colcon_meta'
[0.276s] Level 1:colcon.colcon_core.package_identification:_identify(src/pump_control) by extensions ['ros']
[0.276s] Level 1:colcon.colcon_core.package_identification:_identify(src/pump_control) by extension 'ros'
[0.276s] DEBUG:colcon.colcon_core.package_identification:Package 'src/pump_control' with type 'ros.ament_python' and name 'pump_control'
[0.276s] Level 1:colcon.colcon_core.package_identification:_identify(src/robot_control) by extensions ['ignore', 'ignore_ament_install']
[0.276s] Level 1:colcon.colcon_core.package_identification:_identify(src/robot_control) by extension 'ignore'
[0.277s] Level 1:colcon.colcon_core.package_identification:_identify(src/robot_control) by extension 'ignore_ament_install'
[0.277s] Level 1:colcon.colcon_core.package_identification:_identify(src/robot_control) by extensions ['colcon_pkg']
[0.277s] Level 1:colcon.colcon_core.package_identification:_identify(src/robot_control) by extension 'colcon_pkg'
[0.277s] Level 1:colcon.colcon_core.package_identification:_identify(src/robot_control) by extensions ['colcon_meta']
[0.277s] Level 1:colcon.colcon_core.package_identification:_identify(src/robot_control) by extension 'colcon_meta'
[0.277s] Level 1:colcon.colcon_core.package_identification:_identify(src/robot_control) by extensions ['ros']
[0.277s] Level 1:colcon.colcon_core.package_identification:_identify(src/robot_control) by extension 'ros'
[0.277s] DEBUG:colcon.colcon_core.package_identification:Package 'src/robot_control' with type 'ros.ament_python' and name 'robot_control'
[0.277s] Level 1:colcon.colcon_core.package_discovery:discover_packages(recursive) using defaults
[0.278s] Level 1:colcon.colcon_core.package_discovery:discover_packages(ignore) discover
[0.278s] Level 1:colcon.colcon_core.package_discovery:discover_packages(ignore) using defaults
[0.278s] Level 1:colcon.colcon_core.package_discovery:discover_packages(path) discover
[0.278s] Level 1:colcon.colcon_core.package_discovery:discover_packages(path) using defaults
[0.305s] Level 1:colcon.colcon_core.package_discovery:discover_packages(prefix_path) check parameters
[0.305s] Level 1:colcon.colcon_core.package_discovery:discover_packages(prefix_path) discover
[0.310s] DEBUG:colcon.colcon_installed_package_information.package_discovery:Found 7 installed packages in /home/teamleafia/ros2_mer/install
[0.310s] DEBUG:colcon.colcon_installed_package_information.package_discovery:Found 1 installed packages in /home/teamleafia/slam_ws/install
[0.311s] DEBUG:colcon.colcon_installed_package_information.package_discovery:Found 3 installed packages in /home/teamleafia/ros2_mot/install
[0.314s] DEBUG:colcon.colcon_installed_package_information.package_discovery:Found 416 installed packages in /opt/ros/jazzy
[0.315s] Level 1:colcon.colcon_core.package_discovery:discover_packages(prefix_path) using defaults
[0.395s] Level 5:colcon.colcon_core.verb:set package 'aruco_detector' build argument 'cmake_args' from command line to 'None'
[0.396s] Level 5:colcon.colcon_core.verb:set package 'aruco_detector' build argument 'cmake_target' from command line to 'None'
[0.396s] Level 5:colcon.colcon_core.verb:set package 'aruco_detector' build argument 'cmake_target_skip_unavailable' from command line to 'False'
[0.396s] Level 5:colcon.colcon_core.verb:set package 'aruco_detector' build argument 'cmake_clean_cache' from command line to 'False'
[0.396s] Level 5:colcon.colcon_core.verb:set package 'aruco_detector' build argument 'cmake_clean_first' from command line to 'False'
[0.396s] Level 5:colcon.colcon_core.verb:set package 'aruco_detector' build argument 'cmake_force_configure' from command line to 'False'
[0.396s] Level 5:colcon.colcon_core.verb:set package 'aruco_detector' build argument 'ament_cmake_args' from command line to 'None'
[0.396s] Level 5:colcon.colcon_core.verb:set package 'aruco_detector' build argument 'catkin_cmake_args' from command line to 'None'
[0.396s] Level 5:colcon.colcon_core.verb:set package 'aruco_detector' build argument 'catkin_skip_building_tests' from command line to 'False'
[0.396s] DEBUG:colcon.colcon_core.verb:Building package 'aruco_detector' with the following arguments: {'ament_cmake_args': None, 'build_base': '/home/teamleafia/ros2_mer/build/aruco_detector', 'catkin_cmake_args': None, 'catkin_skip_building_tests': False, 'cmake_args': None, 'cmake_clean_cache': False, 'cmake_clean_first': False, 'cmake_force_configure': False, 'cmake_target': None, 'cmake_target_skip_unavailable': False, 'install_base': '/home/teamleafia/ros2_mer/install/aruco_detector', 'merge_install': False, 'path': '/home/teamleafia/ros2_mer/src/aruco_detector', 'symlink_install': False, 'test_result_base': None}
[0.396s] Level 5:colcon.colcon_core.verb:set package 'aruco_detector_yj_pkg_2' build argument 'cmake_args' from command line to 'None'
[0.396s] Level 5:colcon.colcon_core.verb:set package 'aruco_detector_yj_pkg_2' build argument 'cmake_target' from command line to 'None'
[0.397s] Level 5:colcon.colcon_core.verb:set package 'aruco_detector_yj_pkg_2' build argument 'cmake_target_skip_unavailable' from command line to 'False'
[0.397s] Level 5:colcon.colcon_core.verb:set package 'aruco_detector_yj_pkg_2' build argument 'cmake_clean_cache' from command line to 'False'
[0.397s] Level 5:colcon.colcon_core.verb:set package 'aruco_detector_yj_pkg_2' build argument 'cmake_clean_first' from command line to 'False'
[0.397s] Level 5:colcon.colcon_core.verb:set package 'aruco_detector_yj_pkg_2' build argument 'cmake_force_configure' from command line to 'False'
[0.397s] Level 5:colcon.colcon_core.verb:set package 'aruco_detector_yj_pkg_2' build argument 'ament_cmake_args' from command line to 'None'
[0.397s] Level 5:colcon.colcon_core.verb:set package 'aruco_detector_yj_pkg_2' build argument 'catkin_cmake_args' from command line to 'None'
[0.397s] Level 5:colcon.colcon_core.verb:set package 'aruco_detector_yj_pkg_2' build argument 'catkin_skip_building_tests' from command line to 'False'
[0.397s] DEBUG:colcon.colcon_core.verb:Building package 'aruco_detector_yj_pkg_2' with the following arguments: {'ament_cmake_args': None, 'build_base': '/home/teamleafia/ros2_mer/build/aruco_detector_yj_pkg_2', 'catkin_cmake_args': None, 'catkin_skip_building_tests': False, 'cmake_args': None, 'cmake_clean_cache': False, 'cmake_clean_first': False, 'cmake_force_configure': False, 'cmake_target': None, 'cmake_target_skip_unavailable': False, 'install_base': '/home/teamleafia/ros2_mer/install/aruco_detector_yj_pkg_2', 'merge_install': False, 'path': '/home/teamleafia/ros2_mer/src/aruco_detector_yj_pkg_2', 'symlink_install': False, 'test_result_base': None}
[0.397s] Level 5:colcon.colcon_core.verb:set package 'cartrash' build argument 'cmake_args' from command line to 'None'
[0.397s] Level 5:colcon.colcon_core.verb:set package 'cartrash' build argument 'cmake_target' from command line to 'None'
[0.397s] Level 5:colcon.colcon_core.verb:set package 'cartrash' build argument 'cmake_target_skip_unavailable' from command line to 'False'
[0.397s] Level 5:colcon.colcon_core.verb:set package 'cartrash' build argument 'cmake_clean_cache' from command line to 'False'
[0.397s] Level 5:colcon.colcon_core.verb:set package 'cartrash' build argument 'cmake_clean_first' from command line to 'False'
[0.397s] Level 5:colcon.colcon_core.verb:set package 'cartrash' build argument 'cmake_force_configure' from command line to 'False'
[0.397s] Level 5:colcon.colcon_core.verb:set package 'cartrash' build argument 'ament_cmake_args' from command line to 'None'
[0.397s] Level 5:colcon.colcon_core.verb:set package 'cartrash' build argument 'catkin_cmake_args' from command line to 'None'
[0.397s] Level 5:colcon.colcon_core.verb:set package 'cartrash' build argument 'catkin_skip_building_tests' from command line to 'False'
[0.397s] DEBUG:colcon.colcon_core.verb:Building package 'cartrash' with the following arguments: {'ament_cmake_args': None, 'build_base': '/home/teamleafia/ros2_mer/build/cartrash', 'catkin_cmake_args': None, 'catkin_skip_building_tests': False, 'cmake_args': None, 'cmake_clean_cache': False, 'cmake_clean_first': False, 'cmake_force_configure': False, 'cmake_target': None, 'cmake_target_skip_unavailable': False, 'install_base': '/home/teamleafia/ros2_mer/install/cartrash', 'merge_install': False, 'path': '/home/teamleafia/ros2_mer/src/cartrash', 'symlink_install': False, 'test_result_base': None}
[0.398s] Level 5:colcon.colcon_core.verb:set package 'marker_align_2' build argument 'cmake_args' from command line to 'None'
[0.398s] Level 5:colcon.colcon_core.verb:set package 'marker_align_2' build argument 'cmake_target' from command line to 'None'
[0.398s] Level 5:colcon.colcon_core.verb:set package 'marker_align_2' build argument 'cmake_target_skip_unavailable' from command line to 'False'
[0.398s] Level 5:colcon.colcon_core.verb:set package 'marker_align_2' build argument 'cmake_clean_cache' from command line to 'False'
[0.398s] Level 5:colcon.colcon_core.verb:set package 'marker_align_2' build argument 'cmake_clean_first' from command line to 'False'
[0.398s] Level 5:colcon.colcon_core.verb:set package 'marker_align_2' build argument 'cmake_force_configure' from command line to 'False'
[0.398s] Level 5:colcon.colcon_core.verb:set package 'marker_align_2' build argument 'ament_cmake_args' from command line to 'None'
[0.398s] Level 5:colcon.colcon_core.verb:set package 'marker_align_2' build argument 'catkin_cmake_args' from command line to 'None'
[0.398s] Level 5:colcon.colcon_core.verb:set package 'marker_align_2' build argument 'catkin_skip_building_tests' from command line to 'False'
[0.398s] DEBUG:colcon.colcon_core.verb:Building package 'marker_align_2' with the following arguments: {'ament_cmake_args': None, 'build_base': '/home/teamleafia/ros2_mer/build/marker_align_2', 'catkin_cmake_args': None, 'catkin_skip_building_tests': False, 'cmake_args': None, 'cmake_clean_cache': False, 'cmake_clean_first': False, 'cmake_force_configure': False, 'cmake_target': None, 'cmake_target_skip_unavailable': False, 'install_base': '/home/teamleafia/ros2_mer/install/marker_align_2', 'merge_install': False, 'path': '/home/teamleafia/ros2_mer/src/marker_align_2', 'symlink_install': False, 'test_result_base': None}
[0.398s] Level 5:colcon.colcon_core.verb:set package 'pump_control' build argument 'cmake_args' from command line to 'None'
[0.398s] Level 5:colcon.colcon_core.verb:set package 'pump_control' build argument 'cmake_target' from command line to 'None'
[0.399s] Level 5:colcon.colcon_core.verb:set package 'pump_control' build argument 'cmake_target_skip_unavailable' from command line to 'False'
[0.399s] Level 5:colcon.colcon_core.verb:set package 'pump_control' build argument 'cmake_clean_cache' from command line to 'False'
[0.399s] Level 5:colcon.colcon_core.verb:set package 'pump_control' build argument 'cmake_clean_first' from command line to 'False'
[0.399s] Level 5:colcon.colcon_core.verb:set package 'pump_control' build argument 'cmake_force_configure' from command line to 'False'
[0.399s] Level 5:colcon.colcon_core.verb:set package 'pump_control' build argument 'ament_cmake_args' from command line to 'None'
[0.399s] Level 5:colcon.colcon_core.verb:set package 'pump_control' build argument 'catkin_cmake_args' from command line to 'None'
[0.399s] Level 5:colcon.colcon_core.verb:set package 'pump_control' build argument 'catkin_skip_building_tests' from command line to 'False'
[0.399s] DEBUG:colcon.colcon_core.verb:Building package 'pump_control' with the following arguments: {'ament_cmake_args': None, 'build_base': '/home/teamleafia/ros2_mer/build/pump_control', 'catkin_cmake_args': None, 'catkin_skip_building_tests': False, 'cmake_args': None, 'cmake_clean_cache': False, 'cmake_clean_first': False, 'cmake_force_configure': False, 'cmake_target': None, 'cmake_target_skip_unavailable': False, 'install_base': '/home/teamleafia/ros2_mer/install/pump_control', 'merge_install': False, 'path': '/home/teamleafia/ros2_mer/src/pump_control', 'symlink_install': False, 'test_result_base': None}
[0.399s] Level 5:colcon.colcon_core.verb:set package 'robot_control' build argument 'cmake_args' from command line to 'None'
[0.399s] Level 5:colcon.colcon_core.verb:set package 'robot_control' build argument 'cmake_target' from command line to 'None'
[0.399s] Level 5:colcon.colcon_core.verb:set package 'robot_control' build argument 'cmake_target_skip_unavailable' from command line to 'False'
[0.399s] Level 5:colcon.colcon_core.verb:set package 'robot_control' build argument 'cmake_clean_cache' from command line to 'False'
[0.399s] Level 5:colcon.colcon_core.verb:set package 'robot_control' build argument 'cmake_clean_first' from command line to 'False'
[0.399s] Level 5:colcon.colcon_core.verb:set package 'robot_control' build argument 'cmake_force_configure' from command line to 'False'
[0.399s] Level 5:colcon.colcon_core.verb:set package 'robot_control' build argument 'ament_cmake_args' from command line to 'None'
[0.399s] Level 5:colcon.colcon_core.verb:set package 'robot_control' build argument 'catkin_cmake_args' from command line to 'None'
[0.399s] Level 5:colcon.colcon_core.verb:set package 'robot_control' build argument 'catkin_skip_building_tests' from command line to 'False'
[0.399s] DEBUG:colcon.colcon_core.verb:Building package 'robot_control' with the following arguments: {'ament_cmake_args': None, 'build_base': '/home/teamleafia/ros2_mer/build/robot_control', 'catkin_cmake_args': None, 'catkin_skip_building_tests': False, 'cmake_args': None, 'cmake_clean_cache': False, 'cmake_clean_first': False, 'cmake_force_configure': False, 'cmake_target': None, 'cmake_target_skip_unavailable': False, 'install_base': '/home/teamleafia/ros2_mer/install/robot_control', 'merge_install': False, 'path': '/home/teamleafia/ros2_mer/src/robot_control', 'symlink_install': False, 'test_result_base': None}
[0.400s] Level 5:colcon.colcon_core.verb:set package 'plant_transport' build argument 'cmake_args' from command line to 'None'
[0.400s] Level 5:colcon.colcon_core.verb:set package 'plant_transport' build argument 'cmake_target' from command line to 'None'
[0.400s] Level 5:colcon.colcon_core.verb:set package 'plant_transport' build argument 'cmake_target_skip_unavailable' from command line to 'False'
[0.400s] Level 5:colcon.colcon_core.verb:set package 'plant_transport' build argument 'cmake_clean_cache' from command line to 'False'
[0.400s] Level 5:colcon.colcon_core.verb:set package 'plant_transport' build argument 'cmake_clean_first' from command line to 'False'
[0.400s] Level 5:colcon.colcon_core.verb:set package 'plant_transport' build argument 'cmake_force_configure' from command line to 'False'
[0.400s] Level 5:colcon.colcon_core.verb:set package 'plant_transport' build argument 'ament_cmake_args' from command line to 'None'
[0.400s] Level 5:colcon.colcon_core.verb:set package 'plant_transport' build argument 'catkin_cmake_args' from command line to 'None'
[0.400s] Level 5:colcon.colcon_core.verb:set package 'plant_transport' build argument 'catkin_skip_building_tests' from command line to 'False'
[0.400s] DEBUG:colcon.colcon_core.verb:Building package 'plant_transport' with the following arguments: {'ament_cmake_args': None, 'build_base': '/home/teamleafia/ros2_mer/build/plant_transport', 'catkin_cmake_args': None, 'catkin_skip_building_tests': False, 'cmake_args': None, 'cmake_clean_cache': False, 'cmake_clean_first': False, 'cmake_force_configure': False, 'cmake_target': None, 'cmake_target_skip_unavailable': False, 'install_base': '/home/teamleafia/ros2_mer/install/plant_transport', 'merge_install': False, 'path': '/home/teamleafia/ros2_mer/src/plant_transport', 'symlink_install': False, 'test_result_base': None}
[0.400s] INFO:colcon.colcon_core.executor:Executing jobs using 'parallel' executor
[0.401s] DEBUG:colcon.colcon_parallel_executor.executor.parallel:run_until_complete
[0.402s] INFO:colcon.colcon_ros.task.ament_python.build:Building ROS package in '/home/teamleafia/ros2_mer/src/aruco_detector' with build type 'ament_python'
[0.402s] Level 1:colcon.colcon_core.shell:create_environment_hook('aruco_detector', 'ament_prefix_path')
[0.405s] INFO:colcon.colcon_core.plugin_system:Skipping extension 'colcon_core.shell.bat': Not used on non-Windows systems
[0.405s] INFO:colcon.colcon_core.shell:Creating environment hook '/home/teamleafia/ros2_mer/install/aruco_detector/share/aruco_detector/hook/ament_prefix_path.ps1'
[0.406s] INFO:colcon.colcon_core.shell:Creating environment descriptor '/home/teamleafia/ros2_mer/install/aruco_detector/share/aruco_detector/hook/ament_prefix_path.dsv'
[0.408s] INFO:colcon.colcon_core.shell:Creating environment hook '/home/teamleafia/ros2_mer/install/aruco_detector/share/aruco_detector/hook/ament_prefix_path.sh'
[0.409s] INFO:colcon.colcon_core.shell:Skip shell extension 'powershell' for command environment: Not usable outside of PowerShell
[0.409s] DEBUG:colcon.colcon_core.shell:Skip shell extension 'dsv' for command environment
[0.416s] INFO:colcon.colcon_ros.task.ament_python.build:Building ROS package in '/home/teamleafia/ros2_mer/src/aruco_detector_yj_pkg_2' with build type 'ament_python'
[0.417s] Level 1:colcon.colcon_core.shell:create_environment_hook('aruco_detector_yj_pkg_2', 'ament_prefix_path')
[0.417s] INFO:colcon.colcon_core.shell:Creating environment hook '/home/teamleafia/ros2_mer/install/aruco_detector_yj_pkg_2/share/aruco_detector_yj_pkg_2/hook/ament_prefix_path.ps1'
[0.418s] INFO:colcon.colcon_core.shell:Creating environment descriptor '/home/teamleafia/ros2_mer/install/aruco_detector_yj_pkg_2/share/aruco_detector_yj_pkg_2/hook/ament_prefix_path.dsv'
[0.419s] INFO:colcon.colcon_core.shell:Creating environment hook '/home/teamleafia/ros2_mer/install/aruco_detector_yj_pkg_2/share/aruco_detector_yj_pkg_2/hook/ament_prefix_path.sh'
[0.420s] INFO:colcon.colcon_core.shell:Skip shell extension 'powershell' for command environment: Not usable outside of PowerShell
[0.420s] DEBUG:colcon.colcon_core.shell:Skip shell extension 'dsv' for command environment
[0.427s] INFO:colcon.colcon_ros.task.ament_python.build:Building ROS package in '/home/teamleafia/ros2_mer/src/marker_align_2' with build type 'ament_python'
[0.427s] Level 1:colcon.colcon_core.shell:create_environment_hook('marker_align_2', 'ament_prefix_path')
[0.428s] INFO:colcon.colcon_core.shell:Creating environment hook '/home/teamleafia/ros2_mer/install/marker_align_2/share/marker_align_2/hook/ament_prefix_path.ps1'
[0.428s] INFO:colcon.colcon_core.shell:Creating environment descriptor '/home/teamleafia/ros2_mer/install/marker_align_2/share/marker_align_2/hook/ament_prefix_path.dsv'
[0.429s] INFO:colcon.colcon_core.shell:Creating environment hook '/home/teamleafia/ros2_mer/install/marker_align_2/share/marker_align_2/hook/ament_prefix_path.sh'
[0.430s] INFO:colcon.colcon_core.shell:Skip shell extension 'powershell' for command environment: Not usable outside of PowerShell
[0.430s] DEBUG:colcon.colcon_core.shell:Skip shell extension 'dsv' for command environment
[0.436s] INFO:colcon.colcon_ros.task.ament_python.build:Building ROS package in '/home/teamleafia/ros2_mer/src/pump_control' with build type 'ament_python'
[0.437s] Level 1:colcon.colcon_core.shell:create_environment_hook('pump_control', 'ament_prefix_path')
[0.437s] INFO:colcon.colcon_core.shell:Creating environment hook '/home/teamleafia/ros2_mer/install/pump_control/share/pump_control/hook/ament_prefix_path.ps1'
[0.438s] INFO:colcon.colcon_core.shell:Creating environment descriptor '/home/teamleafia/ros2_mer/install/pump_control/share/pump_control/hook/ament_prefix_path.dsv'
[0.439s] INFO:colcon.colcon_core.shell:Creating environment hook '/home/teamleafia/ros2_mer/install/pump_control/share/pump_control/hook/ament_prefix_path.sh'
[0.440s] INFO:colcon.colcon_core.shell:Skip shell extension 'powershell' for command environment: Not usable outside of PowerShell
[0.440s] DEBUG:colcon.colcon_core.shell:Skip shell extension 'dsv' for command environment
[0.825s] INFO:colcon.colcon_core.task.python.build:Building Python package in '/home/teamleafia/ros2_mer/src/aruco_detector'
[0.826s] INFO:colcon.colcon_core.shell:Skip shell extension 'powershell' for command environment: Not usable outside of PowerShell
[0.826s] DEBUG:colcon.colcon_core.shell:Skip shell extension 'dsv' for command environment
[1.198s] INFO:colcon.colcon_core.task.python.build:Building Python package in '/home/teamleafia/ros2_mer/src/aruco_detector_yj_pkg_2'
[1.199s] INFO:colcon.colcon_core.shell:Skip shell extension 'powershell' for command environment: Not usable outside of PowerShell
[1.199s] DEBUG:colcon.colcon_core.shell:Skip shell extension 'dsv' for command environment
[1.568s] INFO:colcon.colcon_core.task.python.build:Building Python package in '/home/teamleafia/ros2_mer/src/marker_align_2'
[1.569s] INFO:colcon.colcon_core.shell:Skip shell extension 'powershell' for command environment: Not usable outside of PowerShell
[1.569s] DEBUG:colcon.colcon_core.shell:Skip shell extension 'dsv' for command environment
[1.931s] INFO:colcon.colcon_core.task.python.build:Building Python package in '/home/teamleafia/ros2_mer/src/pump_control'
[1.932s] INFO:colcon.colcon_core.shell:Skip shell extension 'powershell' for command environment: Not usable outside of PowerShell
[1.932s] DEBUG:colcon.colcon_core.shell:Skip shell extension 'dsv' for command environment
[3.172s] DEBUG:colcon.colcon_core.event_handler.log_command:Invoking command in '/home/teamleafia/ros2_mer/src/aruco_detector': DEBUGINFOD_URLS=https://debuginfod.ubuntu.com PYTHONPATH=/home/teamleafia/ros2_mer/build/aruco_detector/prefix_override:/usr/lib/python3/dist-packages/colcon_core/task/python/colcon_distutils_commands:/home/teamleafia/ros2_mer/install/aruco_detector/lib/python3.12/site-packages:${PYTHONPATH} /usr/bin/python3 -W ignore:setup.py install is deprecated -W ignore:easy_install command is deprecated setup.py egg_info --egg-base ../../build/aruco_detector build --build-base /home/teamleafia/ros2_mer/build/aruco_detector/build install --record /home/teamleafia/ros2_mer/build/aruco_detector/install.log --single-version-externally-managed install_data
[3.194s] DEBUG:colcon.colcon_core.event_handler.log_command:Invoking command in '/home/teamleafia/ros2_mer/src/aruco_detector_yj_pkg_2': DEBUGINFOD_URLS=https://debuginfod.ubuntu.com PYTHONPATH=/home/teamleafia/ros2_mer/build/aruco_detector_yj_pkg_2/prefix_override:/usr/lib/python3/dist-packages/colcon_core/task/python/colcon_distutils_commands:/home/teamleafia/ros2_mer/install/aruco_detector_yj_pkg_2/lib/python3.12/site-packages:${PYTHONPATH} /usr/bin/python3 -W ignore:setup.py install is deprecated -W ignore:easy_install command is deprecated setup.py egg_info --egg-base ../../build/aruco_detector_yj_pkg_2 build --build-base /home/teamleafia/ros2_mer/build/aruco_detector_yj_pkg_2/build install --record /home/teamleafia/ros2_mer/build/aruco_detector_yj_pkg_2/install.log --single-version-externally-managed install_data
[3.207s] DEBUG:colcon.colcon_core.event_handler.log_command:Invoking command in '/home/teamleafia/ros2_mer/src/marker_align_2': DEBUGINFOD_URLS=https://debuginfod.ubuntu.com PYTHONPATH=/home/teamleafia/ros2_mer/build/marker_align_2/prefix_override:/usr/lib/python3/dist-packages/colcon_core/task/python/colcon_distutils_commands:/home/teamleafia/ros2_mer/install/marker_align_2/lib/python3.12/site-packages:${PYTHONPATH} /usr/bin/python3 -W ignore:setup.py install is deprecated -W ignore:easy_install command is deprecated setup.py egg_info --egg-base ../../build/marker_align_2 build --build-base /home/teamleafia/ros2_mer/build/marker_align_2/build install --record /home/teamleafia/ros2_mer/build/marker_align_2/install.log --single-version-externally-managed install_data
[3.304s] DEBUG:colcon.colcon_core.event_handler.log_command:Invoking command in '/home/teamleafia/ros2_mer/src/pump_control': DEBUGINFOD_URLS=https://debuginfod.ubuntu.com PYTHONPATH=/home/teamleafia/ros2_mer/build/pump_control/prefix_override:/usr/lib/python3/dist-packages/colcon_core/task/python/colcon_distutils_commands:/home/teamleafia/ros2_mer/install/pump_control/lib/python3.12/site-packages:${PYTHONPATH} /usr/bin/python3 -W ignore:setup.py install is deprecated -W ignore:easy_install command is deprecated setup.py egg_info --egg-base ../../build/pump_control build --build-base /home/teamleafia/ros2_mer/build/pump_control/build install --record /home/teamleafia/ros2_mer/build/pump_control/install.log --single-version-externally-managed install_data
[4.393s] DEBUG:colcon.colcon_core.event_handler.log_command:Invoked command in '/home/teamleafia/ros2_mer/src/aruco_detector' returned '0': DEBUGINFOD_URLS=https://debuginfod.ubuntu.com PYTHONPATH=/home/teamleafia/ros2_mer/build/aruco_detector/prefix_override:/usr/lib/python3/dist-packages/colcon_core/task/python/colcon_distutils_commands:/home/teamleafia/ros2_mer/install/aruco_detector/lib/python3.12/site-packages:${PYTHONPATH} /usr/bin/python3 -W ignore:setup.py install is deprecated -W ignore:easy_install command is deprecated setup.py egg_info --egg-base ../../build/aruco_detector build --build-base /home/teamleafia/ros2_mer/build/aruco_detector/build install --record /home/teamleafia/ros2_mer/build/aruco_detector/install.log --single-version-externally-managed install_data
[4.397s] Level 1:colcon.colcon_core.environment:checking '/home/teamleafia/ros2_mer/install/aruco_detector' for CMake module files
[4.398s] Level 1:colcon.colcon_core.environment:checking '/home/teamleafia/ros2_mer/install/aruco_detector' for CMake config files
[4.400s] Level 1:colcon.colcon_core.environment:checking '/home/teamleafia/ros2_mer/install/aruco_detector/lib'
[4.401s] Level 1:colcon.colcon_core.environment:checking '/home/teamleafia/ros2_mer/install/aruco_detector/bin'
[4.401s] Level 1:colcon.colcon_core.environment:checking '/home/teamleafia/ros2_mer/install/aruco_detector/lib/pkgconfig/aruco_detector.pc'
[4.402s] Level 1:colcon.colcon_core.environment:checking '/home/teamleafia/ros2_mer/install/aruco_detector/lib/python3.12/site-packages'
[4.403s] Level 1:colcon.colcon_core.shell:create_environment_hook('aruco_detector', 'pythonpath')
[4.404s] INFO:colcon.colcon_core.shell:Creating environment hook '/home/teamleafia/ros2_mer/install/aruco_detector/share/aruco_detector/hook/pythonpath.ps1'
[4.405s] INFO:colcon.colcon_core.shell:Creating environment descriptor '/home/teamleafia/ros2_mer/install/aruco_detector/share/aruco_detector/hook/pythonpath.dsv'
[4.407s] INFO:colcon.colcon_core.shell:Creating environment hook '/home/teamleafia/ros2_mer/install/aruco_detector/share/aruco_detector/hook/pythonpath.sh'
[4.408s] Level 1:colcon.colcon_core.environment:checking '/home/teamleafia/ros2_mer/install/aruco_detector/bin'
[4.409s] Level 1:colcon.colcon_core.environment:create_environment_scripts_only(aruco_detector)
[4.410s] INFO:colcon.colcon_core.shell:Creating package script '/home/teamleafia/ros2_mer/install/aruco_detector/share/aruco_detector/package.ps1'
[4.417s] INFO:colcon.colcon_core.shell:Creating package descriptor '/home/teamleafia/ros2_mer/install/aruco_detector/share/aruco_detector/package.dsv'
[4.423s] INFO:colcon.colcon_core.shell:Creating package script '/home/teamleafia/ros2_mer/install/aruco_detector/share/aruco_detector/package.sh'
[4.426s] INFO:colcon.colcon_core.shell:Creating package script '/home/teamleafia/ros2_mer/install/aruco_detector/share/aruco_detector/package.bash'
[4.473s] INFO:colcon.colcon_core.shell:Creating package script '/home/teamleafia/ros2_mer/install/aruco_detector/share/aruco_detector/package.zsh'
[4.475s] Level 1:colcon.colcon_core.environment:create_file_with_runtime_dependencies(/home/teamleafia/ros2_mer/install/aruco_detector/share/colcon-core/packages/aruco_detector)
[4.478s] INFO:colcon.colcon_ros.task.ament_python.build:Building ROS package in '/home/teamleafia/ros2_mer/src/robot_control' with build type 'ament_python'
[4.479s] Level 1:colcon.colcon_core.shell:create_environment_hook('robot_control', 'ament_prefix_path')
[4.482s] INFO:colcon.colcon_core.shell:Creating environment hook '/home/teamleafia/ros2_mer/install/robot_control/share/robot_control/hook/ament_prefix_path.ps1'
[4.483s] INFO:colcon.colcon_core.shell:Creating environment descriptor '/home/teamleafia/ros2_mer/install/robot_control/share/robot_control/hook/ament_prefix_path.dsv'
[4.484s] INFO:colcon.colcon_core.shell:Creating environment hook '/home/teamleafia/ros2_mer/install/robot_control/share/robot_control/hook/ament_prefix_path.sh'
[4.485s] INFO:colcon.colcon_core.shell:Skip shell extension 'powershell' for command environment: Not usable outside of PowerShell
[4.485s] DEBUG:colcon.colcon_core.shell:Skip shell extension 'dsv' for command environment
[4.496s] Level 1:colcon.colcon_core.environment:checking '/home/teamleafia/ros2_mer/install/marker_align_2' for CMake module files
[4.497s] DEBUG:colcon.colcon_core.event_handler.log_command:Invoked command in '/home/teamleafia/ros2_mer/src/marker_align_2' returned '0': DEBUGINFOD_URLS=https://debuginfod.ubuntu.com PYTHONPATH=/home/teamleafia/ros2_mer/build/marker_align_2/prefix_override:/usr/lib/python3/dist-packages/colcon_core/task/python/colcon_distutils_commands:/home/teamleafia/ros2_mer/install/marker_align_2/lib/python3.12/site-packages:${PYTHONPATH} /usr/bin/python3 -W ignore:setup.py install is deprecated -W ignore:easy_install command is deprecated setup.py egg_info --egg-base ../../build/marker_align_2 build --build-base /home/teamleafia/ros2_mer/build/marker_align_2/build install --record /home/teamleafia/ros2_mer/build/marker_align_2/install.log --single-version-externally-managed install_data
[4.498s] Level 1:colcon.colcon_core.environment:checking '/home/teamleafia/ros2_mer/install/marker_align_2' for CMake config files
[4.500s] Level 1:colcon.colcon_core.environment:checking '/home/teamleafia/ros2_mer/install/marker_align_2/lib'
[4.500s] Level 1:colcon.colcon_core.environment:checking '/home/teamleafia/ros2_mer/install/marker_align_2/bin'
[4.500s] Level 1:colcon.colcon_core.environment:checking '/home/teamleafia/ros2_mer/install/marker_align_2/lib/pkgconfig/marker_align_2.pc'
[4.501s] Level 1:colcon.colcon_core.environment:checking '/home/teamleafia/ros2_mer/install/marker_align_2/lib/python3.12/site-packages'
[4.501s] Level 1:colcon.colcon_core.shell:create_environment_hook('marker_align_2', 'pythonpath')
[4.502s] INFO:colcon.colcon_core.shell:Creating environment hook '/home/teamleafia/ros2_mer/install/marker_align_2/share/marker_align_2/hook/pythonpath.ps1'
[4.503s] INFO:colcon.colcon_core.shell:Creating environment descriptor '/home/teamleafia/ros2_mer/install/marker_align_2/share/marker_align_2/hook/pythonpath.dsv'
[4.504s] INFO:colcon.colcon_core.shell:Creating environment hook '/home/teamleafia/ros2_mer/install/marker_align_2/share/marker_align_2/hook/pythonpath.sh'
[4.506s] Level 1:colcon.colcon_core.environment:checking '/home/teamleafia/ros2_mer/install/marker_align_2/bin'
[4.506s] Level 1:colcon.colcon_core.environment:create_environment_scripts_only(marker_align_2)
[4.507s] INFO:colcon.colcon_core.shell:Creating package script '/home/teamleafia/ros2_mer/install/marker_align_2/share/marker_align_2/package.ps1'
[4.508s] INFO:colcon.colcon_core.shell:Creating package descriptor '/home/teamleafia/ros2_mer/install/marker_align_2/share/marker_align_2/package.dsv'
[4.509s] INFO:colcon.colcon_core.shell:Creating package script '/home/teamleafia/ros2_mer/install/marker_align_2/share/marker_align_2/package.sh'
[4.510s] INFO:colcon.colcon_core.shell:Creating package script '/home/teamleafia/ros2_mer/install/marker_align_2/share/marker_align_2/package.bash'
[4.511s] INFO:colcon.colcon_core.shell:Creating package script '/home/teamleafia/ros2_mer/install/marker_align_2/share/marker_align_2/package.zsh'
[4.512s] Level 1:colcon.colcon_core.environment:create_file_with_runtime_dependencies(/home/teamleafia/ros2_mer/install/marker_align_2/share/colcon-core/packages/marker_align_2)
[4.514s] INFO:colcon.colcon_ros.task.ament_python.build:Building ROS package in '/home/teamleafia/ros2_mer/src/cartrash' with build type 'ament_python'
[4.514s] Level 1:colcon.colcon_core.shell:create_environment_hook('cartrash', 'ament_prefix_path')
[4.514s] INFO:colcon.colcon_core.shell:Creating environment hook '/home/teamleafia/ros2_mer/install/cartrash/share/cartrash/hook/ament_prefix_path.ps1'
[4.516s] INFO:colcon.colcon_core.shell:Creating environment descriptor '/home/teamleafia/ros2_mer/install/cartrash/share/cartrash/hook/ament_prefix_path.dsv'
[4.516s] INFO:colcon.colcon_core.shell:Creating environment hook '/home/teamleafia/ros2_mer/install/cartrash/share/cartrash/hook/ament_prefix_path.sh'
[4.518s] INFO:colcon.colcon_core.shell:Skip shell extension 'powershell' for command environment: Not usable outside of PowerShell
[4.518s] DEBUG:colcon.colcon_core.shell:Skip shell extension 'dsv' for command environment
[4.886s] INFO:colcon.colcon_core.task.python.build:Building Python package in '/home/teamleafia/ros2_mer/src/robot_control'
[4.887s] INFO:colcon.colcon_core.shell:Skip shell extension 'powershell' for command environment: Not usable outside of PowerShell
[4.887s] DEBUG:colcon.colcon_core.shell:Skip shell extension 'dsv' for command environment
[4.894s] Level 1:colcon.colcon_core.environment:checking '/home/teamleafia/ros2_mer/install/aruco_detector_yj_pkg_2' for CMake module files
[4.895s] DEBUG:colcon.colcon_core.event_handler.log_command:Invoked command in '/home/teamleafia/ros2_mer/src/aruco_detector_yj_pkg_2' returned '0': DEBUGINFOD_URLS=https://debuginfod.ubuntu.com PYTHONPATH=/home/teamleafia/ros2_mer/build/aruco_detector_yj_pkg_2/prefix_override:/usr/lib/python3/dist-packages/colcon_core/task/python/colcon_distutils_commands:/home/teamleafia/ros2_mer/install/aruco_detector_yj_pkg_2/lib/python3.12/site-packages:${PYTHONPATH} /usr/bin/python3 -W ignore:setup.py install is deprecated -W ignore:easy_install command is deprecated setup.py egg_info --egg-base ../../build/aruco_detector_yj_pkg_2 build --build-base /home/teamleafia/ros2_mer/build/aruco_detector_yj_pkg_2/build install --record /home/teamleafia/ros2_mer/build/aruco_detector_yj_pkg_2/install.log --single-version-externally-managed install_data
[4.896s] Level 1:colcon.colcon_core.environment:checking '/home/teamleafia/ros2_mer/install/aruco_detector_yj_pkg_2' for CMake config files
[4.897s] Level 1:colcon.colcon_core.environment:checking '/home/teamleafia/ros2_mer/install/aruco_detector_yj_pkg_2/lib'
[4.897s] Level 1:colcon.colcon_core.environment:checking '/home/teamleafia/ros2_mer/install/aruco_detector_yj_pkg_2/bin'
[4.897s] Level 1:colcon.colcon_core.environment:checking '/home/teamleafia/ros2_mer/install/aruco_detector_yj_pkg_2/lib/pkgconfig/aruco_detector_yj_pkg_2.pc'
[4.897s] Level 1:colcon.colcon_core.environment:checking '/home/teamleafia/ros2_mer/install/aruco_detector_yj_pkg_2/lib/python3.12/site-packages'
[4.898s] Level 1:colcon.colcon_core.shell:create_environment_hook('aruco_detector_yj_pkg_2', 'pythonpath')
[4.898s] INFO:colcon.colcon_core.shell:Creating environment hook '/home/teamleafia/ros2_mer/install/aruco_detector_yj_pkg_2/share/aruco_detector_yj_pkg_2/hook/pythonpath.ps1'
[4.899s] INFO:colcon.colcon_core.shell:Creating environment descriptor '/home/teamleafia/ros2_mer/install/aruco_detector_yj_pkg_2/share/aruco_detector_yj_pkg_2/hook/pythonpath.dsv'
[4.900s] INFO:colcon.colcon_core.shell:Creating environment hook '/home/teamleafia/ros2_mer/install/aruco_detector_yj_pkg_2/share/aruco_detector_yj_pkg_2/hook/pythonpath.sh'
[4.901s] Level 1:colcon.colcon_core.environment:checking '/home/teamleafia/ros2_mer/install/aruco_detector_yj_pkg_2/bin'
[4.902s] Level 1:colcon.colcon_core.environment:create_environment_scripts_only(aruco_detector_yj_pkg_2)
[4.902s] INFO:colcon.colcon_core.shell:Creating package script '/home/teamleafia/ros2_mer/install/aruco_detector_yj_pkg_2/share/aruco_detector_yj_pkg_2/package.ps1'
[4.903s] INFO:colcon.colcon_core.shell:Creating package descriptor '/home/teamleafia/ros2_mer/install/aruco_detector_yj_pkg_2/share/aruco_detector_yj_pkg_2/package.dsv'
[4.904s] INFO:colcon.colcon_core.shell:Creating package script '/home/teamleafia/ros2_mer/install/aruco_detector_yj_pkg_2/share/aruco_detector_yj_pkg_2/package.sh'
[4.904s] INFO:colcon.colcon_core.shell:Creating package script '/home/teamleafia/ros2_mer/install/aruco_detector_yj_pkg_2/share/aruco_detector_yj_pkg_2/package.bash'
[4.905s] INFO:colcon.colcon_core.shell:Creating package script '/home/teamleafia/ros2_mer/install/aruco_detector_yj_pkg_2/share/aruco_detector_yj_pkg_2/package.zsh'
[4.906s] Level 1:colcon.colcon_core.environment:create_file_with_runtime_dependencies(/home/teamleafia/ros2_mer/install/aruco_detector_yj_pkg_2/share/colcon-core/packages/aruco_detector_yj_pkg_2)
[5.258s] INFO:colcon.colcon_core.task.python.build:Building Python package in '/home/teamleafia/ros2_mer/src/cartrash'
[5.259s] INFO:colcon.colcon_core.shell:Skip shell extension 'powershell' for command environment: Not usable outside of PowerShell
[5.259s] DEBUG:colcon.colcon_core.shell:Skip shell extension 'dsv' for command environment
[5.266s] Level 1:colcon.colcon_core.environment:checking '/home/teamleafia/ros2_mer/install/pump_control' for CMake module files
[5.267s] DEBUG:colcon.colcon_core.event_handler.log_command:Invoked command in '/home/teamleafia/ros2_mer/src/pump_control' returned '0': DEBUGINFOD_URLS=https://debuginfod.ubuntu.com PYTHONPATH=/home/teamleafia/ros2_mer/build/pump_control/prefix_override:/usr/lib/python3/dist-packages/colcon_core/task/python/colcon_distutils_commands:/home/teamleafia/ros2_mer/install/pump_control/lib/python3.12/site-packages:${PYTHONPATH} /usr/bin/python3 -W ignore:setup.py install is deprecated -W ignore:easy_install command is deprecated setup.py egg_info --egg-base ../../build/pump_control build --build-base /home/teamleafia/ros2_mer/build/pump_control/build install --record /home/teamleafia/ros2_mer/build/pump_control/install.log --single-version-externally-managed install_data
[5.267s] Level 1:colcon.colcon_core.environment:checking '/home/teamleafia/ros2_mer/install/pump_control' for CMake config files
[5.268s] Level 1:colcon.colcon_core.environment:checking '/home/teamleafia/ros2_mer/install/pump_control/lib'
[5.269s] Level 1:colcon.colcon_core.environment:checking '/home/teamleafia/ros2_mer/install/pump_control/bin'
[5.269s] Level 1:colcon.colcon_core.environment:checking '/home/teamleafia/ros2_mer/install/pump_control/lib/pkgconfig/pump_control.pc'
[5.269s] Level 1:colcon.colcon_core.environment:checking '/home/teamleafia/ros2_mer/install/pump_control/lib/python3.12/site-packages'
[5.269s] Level 1:colcon.colcon_core.shell:create_environment_hook('pump_control', 'pythonpath')
[5.270s] INFO:colcon.colcon_core.shell:Creating environment hook '/home/teamleafia/ros2_mer/install/pump_control/share/pump_control/hook/pythonpath.ps1'
[5.270s] INFO:colcon.colcon_core.shell:Creating environment descriptor '/home/teamleafia/ros2_mer/install/pump_control/share/pump_control/hook/pythonpath.dsv'
[5.271s] INFO:colcon.colcon_core.shell:Creating environment hook '/home/teamleafia/ros2_mer/install/pump_control/share/pump_control/hook/pythonpath.sh'
[5.272s] Level 1:colcon.colcon_core.environment:checking '/home/teamleafia/ros2_mer/install/pump_control/bin'
[5.272s] Level 1:colcon.colcon_core.environment:create_environment_scripts_only(pump_control)
[5.272s] INFO:colcon.colcon_core.shell:Creating package script '/home/teamleafia/ros2_mer/install/pump_control/share/pump_control/package.ps1'
[5.273s] INFO:colcon.colcon_core.shell:Creating package descriptor '/home/teamleafia/ros2_mer/install/pump_control/share/pump_control/package.dsv'
[5.274s] INFO:colcon.colcon_core.shell:Creating package script '/home/teamleafia/ros2_mer/install/pump_control/share/pump_control/package.sh'
[5.275s] INFO:colcon.colcon_core.shell:Creating package script '/home/teamleafia/ros2_mer/install/pump_control/share/pump_control/package.bash'
[5.275s] INFO:colcon.colcon_core.shell:Creating package script '/home/teamleafia/ros2_mer/install/pump_control/share/pump_control/package.zsh'
[5.276s] Level 1:colcon.colcon_core.environment:create_file_with_runtime_dependencies(/home/teamleafia/ros2_mer/install/pump_control/share/colcon-core/packages/pump_control)
[6.326s] DEBUG:colcon.colcon_core.event_handler.log_command:Invoking command in '/home/teamleafia/ros2_mer/src/robot_control': DEBUGINFOD_URLS=https://debuginfod.ubuntu.com PYTHONPATH=/home/teamleafia/ros2_mer/build/robot_control/prefix_override:/usr/lib/python3/dist-packages/colcon_core/task/python/colcon_distutils_commands:/home/teamleafia/ros2_mer/install/robot_control/lib/python3.12/site-packages:${PYTHONPATH} /usr/bin/python3 -W ignore:setup.py install is deprecated -W ignore:easy_install command is deprecated setup.py egg_info --egg-base ../../build/robot_control build --build-base /home/teamleafia/ros2_mer/build/robot_control/build install --record /home/teamleafia/ros2_mer/build/robot_control/install.log --single-version-externally-managed install_data
[6.332s] DEBUG:colcon.colcon_core.event_handler.log_command:Invoking command in '/home/teamleafia/ros2_mer/src/cartrash': DEBUGINFOD_URLS=https://debuginfod.ubuntu.com PYTHONPATH=/home/teamleafia/ros2_mer/build/cartrash/prefix_override:/usr/lib/python3/dist-packages/colcon_core/task/python/colcon_distutils_commands:/home/teamleafia/ros2_mer/install/cartrash/lib/python3.12/site-packages:${PYTHONPATH} /usr/bin/python3 -W ignore:setup.py install is deprecated -W ignore:easy_install command is deprecated setup.py egg_info --egg-base ../../build/cartrash build --build-base /home/teamleafia/ros2_mer/build/cartrash/build install --record /home/teamleafia/ros2_mer/build/cartrash/install.log --single-version-externally-managed install_data
[7.276s] Level 1:colcon.colcon_core.environment:checking '/home/teamleafia/ros2_mer/install/cartrash' for CMake module files
[7.277s] Level 1:colcon.colcon_core.environment:checking '/home/teamleafia/ros2_mer/install/cartrash' for CMake config files
[7.278s] Level 1:colcon.colcon_core.environment:checking '/home/teamleafia/ros2_mer/install/cartrash/lib'
[7.278s] Level 1:colcon.colcon_core.environment:checking '/home/teamleafia/ros2_mer/install/cartrash/bin'
[7.278s] Level 1:colcon.colcon_core.environment:checking '/home/teamleafia/ros2_mer/install/cartrash/lib/pkgconfig/cartrash.pc'
[7.279s] Level 1:colcon.colcon_core.environment:checking '/home/teamleafia/ros2_mer/install/cartrash/lib/python3.12/site-packages'
[7.279s] Level 1:colcon.colcon_core.shell:create_environment_hook('cartrash', 'pythonpath')
[7.279s] INFO:colcon.colcon_core.shell:Creating environment hook '/home/teamleafia/ros2_mer/install/cartrash/share/cartrash/hook/pythonpath.ps1'
[7.280s] INFO:colcon.colcon_core.shell:Creating environment descriptor '/home/teamleafia/ros2_mer/install/cartrash/share/cartrash/hook/pythonpath.dsv'
[7.279s] DEBUG:colcon.colcon_core.event_handler.log_command:Invoked command in '/home/teamleafia/ros2_mer/src/cartrash' returned '0': DEBUGINFOD_URLS=https://debuginfod.ubuntu.com PYTHONPATH=/home/teamleafia/ros2_mer/build/cartrash/prefix_override:/usr/lib/python3/dist-packages/colcon_core/task/python/colcon_distutils_commands:/home/teamleafia/ros2_mer/install/cartrash/lib/python3.12/site-packages:${PYTHONPATH} /usr/bin/python3 -W ignore:setup.py install is deprecated -W ignore:easy_install command is deprecated setup.py egg_info --egg-base ../../build/cartrash build --build-base /home/teamleafia/ros2_mer/build/cartrash/build install --record /home/teamleafia/ros2_mer/build/cartrash/install.log --single-version-externally-managed install_data
[7.281s] INFO:colcon.colcon_core.shell:Creating environment hook '/home/teamleafia/ros2_mer/install/cartrash/share/cartrash/hook/pythonpath.sh'
[7.282s] Level 1:colcon.colcon_core.environment:checking '/home/teamleafia/ros2_mer/install/cartrash/bin'
[7.282s] Level 1:colcon.colcon_core.environment:create_environment_scripts_only(cartrash)
[7.283s] INFO:colcon.colcon_core.shell:Creating package script '/home/teamleafia/ros2_mer/install/cartrash/share/cartrash/package.ps1'
[7.284s] INFO:colcon.colcon_core.shell:Creating package descriptor '/home/teamleafia/ros2_mer/install/cartrash/share/cartrash/package.dsv'
[7.285s] INFO:colcon.colcon_core.shell:Creating package script '/home/teamleafia/ros2_mer/install/cartrash/share/cartrash/package.sh'
[7.286s] INFO:colcon.colcon_core.shell:Creating package script '/home/teamleafia/ros2_mer/install/cartrash/share/cartrash/package.bash'
[7.287s] INFO:colcon.colcon_core.shell:Creating package script '/home/teamleafia/ros2_mer/install/cartrash/share/cartrash/package.zsh'
[7.288s] Level 1:colcon.colcon_core.environment:create_file_with_runtime_dependencies(/home/teamleafia/ros2_mer/install/cartrash/share/colcon-core/packages/cartrash)
[7.296s] Level 1:colcon.colcon_core.environment:checking '/home/teamleafia/ros2_mer/install/robot_control' for CMake module files
[7.297s] DEBUG:colcon.colcon_core.event_handler.log_command:Invoked command in '/home/teamleafia/ros2_mer/src/robot_control' returned '0': DEBUGINFOD_URLS=https://debuginfod.ubuntu.com PYTHONPATH=/home/teamleafia/ros2_mer/build/robot_control/prefix_override:/usr/lib/python3/dist-packages/colcon_core/task/python/colcon_distutils_commands:/home/teamleafia/ros2_mer/install/robot_control/lib/python3.12/site-packages:${PYTHONPATH} /usr/bin/python3 -W ignore:setup.py install is deprecated -W ignore:easy_install command is deprecated setup.py egg_info --egg-base ../../build/robot_control build --build-base /home/teamleafia/ros2_mer/build/robot_control/build install --record /home/teamleafia/ros2_mer/build/robot_control/install.log --single-version-externally-managed install_data
[7.298s] Level 1:colcon.colcon_core.environment:checking '/home/teamleafia/ros2_mer/install/robot_control' for CMake config files
[7.298s] Level 1:colcon.colcon_core.environment:checking '/home/teamleafia/ros2_mer/install/robot_control/lib'
[7.299s] Level 1:colcon.colcon_core.environment:checking '/home/teamleafia/ros2_mer/install/robot_control/bin'
[7.299s] Level 1:colcon.colcon_core.environment:checking '/home/teamleafia/ros2_mer/install/robot_control/lib/pkgconfig/robot_control.pc'
[7.299s] Level 1:colcon.colcon_core.environment:checking '/home/teamleafia/ros2_mer/install/robot_control/lib/python3.12/site-packages'
[7.299s] Level 1:colcon.colcon_core.shell:create_environment_hook('robot_control', 'pythonpath')
[7.299s] INFO:colcon.colcon_core.shell:Creating environment hook '/home/teamleafia/ros2_mer/install/robot_control/share/robot_control/hook/pythonpath.ps1'
[7.300s] INFO:colcon.colcon_core.shell:Creating environment descriptor '/home/teamleafia/ros2_mer/install/robot_control/share/robot_control/hook/pythonpath.dsv'
[7.301s] INFO:colcon.colcon_core.shell:Creating environment hook '/home/teamleafia/ros2_mer/install/robot_control/share/robot_control/hook/pythonpath.sh'
[7.302s] Level 1:colcon.colcon_core.environment:checking '/home/teamleafia/ros2_mer/install/robot_control/bin'
[7.302s] Level 1:colcon.colcon_core.environment:create_environment_scripts_only(robot_control)
[7.302s] INFO:colcon.colcon_core.shell:Creating package script '/home/teamleafia/ros2_mer/install/robot_control/share/robot_control/package.ps1'
[7.303s] INFO:colcon.colcon_core.shell:Creating package descriptor '/home/teamleafia/ros2_mer/install/robot_control/share/robot_control/package.dsv'
[7.303s] INFO:colcon.colcon_core.shell:Creating package script '/home/teamleafia/ros2_mer/install/robot_control/share/robot_control/package.sh'
[7.324s] INFO:colcon.colcon_core.shell:Creating package script '/home/teamleafia/ros2_mer/install/robot_control/share/robot_control/package.bash'
[7.326s] INFO:colcon.colcon_core.shell:Creating package script '/home/teamleafia/ros2_mer/install/robot_control/share/robot_control/package.zsh'
[7.327s] Level 1:colcon.colcon_core.environment:create_file_with_runtime_dependencies(/home/teamleafia/ros2_mer/install/robot_control/share/colcon-core/packages/robot_control)
[7.328s] INFO:colcon.colcon_ros.task.ament_python.build:Building ROS package in '/home/teamleafia/ros2_mer/src/plant_transport' with build type 'ament_python'
[7.328s] Level 1:colcon.colcon_core.shell:create_environment_hook('plant_transport', 'ament_prefix_path')
[7.329s] INFO:colcon.colcon_core.shell:Creating environment hook '/home/teamleafia/ros2_mer/install/plant_transport/share/plant_transport/hook/ament_prefix_path.ps1'
[7.331s] INFO:colcon.colcon_core.shell:Creating environment descriptor '/home/teamleafia/ros2_mer/install/plant_transport/share/plant_transport/hook/ament_prefix_path.dsv'
[7.332s] INFO:colcon.colcon_core.shell:Creating environment hook '/home/teamleafia/ros2_mer/install/plant_transport/share/plant_transport/hook/ament_prefix_path.sh'
[7.333s] INFO:colcon.colcon_core.shell:Skip shell extension 'powershell' for command environment: Not usable outside of PowerShell
[7.333s] DEBUG:colcon.colcon_core.shell:Skip shell extension 'dsv' for command environment
[7.702s] INFO:colcon.colcon_core.task.python.build:Building Python package in '/home/teamleafia/ros2_mer/src/plant_transport'
[7.702s] INFO:colcon.colcon_core.shell:Skip shell extension 'powershell' for command environment: Not usable outside of PowerShell
[7.702s] DEBUG:colcon.colcon_core.shell:Skip shell extension 'dsv' for command environment
[8.690s] DEBUG:colcon.colcon_core.event_handler.log_command:Invoking command in '/home/teamleafia/ros2_mer/src/plant_transport': AMENT_PREFIX_PATH=/home/teamleafia/ros2_mer/install/robot_control:/home/teamleafia/ros2_mer/install/pump_control:/home/teamleafia/ros2_mer/install/marker_align_2:/home/teamleafia/ros2_mer/install/aruco_detector_yj_pkg_2:/home/teamleafia/ros2_mer/install/aruco_detector:/home/teamleafia/ros2_mer/install/plant_transport:/home/teamleafia/ros2_mer/install/cartrash:/home/teamleafia/ros2_mot/install/rplidar_ros:/home/teamleafia/ros2_mot/install/robot_control:/home/teamleafia/ros2_mot/install/pca9685_motor_control:/home/teamleafia/slam_ws/install/my_robot_description:/opt/ros/jazzy DEBUGINFOD_URLS=https://debuginfod.ubuntu.com PYTHONPATH=/home/teamleafia/ros2_mer/build/plant_transport/prefix_override:/usr/lib/python3/dist-packages/colcon_core/task/python/colcon_distutils_commands:/home/teamleafia/ros2_mer/install/plant_transport/lib/python3.12/site-packages:/home/teamleafia/ros2_mer/install/robot_control/lib/python3.12/site-packages:/home/teamleafia/ros2_mer/install/pump_control/lib/python3.12/site-packages:/home/teamleafia/ros2_mer/install/marker_align_2/lib/python3.12/site-packages:/home/teamleafia/ros2_mer/install/aruco_detector_yj_pkg_2/lib/python3.12/site-packages:/home/teamleafia/ros2_mer/install/aruco_detector/lib/python3.12/site-packages:/home/teamleafia/ros2_mer/install/plant_transport/lib/python3.12/site-packages:/home/teamleafia/ros2_mer/install/cartrash/lib/python3.12/site-packages:/home/teamleafia/ros2_mot/install/robot_control/lib/python3.12/site-packages:/home/teamleafia/ros2_mot/install/pca9685_motor_control/lib/python3.12/site-packages:/opt/ros/jazzy/lib/python3.12/site-packages /usr/bin/python3 -W ignore:setup.py install is deprecated -W ignore:easy_install command is deprecated setup.py egg_info --egg-base ../../build/plant_transport build --build-base /home/teamleafia/ros2_mer/build/plant_transport/build install --record /home/teamleafia/ros2_mer/build/plant_transport/install.log --single-version-externally-managed install_data
[9.661s] Level 1:colcon.colcon_core.environment:checking '/home/teamleafia/ros2_mer/install/plant_transport' for CMake module files
[9.662s] Level 1:colcon.colcon_core.environment:checking '/home/teamleafia/ros2_mer/install/plant_transport' for CMake config files
[9.662s] DEBUG:colcon.colcon_core.event_handler.log_command:Invoked command in '/home/teamleafia/ros2_mer/src/plant_transport' returned '0': AMENT_PREFIX_PATH=/home/teamleafia/ros2_mer/install/robot_control:/home/teamleafia/ros2_mer/install/pump_control:/home/teamleafia/ros2_mer/install/marker_align_2:/home/teamleafia/ros2_mer/install/aruco_detector_yj_pkg_2:/home/teamleafia/ros2_mer/install/aruco_detector:/home/teamleafia/ros2_mer/install/plant_transport:/home/teamleafia/ros2_mer/install/cartrash:/home/teamleafia/ros2_mot/install/rplidar_ros:/home/teamleafia/ros2_mot/install/robot_control:/home/teamleafia/ros2_mot/install/pca9685_motor_control:/home/teamleafia/slam_ws/install/my_robot_description:/opt/ros/jazzy DEBUGINFOD_URLS=https://debuginfod.ubuntu.com PYTHONPATH=/home/teamleafia/ros2_mer/build/plant_transport/prefix_override:/usr/lib/python3/dist-packages/colcon_core/task/python/colcon_distutils_commands:/home/teamleafia/ros2_mer/install/plant_transport/lib/python3.12/site-packages:/home/teamleafia/ros2_mer/install/robot_control/lib/python3.12/site-packages:/home/teamleafia/ros2_mer/install/pump_control/lib/python3.12/site-packages:/home/teamleafia/ros2_mer/install/marker_align_2/lib/python3.12/site-packages:/home/teamleafia/ros2_mer/install/aruco_detector_yj_pkg_2/lib/python3.12/site-packages:/home/teamleafia/ros2_mer/install/aruco_detector/lib/python3.12/site-packages:/home/teamleafia/ros2_mer/install/plant_transport/lib/python3.12/site-packages:/home/teamleafia/ros2_mer/install/cartrash/lib/python3.12/site-packages:/home/teamleafia/ros2_mot/install/robot_control/lib/python3.12/site-packages:/home/teamleafia/ros2_mot/install/pca9685_motor_control/lib/python3.12/site-packages:/opt/ros/jazzy/lib/python3.12/site-packages /usr/bin/python3 -W ignore:setup.py install is deprecated -W ignore:easy_install command is deprecated setup.py egg_info --egg-base ../../build/plant_transport build --build-base /home/teamleafia/ros2_mer/build/plant_transport/build install --record /home/teamleafia/ros2_mer/build/plant_transport/install.log --single-version-externally-managed install_data
[9.663s] Level 1:colcon.colcon_core.environment:checking '/home/teamleafia/ros2_mer/install/plant_transport/lib'
[9.663s] Level 1:colcon.colcon_core.environment:checking '/home/teamleafia/ros2_mer/install/plant_transport/bin'
[9.663s] Level 1:colcon.colcon_core.environment:checking '/home/teamleafia/ros2_mer/install/plant_transport/lib/pkgconfig/plant_transport.pc'
[9.664s] Level 1:colcon.colcon_core.environment:checking '/home/teamleafia/ros2_mer/install/plant_transport/lib/python3.12/site-packages'
[9.664s] Level 1:colcon.colcon_core.shell:create_environment_hook('plant_transport', 'pythonpath')
[9.664s] INFO:colcon.colcon_core.shell:Creating environment hook '/home/teamleafia/ros2_mer/install/plant_transport/share/plant_transport/hook/pythonpath.ps1'
[9.665s] INFO:colcon.colcon_core.shell:Creating environment descriptor '/home/teamleafia/ros2_mer/install/plant_transport/share/plant_transport/hook/pythonpath.dsv'
[9.665s] INFO:colcon.colcon_core.shell:Creating environment hook '/home/teamleafia/ros2_mer/install/plant_transport/share/plant_transport/hook/pythonpath.sh'
[9.666s] Level 1:colcon.colcon_core.environment:checking '/home/teamleafia/ros2_mer/install/plant_transport/bin'
[9.666s] Level 1:colcon.colcon_core.environment:create_environment_scripts_only(plant_transport)
[9.667s] INFO:colcon.colcon_core.shell:Creating package script '/home/teamleafia/ros2_mer/install/plant_transport/share/plant_transport/package.ps1'
[9.667s] INFO:colcon.colcon_core.shell:Creating package descriptor '/home/teamleafia/ros2_mer/install/plant_transport/share/plant_transport/package.dsv'
[9.668s] INFO:colcon.colcon_core.shell:Creating package script '/home/teamleafia/ros2_mer/install/plant_transport/share/plant_transport/package.sh'
[9.669s] INFO:colcon.colcon_core.shell:Creating package script '/home/teamleafia/ros2_mer/install/plant_transport/share/plant_transport/package.bash'
[9.669s] INFO:colcon.colcon_core.shell:Creating package script '/home/teamleafia/ros2_mer/install/plant_transport/share/plant_transport/package.zsh'
[9.670s] Level 1:colcon.colcon_core.environment:create_file_with_runtime_dependencies(/home/teamleafia/ros2_mer/install/plant_transport/share/colcon-core/packages/plant_transport)
[9.671s] DEBUG:colcon.colcon_parallel_executor.executor.parallel:closing loop
[9.672s] DEBUG:colcon.colcon_parallel_executor.executor.parallel:loop closed
[9.672s] DEBUG:colcon.colcon_parallel_executor.executor.parallel:run_until_complete finished with '0'
[9.673s] DEBUG:colcon.colcon_core.event_reactor:joining thread
[9.681s] INFO:colcon.colcon_core.plugin_system:Skipping extension 'colcon_notification.desktop_notification.terminal_notifier': Not used on non-Darwin systems
[9.681s] INFO:colcon.colcon_core.plugin_system:Skipping extension 'colcon_notification.desktop_notification.win32': Not used on non-Windows systems
[9.681s] INFO:colcon.colcon_notification.desktop_notification:Sending desktop notification using 'notify2'
[34.707s] DEBUG:colcon.colcon_notification.desktop_notification.notify2:Failed to initialize notify2: org.freedesktop.DBus.Error.NoReply: Did not receive a reply. Possible causes include: the remote application did not send a reply, the message bus security policy blocked the reply, the reply timeout expired, or the network connection was broken.
[34.708s] DEBUG:colcon.colcon_core.event_reactor:joined thread
[34.708s] INFO:colcon.colcon_core.shell:Creating prefix script '/home/teamleafia/ros2_mer/install/local_setup.ps1'
[34.710s] INFO:colcon.colcon_core.shell:Creating prefix util module '/home/teamleafia/ros2_mer/install/_local_setup_util_ps1.py'
[34.712s] INFO:colcon.colcon_core.shell:Creating prefix chain script '/home/teamleafia/ros2_mer/install/setup.ps1'
[34.715s] INFO:colcon.colcon_core.shell:Creating prefix script '/home/teamleafia/ros2_mer/install/local_setup.sh'
[34.716s] INFO:colcon.colcon_core.shell:Creating prefix util module '/home/teamleafia/ros2_mer/install/_local_setup_util_sh.py'
[34.717s] INFO:colcon.colcon_core.shell:Creating prefix chain script '/home/teamleafia/ros2_mer/install/setup.sh'
[34.720s] INFO:colcon.colcon_core.shell:Creating prefix script '/home/teamleafia/ros2_mer/install/local_setup.bash'
[34.720s] INFO:colcon.colcon_core.shell:Creating prefix chain script '/home/teamleafia/ros2_mer/install/setup.bash'
[34.722s] INFO:colcon.colcon_core.shell:Creating prefix script '/home/teamleafia/ros2_mer/install/local_setup.zsh'
[34.723s] INFO:colcon.colcon_core.shell:Creating prefix chain script '/home/teamleafia/ros2_mer/install/setup.zsh'
