[2.843s] Invoking command in '/home/teamleafia/ros2_mer/src/plant_transport': AMENT_PREFIX_PATH=/home/teamleafia/ros2_mer/install/robot_control:/home/teamleafia/ros2_mer/install/pump_control:/home/teamleafia/ros2_mer/install/aruco_detector:/home/teamleafia/ros2_mer/install/plant_transport:/home/teamleafia/ros2_mer/install/cartrash:/home/teamleafia/ros2_yj/install/aruco_pump_pkg:/home/teamleafia/ros2_yj/install/robot_control2:/home/teamleafia/ros2_yj/install/marker_align:/home/teamleafia/ros2_yj/install/aruco_detector_yj_pkg:/home/teamleafia/ros2_mot/install/rplidar_ros:/home/teamleafia/ros2_mot/install/robot_control:/home/teamleafia/ros2_mot/install/pca9685_motor_control:/home/teamleafia/slam_ws/install/my_robot_description:/opt/ros/jazzy DEBUGINFOD_URLS=https://debuginfod.ubuntu.com PYTHONPATH=/home/teamleafia/ros2_mer/build/plant_transport/prefix_override:/usr/lib/python3/dist-packages/colcon_core/task/python/colcon_distutils_commands:/home/teamleafia/ros2_mer/install/plant_transport/lib/python3.12/site-packages:/home/teamleafia/ros2_mer/install/robot_control/lib/python3.12/site-packages:/home/teamleafia/ros2_mer/install/pump_control/lib/python3.12/site-packages:/home/teamleafia/ros2_mer/install/aruco_detector/lib/python3.12/site-packages:/home/teamleafia/ros2_mer/install/plant_transport/lib/python3.12/site-packages:/home/teamleafia/ros2_mer/install/cartrash/lib/python3.12/site-packages:/home/teamleafia/ros2_yj/install/aruco_pump_pkg/lib/python3.12/site-packages:/home/teamleafia/ros2_yj/install/robot_control2/lib/python3.12/site-packages:/home/teamleafia/ros2_yj/install/pump_control/lib/python3.12/site-packages:/home/teamleafia/ros2_yj/install/marker_align/lib/python3.12/site-packages:/home/teamleafia/ros2_yj/install/aruco_detector_yj_pkg/lib/python3.12/site-packages:/home/teamleafia/ros2_mot/install/robot_control/lib/python3.12/site-packages:/home/teamleafia/ros2_mot/install/pca9685_motor_control/lib/python3.12/site-packages:/opt/ros/jazzy/lib/python3.12/site-packages /usr/bin/python3 -W ignore:setup.py install is deprecated -W ignore:easy_install command is deprecated setup.py egg_info --egg-base ../../build/plant_transport build --build-base /home/teamleafia/ros2_mer/build/plant_transport/build install --record /home/teamleafia/ros2_mer/build/plant_transport/install.log --single-version-externally-managed install_data
[3.606s] running egg_info
[3.607s] creating ../../build/plant_transport/plant_transport.egg-info
[3.662s] writing ../../build/plant_transport/plant_transport.egg-info/PKG-INFO
[3.662s] writing dependency_links to ../../build/plant_transport/plant_transport.egg-info/dependency_links.txt
[3.662s] writing requirements to ../../build/plant_transport/plant_transport.egg-info/requires.txt
[3.662s] writing top-level names to ../../build/plant_transport/plant_transport.egg-info/top_level.txt
[3.662s] writing manifest file '../../build/plant_transport/plant_transport.egg-info/SOURCES.txt'
[3.784s] reading manifest file '../../build/plant_transport/plant_transport.egg-info/SOURCES.txt'
[3.784s] writing manifest file '../../build/plant_transport/plant_transport.egg-info/SOURCES.txt'
[3.784s] running build
[3.785s] running build_py
[3.785s] creating /home/teamleafia/ros2_mer/build/plant_transport/build
[3.785s] creating /home/teamleafia/ros2_mer/build/plant_transport/build/lib
[3.785s] creating /home/teamleafia/ros2_mer/build/plant_transport/build/lib/plant_transport
[3.785s] copying plant_transport/__init__.py -> /home/teamleafia/ros2_mer/build/plant_transport/build/lib/plant_transport
[3.785s] running install
[3.806s] running install_lib
[3.855s] creating /home/teamleafia/ros2_mer/install/plant_transport/lib/python3.12/site-packages/plant_transport
[3.856s] copying /home/teamleafia/ros2_mer/build/plant_transport/build/lib/plant_transport/__init__.py -> /home/teamleafia/ros2_mer/install/plant_transport/lib/python3.12/site-packages/plant_transport
[3.856s] byte-compiling /home/teamleafia/ros2_mer/install/plant_transport/lib/python3.12/site-packages/plant_transport/__init__.py to __init__.cpython-312.pyc
[3.857s] running install_data
[3.858s] creating /home/teamleafia/ros2_mer/install/plant_transport/share/ament_index
[3.858s] creating /home/teamleafia/ros2_mer/install/plant_transport/share/ament_index/resource_index
[3.858s] creating /home/teamleafia/ros2_mer/install/plant_transport/share/ament_index/resource_index/packages
[3.858s] copying resource/plant_transport -> /home/teamleafia/ros2_mer/install/plant_transport/share/ament_index/resource_index/packages
[3.858s] copying package.xml -> /home/teamleafia/ros2_mer/install/plant_transport/share/plant_transport
[3.858s] creating /home/teamleafia/ros2_mer/install/plant_transport/share/plant_transport/launch
[3.858s] copying launch/plant_transport.launch.py -> /home/teamleafia/ros2_mer/install/plant_transport/share/plant_transport/launch
[3.858s] copying launch/experiment_launch.py -> /home/teamleafia/ros2_mer/install/plant_transport/share/plant_transport/launch
[3.858s] copying launch/plant_teleop_key_launch.py -> /home/teamleafia/ros2_mer/install/plant_transport/share/plant_transport/launch
[3.859s] copying launch/plant_cart_tel_key_launch.py -> /home/teamleafia/ros2_mer/install/plant_transport/share/plant_transport/launch
[3.859s] copying launch/total_launch.py -> /home/teamleafia/ros2_mer/install/plant_transport/share/plant_transport/launch
[3.862s] copying launch/yj_align_launch.py -> /home/teamleafia/ros2_mer/install/plant_transport/share/plant_transport/launch
[3.862s] running install_egg_info
[3.911s] Copying ../../build/plant_transport/plant_transport.egg-info to /home/teamleafia/ros2_mer/install/plant_transport/lib/python3.12/site-packages/plant_transport-0.0.0-py3.12.egg-info
[3.913s] running install_scripts
[4.265s] writing list of installed files to '/home/teamleafia/ros2_mer/build/plant_transport/install.log'
[4.394s] Invoked command in '/home/teamleafia/ros2_mer/src/plant_transport' returned '0': AMENT_PREFIX_PATH=/home/teamleafia/ros2_mer/install/robot_control:/home/teamleafia/ros2_mer/install/pump_control:/home/teamleafia/ros2_mer/install/aruco_detector:/home/teamleafia/ros2_mer/install/plant_transport:/home/teamleafia/ros2_mer/install/cartrash:/home/teamleafia/ros2_yj/install/aruco_pump_pkg:/home/teamleafia/ros2_yj/install/robot_control2:/home/teamleafia/ros2_yj/install/marker_align:/home/teamleafia/ros2_yj/install/aruco_detector_yj_pkg:/home/teamleafia/ros2_mot/install/rplidar_ros:/home/teamleafia/ros2_mot/install/robot_control:/home/teamleafia/ros2_mot/install/pca9685_motor_control:/home/teamleafia/slam_ws/install/my_robot_description:/opt/ros/jazzy DEBUGINFOD_URLS=https://debuginfod.ubuntu.com PYTHONPATH=/home/teamleafia/ros2_mer/build/plant_transport/prefix_override:/usr/lib/python3/dist-packages/colcon_core/task/python/colcon_distutils_commands:/home/teamleafia/ros2_mer/install/plant_transport/lib/python3.12/site-packages:/home/teamleafia/ros2_mer/install/robot_control/lib/python3.12/site-packages:/home/teamleafia/ros2_mer/install/pump_control/lib/python3.12/site-packages:/home/teamleafia/ros2_mer/install/aruco_detector/lib/python3.12/site-packages:/home/teamleafia/ros2_mer/install/plant_transport/lib/python3.12/site-packages:/home/teamleafia/ros2_mer/install/cartrash/lib/python3.12/site-packages:/home/teamleafia/ros2_yj/install/aruco_pump_pkg/lib/python3.12/site-packages:/home/teamleafia/ros2_yj/install/robot_control2/lib/python3.12/site-packages:/home/teamleafia/ros2_yj/install/pump_control/lib/python3.12/site-packages:/home/teamleafia/ros2_yj/install/marker_align/lib/python3.12/site-packages:/home/teamleafia/ros2_yj/install/aruco_detector_yj_pkg/lib/python3.12/site-packages:/home/teamleafia/ros2_mot/install/robot_control/lib/python3.12/site-packages:/home/teamleafia/ros2_mot/install/pca9685_motor_control/lib/python3.12/site-packages:/opt/ros/jazzy/lib/python3.12/site-packages /usr/bin/python3 -W ignore:setup.py install is deprecated -W ignore:easy_install command is deprecated setup.py egg_info --egg-base ../../build/plant_transport build --build-base /home/teamleafia/ros2_mer/build/plant_transport/build install --record /home/teamleafia/ros2_mer/build/plant_transport/install.log --single-version-externally-managed install_data
