[1.368s] Invoking command in '/home/teamleafia/ros2_mer/build/plant_transport': AMENT_PREFIX_PATH=/home/teamleafia/ros2_mer/install/robot_control:/home/teamleafia/ros2_mer/install/pump_control:/home/teamleafia/ros2_mer/install/marker_align_2:/home/teamleafia/ros2_mer/install/aruco_detector_yj_pkg_2:/home/teamleafia/ros2_mer/install/aruco_detector:${AMENT_PREFIX_PATH} DEBUGINFOD_URLS=https://debuginfod.ubuntu.com PYTHONPATH=/home/teamleafia/ros2_mer/build/plant_transport/prefix_override:/usr/lib/python3/dist-packages/colcon_core/task/python/colcon_distutils_commands:/home/teamleafia/ros2_mer/install/plant_transport/lib/python3.12/site-packages:/home/teamleafia/ros2_mer/install/robot_control/lib/python3.12/site-packages:/home/teamleafia/ros2_mer/install/pump_control/lib/python3.12/site-packages:/home/teamleafia/ros2_mer/install/marker_align_2/lib/python3.12/site-packages:/home/teamleafia/ros2_mer/install/aruco_detector_yj_pkg_2/lib/python3.12/site-packages:/home/teamleafia/ros2_mer/install/aruco_detector/lib/python3.12/site-packages:${PYTHONPATH} /usr/bin/python3 -W ignore:setup.py install is deprecated -W ignore:easy_install command is deprecated setup.py develop --uninstall --editable --build-directory /home/teamleafia/ros2_mer/build/plant_transport/build
[1.831s] running develop
[2.152s] Removing /home/teamleafia/ros2_mer/install/plant_transport/lib/python3.12/site-packages/plant-transport.egg-link (link to .)
[2.240s] Invoked command in '/home/teamleafia/ros2_mer/build/plant_transport' returned '0': AMENT_PREFIX_PATH=/home/teamleafia/ros2_mer/install/robot_control:/home/teamleafia/ros2_mer/install/pump_control:/home/teamleafia/ros2_mer/install/marker_align_2:/home/teamleafia/ros2_mer/install/aruco_detector_yj_pkg_2:/home/teamleafia/ros2_mer/install/aruco_detector:${AMENT_PREFIX_PATH} DEBUGINFOD_URLS=https://debuginfod.ubuntu.com PYTHONPATH=/home/teamleafia/ros2_mer/build/plant_transport/prefix_override:/usr/lib/python3/dist-packages/colcon_core/task/python/colcon_distutils_commands:/home/teamleafia/ros2_mer/install/plant_transport/lib/python3.12/site-packages:/home/teamleafia/ros2_mer/install/robot_control/lib/python3.12/site-packages:/home/teamleafia/ros2_mer/install/pump_control/lib/python3.12/site-packages:/home/teamleafia/ros2_mer/install/marker_align_2/lib/python3.12/site-packages:/home/teamleafia/ros2_mer/install/aruco_detector_yj_pkg_2/lib/python3.12/site-packages:/home/teamleafia/ros2_mer/install/aruco_detector/lib/python3.12/site-packages:${PYTHONPATH} /usr/bin/python3 -W ignore:setup.py install is deprecated -W ignore:easy_install command is deprecated setup.py develop --uninstall --editable --build-directory /home/teamleafia/ros2_mer/build/plant_transport/build
[2.243s] Invoking command in '/home/teamleafia/ros2_mer/src/plant_transport': AMENT_PREFIX_PATH=/home/teamleafia/ros2_mer/install/robot_control:/home/teamleafia/ros2_mer/install/pump_control:/home/teamleafia/ros2_mer/install/marker_align_2:/home/teamleafia/ros2_mer/install/aruco_detector_yj_pkg_2:/home/teamleafia/ros2_mer/install/aruco_detector:${AMENT_PREFIX_PATH} DEBUGINFOD_URLS=https://debuginfod.ubuntu.com PYTHONPATH=/home/teamleafia/ros2_mer/build/plant_transport/prefix_override:/usr/lib/python3/dist-packages/colcon_core/task/python/colcon_distutils_commands:/home/teamleafia/ros2_mer/install/plant_transport/lib/python3.12/site-packages:/home/teamleafia/ros2_mer/install/robot_control/lib/python3.12/site-packages:/home/teamleafia/ros2_mer/install/pump_control/lib/python3.12/site-packages:/home/teamleafia/ros2_mer/install/marker_align_2/lib/python3.12/site-packages:/home/teamleafia/ros2_mer/install/aruco_detector_yj_pkg_2/lib/python3.12/site-packages:/home/teamleafia/ros2_mer/install/aruco_detector/lib/python3.12/site-packages:${PYTHONPATH} /usr/bin/python3 -W ignore:setup.py install is deprecated -W ignore:easy_install command is deprecated setup.py egg_info --egg-base ../../build/plant_transport build --build-base /home/teamleafia/ros2_mer/build/plant_transport/build install --record /home/teamleafia/ros2_mer/build/plant_transport/install.log --single-version-externally-managed install_data --force
[2.647s] running egg_info
[2.677s] writing ../../build/plant_transport/plant_transport.egg-info/PKG-INFO
[2.678s] writing dependency_links to ../../build/plant_transport/plant_transport.egg-info/dependency_links.txt
[2.679s] writing requirements to ../../build/plant_transport/plant_transport.egg-info/requires.txt
[2.680s] writing top-level names to ../../build/plant_transport/plant_transport.egg-info/top_level.txt
[2.746s] reading manifest file '../../build/plant_transport/plant_transport.egg-info/SOURCES.txt'
[2.748s] writing manifest file '../../build/plant_transport/plant_transport.egg-info/SOURCES.txt'
[2.748s] running build
[2.748s] running build_py
[2.750s] running install
[2.760s] running install_lib
[2.791s] creating /home/teamleafia/ros2_mer/install/plant_transport/lib/python3.12/site-packages/plant_transport
[2.791s] copying /home/teamleafia/ros2_mer/build/plant_transport/build/lib/plant_transport/__init__.py -> /home/teamleafia/ros2_mer/install/plant_transport/lib/python3.12/site-packages/plant_transport
[2.792s] byte-compiling /home/teamleafia/ros2_mer/install/plant_transport/lib/python3.12/site-packages/plant_transport/__init__.py to __init__.cpython-312.pyc
[2.792s] running install_data
[2.793s] copying resource/plant_transport -> /home/teamleafia/ros2_mer/install/plant_transport/share/ament_index/resource_index/packages
[2.794s] copying package.xml -> /home/teamleafia/ros2_mer/install/plant_transport/share/plant_transport
[2.794s] copying launch/plant_transport.launch.py -> /home/teamleafia/ros2_mer/install/plant_transport/share/plant_transport/launch
[2.796s] copying launch/experiment_launch.py -> /home/teamleafia/ros2_mer/install/plant_transport/share/plant_transport/launch
[2.798s] copying launch/plant_teleop_key_launch.py -> /home/teamleafia/ros2_mer/install/plant_transport/share/plant_transport/launch
[2.799s] copying launch/plant_cart_tel_key_launch.py -> /home/teamleafia/ros2_mer/install/plant_transport/share/plant_transport/launch
[2.800s] copying launch/total_launch.py -> /home/teamleafia/ros2_mer/install/plant_transport/share/plant_transport/launch
[2.801s] copying launch/yj_align_launch.py -> /home/teamleafia/ros2_mer/install/plant_transport/share/plant_transport/launch
[2.802s] copying launch/total2_launch.py -> /home/teamleafia/ros2_mer/install/plant_transport/share/plant_transport/launch
[2.803s] running install_egg_info
[2.839s] Copying ../../build/plant_transport/plant_transport.egg-info to /home/teamleafia/ros2_mer/install/plant_transport/lib/python3.12/site-packages/plant_transport-0.0.0-py3.12.egg-info
[2.840s] running install_scripts
[3.050s] writing list of installed files to '/home/teamleafia/ros2_mer/build/plant_transport/install.log'
[3.126s] Invoked command in '/home/teamleafia/ros2_mer/src/plant_transport' returned '0': AMENT_PREFIX_PATH=/home/teamleafia/ros2_mer/install/robot_control:/home/teamleafia/ros2_mer/install/pump_control:/home/teamleafia/ros2_mer/install/marker_align_2:/home/teamleafia/ros2_mer/install/aruco_detector_yj_pkg_2:/home/teamleafia/ros2_mer/install/aruco_detector:${AMENT_PREFIX_PATH} DEBUGINFOD_URLS=https://debuginfod.ubuntu.com PYTHONPATH=/home/teamleafia/ros2_mer/build/plant_transport/prefix_override:/usr/lib/python3/dist-packages/colcon_core/task/python/colcon_distutils_commands:/home/teamleafia/ros2_mer/install/plant_transport/lib/python3.12/site-packages:/home/teamleafia/ros2_mer/install/robot_control/lib/python3.12/site-packages:/home/teamleafia/ros2_mer/install/pump_control/lib/python3.12/site-packages:/home/teamleafia/ros2_mer/install/marker_align_2/lib/python3.12/site-packages:/home/teamleafia/ros2_mer/install/aruco_detector_yj_pkg_2/lib/python3.12/site-packages:/home/teamleafia/ros2_mer/install/aruco_detector/lib/python3.12/site-packages:${PYTHONPATH} /usr/bin/python3 -W ignore:setup.py install is deprecated -W ignore:easy_install command is deprecated setup.py egg_info --egg-base ../../build/plant_transport build --build-base /home/teamleafia/ros2_mer/build/plant_transport/build install --record /home/teamleafia/ros2_mer/build/plant_transport/install.log --single-version-externally-managed install_data --force
