[1.865s] Invoking command in '/home/teamleafia/ros2_mer/src/robot_control': DEBUGINFOD_URLS=https://debuginfod.ubuntu.com PYTHONPATH=/home/teamleafia/ros2_mer/build/robot_control/prefix_override:/usr/lib/python3/dist-packages/colcon_core/task/python/colcon_distutils_commands:/home/teamleafia/ros2_mer/install/robot_control/lib/python3.12/site-packages:${PYTHONPATH} /usr/bin/python3 -W ignore:setup.py install is deprecated -W ignore:easy_install command is deprecated setup.py egg_info --egg-base ../../build/robot_control build --build-base /home/teamleafia/ros2_mer/build/robot_control/build install --record /home/teamleafia/ros2_mer/build/robot_control/install.log --single-version-externally-managed install_data
[2.318s] running egg_info
[2.348s] writing ../../build/robot_control/robot_control.egg-info/PKG-INFO
[2.350s] writing dependency_links to ../../build/robot_control/robot_control.egg-info/dependency_links.txt
[2.353s] writing entry points to ../../build/robot_control/robot_control.egg-info/entry_points.txt
[2.353s] writing requirements to ../../build/robot_control/robot_control.egg-info/requires.txt
[2.354s] writing top-level names to ../../build/robot_control/robot_control.egg-info/top_level.txt
[2.418s] reading manifest file '../../build/robot_control/robot_control.egg-info/SOURCES.txt'
[2.420s] writing manifest file '../../build/robot_control/robot_control.egg-info/SOURCES.txt'
[2.421s] running build
[2.421s] running build_py
[2.421s] running install
[2.430s] running install_lib
[2.469s] running install_data
[2.469s] running install_egg_info
[2.499s] removing '/home/teamleafia/ros2_mer/install/robot_control/lib/python3.12/site-packages/robot_control-0.0.1-py3.12.egg-info' (and everything under it)
[2.500s] Copying ../../build/robot_control/robot_control.egg-info to /home/teamleafia/ros2_mer/install/robot_control/lib/python3.12/site-packages/robot_control-0.0.1-py3.12.egg-info
[2.501s] running install_scripts
[2.724s] Installing encoder_publisher_node script to /home/teamleafia/ros2_mer/install/robot_control/lib/robot_control
[2.730s] Installing motor_controller_node script to /home/teamleafia/ros2_mer/install/robot_control/lib/robot_control
[2.731s] Installing move_distance_node script to /home/teamleafia/ros2_mer/install/robot_control/lib/robot_control
[2.731s] Installing pid_controller_node script to /home/teamleafia/ros2_mer/install/robot_control/lib/robot_control
[2.731s] Installing scissor_lift_controller script to /home/teamleafia/ros2_mer/install/robot_control/lib/robot_control
[2.732s] Installing teleop_keyboard_node script to /home/teamleafia/ros2_mer/install/robot_control/lib/robot_control
[2.732s] Installing teleop_keyboard_node2 script to /home/teamleafia/ros2_mer/install/robot_control/lib/robot_control
[2.739s] writing list of installed files to '/home/teamleafia/ros2_mer/build/robot_control/install.log'
[2.840s] Invoked command in '/home/teamleafia/ros2_mer/src/robot_control' returned '0': DEBUGINFOD_URLS=https://debuginfod.ubuntu.com PYTHONPATH=/home/teamleafia/ros2_mer/build/robot_control/prefix_override:/usr/lib/python3/dist-packages/colcon_core/task/python/colcon_distutils_commands:/home/teamleafia/ros2_mer/install/robot_control/lib/python3.12/site-packages:${PYTHONPATH} /usr/bin/python3 -W ignore:setup.py install is deprecated -W ignore:easy_install command is deprecated setup.py egg_info --egg-base ../../build/robot_control build --build-base /home/teamleafia/ros2_mer/build/robot_control/build install --record /home/teamleafia/ros2_mer/build/robot_control/install.log --single-version-externally-managed install_data
