[1.767s] Invoking command in '/home/teamleafia/ros2_mer/build/cartrash': DEBUGINFOD_URLS=https://debuginfod.ubuntu.com PYTHONPATH=/home/teamleafia/ros2_mer/build/cartrash/prefix_override:/usr/lib/python3/dist-packages/colcon_core/task/python/colcon_distutils_commands:/home/teamleafia/ros2_mer/install/cartrash/lib/python3.12/site-packages:${PYTHONPATH} /usr/bin/python3 -W ignore:setup.py install is deprecated -W ignore:easy_install command is deprecated setup.py develop --editable --build-directory /home/teamleafia/ros2_mer/build/cartrash/build --no-deps symlink_data --force
[2.291s] running develop
[2.628s] running egg_info
[2.659s] writing cartrash.egg-info/PKG-INFO
[2.659s] writing dependency_links to cartrash.egg-info/dependency_links.txt
[2.660s] writing requirements to cartrash.egg-info/requires.txt
[2.660s] writing top-level names to cartrash.egg-info/top_level.txt
[2.723s] reading manifest file 'cartrash.egg-info/SOURCES.txt'
[2.724s] writing manifest file 'cartrash.egg-info/SOURCES.txt'
[2.757s] running build_ext
[2.757s] Creating /home/teamleafia/ros2_mer/install/cartrash/lib/python3.12/site-packages/cartrash.egg-link (link to .)
[2.758s] 
[2.758s] Installed /home/teamleafia/ros2_mer/build/cartrash
[2.758s] running symlink_data
[2.758s] symbolically linking /home/teamleafia/ros2_mer/build/cartrash/resource/cartrash -> /home/teamleafia/ros2_mer/install/cartrash/share/ament_index/resource_index/packages
[2.758s] symbolically linking /home/teamleafia/ros2_mer/build/cartrash/package.xml -> /home/teamleafia/ros2_mer/install/cartrash/share/cartrash
[2.759s] symbolically linking /home/teamleafia/ros2_mer/build/cartrash/config/rplidar_cartographer.lua -> /home/teamleafia/ros2_mer/install/cartrash/share/cartrash/config
[2.759s] symbolically linking /home/teamleafia/ros2_mer/build/cartrash/urdf/lidar.urdf -> /home/teamleafia/ros2_mer/install/cartrash/share/cartrash/urdf
[2.760s] symbolically linking /home/teamleafia/ros2_mer/build/cartrash/rviz/mapping.rviz -> /home/teamleafia/ros2_mer/install/cartrash/share/cartrash/rviz
[2.889s] Invoked command in '/home/teamleafia/ros2_mer/build/cartrash' returned '0': DEBUGINFOD_URLS=https://debuginfod.ubuntu.com PYTHONPATH=/home/teamleafia/ros2_mer/build/cartrash/prefix_override:/usr/lib/python3/dist-packages/colcon_core/task/python/colcon_distutils_commands:/home/teamleafia/ros2_mer/install/cartrash/lib/python3.12/site-packages:${PYTHONPATH} /usr/bin/python3 -W ignore:setup.py install is deprecated -W ignore:easy_install command is deprecated setup.py develop --editable --build-directory /home/teamleafia/ros2_mer/build/cartrash/build --no-deps symlink_data --force
