[3.016s] Invoking command in '/home/teamleafia/ros2_mer/build/plant_transport': AMENT_PREFIX_PATH=/home/teamleafia/ros2_mer/install/robot_control:/home/teamleafia/ros2_mer/install/pump_control:/home/teamleafia/ros2_mer/install/marker_align_2:/home/teamleafia/ros2_mer/install/aruco_detector_yj_pkg_2:/home/teamleafia/ros2_mer/install/aruco_detector:/home/teamleafia/ros2_mer/install/plant_transport:/home/teamleafia/ros2_mer/install/cartrash:/home/teamleafia/ros2_mot/install/rplidar_ros:/home/teamleafia/ros2_mot/install/robot_control:/home/teamleafia/ros2_mot/install/pca9685_motor_control:/home/teamleafia/slam_ws/install/my_robot_description:/opt/ros/jazzy DEBUGINFOD_URLS=https://debuginfod.ubuntu.com PYTHONPATH=/home/teamleafia/ros2_mer/build/plant_transport/prefix_override:/usr/lib/python3/dist-packages/colcon_core/task/python/colcon_distutils_commands:/home/teamleafia/ros2_mer/install/plant_transport/lib/python3.12/site-packages:/home/teamleafia/ros2_mer/build/robot_control:/home/teamleafia/ros2_mer/install/robot_control/lib/python3.12/site-packages:/home/teamleafia/ros2_mer/build/pump_control:/home/teamleafia/ros2_mer/install/pump_control/lib/python3.12/site-packages:/home/teamleafia/ros2_mer/build/marker_align_2:/home/teamleafia/ros2_mer/install/marker_align_2/lib/python3.12/site-packages:/home/teamleafia/ros2_mer/build/aruco_detector_yj_pkg_2:/home/teamleafia/ros2_mer/install/aruco_detector_yj_pkg_2/lib/python3.12/site-packages:/home/teamleafia/ros2_mer/build/aruco_detector:/home/teamleafia/ros2_mer/install/aruco_detector/lib/python3.12/site-packages:/home/teamleafia/ros2_mer/install/plant_transport/lib/python3.12/site-packages:/home/teamleafia/ros2_mer/install/cartrash/lib/python3.12/site-packages:/home/teamleafia/ros2_mot/install/robot_control/lib/python3.12/site-packages:/home/teamleafia/ros2_mot/install/pca9685_motor_control/lib/python3.12/site-packages:/opt/ros/jazzy/lib/python3.12/site-packages /usr/bin/python3 -W ignore:setup.py install is deprecated -W ignore:easy_install command is deprecated setup.py develop --editable --build-directory /home/teamleafia/ros2_mer/build/plant_transport/build --no-deps symlink_data --force
[3.834s] running develop
[4.313s] running egg_info
[4.348s] writing plant_transport.egg-info/PKG-INFO
[4.349s] writing dependency_links to plant_transport.egg-info/dependency_links.txt
[4.352s] writing requirements to plant_transport.egg-info/requires.txt
[4.352s] writing top-level names to plant_transport.egg-info/top_level.txt
[4.438s] reading manifest file 'plant_transport.egg-info/SOURCES.txt'
[4.440s] writing manifest file 'plant_transport.egg-info/SOURCES.txt'
[4.479s] running build_ext
[4.479s] Creating /home/teamleafia/ros2_mer/install/plant_transport/lib/python3.12/site-packages/plant-transport.egg-link (link to .)
[4.484s] 
[4.485s] Installed /home/teamleafia/ros2_mer/build/plant_transport
[4.486s] running symlink_data
[4.486s] symbolically linking /home/teamleafia/ros2_mer/build/plant_transport/resource/plant_transport -> /home/teamleafia/ros2_mer/install/plant_transport/share/ament_index/resource_index/packages
[4.486s] symbolically linking /home/teamleafia/ros2_mer/build/plant_transport/package.xml -> /home/teamleafia/ros2_mer/install/plant_transport/share/plant_transport
[4.487s] symbolically linking /home/teamleafia/ros2_mer/build/plant_transport/launch/plant_transport.launch.py -> /home/teamleafia/ros2_mer/install/plant_transport/share/plant_transport/launch
[4.488s] symbolically linking /home/teamleafia/ros2_mer/build/plant_transport/launch/experiment_launch.py -> /home/teamleafia/ros2_mer/install/plant_transport/share/plant_transport/launch
[4.488s] symbolically linking /home/teamleafia/ros2_mer/build/plant_transport/launch/plant_teleop_key_launch.py -> /home/teamleafia/ros2_mer/install/plant_transport/share/plant_transport/launch
[4.488s] symbolically linking /home/teamleafia/ros2_mer/build/plant_transport/launch/plant_cart_tel_key_launch.py -> /home/teamleafia/ros2_mer/install/plant_transport/share/plant_transport/launch
[4.491s] symbolically linking /home/teamleafia/ros2_mer/build/plant_transport/launch/total_launch.py -> /home/teamleafia/ros2_mer/install/plant_transport/share/plant_transport/launch
[4.491s] symbolically linking /home/teamleafia/ros2_mer/build/plant_transport/launch/yj_align_launch.py -> /home/teamleafia/ros2_mer/install/plant_transport/share/plant_transport/launch
[4.492s] symbolically linking /home/teamleafia/ros2_mer/build/plant_transport/launch/total2_launch.py -> /home/teamleafia/ros2_mer/install/plant_transport/share/plant_transport/launch
[4.614s] Invoked command in '/home/teamleafia/ros2_mer/build/plant_transport' returned '0': AMENT_PREFIX_PATH=/home/teamleafia/ros2_mer/install/robot_control:/home/teamleafia/ros2_mer/install/pump_control:/home/teamleafia/ros2_mer/install/marker_align_2:/home/teamleafia/ros2_mer/install/aruco_detector_yj_pkg_2:/home/teamleafia/ros2_mer/install/aruco_detector:/home/teamleafia/ros2_mer/install/plant_transport:/home/teamleafia/ros2_mer/install/cartrash:/home/teamleafia/ros2_mot/install/rplidar_ros:/home/teamleafia/ros2_mot/install/robot_control:/home/teamleafia/ros2_mot/install/pca9685_motor_control:/home/teamleafia/slam_ws/install/my_robot_description:/opt/ros/jazzy DEBUGINFOD_URLS=https://debuginfod.ubuntu.com PYTHONPATH=/home/teamleafia/ros2_mer/build/plant_transport/prefix_override:/usr/lib/python3/dist-packages/colcon_core/task/python/colcon_distutils_commands:/home/teamleafia/ros2_mer/install/plant_transport/lib/python3.12/site-packages:/home/teamleafia/ros2_mer/build/robot_control:/home/teamleafia/ros2_mer/install/robot_control/lib/python3.12/site-packages:/home/teamleafia/ros2_mer/build/pump_control:/home/teamleafia/ros2_mer/install/pump_control/lib/python3.12/site-packages:/home/teamleafia/ros2_mer/build/marker_align_2:/home/teamleafia/ros2_mer/install/marker_align_2/lib/python3.12/site-packages:/home/teamleafia/ros2_mer/build/aruco_detector_yj_pkg_2:/home/teamleafia/ros2_mer/install/aruco_detector_yj_pkg_2/lib/python3.12/site-packages:/home/teamleafia/ros2_mer/build/aruco_detector:/home/teamleafia/ros2_mer/install/aruco_detector/lib/python3.12/site-packages:/home/teamleafia/ros2_mer/install/plant_transport/lib/python3.12/site-packages:/home/teamleafia/ros2_mer/install/cartrash/lib/python3.12/site-packages:/home/teamleafia/ros2_mot/install/robot_control/lib/python3.12/site-packages:/home/teamleafia/ros2_mot/install/pca9685_motor_control/lib/python3.12/site-packages:/opt/ros/jazzy/lib/python3.12/site-packages /usr/bin/python3 -W ignore:setup.py install is deprecated -W ignore:easy_install command is deprecated setup.py develop --editable --build-directory /home/teamleafia/ros2_mer/build/plant_transport/build --no-deps symlink_data --force
